<?xml version="1.0" encoding="UTF-8"?>
<!-- Generated by org.testng.reporters.JUnitReportReporter -->
<testsuite skipped="1" hostname="DESKTOP-IH5DTV2" name="com.vrt.testcases.QualificationProcessTest" tests="1" failures="0" timestamp="2021-04-10T12:23:24 IST" time="0.000" errors="0">
  <testcase name="QUAL001" time="0.000" classname="com.vrt.testcases.QualificationProcessTest">
    <skipped/>
  </testcase> <!-- QUAL001 -->
  <system-out/>
</testsuite> <!-- com.vrt.testcases.QualificationProcessTest -->
