<?xml version="1.0" encoding="UTF-8"?>
<!-- Generated by org.testng.reporters.JUnitReportReporter -->
<testsuite skipped="0" hostname="DESKTOP-IH5DTV2" name="com.vrt.testcases.UM4" tests="18" failures="0" timestamp="2020-07-17T15:41:48 IST" time="260.624" errors="0">
  <testcase name="ADMN065" time="16.604" classname="com.vrt.testcases.UM4"/>
  <system-out/>
  <testcase name="ADMN081B" time="14.001" classname="com.vrt.testcases.UM4"/>
  <system-out/>
  <testcase name="ADMN065C" time="14.632" classname="com.vrt.testcases.UM4"/>
  <system-out/>
  <testcase name="ADMN120" time="13.383" classname="com.vrt.testcases.UM4"/>
  <system-out/>
  <testcase name="ADMN103A" time="14.624" classname="com.vrt.testcases.UM4"/>
  <system-out/>
  <testcase name="ADMN103C" time="15.408" classname="com.vrt.testcases.UM4"/>
  <system-out/>
  <testcase name="ADMN103B" time="14.383" classname="com.vrt.testcases.UM4"/>
  <system-out/>
  <testcase name="ADMN081A" time="13.883" classname="com.vrt.testcases.UM4"/>
  <system-out/>
  <testcase name="ADMN081C" time="13.994" classname="com.vrt.testcases.UM4"/>
  <system-out/>
  <testcase name="ADMN103D" time="14.109" classname="com.vrt.testcases.UM4"/>
  <system-out/>
  <testcase name="ADMN051" time="17.838" classname="com.vrt.testcases.UM4"/>
  <system-out/>
  <testcase name="ADMN103" time="13.759" classname="com.vrt.testcases.UM4"/>
  <system-out/>
  <testcase name="ADMN065A" time="14.064" classname="com.vrt.testcases.UM4"/>
  <system-out/>
  <testcase name="ADMN063" time="13.604" classname="com.vrt.testcases.UM4"/>
  <system-out/>
  <testcase name="ADMN081" time="13.544" classname="com.vrt.testcases.UM4"/>
  <system-out/>
  <testcase name="ADMN065B" time="14.071" classname="com.vrt.testcases.UM4"/>
  <system-out/>
  <testcase name="ADMN081D" time="14.618" classname="com.vrt.testcases.UM4"/>
  <system-out/>
  <testcase name="ADMN079" time="14.105" classname="com.vrt.testcases.UM4"/>
  <system-out/>
</testsuite> <!-- com.vrt.testcases.UM4 -->
