<?xml version="1.0" encoding="UTF-8"?>
<!-- Generated by org.testng.reporters.JUnitReportReporter -->
<testsuite skipped="2" hostname="DESKTOP-IH5DTV2" name="com.vrt.testcases.setup_SensorConfigTest" tests="199" failures="1" timestamp="2021-07-06T15:37:07 IST" time="6733.874" errors="0">
  <testcase name="SC013" time="31.949" classname="com.vrt.testcases.setup_SensorConfigTest"/>
  <system-out/>
  <testcase name="SC083" time="37.969" classname="com.vrt.testcases.setup_SensorConfigTest"/>
  <system-out/>
  <testcase name="SC042" time="32.545" classname="com.vrt.testcases.setup_SensorConfigTest"/>
  <system-out/>
  <testcase name="SC023" time="29.956" classname="com.vrt.testcases.setup_SensorConfigTest"/>
  <system-out/>
  <testcase name="SC022" time="29.266" classname="com.vrt.testcases.setup_SensorConfigTest"/>
  <system-out/>
  <testcase name="SC110" time="29.443" classname="com.vrt.testcases.setup_SensorConfigTest">
    <skipped/>
  </testcase> <!-- SC110 -->
  <system-out/>
  <testcase name="SC070" time="32.635" classname="com.vrt.testcases.setup_SensorConfigTest"/>
  <system-out/>
  <testcase name="SC079" time="46.024" classname="com.vrt.testcases.setup_SensorConfigTest"/>
  <system-out/>
  <testcase name="SC055" time="28.005" classname="com.vrt.testcases.setup_SensorConfigTest"/>
  <system-out/>
  <testcase name="SC020" time="27.467" classname="com.vrt.testcases.setup_SensorConfigTest"/>
  <system-out/>
  <testcase name="SC056" time="31.962" classname="com.vrt.testcases.setup_SensorConfigTest"/>
  <system-out/>
  <testcase name="SC068" time="30.194" classname="com.vrt.testcases.setup_SensorConfigTest"/>
  <system-out/>
  <testcase name="SC012" time="29.297" classname="com.vrt.testcases.setup_SensorConfigTest"/>
  <system-out/>
  <testcase name="SC020" time="33.834" classname="com.vrt.testcases.setup_SensorConfigTest"/>
  <system-out/>
  <testcase name="SC105" time="39.661" classname="com.vrt.testcases.setup_SensorConfigTest"/>
  <system-out/>
  <testcase name="SC074" time="35.012" classname="com.vrt.testcases.setup_SensorConfigTest"/>
  <system-out/>
  <testcase name="SC048" time="33.791" classname="com.vrt.testcases.setup_SensorConfigTest"/>
  <system-out/>
  <testcase name="SC111" time="39.217" classname="com.vrt.testcases.setup_SensorConfigTest"/>
  <system-out/>
  <testcase name="SC007" time="28.713" classname="com.vrt.testcases.setup_SensorConfigTest"/>
  <system-out/>
  <testcase name="SC002" time="27.049" classname="com.vrt.testcases.setup_SensorConfigTest"/>
  <system-out/>
  <testcase name="SC083" time="38.203" classname="com.vrt.testcases.setup_SensorConfigTest"/>
  <system-out/>
  <testcase name="SC086" time="36.244" classname="com.vrt.testcases.setup_SensorConfigTest"/>
  <system-out/>
  <testcase name="SC038" time="29.757" classname="com.vrt.testcases.setup_SensorConfigTest"/>
  <system-out/>
  <testcase name="SC047" time="33.851" classname="com.vrt.testcases.setup_SensorConfigTest"/>
  <system-out/>
  <testcase name="SC063" time="38.088" classname="com.vrt.testcases.setup_SensorConfigTest"/>
  <system-out/>
  <testcase name="SC016" time="29.881" classname="com.vrt.testcases.setup_SensorConfigTest"/>
  <system-out/>
  <testcase name="SC063" time="37.275" classname="com.vrt.testcases.setup_SensorConfigTest"/>
  <system-out/>
  <testcase name="SC057" time="30.593" classname="com.vrt.testcases.setup_SensorConfigTest"/>
  <system-out/>
  <testcase name="SC027" time="29.823" classname="com.vrt.testcases.setup_SensorConfigTest"/>
  <system-out/>
  <testcase name="SC005" time="28.934" classname="com.vrt.testcases.setup_SensorConfigTest"/>
  <system-out/>
  <testcase name="SC081" time="40.959" classname="com.vrt.testcases.setup_SensorConfigTest"/>
  <system-out/>
  <testcase name="SC076_1" time="44.276" classname="com.vrt.testcases.setup_SensorConfigTest"/>
  <system-out/>
  <testcase name="SC018" time="28.785" classname="com.vrt.testcases.setup_SensorConfigTest"/>
  <system-out/>
  <testcase name="SC008" time="29.129" classname="com.vrt.testcases.setup_SensorConfigTest"/>
  <system-out/>
  <testcase name="SC028" time="25.605" classname="com.vrt.testcases.setup_SensorConfigTest"/>
  <system-out/>
  <testcase name="SC040" time="31.047" classname="com.vrt.testcases.setup_SensorConfigTest"/>
  <system-out/>
  <testcase name="SC050" time="39.810" classname="com.vrt.testcases.setup_SensorConfigTest"/>
  <system-out/>
  <testcase name="SC006" time="27.837" classname="com.vrt.testcases.setup_SensorConfigTest"/>
  <system-out/>
  <testcase name="SC089" time="43.816" classname="com.vrt.testcases.setup_SensorConfigTest"/>
  <system-out/>
  <testcase name="SC087" time="44.282" classname="com.vrt.testcases.setup_SensorConfigTest"/>
  <system-out/>
  <testcase name="SC007" time="28.926" classname="com.vrt.testcases.setup_SensorConfigTest"/>
  <system-out/>
  <testcase name="SC026" time="28.814" classname="com.vrt.testcases.setup_SensorConfigTest"/>
  <system-out/>
  <testcase name="SC084" time="40.809" classname="com.vrt.testcases.setup_SensorConfigTest"/>
  <system-out/>
  <testcase name="SC039" time="30.323" classname="com.vrt.testcases.setup_SensorConfigTest"/>
  <system-out/>
  <testcase name="SC056" time="29.367" classname="com.vrt.testcases.setup_SensorConfigTest"/>
  <system-out/>
  <testcase name="SC001" time="32.561" classname="com.vrt.testcases.setup_SensorConfigTest"/>
  <system-out/>
  <testcase name="SC056" time="31.695" classname="com.vrt.testcases.setup_SensorConfigTest"/>
  <system-out/>
  <testcase name="SC062" time="30.297" classname="com.vrt.testcases.setup_SensorConfigTest"/>
  <system-out/>
  <testcase name="SC052" time="31.332" classname="com.vrt.testcases.setup_SensorConfigTest"/>
  <system-out/>
  <testcase name="SC023" time="28.764" classname="com.vrt.testcases.setup_SensorConfigTest"/>
  <system-out/>
  <testcase name="SC112" time="35.140" classname="com.vrt.testcases.setup_SensorConfigTest"/>
  <system-out/>
  <testcase name="SC083A" time="36.436" classname="com.vrt.testcases.setup_SensorConfigTest"/>
  <system-out/>
  <testcase name="SC009" time="29.817" classname="com.vrt.testcases.setup_SensorConfigTest"/>
  <system-out/>
  <testcase name="SC042" time="34.170" classname="com.vrt.testcases.setup_SensorConfigTest"/>
  <system-out/>
  <testcase name="SC058" time="34.411" classname="com.vrt.testcases.setup_SensorConfigTest"/>
  <system-out/>
  <testcase name="SC075" time="34.015" classname="com.vrt.testcases.setup_SensorConfigTest"/>
  <system-out/>
  <testcase name="SC050" time="38.904" classname="com.vrt.testcases.setup_SensorConfigTest"/>
  <system-out/>
  <testcase name="SC065_2" time="33.984" classname="com.vrt.testcases.setup_SensorConfigTest"/>
  <system-out/>
  <testcase name="SC043" time="37.440" classname="com.vrt.testcases.setup_SensorConfigTest"/>
  <system-out/>
  <testcase name="SC014" time="27.720" classname="com.vrt.testcases.setup_SensorConfigTest"/>
  <system-out/>
  <testcase name="SC086" time="36.151" classname="com.vrt.testcases.setup_SensorConfigTest"/>
  <system-out/>
  <testcase name="SC013" time="30.662" classname="com.vrt.testcases.setup_SensorConfigTest"/>
  <system-out/>
  <testcase name="SC108" time="28.264" classname="com.vrt.testcases.setup_SensorConfigTest"/>
  <system-out/>
  <testcase name="SC084" time="39.706" classname="com.vrt.testcases.setup_SensorConfigTest"/>
  <system-out/>
  <testcase name="SC022" time="29.430" classname="com.vrt.testcases.setup_SensorConfigTest"/>
  <system-out/>
  <testcase name="SC084A" time="47.591" classname="com.vrt.testcases.setup_SensorConfigTest"/>
  <system-out/>
  <testcase name="SC049" time="33.388" classname="com.vrt.testcases.setup_SensorConfigTest"/>
  <system-out/>
  <testcase name="SC005" time="31.819" classname="com.vrt.testcases.setup_SensorConfigTest"/>
  <system-out/>
  <testcase name="SC058" time="30.119" classname="com.vrt.testcases.setup_SensorConfigTest"/>
  <system-out/>
  <testcase name="SC058" time="32.986" classname="com.vrt.testcases.setup_SensorConfigTest"/>
  <system-out/>
  <testcase name="SC012" time="33.958" classname="com.vrt.testcases.setup_SensorConfigTest"/>
  <system-out/>
  <testcase name="SC066" time="32.374" classname="com.vrt.testcases.setup_SensorConfigTest"/>
  <system-out/>
  <testcase name="SC064" time="33.259" classname="com.vrt.testcases.setup_SensorConfigTest"/>
  <system-out/>
  <testcase name="SC084" time="38.898" classname="com.vrt.testcases.setup_SensorConfigTest"/>
  <system-out/>
  <testcase name="SC117" time="38.000" classname="com.vrt.testcases.setup_SensorConfigTest"/>
  <system-out/>
  <testcase name="SC059" time="32.045" classname="com.vrt.testcases.setup_SensorConfigTest"/>
  <system-out/>
  <testcase name="SC003_1" time="26.518" classname="com.vrt.testcases.setup_SensorConfigTest"/>
  <system-out/>
  <testcase name="SC103" time="27.007" classname="com.vrt.testcases.setup_SensorConfigTest"/>
  <system-out/>
  <testcase name="SC058" time="32.671" classname="com.vrt.testcases.setup_SensorConfigTest"/>
  <system-out/>
  <testcase name="SC077" time="38.089" classname="com.vrt.testcases.setup_SensorConfigTest"/>
  <system-out/>
  <testcase name="SC032" time="28.161" classname="com.vrt.testcases.setup_SensorConfigTest"/>
  <system-out/>
  <testcase name="SC056" time="30.359" classname="com.vrt.testcases.setup_SensorConfigTest"/>
  <system-out/>
  <testcase name="SC083" time="38.841" classname="com.vrt.testcases.setup_SensorConfigTest"/>
  <system-out/>
  <testcase name="SC069" time="29.538" classname="com.vrt.testcases.setup_SensorConfigTest"/>
  <system-out/>
  <testcase name="SC092" time="44.237" classname="com.vrt.testcases.setup_SensorConfigTest"/>
  <system-out/>
  <testcase name="SC086" time="37.797" classname="com.vrt.testcases.setup_SensorConfigTest"/>
  <system-out/>
  <testcase name="SC086" time="35.952" classname="com.vrt.testcases.setup_SensorConfigTest"/>
  <system-out/>
  <testcase name="SC014" time="28.718" classname="com.vrt.testcases.setup_SensorConfigTest"/>
  <system-out/>
  <testcase name="SC022" time="28.836" classname="com.vrt.testcases.setup_SensorConfigTest"/>
  <system-out/>
  <testcase name="SC104" time="32.972" classname="com.vrt.testcases.setup_SensorConfigTest"/>
  <system-out/>
  <testcase name="SC044" time="31.574" classname="com.vrt.testcases.setup_SensorConfigTest"/>
  <system-out/>
  <testcase name="SC041" time="30.416" classname="com.vrt.testcases.setup_SensorConfigTest"/>
  <system-out/>
  <testcase name="SC063" time="37.063" classname="com.vrt.testcases.setup_SensorConfigTest"/>
  <system-out/>
  <testcase name="SC046a" time="31.486" classname="com.vrt.testcases.setup_SensorConfigTest"/>
  <system-out/>
  <testcase name="SC056" time="29.725" classname="com.vrt.testcases.setup_SensorConfigTest"/>
  <system-out/>
  <testcase name="SC046" time="34.331" classname="com.vrt.testcases.setup_SensorConfigTest"/>
  <system-out/>
  <testcase name="SC017" time="31.628" classname="com.vrt.testcases.setup_SensorConfigTest"/>
  <system-out/>
  <testcase name="SC012" time="28.962" classname="com.vrt.testcases.setup_SensorConfigTest"/>
  <system-out/>
  <testcase name="SC083" time="38.326" classname="com.vrt.testcases.setup_SensorConfigTest"/>
  <system-out/>
  <testcase name="SC034" time="33.767" classname="com.vrt.testcases.setup_SensorConfigTest"/>
  <system-out/>
  <testcase name="SC043" time="47.546" classname="com.vrt.testcases.setup_SensorConfigTest"/>
  <system-out/>
  <testcase name="SC019" time="28.380" classname="com.vrt.testcases.setup_SensorConfigTest"/>
  <system-out/>
  <testcase name="SC107" time="29.959" classname="com.vrt.testcases.setup_SensorConfigTest"/>
  <system-out/>
  <testcase name="SC093" time="39.238" classname="com.vrt.testcases.setup_SensorConfigTest"/>
  <system-out/>
  <testcase name="SC052" time="32.513" classname="com.vrt.testcases.setup_SensorConfigTest"/>
  <system-out/>
  <testcase name="SC011" time="27.787" classname="com.vrt.testcases.setup_SensorConfigTest"/>
  <system-out/>
  <testcase name="SC062" time="31.634" classname="com.vrt.testcases.setup_SensorConfigTest"/>
  <system-out/>
  <testcase name="SC082" time="45.100" classname="com.vrt.testcases.setup_SensorConfigTest"/>
  <system-out/>
  <testcase name="SC106" time="28.690" classname="com.vrt.testcases.setup_SensorConfigTest"/>
  <system-out/>
  <testcase name="SC003" time="28.117" classname="com.vrt.testcases.setup_SensorConfigTest"/>
  <system-out/>
  <testcase name="SC053" time="32.426" classname="com.vrt.testcases.setup_SensorConfigTest"/>
  <system-out/>
  <testcase name="SC006" time="29.206" classname="com.vrt.testcases.setup_SensorConfigTest"/>
  <system-out/>
  <testcase name="SC041" time="30.296" classname="com.vrt.testcases.setup_SensorConfigTest"/>
  <system-out/>
  <testcase name="SC004" time="33.347" classname="com.vrt.testcases.setup_SensorConfigTest"/>
  <system-out/>
  <testcase name="SC083B" time="37.950" classname="com.vrt.testcases.setup_SensorConfigTest"/>
  <system-out/>
  <testcase name="SC020" time="29.292" classname="com.vrt.testcases.setup_SensorConfigTest"/>
  <system-out/>
  <testcase name="SC078" time="38.737" classname="com.vrt.testcases.setup_SensorConfigTest"/>
  <system-out/>
  <testcase name="SC085" time="37.123" classname="com.vrt.testcases.setup_SensorConfigTest"/>
  <system-out/>
  <testcase name="SC110" time="26.753" classname="com.vrt.testcases.setup_SensorConfigTest">
    <skipped/>
  </testcase> <!-- SC110 -->
  <system-out/>
  <testcase name="SC084_1" time="38.805" classname="com.vrt.testcases.setup_SensorConfigTest"/>
  <system-out/>
  <testcase name="SC053" time="32.236" classname="com.vrt.testcases.setup_SensorConfigTest"/>
  <system-out/>
  <testcase name="SC066_1" time="37.359" classname="com.vrt.testcases.setup_SensorConfigTest"/>
  <system-out/>
  <testcase name="SC037" time="37.226" classname="com.vrt.testcases.setup_SensorConfigTest"/>
  <system-out/>
  <testcase name="SC015" time="30.381" classname="com.vrt.testcases.setup_SensorConfigTest"/>
  <system-out/>
  <testcase name="SC046" time="33.141" classname="com.vrt.testcases.setup_SensorConfigTest"/>
  <system-out/>
  <testcase name="SC007" time="29.704" classname="com.vrt.testcases.setup_SensorConfigTest"/>
  <system-out/>
  <testcase name="SC084" time="39.981" classname="com.vrt.testcases.setup_SensorConfigTest"/>
  <system-out/>
  <testcase name="SC049" time="34.189" classname="com.vrt.testcases.setup_SensorConfigTest"/>
  <system-out/>
  <testcase name="SC102" time="38.039" classname="com.vrt.testcases.setup_SensorConfigTest"/>
  <system-out/>
  <testcase name="SC014" time="27.490" classname="com.vrt.testcases.setup_SensorConfigTest"/>
  <system-out/>
  <testcase name="SC065_1" time="32.164" classname="com.vrt.testcases.setup_SensorConfigTest"/>
  <system-out/>
  <testcase name="SC021" time="30.521" classname="com.vrt.testcases.setup_SensorConfigTest"/>
  <system-out/>
  <testcase name="SC058" time="35.028" classname="com.vrt.testcases.setup_SensorConfigTest"/>
  <system-out/>
  <testcase name="SC082" time="43.476" classname="com.vrt.testcases.setup_SensorConfigTest"/>
  <system-out/>
  <testcase name="SC084_1" time="37.592" classname="com.vrt.testcases.setup_SensorConfigTest"/>
  <system-out/>
  <testcase name="SC033" time="28.521" classname="com.vrt.testcases.setup_SensorConfigTest"/>
  <system-out/>
  <testcase name="SC004" time="26.876" classname="com.vrt.testcases.setup_SensorConfigTest"/>
  <system-out/>
  <testcase name="SC091" time="41.354" classname="com.vrt.testcases.setup_SensorConfigTest"/>
  <system-out/>
  <testcase name="SC015" time="29.223" classname="com.vrt.testcases.setup_SensorConfigTest"/>
  <system-out/>
  <testcase name="SC023" time="28.451" classname="com.vrt.testcases.setup_SensorConfigTest"/>
  <system-out/>
  <testcase name="SC053" time="32.516" classname="com.vrt.testcases.setup_SensorConfigTest"/>
  <system-out/>
  <testcase name="SC064" time="34.370" classname="com.vrt.testcases.setup_SensorConfigTest"/>
  <system-out/>
  <testcase name="SC054" time="31.146" classname="com.vrt.testcases.setup_SensorConfigTest"/>
  <system-out/>
  <testcase name="SC021" time="29.526" classname="com.vrt.testcases.setup_SensorConfigTest"/>
  <system-out/>
  <testcase name="SC056" time="29.577" classname="com.vrt.testcases.setup_SensorConfigTest"/>
  <system-out/>
  <testcase name="SC061" time="33.775" classname="com.vrt.testcases.setup_SensorConfigTest"/>
  <system-out/>
  <testcase name="SC041" time="31.032" classname="com.vrt.testcases.setup_SensorConfigTest"/>
  <system-out/>
  <testcase name="SC083" time="38.283" classname="com.vrt.testcases.setup_SensorConfigTest"/>
  <system-out/>
  <testcase name="SC059" time="28.345" classname="com.vrt.testcases.setup_SensorConfigTest"/>
  <system-out/>
  <testcase name="SC030" time="34.201" classname="com.vrt.testcases.setup_SensorConfigTest"/>
  <system-out/>
  <testcase name="SC036" time="41.998" classname="com.vrt.testcases.setup_SensorConfigTest"/>
  <system-out/>
  <testcase name="SC071" time="43.202" classname="com.vrt.testcases.setup_SensorConfigTest"/>
  <system-out/>
  <testcase name="SC084_1A" time="38.487" classname="com.vrt.testcases.setup_SensorConfigTest"/>
  <system-out/>
  <testcase name="SC043" time="36.312" classname="com.vrt.testcases.setup_SensorConfigTest"/>
  <system-out/>
  <testcase name="SC004" time="28.812" classname="com.vrt.testcases.setup_SensorConfigTest"/>
  <system-out/>
  <testcase name="SC064" time="34.987" classname="com.vrt.testcases.setup_SensorConfigTest"/>
  <system-out/>
  <testcase name="SC086" time="36.607" classname="com.vrt.testcases.setup_SensorConfigTest"/>
  <system-out/>
  <testcase name="SC101" time="37.363" classname="com.vrt.testcases.setup_SensorConfigTest"/>
  <system-out/>
  <testcase name="SC090" time="47.189" classname="com.vrt.testcases.setup_SensorConfigTest"/>
  <system-out/>
  <testcase name="SC116" time="37.010" classname="com.vrt.testcases.setup_SensorConfigTest"/>
  <system-out/>
  <testcase name="SC058" time="29.069" classname="com.vrt.testcases.setup_SensorConfigTest"/>
  <system-out/>
  <testcase name="SC025" time="30.618" classname="com.vrt.testcases.setup_SensorConfigTest"/>
  <system-out/>
  <testcase name="SC064" time="36.302" classname="com.vrt.testcases.setup_SensorConfigTest"/>
  <system-out/>
  <testcase name="SC086" time="36.123" classname="com.vrt.testcases.setup_SensorConfigTest"/>
  <system-out/>
  <testcase name="SC113" time="38.106" classname="com.vrt.testcases.setup_SensorConfigTest"/>
  <system-out/>
  <testcase name="SC050" time="41.962" classname="com.vrt.testcases.setup_SensorConfigTest"/>
  <system-out/>
  <testcase name="SC064" time="34.331" classname="com.vrt.testcases.setup_SensorConfigTest"/>
  <system-out/>
  <testcase name="SC082" time="37.005" classname="com.vrt.testcases.setup_SensorConfigTest"/>
  <system-out/>
  <testcase name="SC082" time="44.657" classname="com.vrt.testcases.setup_SensorConfigTest"/>
  <system-out/>
  <testcase name="SC084_1" time="36.813" classname="com.vrt.testcases.setup_SensorConfigTest"/>
  <system-out/>
  <testcase name="SC046" time="33.304" classname="com.vrt.testcases.setup_SensorConfigTest"/>
  <system-out/>
  <testcase name="SC064" time="35.271" classname="com.vrt.testcases.setup_SensorConfigTest"/>
  <system-out/>
  <testcase name="SC084_1B" time="38.504" classname="com.vrt.testcases.setup_SensorConfigTest"/>
  <system-out/>
  <testcase name="SC042" time="31.820" classname="com.vrt.testcases.setup_SensorConfigTest"/>
  <system-out/>
  <testcase name="SC067" time="31.876" classname="com.vrt.testcases.setup_SensorConfigTest"/>
  <system-out/>
  <testcase name="SC063" time="37.339" classname="com.vrt.testcases.setup_SensorConfigTest"/>
  <system-out/>
  <testcase name="SC024" time="29.052" classname="com.vrt.testcases.setup_SensorConfigTest"/>
  <system-out/>
  <testcase name="SC114" time="36.730" classname="com.vrt.testcases.setup_SensorConfigTest"/>
  <system-out/>
  <testcase name="SC073" time="34.840" classname="com.vrt.testcases.setup_SensorConfigTest"/>
  <system-out/>
  <testcase name="SC086" time="35.049" classname="com.vrt.testcases.setup_SensorConfigTest"/>
  <system-out/>
  <testcase name="SC076" time="52.835" classname="com.vrt.testcases.setup_SensorConfigTest"/>
  <system-out/>
  <testcase name="SC029" time="28.591" classname="com.vrt.testcases.setup_SensorConfigTest"/>
  <system-out/>
  <testcase name="SC110" time="28.403" classname="com.vrt.testcases.setup_SensorConfigTest">
    <failure type="java.lang.AssertionError" message="The following asserts failed:
	FAIL: Incorrect SW version &amp; Console IP adress displayed in About window expected [1.2.0.15] but found [1.2.0.10],
	FAIL: Incorrect SW version &amp; Console IP adress displayed in About window expected [127.0.0.1] but found []">
      <![CDATA[java.lang.AssertionError: The following asserts failed:
FAIL: Incorrect SW version & Console IP adress displayed in About window expected [1.2.0.15] but found [1.2.0.10],
FAIL: Incorrect SW version & Console IP adress displayed in About window expected [127.0.0.1] but found []
at org.testng.asserts.SoftAssert.assertAll(SoftAssert.java:47)
at org.testng.asserts.SoftAssert.assertAll(SoftAssert.java:31)
at com.vrt.testcases.setup_SensorConfigTest.SC110(setup_SensorConfigTest.java:2813)
at sun.reflect.NativeMethodAccessorImpl.invoke0(Native Method)
at sun.reflect.NativeMethodAccessorImpl.invoke(NativeMethodAccessorImpl.java:62)
at sun.reflect.DelegatingMethodAccessorImpl.invoke(DelegatingMethodAccessorImpl.java:43)
at java.lang.reflect.Method.invoke(Method.java:498)
at org.testng.internal.MethodInvocationHelper.invokeMethod(MethodInvocationHelper.java:135)
at org.testng.internal.TestInvoker.invokeMethod(TestInvoker.java:598)
at org.testng.internal.TestInvoker.retryFailed(TestInvoker.java:214)
at org.testng.internal.MethodRunner.runInSequence(MethodRunner.java:58)
at org.testng.internal.TestInvoker$MethodInvocationAgent.invoke(TestInvoker.java:821)
at org.testng.internal.TestInvoker.invokeTestMethods(TestInvoker.java:147)
at org.testng.internal.TestMethodWorker.invokeTestMethods(TestMethodWorker.java:146)
at org.testng.internal.TestMethodWorker.run(TestMethodWorker.java:128)
at java.util.ArrayList.forEach(ArrayList.java:1257)
at org.testng.TestRunner.privateRun(TestRunner.java:767)
at org.testng.TestRunner.run(TestRunner.java:588)
at org.testng.SuiteRunner.runTest(SuiteRunner.java:384)
at org.testng.SuiteRunner.runSequentially(SuiteRunner.java:378)
at org.testng.SuiteRunner.privateRun(SuiteRunner.java:337)
at org.testng.SuiteRunner.run(SuiteRunner.java:286)
at org.testng.SuiteRunnerWorker.runSuite(SuiteRunnerWorker.java:53)
at org.testng.SuiteRunnerWorker.run(SuiteRunnerWorker.java:96)
at org.testng.TestNG.runSuitesSequentially(TestNG.java:1214)
at org.testng.TestNG.runSuitesLocally(TestNG.java:1136)
at org.testng.TestNG.runSuites(TestNG.java:1066)
at org.testng.TestNG.run(TestNG.java:1034)
at org.testng.remote.AbstractRemoteTestNG.run(AbstractRemoteTestNG.java:115)
at org.testng.remote.RemoteTestNG.initAndRun(RemoteTestNG.java:251)
at org.testng.remote.RemoteTestNG.main(RemoteTestNG.java:77)
]]>
    </failure>
  </testcase> <!-- SC110 -->
  <system-out/>
  <testcase name="SC088" time="41.071" classname="com.vrt.testcases.setup_SensorConfigTest"/>
  <system-out/>
  <testcase name="SC048" time="33.041" classname="com.vrt.testcases.setup_SensorConfigTest"/>
  <system-out/>
  <testcase name="SC049" time="33.774" classname="com.vrt.testcases.setup_SensorConfigTest"/>
  <system-out/>
  <testcase name="SC010" time="29.272" classname="com.vrt.testcases.setup_SensorConfigTest"/>
  <system-out/>
  <testcase name="SC084_1" time="37.545" classname="com.vrt.testcases.setup_SensorConfigTest"/>
  <system-out/>
  <testcase name="SC062" time="30.113" classname="com.vrt.testcases.setup_SensorConfigTest"/>
  <system-out/>
  <testcase name="SC058" time="35.510" classname="com.vrt.testcases.setup_SensorConfigTest"/>
  <system-out/>
  <testcase name="SC048" time="33.409" classname="com.vrt.testcases.setup_SensorConfigTest"/>
  <system-out/>
  <testcase name="SC118" time="34.040" classname="com.vrt.testcases.setup_SensorConfigTest"/>
  <system-out/>
  <testcase name="SC015" time="29.553" classname="com.vrt.testcases.setup_SensorConfigTest"/>
  <system-out/>
  <testcase name="SC006" time="29.305" classname="com.vrt.testcases.setup_SensorConfigTest"/>
  <system-out/>
  <testcase name="SC031" time="25.365" classname="com.vrt.testcases.setup_SensorConfigTest"/>
  <system-out/>
  <testcase name="SC084_1" time="38.798" classname="com.vrt.testcases.setup_SensorConfigTest"/>
  <system-out/>
  <testcase name="SC051" time="28.509" classname="com.vrt.testcases.setup_SensorConfigTest"/>
  <system-out/>
  <testcase name="SC072" time="33.414" classname="com.vrt.testcases.setup_SensorConfigTest"/>
  <system-out/>
  <testcase name="SC080" time="39.233" classname="com.vrt.testcases.setup_SensorConfigTest"/>
  <system-out/>
</testsuite> <!-- com.vrt.testcases.setup_SensorConfigTest -->
