<?xml version="1.0" encoding="UTF-8"?>
<!-- Generated by org.testng.reporters.JUnitReportReporter -->
<testsuite skipped="0" hostname="INAS-LP024" name="com.vrt.testcases.UM4" tests="18" failures="0" timestamp="2020-10-05T20:19:58 IST" time="217.733" errors="0">
  <testcase name="ADMN065D" time="12.733" classname="com.vrt.testcases.UM4"/>
  <system-out/>
  <testcase name="ADMN081B" time="11.896" classname="com.vrt.testcases.UM4"/>
  <system-out/>
  <testcase name="ADMN103A" time="11.502" classname="com.vrt.testcases.UM4"/>
  <system-out/>
  <testcase name="ADMN103B" time="12.097" classname="com.vrt.testcases.UM4"/>
  <system-out/>
  <testcase name="ADMN103D" time="12.646" classname="com.vrt.testcases.UM4"/>
  <system-out/>
  <testcase name="ADMN103E" time="12.182" classname="com.vrt.testcases.UM4"/>
  <system-out/>
  <testcase name="ADMN081D" time="12.213" classname="com.vrt.testcases.UM4"/>
  <system-out/>
  <testcase name="ADMN081C" time="12.034" classname="com.vrt.testcases.UM4"/>
  <system-out/>
  <testcase name="ADMN103C" time="11.991" classname="com.vrt.testcases.UM4"/>
  <system-out/>
  <testcase name="ADMN051" time="12.460" classname="com.vrt.testcases.UM4"/>
  <system-out/>
  <testcase name="ADMN081E" time="12.713" classname="com.vrt.testcases.UM4"/>
  <system-out/>
  <testcase name="ADMN063" time="11.796" classname="com.vrt.testcases.UM4"/>
  <system-out/>
  <testcase name="ADMN079" time="11.867" classname="com.vrt.testcases.UM4"/>
  <system-out/>
  <testcase name="ADMN065C" time="12.030" classname="com.vrt.testcases.UM4"/>
  <system-out/>
  <testcase name="ADMN120" time="11.784" classname="com.vrt.testcases.UM4"/>
  <system-out/>
  <testcase name="ADMN081A" time="11.740" classname="com.vrt.testcases.UM4"/>
  <system-out/>
  <testcase name="ADMN065A" time="12.041" classname="com.vrt.testcases.UM4"/>
  <system-out/>
  <testcase name="ADMN065B" time="12.008" classname="com.vrt.testcases.UM4"/>
  <system-out/>
</testsuite> <!-- com.vrt.testcases.UM4 -->
