<?xml version="1.0" encoding="UTF-8"?>
<!-- Generated by org.testng.reporters.JUnitReportReporter -->
<testsuite skipped="0" hostname="INAS-LP024" name="com.vrt.testcases.UM4" tests="18" failures="0" timestamp="2020-07-15T00:36:18 IST" time="242.991" errors="0">
  <testcase name="ADMN081" time="12.618" classname="com.vrt.testcases.UM4"/>
  <testcase name="ADMN103B" time="13.631" classname="com.vrt.testcases.UM4"/>
  <testcase name="ADMN081C" time="12.844" classname="com.vrt.testcases.UM4"/>
  <testcase name="ADMN103" time="12.683" classname="com.vrt.testcases.UM4"/>
  <testcase name="ADMN065B" time="12.599" classname="com.vrt.testcases.UM4"/>
  <testcase name="ADMN081A" time="13.462" classname="com.vrt.testcases.UM4"/>
  <testcase name="ADMN103C" time="13.554" classname="com.vrt.testcases.UM4"/>
  <testcase name="ADMN063" time="12.598" classname="com.vrt.testcases.UM4"/>
  <testcase name="ADMN065C" time="13.783" classname="com.vrt.testcases.UM4"/>
  <testcase name="ADMN065" time="16.656" classname="com.vrt.testcases.UM4"/>
  <testcase name="ADMN081D" time="14.206" classname="com.vrt.testcases.UM4"/>
  <testcase name="ADMN065A" time="12.610" classname="com.vrt.testcases.UM4"/>
  <testcase name="ADMN081B" time="12.937" classname="com.vrt.testcases.UM4"/>
  <testcase name="ADMN103A" time="13.443" classname="com.vrt.testcases.UM4"/>
  <testcase name="ADMN079" time="13.270" classname="com.vrt.testcases.UM4"/>
  <testcase name="ADMN120" time="12.389" classname="com.vrt.testcases.UM4"/>
  <testcase name="ADMN051" time="16.990" classname="com.vrt.testcases.UM4"/>
  <testcase name="ADMN103D" time="12.718" classname="com.vrt.testcases.UM4"/>
</testsuite> <!-- com.vrt.testcases.UM4 -->
