<?xml version="1.0" encoding="UTF-8"?>
<!-- Generated by org.testng.reporters.JUnitReportReporter -->
<testsuite skipped="0" hostname="AASHYD-4B6B2X2" name="com.vrt.testcases.UM4" tests="18" failures="0" timestamp="2020-11-09T20:17:32 IST" time="263.143" errors="0">
  <testcase name="ADMN065D" time="14.792" classname="com.vrt.testcases.UM4"/>
  <system-out/>
  <testcase name="ADMN063" time="14.657" classname="com.vrt.testcases.UM4"/>
  <system-out/>
  <testcase name="ADMN081A" time="14.425" classname="com.vrt.testcases.UM4"/>
  <system-out/>
  <testcase name="ADMN081C" time="14.352" classname="com.vrt.testcases.UM4"/>
  <system-out/>
  <testcase name="ADMN103E" time="15.082" classname="com.vrt.testcases.UM4"/>
  <system-out/>
  <testcase name="ADMN081E" time="15.109" classname="com.vrt.testcases.UM4"/>
  <system-out/>
  <testcase name="ADMN103D" time="15.077" classname="com.vrt.testcases.UM4"/>
  <system-out/>
  <testcase name="ADMN120" time="13.772" classname="com.vrt.testcases.UM4"/>
  <system-out/>
  <testcase name="ADMN081D" time="14.154" classname="com.vrt.testcases.UM4"/>
  <system-out/>
  <testcase name="ADMN065A" time="14.905" classname="com.vrt.testcases.UM4"/>
  <system-out/>
  <testcase name="ADMN103B" time="14.893" classname="com.vrt.testcases.UM4"/>
  <system-out/>
  <testcase name="ADMN079" time="14.050" classname="com.vrt.testcases.UM4"/>
  <system-out/>
  <testcase name="ADMN081B" time="15.304" classname="com.vrt.testcases.UM4"/>
  <system-out/>
  <testcase name="ADMN065B" time="14.454" classname="com.vrt.testcases.UM4"/>
  <system-out/>
  <testcase name="ADMN051" time="15.419" classname="com.vrt.testcases.UM4"/>
  <system-out/>
  <testcase name="ADMN065C" time="14.132" classname="com.vrt.testcases.UM4"/>
  <system-out/>
  <testcase name="ADMN103A" time="14.225" classname="com.vrt.testcases.UM4"/>
  <system-out/>
  <testcase name="ADMN103C" time="14.341" classname="com.vrt.testcases.UM4"/>
  <system-out/>
</testsuite> <!-- com.vrt.testcases.UM4 -->
