<?xml version="1.0" encoding="UTF-8"?>
<!-- Generated by org.testng.reporters.JUnitReportReporter -->
<testsuite skipped="2" hostname="INAS-LP024" name="com.vrt.testcases.setup_QualParametersTest" tests="92" failures="1" timestamp="2021-07-13T22:53:45 IST" time="2586.544" errors="3">
  <testcase name="QP028" time="29.709" classname="com.vrt.testcases.setup_QualParametersTest"/>
  <system-out/>
  <testcase name="QP041" time="33.819" classname="com.vrt.testcases.setup_QualParametersTest"/>
  <system-out/>
  <testcase name="QP036" time="26.931" classname="com.vrt.testcases.setup_QualParametersTest"/>
  <system-out/>
  <testcase name="QP030A" time="26.726" classname="com.vrt.testcases.setup_QualParametersTest">
    <error type="org.testng.TestNGException" message="
Method public void com.vrt.testcases.setup_QualParametersTest.QP030A(java.lang.String,java.lang.String) throws java.lang.InterruptedException,java.io.IOException,java.text.ParseException requires a @DataProvider named : QP030A in class com.vrt.utility.setupCreationUtility">
      <![CDATA[org.testng.TestNGException: 
Method public void com.vrt.testcases.setup_QualParametersTest.QP030A(java.lang.String,java.lang.String) throws java.lang.InterruptedException,java.io.IOException,java.text.ParseException requires a @DataProvider named : QP030A in class com.vrt.utility.setupCreationUtility
at org.testng.internal.Parameters.findDataProvider(Parameters.java:559)
at org.testng.internal.Parameters.handleParameters(Parameters.java:772)
at org.testng.internal.Parameters.handleParameters(Parameters.java:740)
at org.testng.internal.ParameterHandler.handleParameters(ParameterHandler.java:59)
at org.testng.internal.ParameterHandler.createParameters(ParameterHandler.java:38)
at org.testng.internal.TestInvoker$MethodInvocationAgent.invoke(TestInvoker.java:789)
at org.testng.internal.TestInvoker.invokeTestMethods(TestInvoker.java:147)
at org.testng.internal.TestMethodWorker.invokeTestMethods(TestMethodWorker.java:146)
at org.testng.internal.TestMethodWorker.run(TestMethodWorker.java:128)
at java.util.ArrayList.forEach(ArrayList.java:1257)
at org.testng.TestRunner.privateRun(TestRunner.java:764)
at org.testng.TestRunner.run(TestRunner.java:585)
at org.testng.SuiteRunner.runTest(SuiteRunner.java:384)
at org.testng.SuiteRunner.runSequentially(SuiteRunner.java:378)
at org.testng.SuiteRunner.privateRun(SuiteRunner.java:337)
at org.testng.SuiteRunner.run(SuiteRunner.java:286)
at org.testng.SuiteRunnerWorker.runSuite(SuiteRunnerWorker.java:53)
at org.testng.SuiteRunnerWorker.run(SuiteRunnerWorker.java:96)
at org.testng.TestNG.runSuitesSequentially(TestNG.java:1218)
at org.testng.TestNG.runSuitesLocally(TestNG.java:1140)
at org.testng.TestNG.runSuites(TestNG.java:1069)
at org.testng.TestNG.run(TestNG.java:1037)
at org.testng.remote.AbstractRemoteTestNG.run(AbstractRemoteTestNG.java:115)
at org.testng.remote.RemoteTestNG.initAndRun(RemoteTestNG.java:251)
at org.testng.remote.RemoteTestNG.main(RemoteTestNG.java:77)
]]>
    </error>
  </testcase> <!-- QP030A -->
  <system-out/>
  <testcase name="QP028" time="29.729" classname="com.vrt.testcases.setup_QualParametersTest"/>
  <system-out/>
  <testcase name="QP001" time="26.765" classname="com.vrt.testcases.setup_QualParametersTest"/>
  <system-out/>
  <testcase name="QP040" time="35.836" classname="com.vrt.testcases.setup_QualParametersTest"/>
  <system-out/>
  <testcase name="QP043" time="29.730" classname="com.vrt.testcases.setup_QualParametersTest"/>
  <system-out/>
  <testcase name="QP014A" time="28.492" classname="com.vrt.testcases.setup_QualParametersTest"/>
  <system-out/>
  <testcase name="QP034" time="28.601" classname="com.vrt.testcases.setup_QualParametersTest"/>
  <system-out/>
  <testcase name="QP034" time="28.513" classname="com.vrt.testcases.setup_QualParametersTest"/>
  <system-out/>
  <testcase name="QP048" time="41.696" classname="com.vrt.testcases.setup_QualParametersTest"/>
  <system-out/>
  <testcase name="QP030" time="28.303" classname="com.vrt.testcases.setup_QualParametersTest"/>
  <system-out/>
  <testcase name="QP018A" time="28.337" classname="com.vrt.testcases.setup_QualParametersTest"/>
  <system-out/>
  <testcase name="QP022" time="27.340" classname="com.vrt.testcases.setup_QualParametersTest"/>
  <system-out/>
  <testcase name="QP003" time="27.088" classname="com.vrt.testcases.setup_QualParametersTest"/>
  <system-out/>
  <testcase name="QP018C" time="28.219" classname="com.vrt.testcases.setup_QualParametersTest"/>
  <system-out/>
  <testcase name="QP016B" time="28.063" classname="com.vrt.testcases.setup_QualParametersTest"/>
  <system-out/>
  <testcase name="QP014A" time="28.195" classname="com.vrt.testcases.setup_QualParametersTest"/>
  <system-out/>
  <testcase name="QP014B" time="28.085" classname="com.vrt.testcases.setup_QualParametersTest"/>
  <system-out/>
  <testcase name="QP009" time="27.491" classname="com.vrt.testcases.setup_QualParametersTest"/>
  <system-out/>
  <testcase name="QP018A" time="28.399" classname="com.vrt.testcases.setup_QualParametersTest"/>
  <system-out/>
  <testcase name="QP026" time="28.281" classname="com.vrt.testcases.setup_QualParametersTest"/>
  <system-out/>
  <testcase name="QP014A" time="28.232" classname="com.vrt.testcases.setup_QualParametersTest"/>
  <system-out/>
  <testcase name="QP032" time="28.495" classname="com.vrt.testcases.setup_QualParametersTest"/>
  <system-out/>
  <testcase name="QP016A" time="28.507" classname="com.vrt.testcases.setup_QualParametersTest"/>
  <system-out/>
  <testcase name="QP016A" time="28.504" classname="com.vrt.testcases.setup_QualParametersTest"/>
  <system-out/>
  <testcase name="QP060" time="27.890" classname="com.vrt.testcases.setup_QualParametersTest">
    <skipped/>
  </testcase> <!-- QP060 -->
  <system-out/>
  <testcase name="QP016A" time="28.380" classname="com.vrt.testcases.setup_QualParametersTest"/>
  <system-out/>
  <testcase name="QP016A" time="28.230" classname="com.vrt.testcases.setup_QualParametersTest"/>
  <system-out/>
  <testcase name="QP038" time="29.125" classname="com.vrt.testcases.setup_QualParametersTest"/>
  <system-out/>
  <testcase name="QP020" time="26.519" classname="com.vrt.testcases.setup_QualParametersTest"/>
  <system-out/>
  <testcase name="QP054" time="27.524" classname="com.vrt.testcases.setup_QualParametersTest"/>
  <system-out/>
  <testcase name="QP058" time="27.829" classname="com.vrt.testcases.setup_QualParametersTest"/>
  <system-out/>
  <testcase name="QP034" time="28.279" classname="com.vrt.testcases.setup_QualParametersTest"/>
  <system-out/>
  <testcase name="QP004" time="27.232" classname="com.vrt.testcases.setup_QualParametersTest"/>
  <system-out/>
  <testcase name="QP023" time="27.559" classname="com.vrt.testcases.setup_QualParametersTest"/>
  <system-out/>
  <testcase name="QP060" time="27.858" classname="com.vrt.testcases.setup_QualParametersTest">
    <skipped/>
  </testcase> <!-- QP060 -->
  <system-out/>
  <testcase name="QP053" time="29.909" classname="com.vrt.testcases.setup_QualParametersTest"/>
  <system-out/>
  <testcase name="QP045" time="33.545" classname="com.vrt.testcases.setup_QualParametersTest"/>
  <system-out/>
  <testcase name="QP018A" time="28.480" classname="com.vrt.testcases.setup_QualParametersTest"/>
  <system-out/>
  <testcase name="QP025" time="27.613" classname="com.vrt.testcases.setup_QualParametersTest"/>
  <system-out/>
  <testcase name="QP044" time="31.111" classname="com.vrt.testcases.setup_QualParametersTest"/>
  <system-out/>
  <testcase name="QP031" time="30.476" classname="com.vrt.testcases.setup_QualParametersTest"/>
  <system-out/>
  <testcase name="QP027A" time="28.071" classname="com.vrt.testcases.setup_QualParametersTest"/>
  <system-out/>
  <testcase name="QP046" time="36.002" classname="com.vrt.testcases.setup_QualParametersTest"/>
  <system-out/>
  <testcase name="QP030" time="28.309" classname="com.vrt.testcases.setup_QualParametersTest"/>
  <system-out/>
  <testcase name="QP005" time="27.063" classname="com.vrt.testcases.setup_QualParametersTest"/>
  <system-out/>
  <testcase name="QP027B" time="28.139" classname="com.vrt.testcases.setup_QualParametersTest"/>
  <system-out/>
  <testcase name="QP029" time="30.985" classname="com.vrt.testcases.setup_QualParametersTest"/>
  <system-out/>
  <testcase name="QP011" time="29.694" classname="com.vrt.testcases.setup_QualParametersTest"/>
  <system-out/>
  <testcase name="QP016C" time="28.329" classname="com.vrt.testcases.setup_QualParametersTest"/>
  <system-out/>
  <testcase name="QP060" time="27.945" classname="com.vrt.testcases.setup_QualParametersTest">
    <failure type="java.lang.AssertionError" message="The following asserts failed:
	FAIL: Incorrect SW version &amp; Console IP adress displayed in About window expected [127.0.0.1] but found []">
      <![CDATA[java.lang.AssertionError: The following asserts failed:
FAIL: Incorrect SW version & Console IP adress displayed in About window expected [127.0.0.1] but found []
at org.testng.asserts.SoftAssert.assertAll(SoftAssert.java:47)
at org.testng.asserts.SoftAssert.assertAll(SoftAssert.java:31)
at com.vrt.testcases.setup_QualParametersTest.QP060(setup_QualParametersTest.java:1671)
at sun.reflect.NativeMethodAccessorImpl.invoke0(Native Method)
at sun.reflect.NativeMethodAccessorImpl.invoke(NativeMethodAccessorImpl.java:62)
at sun.reflect.DelegatingMethodAccessorImpl.invoke(DelegatingMethodAccessorImpl.java:43)
at java.lang.reflect.Method.invoke(Method.java:498)
at org.testng.internal.MethodInvocationHelper.invokeMethod(MethodInvocationHelper.java:132)
at org.testng.internal.TestInvoker.invokeMethod(TestInvoker.java:599)
at org.testng.internal.TestInvoker.retryFailed(TestInvoker.java:214)
at org.testng.internal.MethodRunner.runInSequence(MethodRunner.java:58)
at org.testng.internal.TestInvoker$MethodInvocationAgent.invoke(TestInvoker.java:822)
at org.testng.internal.TestInvoker.invokeTestMethods(TestInvoker.java:147)
at org.testng.internal.TestMethodWorker.invokeTestMethods(TestMethodWorker.java:146)
at org.testng.internal.TestMethodWorker.run(TestMethodWorker.java:128)
at java.util.ArrayList.forEach(ArrayList.java:1257)
at org.testng.TestRunner.privateRun(TestRunner.java:764)
at org.testng.TestRunner.run(TestRunner.java:585)
at org.testng.SuiteRunner.runTest(SuiteRunner.java:384)
at org.testng.SuiteRunner.runSequentially(SuiteRunner.java:378)
at org.testng.SuiteRunner.privateRun(SuiteRunner.java:337)
at org.testng.SuiteRunner.run(SuiteRunner.java:286)
at org.testng.SuiteRunnerWorker.runSuite(SuiteRunnerWorker.java:53)
at org.testng.SuiteRunnerWorker.run(SuiteRunnerWorker.java:96)
at org.testng.TestNG.runSuitesSequentially(TestNG.java:1218)
at org.testng.TestNG.runSuitesLocally(TestNG.java:1140)
at org.testng.TestNG.runSuites(TestNG.java:1069)
at org.testng.TestNG.run(TestNG.java:1037)
at org.testng.remote.AbstractRemoteTestNG.run(AbstractRemoteTestNG.java:115)
at org.testng.remote.RemoteTestNG.initAndRun(RemoteTestNG.java:251)
at org.testng.remote.RemoteTestNG.main(RemoteTestNG.java:77)
]]>
    </failure>
  </testcase> <!-- QP060 -->
  <system-out/>
  <testcase name="QP014A" time="28.523" classname="com.vrt.testcases.setup_QualParametersTest"/>
  <system-out/>
  <testcase name="QP032" time="28.361" classname="com.vrt.testcases.setup_QualParametersTest"/>
  <system-out/>
  <testcase name="QP021" time="26.787" classname="com.vrt.testcases.setup_QualParametersTest"/>
  <system-out/>
  <testcase name="QP039" time="29.155" classname="com.vrt.testcases.setup_QualParametersTest"/>
  <system-out/>
  <testcase name="QP055" time="29.844" classname="com.vrt.testcases.setup_QualParametersTest"/>
  <system-out/>
  <testcase name="QP015" time="29.275" classname="com.vrt.testcases.setup_QualParametersTest"/>
  <system-out/>
  <testcase name="QP017" time="29.440" classname="com.vrt.testcases.setup_QualParametersTest"/>
  <system-out/>
  <testcase name="QP030" time="28.347" classname="com.vrt.testcases.setup_QualParametersTest"/>
  <system-out/>
  <testcase name="QP030" time="28.251" classname="com.vrt.testcases.setup_QualParametersTest"/>
  <system-out/>
  <testcase name="QP047" time="39.302" classname="com.vrt.testcases.setup_QualParametersTest"/>
  <system-out/>
  <testcase name="QP032" time="28.283" classname="com.vrt.testcases.setup_QualParametersTest"/>
  <system-out/>
  <testcase name="QP010" time="27.487" classname="com.vrt.testcases.setup_QualParametersTest"/>
  <system-out/>
  <testcase name="QP002" time="26.587" classname="com.vrt.testcases.setup_QualParametersTest"/>
  <system-out/>
  <testcase name="QP013" time="32.813" classname="com.vrt.testcases.setup_QualParametersTest"/>
  <system-out/>
  <testcase name="QP034A" time="26.594" classname="com.vrt.testcases.setup_QualParametersTest">
    <error type="org.testng.TestNGException" message="
Method public void com.vrt.testcases.setup_QualParametersTest.QP034A(java.lang.String,java.lang.String) throws java.lang.InterruptedException,java.io.IOException,java.text.ParseException requires a @DataProvider named : QP034A in class com.vrt.utility.setupCreationUtility">
      <![CDATA[org.testng.TestNGException: 
Method public void com.vrt.testcases.setup_QualParametersTest.QP034A(java.lang.String,java.lang.String) throws java.lang.InterruptedException,java.io.IOException,java.text.ParseException requires a @DataProvider named : QP034A in class com.vrt.utility.setupCreationUtility
at org.testng.internal.Parameters.findDataProvider(Parameters.java:559)
at org.testng.internal.Parameters.handleParameters(Parameters.java:772)
at org.testng.internal.Parameters.handleParameters(Parameters.java:740)
at org.testng.internal.ParameterHandler.handleParameters(ParameterHandler.java:59)
at org.testng.internal.ParameterHandler.createParameters(ParameterHandler.java:38)
at org.testng.internal.TestInvoker$MethodInvocationAgent.invoke(TestInvoker.java:789)
at org.testng.internal.TestInvoker.invokeTestMethods(TestInvoker.java:147)
at org.testng.internal.TestMethodWorker.invokeTestMethods(TestMethodWorker.java:146)
at org.testng.internal.TestMethodWorker.run(TestMethodWorker.java:128)
at java.util.ArrayList.forEach(ArrayList.java:1257)
at org.testng.TestRunner.privateRun(TestRunner.java:764)
at org.testng.TestRunner.run(TestRunner.java:585)
at org.testng.SuiteRunner.runTest(SuiteRunner.java:384)
at org.testng.SuiteRunner.runSequentially(SuiteRunner.java:378)
at org.testng.SuiteRunner.privateRun(SuiteRunner.java:337)
at org.testng.SuiteRunner.run(SuiteRunner.java:286)
at org.testng.SuiteRunnerWorker.runSuite(SuiteRunnerWorker.java:53)
at org.testng.SuiteRunnerWorker.run(SuiteRunnerWorker.java:96)
at org.testng.TestNG.runSuitesSequentially(TestNG.java:1218)
at org.testng.TestNG.runSuitesLocally(TestNG.java:1140)
at org.testng.TestNG.runSuites(TestNG.java:1069)
at org.testng.TestNG.run(TestNG.java:1037)
at org.testng.remote.AbstractRemoteTestNG.run(AbstractRemoteTestNG.java:115)
at org.testng.remote.RemoteTestNG.initAndRun(RemoteTestNG.java:251)
at org.testng.remote.RemoteTestNG.main(RemoteTestNG.java:77)
]]>
    </error>
  </testcase> <!-- QP034A -->
  <system-out/>
  <testcase name="QP002_1" time="26.593" classname="com.vrt.testcases.setup_QualParametersTest"/>
  <system-out/>
  <testcase name="QP052" time="27.410" classname="com.vrt.testcases.setup_QualParametersTest"/>
  <system-out/>
  <testcase name="QP010_1" time="29.793" classname="com.vrt.testcases.setup_QualParametersTest"/>
  <system-out/>
  <testcase name="QP035" time="29.439" classname="com.vrt.testcases.setup_QualParametersTest"/>
  <system-out/>
  <testcase name="QP024" time="27.574" classname="com.vrt.testcases.setup_QualParametersTest"/>
  <system-out/>
  <testcase name="QP014C" time="28.137" classname="com.vrt.testcases.setup_QualParametersTest"/>
  <system-out/>
  <testcase name="QP018A" time="28.641" classname="com.vrt.testcases.setup_QualParametersTest"/>
  <system-out/>
  <testcase name="QP018A" time="28.353" classname="com.vrt.testcases.setup_QualParametersTest"/>
  <system-out/>
  <testcase name="QP034" time="28.335" classname="com.vrt.testcases.setup_QualParametersTest"/>
  <system-out/>
  <testcase name="QP014A" time="28.309" classname="com.vrt.testcases.setup_QualParametersTest"/>
  <system-out/>
  <testcase name="QP032A" time="26.711" classname="com.vrt.testcases.setup_QualParametersTest">
    <error type="org.testng.TestNGException" message="
Method public void com.vrt.testcases.setup_QualParametersTest.QP032A(java.lang.String,java.lang.String) throws java.lang.InterruptedException,java.io.IOException,java.text.ParseException requires a @DataProvider named : QP032A in class com.vrt.utility.setupCreationUtility">
      <![CDATA[org.testng.TestNGException: 
Method public void com.vrt.testcases.setup_QualParametersTest.QP032A(java.lang.String,java.lang.String) throws java.lang.InterruptedException,java.io.IOException,java.text.ParseException requires a @DataProvider named : QP032A in class com.vrt.utility.setupCreationUtility
at org.testng.internal.Parameters.findDataProvider(Parameters.java:559)
at org.testng.internal.Parameters.handleParameters(Parameters.java:772)
at org.testng.internal.Parameters.handleParameters(Parameters.java:740)
at org.testng.internal.ParameterHandler.handleParameters(ParameterHandler.java:59)
at org.testng.internal.ParameterHandler.createParameters(ParameterHandler.java:38)
at org.testng.internal.TestInvoker$MethodInvocationAgent.invoke(TestInvoker.java:789)
at org.testng.internal.TestInvoker.invokeTestMethods(TestInvoker.java:147)
at org.testng.internal.TestMethodWorker.invokeTestMethods(TestMethodWorker.java:146)
at org.testng.internal.TestMethodWorker.run(TestMethodWorker.java:128)
at java.util.ArrayList.forEach(ArrayList.java:1257)
at org.testng.TestRunner.privateRun(TestRunner.java:764)
at org.testng.TestRunner.run(TestRunner.java:585)
at org.testng.SuiteRunner.runTest(SuiteRunner.java:384)
at org.testng.SuiteRunner.runSequentially(SuiteRunner.java:378)
at org.testng.SuiteRunner.privateRun(SuiteRunner.java:337)
at org.testng.SuiteRunner.run(SuiteRunner.java:286)
at org.testng.SuiteRunnerWorker.runSuite(SuiteRunnerWorker.java:53)
at org.testng.SuiteRunnerWorker.run(SuiteRunnerWorker.java:96)
at org.testng.TestNG.runSuitesSequentially(TestNG.java:1218)
at org.testng.TestNG.runSuitesLocally(TestNG.java:1140)
at org.testng.TestNG.runSuites(TestNG.java:1069)
at org.testng.TestNG.run(TestNG.java:1037)
at org.testng.remote.AbstractRemoteTestNG.run(AbstractRemoteTestNG.java:115)
at org.testng.remote.RemoteTestNG.initAndRun(RemoteTestNG.java:251)
at org.testng.remote.RemoteTestNG.main(RemoteTestNG.java:77)
]]>
    </error>
  </testcase> <!-- QP032A -->
  <system-out/>
  <testcase name="QP006" time="27.400" classname="com.vrt.testcases.setup_QualParametersTest"/>
  <system-out/>
  <testcase name="QP012" time="31.767" classname="com.vrt.testcases.setup_QualParametersTest"/>
  <system-out/>
  <testcase name="QP032" time="28.464" classname="com.vrt.testcases.setup_QualParametersTest"/>
  <system-out/>
  <testcase name="QP007" time="28.430" classname="com.vrt.testcases.setup_QualParametersTest"/>
  <system-out/>
  <testcase name="QP056" time="27.119" classname="com.vrt.testcases.setup_QualParametersTest"/>
  <system-out/>
  <testcase name="QP018B" time="27.969" classname="com.vrt.testcases.setup_QualParametersTest"/>
  <system-out/>
  <testcase name="QP033" time="30.114" classname="com.vrt.testcases.setup_QualParametersTest"/>
  <system-out/>
  <testcase name="QP042" time="31.364" classname="com.vrt.testcases.setup_QualParametersTest"/>
  <system-out/>
  <testcase name="QP037" time="29.478" classname="com.vrt.testcases.setup_QualParametersTest"/>
  <system-out/>
  <testcase name="QP019" time="28.587" classname="com.vrt.testcases.setup_QualParametersTest"/>
  <system-out/>
  <testcase name="QP057" time="2.374" classname="com.vrt.testcases.setup_QualParametersTest"/>
  <system-out/>
  <testcase name="QP028A" time="3.187" classname="com.vrt.testcases.setup_QualParametersTest"/>
  <system-out/>
  <testcase name="QP016A" time="1.765" classname="com.vrt.testcases.setup_QualParametersTest"/>
  <system-out/>
</testsuite> <!-- com.vrt.testcases.setup_QualParametersTest -->
