<?xml version="1.0" encoding="UTF-8"?>
<!-- Generated by org.testng.reporters.JUnitReportReporter -->
<testsuite skipped="0" hostname="INAS-LP024" name="com.vrt.testcases.assetDetailsTest2" tests="10" failures="0" timestamp="2020-10-05T16:39:08 IST" time="210.447" errors="0">
  <testcase name="ASST009" time="22.353" classname="com.vrt.testcases.assetDetailsTest2"/>
  <system-out/>
  <testcase name="ASST001" time="29.904" classname="com.vrt.testcases.assetDetailsTest2"/>
  <system-out/>
  <testcase name="ASST007" time="20.048" classname="com.vrt.testcases.assetDetailsTest2"/>
  <system-out/>
  <testcase name="ASST001A" time="11.281" classname="com.vrt.testcases.assetDetailsTest2"/>
  <system-out/>
  <testcase name="ASST008" time="20.175" classname="com.vrt.testcases.assetDetailsTest2"/>
  <system-out/>
  <testcase name="ASST005" time="20.655" classname="com.vrt.testcases.assetDetailsTest2"/>
  <system-out/>
  <testcase name="ASST006" time="22.732" classname="com.vrt.testcases.assetDetailsTest2"/>
  <system-out/>
  <testcase name="ASST003" time="20.878" classname="com.vrt.testcases.assetDetailsTest2"/>
  <system-out/>
  <testcase name="ASST002" time="21.392" classname="com.vrt.testcases.assetDetailsTest2"/>
  <system-out/>
  <testcase name="ASST004" time="21.029" classname="com.vrt.testcases.assetDetailsTest2"/>
  <system-out/>
</testsuite> <!-- com.vrt.testcases.assetDetailsTest2 -->
