<?xml version="1.0" encoding="UTF-8"?>
<!-- Generated by org.testng.reporters.JUnitReportReporter -->
<testsuite skipped="0" hostname="AASHYD-4B6B2X2" name="com.vrt.testcases.LoginTest" tests="25" failures="0" timestamp="2020-11-11T08:11:02 IST" time="824.668" errors="0">
  <testcase name="LOGIN_001b" time="14.888" classname="com.vrt.testcases.LoginTest"/>
  <system-out/>
  <testcase name="LOGIN_008" time="3.529" classname="com.vrt.testcases.LoginTest"/>
  <system-out/>
  <testcase name="LOGIN_011" time="4.297" classname="com.vrt.testcases.LoginTest"/>
  <system-out/>
  <testcase name="LOGIN_015" time="47.246" classname="com.vrt.testcases.LoginTest"/>
  <system-out/>
  <testcase name="LOGIN_017" time="31.581" classname="com.vrt.testcases.LoginTest"/>
  <system-out/>
  <testcase name="LOGIN_020" time="64.080" classname="com.vrt.testcases.LoginTest"/>
  <system-out/>
  <testcase name="LOGIN_014" time="28.628" classname="com.vrt.testcases.LoginTest"/>
  <system-out/>
  <testcase name="LOGIN_024" time="303.795" classname="com.vrt.testcases.LoginTest"/>
  <system-out/>
  <testcase name="LOGIN_005" time="26.655" classname="com.vrt.testcases.LoginTest"/>
  <system-out/>
  <testcase name="LOGIN_007" time="8.889" classname="com.vrt.testcases.LoginTest"/>
  <system-out/>
  <testcase name="LOGIN_016" time="23.991" classname="com.vrt.testcases.LoginTest"/>
  <system-out/>
  <testcase name="LOGIN_018" time="32.020" classname="com.vrt.testcases.LoginTest"/>
  <system-out/>
  <testcase name="LOGIN_021" time="49.417" classname="com.vrt.testcases.LoginTest"/>
  <system-out/>
  <testcase name="LOGIN_010" time="11.641" classname="com.vrt.testcases.LoginTest"/>
  <system-out/>
  <testcase name="LOGIN_013" time="11.350" classname="com.vrt.testcases.LoginTest"/>
  <system-out/>
  <testcase name="LOGIN_001c" time="9.623" classname="com.vrt.testcases.LoginTest"/>
  <system-out/>
  <testcase name="LOGIN_001" time="14.068" classname="com.vrt.testcases.LoginTest"/>
  <system-out/>
  <testcase name="LOGIN_002" time="3.328" classname="com.vrt.testcases.LoginTest"/>
  <system-out/>
  <testcase name="LOGIN_006" time="10.543" classname="com.vrt.testcases.LoginTest"/>
  <system-out/>
  <testcase name="LOGIN_009" time="20.600" classname="com.vrt.testcases.LoginTest"/>
  <system-out/>
  <testcase name="LOGIN_004" time="4.908" classname="com.vrt.testcases.LoginTest"/>
  <system-out/>
  <testcase name="LOGIN_022" time="44.413" classname="com.vrt.testcases.LoginTest"/>
  <system-out/>
  <testcase name="LOGIN_019" time="37.974" classname="com.vrt.testcases.LoginTest"/>
  <system-out/>
  <testcase name="LOGIN_003" time="3.623" classname="com.vrt.testcases.LoginTest"/>
  <system-out/>
  <testcase name="LOGIN_012" time="13.581" classname="com.vrt.testcases.LoginTest"/>
  <system-out/>
</testsuite> <!-- com.vrt.testcases.LoginTest -->
