<?xml version="1.0" encoding="UTF-8"?>
<!-- Generated by org.testng.reporters.JUnitReportReporter -->
<testsuite skipped="0" hostname="DESKTOP-IH5DTV2" name="com.vrt.testcases.setup_QualParametersTest" tests="1" failures="0" timestamp="2021-07-13T16:42:10 IST" time="45.154" errors="0">
  <testcase name="QP012" time="45.154" classname="com.vrt.testcases.setup_QualParametersTest"/>
  <system-out/>
</testsuite> <!-- com.vrt.testcases.setup_QualParametersTest -->
