<?xml version="1.0" encoding="UTF-8"?>
<!-- Generated by org.testng.reporters.JUnitReportReporter -->
<testsuite skipped="5" hostname="INAS-LP024" name="com.vrt.testcases.UserManagementTest" tests="236" failures="0" timestamp="2020-06-03T22:52:30 IST" time="4271.628" errors="5">
  <testcase name="ADMN026" time="19.187" classname="com.vrt.testcases.UserManagementTest"/>
  <testcase name="ADMN127" time="15.446" classname="com.vrt.testcases.UserManagementTest"/>
  <testcase name="ADMN026" time="19.459" classname="com.vrt.testcases.UserManagementTest"/>
  <testcase name="ADMN028" time="19.355" classname="com.vrt.testcases.UserManagementTest"/>
  <testcase name="ADMN022" time="17.004" classname="com.vrt.testcases.UserManagementTest"/>
  <testcase name="ADMN022" time="17.085" classname="com.vrt.testcases.UserManagementTest"/>
  <testcase name="ADMN026" time="19.243" classname="com.vrt.testcases.UserManagementTest"/>
  <testcase name="ADMN010" time="18.054" classname="com.vrt.testcases.UserManagementTest"/>
  <testcase name="ADMN012" time="17.521" classname="com.vrt.testcases.UserManagementTest"/>
  <testcase name="ADMN012" time="17.253" classname="com.vrt.testcases.UserManagementTest"/>
  <testcase name="ADMN010" time="18.077" classname="com.vrt.testcases.UserManagementTest"/>
  <testcase name="ADMN028" time="19.138" classname="com.vrt.testcases.UserManagementTest"/>
  <testcase name="ADMN026" time="19.055" classname="com.vrt.testcases.UserManagementTest"/>
  <testcase name="ADMN026" time="19.096" classname="com.vrt.testcases.UserManagementTest"/>
  <testcase name="ADMN028" time="19.882" classname="com.vrt.testcases.UserManagementTest"/>
  <testcase name="ADMN010" time="18.206" classname="com.vrt.testcases.UserManagementTest"/>
  <testcase name="ADMN009A" time="12.832" classname="com.vrt.testcases.UserManagementTest"/>
  <testcase name="ADMN011" time="17.626" classname="com.vrt.testcases.UserManagementTest"/>
  <testcase name="ADMN010" time="17.877" classname="com.vrt.testcases.UserManagementTest"/>
  <testcase name="ADMN029" time="19.806" classname="com.vrt.testcases.UserManagementTest"/>
  <testcase name="ADMN033" time="11.693" classname="com.vrt.testcases.UserManagementTest"/>
  <testcase name="ADMN012" time="17.397" classname="com.vrt.testcases.UserManagementTest"/>
  <testcase name="ADMN026" time="18.937" classname="com.vrt.testcases.UserManagementTest"/>
  <testcase name="ADMN030" time="18.944" classname="com.vrt.testcases.UserManagementTest"/>
  <testcase name="ADMN022" time="16.803" classname="com.vrt.testcases.UserManagementTest"/>
  <testcase name="ADMN028" time="18.929" classname="com.vrt.testcases.UserManagementTest"/>
  <testcase name="ADMN026" time="19.149" classname="com.vrt.testcases.UserManagementTest"/>
  <testcase name="ADMN026" time="19.162" classname="com.vrt.testcases.UserManagementTest"/>
  <testcase name="ADMN012" time="17.384" classname="com.vrt.testcases.UserManagementTest"/>
  <testcase name="ADMN045" time="23.322" classname="com.vrt.testcases.UserManagementTest"/>
  <testcase name="ADMN035" time="14.076" classname="com.vrt.testcases.UserManagementTest"/>
  <testcase name="ADMN011" time="17.431" classname="com.vrt.testcases.UserManagementTest"/>
  <testcase name="ADMN022" time="17.197" classname="com.vrt.testcases.UserManagementTest"/>
  <testcase name="ADMN069G" time="15.281" classname="com.vrt.testcases.UserManagementTest"/>
  <testcase name="ADMN026" time="17.878" classname="com.vrt.testcases.UserManagementTest"/>
  <testcase name="ADMN013" time="17.520" classname="com.vrt.testcases.UserManagementTest"/>
  <testcase name="ADMN012" time="17.529" classname="com.vrt.testcases.UserManagementTest"/>
  <testcase name="ADMN028" time="19.070" classname="com.vrt.testcases.UserManagementTest"/>
  <testcase name="ADMN022" time="17.328" classname="com.vrt.testcases.UserManagementTest"/>
  <testcase name="ADMN028" time="19.398" classname="com.vrt.testcases.UserManagementTest"/>
  <testcase name="ADMN043" time="14.789" classname="com.vrt.testcases.UserManagementTest"/>
  <testcase name="ADMN010" time="18.023" classname="com.vrt.testcases.UserManagementTest"/>
  <testcase name="ADMN009" time="18.181" classname="com.vrt.testcases.UserManagementTest"/>
  <testcase name="ADMN028" time="19.083" classname="com.vrt.testcases.UserManagementTest"/>
  <testcase name="ADMN015a" time="12.799" classname="com.vrt.testcases.UserManagementTest"/>
  <testcase name="ADMN012" time="17.538" classname="com.vrt.testcases.UserManagementTest"/>
  <testcase name="ADMN036B" time="16.366" classname="com.vrt.testcases.UserManagementTest"/>
  <testcase name="ADMN012" time="17.582" classname="com.vrt.testcases.UserManagementTest"/>
  <testcase name="ADMN028" time="19.148" classname="com.vrt.testcases.UserManagementTest"/>
  <testcase name="ADMN028" time="19.242" classname="com.vrt.testcases.UserManagementTest"/>
  <testcase name="ADMN026" time="19.520" classname="com.vrt.testcases.UserManagementTest"/>
  <testcase name="ADMN012" time="17.201" classname="com.vrt.testcases.UserManagementTest"/>
  <testcase name="ADMN131" time="9.958" classname="com.vrt.testcases.UserManagementTest">
    <skipped/>
  </testcase> <!-- ADMN131 -->
  <testcase name="ADMN028" time="19.038" classname="com.vrt.testcases.UserManagementTest"/>
  <testcase name="ADMN019" time="16.729" classname="com.vrt.testcases.UserManagementTest"/>
  <testcase name="ADMN012" time="17.270" classname="com.vrt.testcases.UserManagementTest"/>
  <testcase name="ADMN022" time="17.259" classname="com.vrt.testcases.UserManagementTest"/>
  <testcase name="ADMN026" time="18.937" classname="com.vrt.testcases.UserManagementTest"/>
  <testcase name="ADMN007" time="10.633" classname="com.vrt.testcases.UserManagementTest"/>
  <testcase name="ADMN026" time="18.946" classname="com.vrt.testcases.UserManagementTest"/>
  <testcase name="ADMN022" time="17.465" classname="com.vrt.testcases.UserManagementTest"/>
  <testcase name="ADMN026" time="19.011" classname="com.vrt.testcases.UserManagementTest"/>
  <testcase name="ADMN028" time="19.676" classname="com.vrt.testcases.UserManagementTest"/>
  <testcase name="ADMN028" time="18.872" classname="com.vrt.testcases.UserManagementTest"/>
  <testcase name="ADMN042" time="19.711" classname="com.vrt.testcases.UserManagementTest"/>
  <testcase name="ADMN010" time="18.332" classname="com.vrt.testcases.UserManagementTest"/>
  <testcase name="ADMN045A" time="14.726" classname="com.vrt.testcases.UserManagementTest"/>
  <testcase name="ADMN028" time="18.862" classname="com.vrt.testcases.UserManagementTest"/>
  <testcase name="ADMN029" time="20.558" classname="com.vrt.testcases.UserManagementTest"/>
  <testcase name="ADMN022" time="17.105" classname="com.vrt.testcases.UserManagementTest"/>
  <testcase name="ADMN022" time="16.919" classname="com.vrt.testcases.UserManagementTest"/>
  <testcase name="ADMN022" time="17.098" classname="com.vrt.testcases.UserManagementTest"/>
  <testcase name="ADMN012" time="17.684" classname="com.vrt.testcases.UserManagementTest"/>
  <testcase name="ADMN012" time="17.316" classname="com.vrt.testcases.UserManagementTest"/>
  <testcase name="ADMN009" time="17.946" classname="com.vrt.testcases.UserManagementTest"/>
  <testcase name="ADMN012" time="17.728" classname="com.vrt.testcases.UserManagementTest"/>
  <testcase name="ADMN028" time="18.742" classname="com.vrt.testcases.UserManagementTest"/>
  <testcase name="ADMN028" time="19.036" classname="com.vrt.testcases.UserManagementTest"/>
  <testcase name="ADMN017" time="10.050" classname="com.vrt.testcases.UserManagementTest">
    <skipped/>
  </testcase> <!-- ADMN017 -->
  <testcase name="ADMN009" time="17.917" classname="com.vrt.testcases.UserManagementTest"/>
  <testcase name="ADMN026" time="19.200" classname="com.vrt.testcases.UserManagementTest"/>
  <testcase name="ADMN010" time="18.176" classname="com.vrt.testcases.UserManagementTest"/>
  <testcase name="ADMN014" time="17.776" classname="com.vrt.testcases.UserManagementTest"/>
  <testcase name="ADMN012" time="17.385" classname="com.vrt.testcases.UserManagementTest"/>
  <testcase name="ADMN028" time="19.356" classname="com.vrt.testcases.UserManagementTest"/>
  <testcase name="ADMN021" time="17.286" classname="com.vrt.testcases.UserManagementTest"/>
  <testcase name="ADMN010" time="18.180" classname="com.vrt.testcases.UserManagementTest"/>
  <testcase name="ADMN022" time="16.907" classname="com.vrt.testcases.UserManagementTest"/>
  <testcase name="ADMN026" time="19.149" classname="com.vrt.testcases.UserManagementTest"/>
  <testcase name="ADMN069" time="30.295" classname="com.vrt.testcases.UserManagementTest"/>
  <testcase name="ADMN008" time="18.283" classname="com.vrt.testcases.UserManagementTest"/>
  <testcase name="ADMN022" time="16.972" classname="com.vrt.testcases.UserManagementTest"/>
  <testcase name="ADMN012" time="17.646" classname="com.vrt.testcases.UserManagementTest"/>
  <testcase name="ADMN012" time="17.659" classname="com.vrt.testcases.UserManagementTest"/>
  <testcase name="ADMN028" time="19.249" classname="com.vrt.testcases.UserManagementTest"/>
  <testcase name="ADMN036" time="21.392" classname="com.vrt.testcases.UserManagementTest"/>
  <testcase name="ADMN027" time="18.399" classname="com.vrt.testcases.UserManagementTest"/>
  <testcase name="ADMN022" time="17.056" classname="com.vrt.testcases.UserManagementTest"/>
  <testcase name="ADMN022" time="17.234" classname="com.vrt.testcases.UserManagementTest"/>
  <testcase name="ADMN012" time="17.473" classname="com.vrt.testcases.UserManagementTest"/>
  <testcase name="ADMN026" time="19.199" classname="com.vrt.testcases.UserManagementTest"/>
  <testcase name="ADMN011" time="17.749" classname="com.vrt.testcases.UserManagementTest"/>
  <testcase name="ADMN028" time="18.918" classname="com.vrt.testcases.UserManagementTest"/>
  <testcase name="ADMN026" time="18.151" classname="com.vrt.testcases.UserManagementTest"/>
  <testcase name="ADMN022" time="17.076" classname="com.vrt.testcases.UserManagementTest"/>
  <testcase name="ADMN012" time="17.574" classname="com.vrt.testcases.UserManagementTest"/>
  <testcase name="ADMN010" time="18.453" classname="com.vrt.testcases.UserManagementTest"/>
  <testcase name="ADMN010" time="17.928" classname="com.vrt.testcases.UserManagementTest"/>
  <testcase name="ADMN024" time="17.924" classname="com.vrt.testcases.UserManagementTest"/>
  <testcase name="ADMN128" time="15.617" classname="com.vrt.testcases.UserManagementTest"/>
  <testcase name="ADMN043A" time="14.883" classname="com.vrt.testcases.UserManagementTest"/>
  <testcase name="ADMN069H" time="15.321" classname="com.vrt.testcases.UserManagementTest"/>
  <testcase name="ADMN028" time="19.643" classname="com.vrt.testcases.UserManagementTest"/>
  <testcase name="ADMN010" time="18.180" classname="com.vrt.testcases.UserManagementTest"/>
  <testcase name="ADMN028" time="18.939" classname="com.vrt.testcases.UserManagementTest"/>
  <testcase name="ADMN017a" time="12.829" classname="com.vrt.testcases.UserManagementTest"/>
  <testcase name="ADMN012" time="17.571" classname="com.vrt.testcases.UserManagementTest"/>
  <testcase name="ADMN028" time="19.655" classname="com.vrt.testcases.UserManagementTest"/>
  <testcase name="ADMN028" time="18.972" classname="com.vrt.testcases.UserManagementTest"/>
  <testcase name="ADMN025" time="18.074" classname="com.vrt.testcases.UserManagementTest"/>
  <testcase name="ADMN029" time="19.982" classname="com.vrt.testcases.UserManagementTest"/>
  <testcase name="ADMN010" time="18.081" classname="com.vrt.testcases.UserManagementTest"/>
  <testcase name="ADMN011" time="17.732" classname="com.vrt.testcases.UserManagementTest"/>
  <testcase name="ADMN022" time="17.062" classname="com.vrt.testcases.UserManagementTest"/>
  <testcase name="ADMN034B" time="29.981" classname="com.vrt.testcases.UserManagementTest">
    <error type="org.openqa.selenium.NoSuchElementException" message="An element could not be located on the page using the given search parameters. (WARNING: The server did not provide any stacktrace information)
Command duration or timeout: 0 milliseconds
For documentation on this error, please visit: https://www.seleniumhq.org/exceptions/no_such_element.html
Build info: version: &#039;3.141.59&#039;, revision: &#039;e82be7d358&#039;, time: &#039;2018-11-14T08:17:03&#039;
System info: host: &#039;INAS-LP024&#039;, ip: &#039;192.168.47.1&#039;, os.name: &#039;Windows 10&#039;, os.arch: &#039;amd64&#039;, os.version: &#039;10.0&#039;, java.version: &#039;1.8.0_181&#039;
Driver info: io.appium.java_client.windows.WindowsDriver
Capabilities {app: Kaye.ValProbeRT_racmveb2qnw..., javascriptEnabled: true, ms:waitForAppLaunch: 10, platform: WINDOWS, platformName: WINDOWS}
Session ID: 59BAB98C-4883-4F87-9AB4-6AF6E95A23D5
*** Element info: {Using=name, value=IRTD}">
      <![CDATA[org.openqa.selenium.NoSuchElementException: An element could not be located on the page using the given search parameters. (WARNING: The server did not provide any stacktrace information)
Command duration or timeout: 0 milliseconds
For documentation on this error, please visit: https://www.seleniumhq.org/exceptions/no_such_element.html
Build info: version: '3.141.59', revision: 'e82be7d358', time: '2018-11-14T08:17:03'
System info: host: 'INAS-LP024', ip: '192.168.47.1', os.name: 'Windows 10', os.arch: 'amd64', os.version: '10.0', java.version: '1.8.0_181'
Driver info: io.appium.java_client.windows.WindowsDriver
Capabilities {app: Kaye.ValProbeRT_racmveb2qnw..., javascriptEnabled: true, ms:waitForAppLaunch: 10, platform: WINDOWS, platformName: WINDOWS}
Session ID: 59BAB98C-4883-4F87-9AB4-6AF6E95A23D5
*** Element info: {Using=name, value=IRTD}
at sun.reflect.NativeConstructorAccessorImpl.newInstance0(Native Method)
at sun.reflect.NativeConstructorAccessorImpl.newInstance(NativeConstructorAccessorImpl.java:62)
at sun.reflect.DelegatingConstructorAccessorImpl.newInstance(DelegatingConstructorAccessorImpl.java:45)
at java.lang.reflect.Constructor.newInstance(Constructor.java:423)
at org.openqa.selenium.remote.ErrorHandler.createThrowable(ErrorHandler.java:214)
at org.openqa.selenium.remote.ErrorHandler.throwIfResponseFailed(ErrorHandler.java:166)
at org.openqa.selenium.remote.http.JsonHttpResponseCodec.reconstructValue(JsonHttpResponseCodec.java:40)
at org.openqa.selenium.remote.http.AbstractHttpResponseCodec.decode(AbstractHttpResponseCodec.java:80)
at org.openqa.selenium.remote.http.AbstractHttpResponseCodec.decode(AbstractHttpResponseCodec.java:44)
at org.openqa.selenium.remote.HttpCommandExecutor.execute(HttpCommandExecutor.java:158)
at io.appium.java_client.remote.AppiumCommandExecutor.execute(AppiumCommandExecutor.java:239)
at org.openqa.selenium.remote.RemoteWebDriver.execute(RemoteWebDriver.java:552)
at io.appium.java_client.DefaultGenericMobileDriver.execute(DefaultGenericMobileDriver.java:42)
at io.appium.java_client.AppiumDriver.execute(AppiumDriver.java:1)
at io.appium.java_client.windows.WindowsDriver.execute(WindowsDriver.java:1)
at org.openqa.selenium.remote.RemoteWebDriver.findElement(RemoteWebDriver.java:323)
at io.appium.java_client.DefaultGenericMobileDriver.findElement(DefaultGenericMobileDriver.java:62)
at io.appium.java_client.AppiumDriver.findElement(AppiumDriver.java:1)
at io.appium.java_client.windows.WindowsDriver.findElement(WindowsDriver.java:1)
at org.openqa.selenium.remote.RemoteWebDriver.findElementByName(RemoteWebDriver.java:404)
at io.appium.java_client.DefaultGenericMobileDriver.findElementByName(DefaultGenericMobileDriver.java:118)
at io.appium.java_client.AppiumDriver.findElementByName(AppiumDriver.java:1)
at io.appium.java_client.windows.WindowsDriver.findElementByName(WindowsDriver.java:1)
at com.vrt.pages.EquipmentHubPage.ClickonIRTDlistbox(EquipmentHubPage.java:46)
at com.vrt.testcases.UserManagementTest.ADMN034B(UserManagementTest.java:988)
at sun.reflect.NativeMethodAccessorImpl.invoke0(Native Method)
at sun.reflect.NativeMethodAccessorImpl.invoke(NativeMethodAccessorImpl.java:62)
at sun.reflect.DelegatingMethodAccessorImpl.invoke(DelegatingMethodAccessorImpl.java:43)
at java.lang.reflect.Method.invoke(Method.java:498)
at org.testng.internal.MethodInvocationHelper.invokeMethod(MethodInvocationHelper.java:133)
at org.testng.internal.TestInvoker.invokeMethod(TestInvoker.java:584)
at org.testng.internal.TestInvoker.invokeTestMethod(TestInvoker.java:172)
at org.testng.internal.MethodRunner.runInSequence(MethodRunner.java:46)
at org.testng.internal.TestInvoker$MethodInvocationAgent.invoke(TestInvoker.java:804)
at org.testng.internal.TestInvoker.invokeTestMethods(TestInvoker.java:145)
at org.testng.internal.TestMethodWorker.invokeTestMethods(TestMethodWorker.java:146)
at org.testng.internal.TestMethodWorker.run(TestMethodWorker.java:128)
at java.util.ArrayList.forEach(ArrayList.java:1257)
at org.testng.TestRunner.privateRun(TestRunner.java:770)
at org.testng.TestRunner.run(TestRunner.java:591)
at org.testng.SuiteRunner.runTest(SuiteRunner.java:402)
at org.testng.SuiteRunner.runSequentially(SuiteRunner.java:396)
at org.testng.SuiteRunner.privateRun(SuiteRunner.java:355)
at org.testng.SuiteRunner.run(SuiteRunner.java:304)
at org.testng.SuiteRunnerWorker.runSuite(SuiteRunnerWorker.java:53)
at org.testng.SuiteRunnerWorker.run(SuiteRunnerWorker.java:96)
at org.testng.TestNG.runSuitesSequentially(TestNG.java:1180)
at org.testng.TestNG.runSuitesLocally(TestNG.java:1102)
at org.testng.TestNG.runSuites(TestNG.java:1032)
at org.testng.TestNG.run(TestNG.java:1000)
at org.testng.remote.AbstractRemoteTestNG.run(AbstractRemoteTestNG.java:115)
at org.testng.remote.RemoteTestNG.initAndRun(RemoteTestNG.java:251)
at org.testng.remote.RemoteTestNG.main(RemoteTestNG.java:77)
]]>
    </error>
  </testcase> <!-- ADMN034B -->
  <testcase name="ADMN026" time="19.381" classname="com.vrt.testcases.UserManagementTest"/>
  <testcase name="ADMN015" time="10.122" classname="com.vrt.testcases.UserManagementTest">
    <skipped/>
  </testcase> <!-- ADMN015 -->
  <testcase name="ADMN010" time="18.031" classname="com.vrt.testcases.UserManagementTest"/>
  <testcase name="ADMN021" time="17.793" classname="com.vrt.testcases.UserManagementTest"/>
  <testcase name="ADMN010" time="17.968" classname="com.vrt.testcases.UserManagementTest"/>
  <testcase name="ADMN021" time="17.406" classname="com.vrt.testcases.UserManagementTest"/>
  <testcase name="ADMN016a" time="14.462" classname="com.vrt.testcases.UserManagementTest"/>
  <testcase name="ADMN069B" time="37.874" classname="com.vrt.testcases.UserManagementTest">
    <error type="org.openqa.selenium.NoSuchElementException" message="An element could not be located on the page using the given search parameters. (WARNING: The server did not provide any stacktrace information)
Command duration or timeout: 0 milliseconds
For documentation on this error, please visit: https://www.seleniumhq.org/exceptions/no_such_element.html
Build info: version: &#039;3.141.59&#039;, revision: &#039;e82be7d358&#039;, time: &#039;2018-11-14T08:17:03&#039;
System info: host: &#039;INAS-LP024&#039;, ip: &#039;192.168.47.1&#039;, os.name: &#039;Windows 10&#039;, os.arch: &#039;amd64&#039;, os.version: &#039;10.0&#039;, java.version: &#039;1.8.0_181&#039;
Driver info: io.appium.java_client.windows.WindowsDriver
Capabilities {app: Kaye.ValProbeRT_racmveb2qnw..., javascriptEnabled: true, ms:waitForAppLaunch: 10, platform: WINDOWS, platformName: WINDOWS}
Session ID: E19FE79D-70BC-4B9C-9A02-9AFD9CED3675
*** Element info: {Using=name, value=Enter User Credentials}">
      <![CDATA[org.openqa.selenium.NoSuchElementException: An element could not be located on the page using the given search parameters. (WARNING: The server did not provide any stacktrace information)
Command duration or timeout: 0 milliseconds
For documentation on this error, please visit: https://www.seleniumhq.org/exceptions/no_such_element.html
Build info: version: '3.141.59', revision: 'e82be7d358', time: '2018-11-14T08:17:03'
System info: host: 'INAS-LP024', ip: '192.168.47.1', os.name: 'Windows 10', os.arch: 'amd64', os.version: '10.0', java.version: '1.8.0_181'
Driver info: io.appium.java_client.windows.WindowsDriver
Capabilities {app: Kaye.ValProbeRT_racmveb2qnw..., javascriptEnabled: true, ms:waitForAppLaunch: 10, platform: WINDOWS, platformName: WINDOWS}
Session ID: E19FE79D-70BC-4B9C-9A02-9AFD9CED3675
*** Element info: {Using=name, value=Enter User Credentials}
at sun.reflect.NativeConstructorAccessorImpl.newInstance0(Native Method)
at sun.reflect.NativeConstructorAccessorImpl.newInstance(NativeConstructorAccessorImpl.java:62)
at sun.reflect.DelegatingConstructorAccessorImpl.newInstance(DelegatingConstructorAccessorImpl.java:45)
at java.lang.reflect.Constructor.newInstance(Constructor.java:423)
at org.openqa.selenium.remote.ErrorHandler.createThrowable(ErrorHandler.java:214)
at org.openqa.selenium.remote.ErrorHandler.throwIfResponseFailed(ErrorHandler.java:166)
at org.openqa.selenium.remote.http.JsonHttpResponseCodec.reconstructValue(JsonHttpResponseCodec.java:40)
at org.openqa.selenium.remote.http.AbstractHttpResponseCodec.decode(AbstractHttpResponseCodec.java:80)
at org.openqa.selenium.remote.http.AbstractHttpResponseCodec.decode(AbstractHttpResponseCodec.java:44)
at org.openqa.selenium.remote.HttpCommandExecutor.execute(HttpCommandExecutor.java:158)
at io.appium.java_client.remote.AppiumCommandExecutor.execute(AppiumCommandExecutor.java:239)
at org.openqa.selenium.remote.RemoteWebDriver.execute(RemoteWebDriver.java:552)
at io.appium.java_client.DefaultGenericMobileDriver.execute(DefaultGenericMobileDriver.java:42)
at io.appium.java_client.AppiumDriver.execute(AppiumDriver.java:1)
at io.appium.java_client.windows.WindowsDriver.execute(WindowsDriver.java:1)
at org.openqa.selenium.remote.RemoteWebDriver.findElement(RemoteWebDriver.java:323)
at io.appium.java_client.DefaultGenericMobileDriver.findElement(DefaultGenericMobileDriver.java:62)
at io.appium.java_client.AppiumDriver.findElement(AppiumDriver.java:1)
at io.appium.java_client.windows.WindowsDriver.findElement(WindowsDriver.java:1)
at org.openqa.selenium.remote.RemoteWebDriver.findElementByName(RemoteWebDriver.java:404)
at io.appium.java_client.DefaultGenericMobileDriver.findElementByName(DefaultGenericMobileDriver.java:118)
at io.appium.java_client.AppiumDriver.findElementByName(AppiumDriver.java:1)
at io.appium.java_client.windows.WindowsDriver.findElementByName(WindowsDriver.java:1)
at com.vrt.base.BaseClass.UserLoginPopup(BaseClass.java:188)
at com.vrt.testcases.UserManagementTest.ADMN069B(UserManagementTest.java:1284)
at sun.reflect.NativeMethodAccessorImpl.invoke0(Native Method)
at sun.reflect.NativeMethodAccessorImpl.invoke(NativeMethodAccessorImpl.java:62)
at sun.reflect.DelegatingMethodAccessorImpl.invoke(DelegatingMethodAccessorImpl.java:43)
at java.lang.reflect.Method.invoke(Method.java:498)
at org.testng.internal.MethodInvocationHelper.invokeMethod(MethodInvocationHelper.java:133)
at org.testng.internal.TestInvoker.invokeMethod(TestInvoker.java:584)
at org.testng.internal.TestInvoker.invokeTestMethod(TestInvoker.java:172)
at org.testng.internal.MethodRunner.runInSequence(MethodRunner.java:46)
at org.testng.internal.TestInvoker$MethodInvocationAgent.invoke(TestInvoker.java:804)
at org.testng.internal.TestInvoker.invokeTestMethods(TestInvoker.java:145)
at org.testng.internal.TestMethodWorker.invokeTestMethods(TestMethodWorker.java:146)
at org.testng.internal.TestMethodWorker.run(TestMethodWorker.java:128)
at java.util.ArrayList.forEach(ArrayList.java:1257)
at org.testng.TestRunner.privateRun(TestRunner.java:770)
at org.testng.TestRunner.run(TestRunner.java:591)
at org.testng.SuiteRunner.runTest(SuiteRunner.java:402)
at org.testng.SuiteRunner.runSequentially(SuiteRunner.java:396)
at org.testng.SuiteRunner.privateRun(SuiteRunner.java:355)
at org.testng.SuiteRunner.run(SuiteRunner.java:304)
at org.testng.SuiteRunnerWorker.runSuite(SuiteRunnerWorker.java:53)
at org.testng.SuiteRunnerWorker.run(SuiteRunnerWorker.java:96)
at org.testng.TestNG.runSuitesSequentially(TestNG.java:1180)
at org.testng.TestNG.runSuitesLocally(TestNG.java:1102)
at org.testng.TestNG.runSuites(TestNG.java:1032)
at org.testng.TestNG.run(TestNG.java:1000)
at org.testng.remote.AbstractRemoteTestNG.run(AbstractRemoteTestNG.java:115)
at org.testng.remote.RemoteTestNG.initAndRun(RemoteTestNG.java:251)
at org.testng.remote.RemoteTestNG.main(RemoteTestNG.java:77)
]]>
    </error>
  </testcase> <!-- ADMN069B -->
  <testcase name="ADMN036A" time="30.326" classname="com.vrt.testcases.UserManagementTest"/>
  <testcase name="ADMN010" time="17.786" classname="com.vrt.testcases.UserManagementTest"/>
  <testcase name="ADMN026" time="19.114" classname="com.vrt.testcases.UserManagementTest"/>
  <testcase name="ADMN132" time="12.501" classname="com.vrt.testcases.UserManagementTest"/>
  <testcase name="ADMN042B" time="14.511" classname="com.vrt.testcases.UserManagementTest"/>
  <testcase name="ADMN028" time="19.036" classname="com.vrt.testcases.UserManagementTest"/>
  <testcase name="ADMN010" time="18.092" classname="com.vrt.testcases.UserManagementTest"/>
  <testcase name="ADMN126A" time="15.476" classname="com.vrt.testcases.UserManagementTest"/>
  <testcase name="ADMN022" time="16.896" classname="com.vrt.testcases.UserManagementTest"/>
  <testcase name="ADMN014A" time="27.324" classname="com.vrt.testcases.UserManagementTest"/>
  <testcase name="ADMN069A" time="21.072" classname="com.vrt.testcases.UserManagementTest"/>
  <testcase name="ADMN028" time="18.925" classname="com.vrt.testcases.UserManagementTest"/>
  <testcase name="ADMN012" time="17.321" classname="com.vrt.testcases.UserManagementTest"/>
  <testcase name="ADMN026" time="19.022" classname="com.vrt.testcases.UserManagementTest"/>
  <testcase name="ADMN028" time="18.886" classname="com.vrt.testcases.UserManagementTest"/>
  <testcase name="ADMN012" time="17.520" classname="com.vrt.testcases.UserManagementTest"/>
  <testcase name="ADMN069I" time="14.846" classname="com.vrt.testcases.UserManagementTest"/>
  <testcase name="ADMN028" time="19.295" classname="com.vrt.testcases.UserManagementTest"/>
  <testcase name="ADMN028" time="19.000" classname="com.vrt.testcases.UserManagementTest"/>
  <testcase name="ADMN010" time="18.103" classname="com.vrt.testcases.UserManagementTest"/>
  <testcase name="ADMN021" time="17.762" classname="com.vrt.testcases.UserManagementTest"/>
  <testcase name="ADMN010" time="18.171" classname="com.vrt.testcases.UserManagementTest"/>
  <testcase name="ADMN069E" time="30.485" classname="com.vrt.testcases.UserManagementTest"/>
  <testcase name="ADMN008" time="17.599" classname="com.vrt.testcases.UserManagementTest"/>
  <testcase name="ADMN022" time="17.170" classname="com.vrt.testcases.UserManagementTest"/>
  <testcase name="ADMN006" time="10.172" classname="com.vrt.testcases.UserManagementTest"/>
  <testcase name="ADMN031" time="18.901" classname="com.vrt.testcases.UserManagementTest"/>
  <testcase name="ADMN026" time="19.274" classname="com.vrt.testcases.UserManagementTest"/>
  <testcase name="ADMN022" time="17.178" classname="com.vrt.testcases.UserManagementTest"/>
  <testcase name="ADMN022" time="17.734" classname="com.vrt.testcases.UserManagementTest"/>
  <testcase name="ADMN010" time="18.028" classname="com.vrt.testcases.UserManagementTest"/>
  <testcase name="ADMN026" time="19.036" classname="com.vrt.testcases.UserManagementTest"/>
  <testcase name="ADMN010" time="17.992" classname="com.vrt.testcases.UserManagementTest"/>
  <testcase name="ADMN012" time="17.269" classname="com.vrt.testcases.UserManagementTest"/>
  <testcase name="ADMN026" time="18.989" classname="com.vrt.testcases.UserManagementTest"/>
  <testcase name="ADMN016" time="9.917" classname="com.vrt.testcases.UserManagementTest">
    <skipped/>
  </testcase> <!-- ADMN016 -->
  <testcase name="ADMN026" time="19.216" classname="com.vrt.testcases.UserManagementTest"/>
  <testcase name="ADMN021a" time="14.802" classname="com.vrt.testcases.UserManagementTest"/>
  <testcase name="ADMN026" time="18.885" classname="com.vrt.testcases.UserManagementTest"/>
  <testcase name="ADMN021" time="17.646" classname="com.vrt.testcases.UserManagementTest"/>
  <testcase name="ADMN026" time="18.865" classname="com.vrt.testcases.UserManagementTest"/>
  <testcase name="ADMN028" time="19.171" classname="com.vrt.testcases.UserManagementTest"/>
  <testcase name="ADMN028" time="19.103" classname="com.vrt.testcases.UserManagementTest"/>
  <testcase name="ADMN069C" time="29.412" classname="com.vrt.testcases.UserManagementTest">
    <error type="org.openqa.selenium.NoSuchElementException" message="An element could not be located on the page using the given search parameters. (WARNING: The server did not provide any stacktrace information)
Command duration or timeout: 0 milliseconds
For documentation on this error, please visit: https://www.seleniumhq.org/exceptions/no_such_element.html
Build info: version: &#039;3.141.59&#039;, revision: &#039;e82be7d358&#039;, time: &#039;2018-11-14T08:17:03&#039;
System info: host: &#039;INAS-LP024&#039;, ip: &#039;192.168.47.1&#039;, os.name: &#039;Windows 10&#039;, os.arch: &#039;amd64&#039;, os.version: &#039;10.0&#039;, java.version: &#039;1.8.0_181&#039;
Driver info: io.appium.java_client.windows.WindowsDriver
Capabilities {app: Kaye.ValProbeRT_racmveb2qnw..., javascriptEnabled: true, ms:waitForAppLaunch: 10, platform: WINDOWS, platformName: WINDOWS}
Session ID: 2C186DBA-B08D-4E11-9A24-25DB2880FBDF
*** Element info: {Using=name, value=IRTD}">
      <![CDATA[org.openqa.selenium.NoSuchElementException: An element could not be located on the page using the given search parameters. (WARNING: The server did not provide any stacktrace information)
Command duration or timeout: 0 milliseconds
For documentation on this error, please visit: https://www.seleniumhq.org/exceptions/no_such_element.html
Build info: version: '3.141.59', revision: 'e82be7d358', time: '2018-11-14T08:17:03'
System info: host: 'INAS-LP024', ip: '192.168.47.1', os.name: 'Windows 10', os.arch: 'amd64', os.version: '10.0', java.version: '1.8.0_181'
Driver info: io.appium.java_client.windows.WindowsDriver
Capabilities {app: Kaye.ValProbeRT_racmveb2qnw..., javascriptEnabled: true, ms:waitForAppLaunch: 10, platform: WINDOWS, platformName: WINDOWS}
Session ID: 2C186DBA-B08D-4E11-9A24-25DB2880FBDF
*** Element info: {Using=name, value=IRTD}
at sun.reflect.NativeConstructorAccessorImpl.newInstance0(Native Method)
at sun.reflect.NativeConstructorAccessorImpl.newInstance(NativeConstructorAccessorImpl.java:62)
at sun.reflect.DelegatingConstructorAccessorImpl.newInstance(DelegatingConstructorAccessorImpl.java:45)
at java.lang.reflect.Constructor.newInstance(Constructor.java:423)
at org.openqa.selenium.remote.ErrorHandler.createThrowable(ErrorHandler.java:214)
at org.openqa.selenium.remote.ErrorHandler.throwIfResponseFailed(ErrorHandler.java:166)
at org.openqa.selenium.remote.http.JsonHttpResponseCodec.reconstructValue(JsonHttpResponseCodec.java:40)
at org.openqa.selenium.remote.http.AbstractHttpResponseCodec.decode(AbstractHttpResponseCodec.java:80)
at org.openqa.selenium.remote.http.AbstractHttpResponseCodec.decode(AbstractHttpResponseCodec.java:44)
at org.openqa.selenium.remote.HttpCommandExecutor.execute(HttpCommandExecutor.java:158)
at io.appium.java_client.remote.AppiumCommandExecutor.execute(AppiumCommandExecutor.java:239)
at org.openqa.selenium.remote.RemoteWebDriver.execute(RemoteWebDriver.java:552)
at io.appium.java_client.DefaultGenericMobileDriver.execute(DefaultGenericMobileDriver.java:42)
at io.appium.java_client.AppiumDriver.execute(AppiumDriver.java:1)
at io.appium.java_client.windows.WindowsDriver.execute(WindowsDriver.java:1)
at org.openqa.selenium.remote.RemoteWebDriver.findElement(RemoteWebDriver.java:323)
at io.appium.java_client.DefaultGenericMobileDriver.findElement(DefaultGenericMobileDriver.java:62)
at io.appium.java_client.AppiumDriver.findElement(AppiumDriver.java:1)
at io.appium.java_client.windows.WindowsDriver.findElement(WindowsDriver.java:1)
at org.openqa.selenium.remote.RemoteWebDriver.findElementByName(RemoteWebDriver.java:404)
at io.appium.java_client.DefaultGenericMobileDriver.findElementByName(DefaultGenericMobileDriver.java:118)
at io.appium.java_client.AppiumDriver.findElementByName(AppiumDriver.java:1)
at io.appium.java_client.windows.WindowsDriver.findElementByName(WindowsDriver.java:1)
at com.vrt.pages.EquipmentHubPage.ClickonIRTDlistbox(EquipmentHubPage.java:46)
at com.vrt.testcases.UserManagementTest.ADMN069C(UserManagementTest.java:1308)
at sun.reflect.NativeMethodAccessorImpl.invoke0(Native Method)
at sun.reflect.NativeMethodAccessorImpl.invoke(NativeMethodAccessorImpl.java:62)
at sun.reflect.DelegatingMethodAccessorImpl.invoke(DelegatingMethodAccessorImpl.java:43)
at java.lang.reflect.Method.invoke(Method.java:498)
at org.testng.internal.MethodInvocationHelper.invokeMethod(MethodInvocationHelper.java:133)
at org.testng.internal.TestInvoker.invokeMethod(TestInvoker.java:584)
at org.testng.internal.TestInvoker.invokeTestMethod(TestInvoker.java:172)
at org.testng.internal.MethodRunner.runInSequence(MethodRunner.java:46)
at org.testng.internal.TestInvoker$MethodInvocationAgent.invoke(TestInvoker.java:804)
at org.testng.internal.TestInvoker.invokeTestMethods(TestInvoker.java:145)
at org.testng.internal.TestMethodWorker.invokeTestMethods(TestMethodWorker.java:146)
at org.testng.internal.TestMethodWorker.run(TestMethodWorker.java:128)
at java.util.ArrayList.forEach(ArrayList.java:1257)
at org.testng.TestRunner.privateRun(TestRunner.java:770)
at org.testng.TestRunner.run(TestRunner.java:591)
at org.testng.SuiteRunner.runTest(SuiteRunner.java:402)
at org.testng.SuiteRunner.runSequentially(SuiteRunner.java:396)
at org.testng.SuiteRunner.privateRun(SuiteRunner.java:355)
at org.testng.SuiteRunner.run(SuiteRunner.java:304)
at org.testng.SuiteRunnerWorker.runSuite(SuiteRunnerWorker.java:53)
at org.testng.SuiteRunnerWorker.run(SuiteRunnerWorker.java:96)
at org.testng.TestNG.runSuitesSequentially(TestNG.java:1180)
at org.testng.TestNG.runSuitesLocally(TestNG.java:1102)
at org.testng.TestNG.runSuites(TestNG.java:1032)
at org.testng.TestNG.run(TestNG.java:1000)
at org.testng.remote.AbstractRemoteTestNG.run(AbstractRemoteTestNG.java:115)
at org.testng.remote.RemoteTestNG.initAndRun(RemoteTestNG.java:251)
at org.testng.remote.RemoteTestNG.main(RemoteTestNG.java:77)
]]>
    </error>
  </testcase> <!-- ADMN069C -->
  <testcase name="ADMN022" time="17.154" classname="com.vrt.testcases.UserManagementTest"/>
  <testcase name="ADMN022" time="17.104" classname="com.vrt.testcases.UserManagementTest"/>
  <testcase name="ADMN034A" time="37.878" classname="com.vrt.testcases.UserManagementTest">
    <error type="org.openqa.selenium.NoSuchElementException" message="An element could not be located on the page using the given search parameters. (WARNING: The server did not provide any stacktrace information)
Command duration or timeout: 0 milliseconds
For documentation on this error, please visit: https://www.seleniumhq.org/exceptions/no_such_element.html
Build info: version: &#039;3.141.59&#039;, revision: &#039;e82be7d358&#039;, time: &#039;2018-11-14T08:17:03&#039;
System info: host: &#039;INAS-LP024&#039;, ip: &#039;192.168.47.1&#039;, os.name: &#039;Windows 10&#039;, os.arch: &#039;amd64&#039;, os.version: &#039;10.0&#039;, java.version: &#039;1.8.0_181&#039;
Driver info: io.appium.java_client.windows.WindowsDriver
Capabilities {app: Kaye.ValProbeRT_racmveb2qnw..., javascriptEnabled: true, ms:waitForAppLaunch: 10, platform: WINDOWS, platformName: WINDOWS}
Session ID: A6E4B1C9-9226-4F86-8ACC-2FC7ADB275B6
*** Element info: {Using=name, value=Enter User Credentials}">
      <![CDATA[org.openqa.selenium.NoSuchElementException: An element could not be located on the page using the given search parameters. (WARNING: The server did not provide any stacktrace information)
Command duration or timeout: 0 milliseconds
For documentation on this error, please visit: https://www.seleniumhq.org/exceptions/no_such_element.html
Build info: version: '3.141.59', revision: 'e82be7d358', time: '2018-11-14T08:17:03'
System info: host: 'INAS-LP024', ip: '192.168.47.1', os.name: 'Windows 10', os.arch: 'amd64', os.version: '10.0', java.version: '1.8.0_181'
Driver info: io.appium.java_client.windows.WindowsDriver
Capabilities {app: Kaye.ValProbeRT_racmveb2qnw..., javascriptEnabled: true, ms:waitForAppLaunch: 10, platform: WINDOWS, platformName: WINDOWS}
Session ID: A6E4B1C9-9226-4F86-8ACC-2FC7ADB275B6
*** Element info: {Using=name, value=Enter User Credentials}
at sun.reflect.NativeConstructorAccessorImpl.newInstance0(Native Method)
at sun.reflect.NativeConstructorAccessorImpl.newInstance(NativeConstructorAccessorImpl.java:62)
at sun.reflect.DelegatingConstructorAccessorImpl.newInstance(DelegatingConstructorAccessorImpl.java:45)
at java.lang.reflect.Constructor.newInstance(Constructor.java:423)
at org.openqa.selenium.remote.ErrorHandler.createThrowable(ErrorHandler.java:214)
at org.openqa.selenium.remote.ErrorHandler.throwIfResponseFailed(ErrorHandler.java:166)
at org.openqa.selenium.remote.http.JsonHttpResponseCodec.reconstructValue(JsonHttpResponseCodec.java:40)
at org.openqa.selenium.remote.http.AbstractHttpResponseCodec.decode(AbstractHttpResponseCodec.java:80)
at org.openqa.selenium.remote.http.AbstractHttpResponseCodec.decode(AbstractHttpResponseCodec.java:44)
at org.openqa.selenium.remote.HttpCommandExecutor.execute(HttpCommandExecutor.java:158)
at io.appium.java_client.remote.AppiumCommandExecutor.execute(AppiumCommandExecutor.java:239)
at org.openqa.selenium.remote.RemoteWebDriver.execute(RemoteWebDriver.java:552)
at io.appium.java_client.DefaultGenericMobileDriver.execute(DefaultGenericMobileDriver.java:42)
at io.appium.java_client.AppiumDriver.execute(AppiumDriver.java:1)
at io.appium.java_client.windows.WindowsDriver.execute(WindowsDriver.java:1)
at org.openqa.selenium.remote.RemoteWebDriver.findElement(RemoteWebDriver.java:323)
at io.appium.java_client.DefaultGenericMobileDriver.findElement(DefaultGenericMobileDriver.java:62)
at io.appium.java_client.AppiumDriver.findElement(AppiumDriver.java:1)
at io.appium.java_client.windows.WindowsDriver.findElement(WindowsDriver.java:1)
at org.openqa.selenium.remote.RemoteWebDriver.findElementByName(RemoteWebDriver.java:404)
at io.appium.java_client.DefaultGenericMobileDriver.findElementByName(DefaultGenericMobileDriver.java:118)
at io.appium.java_client.AppiumDriver.findElementByName(AppiumDriver.java:1)
at io.appium.java_client.windows.WindowsDriver.findElementByName(WindowsDriver.java:1)
at com.vrt.base.BaseClass.UserLoginPopup(BaseClass.java:188)
at com.vrt.testcases.UserManagementTest.ADMN034A(UserManagementTest.java:964)
at sun.reflect.NativeMethodAccessorImpl.invoke0(Native Method)
at sun.reflect.NativeMethodAccessorImpl.invoke(NativeMethodAccessorImpl.java:62)
at sun.reflect.DelegatingMethodAccessorImpl.invoke(DelegatingMethodAccessorImpl.java:43)
at java.lang.reflect.Method.invoke(Method.java:498)
at org.testng.internal.MethodInvocationHelper.invokeMethod(MethodInvocationHelper.java:133)
at org.testng.internal.TestInvoker.invokeMethod(TestInvoker.java:584)
at org.testng.internal.TestInvoker.invokeTestMethod(TestInvoker.java:172)
at org.testng.internal.MethodRunner.runInSequence(MethodRunner.java:46)
at org.testng.internal.TestInvoker$MethodInvocationAgent.invoke(TestInvoker.java:804)
at org.testng.internal.TestInvoker.invokeTestMethods(TestInvoker.java:145)
at org.testng.internal.TestMethodWorker.invokeTestMethods(TestMethodWorker.java:146)
at org.testng.internal.TestMethodWorker.run(TestMethodWorker.java:128)
at java.util.ArrayList.forEach(ArrayList.java:1257)
at org.testng.TestRunner.privateRun(TestRunner.java:770)
at org.testng.TestRunner.run(TestRunner.java:591)
at org.testng.SuiteRunner.runTest(SuiteRunner.java:402)
at org.testng.SuiteRunner.runSequentially(SuiteRunner.java:396)
at org.testng.SuiteRunner.privateRun(SuiteRunner.java:355)
at org.testng.SuiteRunner.run(SuiteRunner.java:304)
at org.testng.SuiteRunnerWorker.runSuite(SuiteRunnerWorker.java:53)
at org.testng.SuiteRunnerWorker.run(SuiteRunnerWorker.java:96)
at org.testng.TestNG.runSuitesSequentially(TestNG.java:1180)
at org.testng.TestNG.runSuitesLocally(TestNG.java:1102)
at org.testng.TestNG.runSuites(TestNG.java:1032)
at org.testng.TestNG.run(TestNG.java:1000)
at org.testng.remote.AbstractRemoteTestNG.run(AbstractRemoteTestNG.java:115)
at org.testng.remote.RemoteTestNG.initAndRun(RemoteTestNG.java:251)
at org.testng.remote.RemoteTestNG.main(RemoteTestNG.java:77)
]]>
    </error>
  </testcase> <!-- ADMN034A -->
  <testcase name="ADMN025" time="19.475" classname="com.vrt.testcases.UserManagementTest"/>
  <testcase name="ADMN129" time="17.340" classname="com.vrt.testcases.UserManagementTest"/>
  <testcase name="ADMN028" time="18.912" classname="com.vrt.testcases.UserManagementTest"/>
  <testcase name="ADMN025" time="18.766" classname="com.vrt.testcases.UserManagementTest"/>
  <testcase name="ADMN010" time="18.010" classname="com.vrt.testcases.UserManagementTest"/>
  <testcase name="ADMN022" time="16.859" classname="com.vrt.testcases.UserManagementTest"/>
  <testcase name="ADMN029" time="19.800" classname="com.vrt.testcases.UserManagementTest"/>
  <testcase name="ADMN020" time="20.366" classname="com.vrt.testcases.UserManagementTest"/>
  <testcase name="ADMN069F" time="16.432" classname="com.vrt.testcases.UserManagementTest"/>
  <testcase name="ADMN012" time="17.460" classname="com.vrt.testcases.UserManagementTest"/>
  <testcase name="ADMN044" time="19.679" classname="com.vrt.testcases.UserManagementTest"/>
  <testcase name="ADMN008" time="16.851" classname="com.vrt.testcases.UserManagementTest"/>
  <testcase name="ADMN026" time="19.023" classname="com.vrt.testcases.UserManagementTest"/>
  <testcase name="ADMN012" time="17.613" classname="com.vrt.testcases.UserManagementTest"/>
  <testcase name="ADMN032" time="10.428" classname="com.vrt.testcases.UserManagementTest"/>
  <testcase name="ADMN012" time="17.493" classname="com.vrt.testcases.UserManagementTest"/>
  <testcase name="ADMN010" time="18.149" classname="com.vrt.testcases.UserManagementTest"/>
  <testcase name="ADMN022" time="17.160" classname="com.vrt.testcases.UserManagementTest"/>
  <testcase name="ADMN012" time="17.603" classname="com.vrt.testcases.UserManagementTest"/>
  <testcase name="ADMN042A" time="14.402" classname="com.vrt.testcases.UserManagementTest"/>
  <testcase name="ADMN028" time="19.107" classname="com.vrt.testcases.UserManagementTest"/>
  <testcase name="ADMN069J" time="14.856" classname="com.vrt.testcases.UserManagementTest"/>
  <testcase name="ADMN028" time="19.371" classname="com.vrt.testcases.UserManagementTest"/>
  <testcase name="ADMN028" time="19.029" classname="com.vrt.testcases.UserManagementTest"/>
  <testcase name="ADMN010" time="18.112" classname="com.vrt.testcases.UserManagementTest"/>
  <testcase name="ADMN022" time="17.188" classname="com.vrt.testcases.UserManagementTest"/>
  <testcase name="ADMN028" time="19.242" classname="com.vrt.testcases.UserManagementTest"/>
  <testcase name="ADMN032A" time="34.296" classname="com.vrt.testcases.UserManagementTest"/>
  <testcase name="ADMN010" time="18.051" classname="com.vrt.testcases.UserManagementTest"/>
  <testcase name="ADMN022" time="17.055" classname="com.vrt.testcases.UserManagementTest"/>
  <testcase name="ADMN026" time="19.098" classname="com.vrt.testcases.UserManagementTest"/>
  <testcase name="ADMN009" time="17.758" classname="com.vrt.testcases.UserManagementTest"/>
  <testcase name="ADMN025" time="19.212" classname="com.vrt.testcases.UserManagementTest"/>
  <testcase name="ADMN026" time="18.920" classname="com.vrt.testcases.UserManagementTest"/>
  <testcase name="ADMN026" time="19.497" classname="com.vrt.testcases.UserManagementTest"/>
  <testcase name="ADMN012" time="17.491" classname="com.vrt.testcases.UserManagementTest"/>
  <testcase name="ADMN034" time="46.035" classname="com.vrt.testcases.UserManagementTest">
    <error type="org.openqa.selenium.NoSuchElementException" message="An element could not be located on the page using the given search parameters. (WARNING: The server did not provide any stacktrace information)
Command duration or timeout: 0 milliseconds
For documentation on this error, please visit: https://www.seleniumhq.org/exceptions/no_such_element.html
Build info: version: &#039;3.141.59&#039;, revision: &#039;e82be7d358&#039;, time: &#039;2018-11-14T08:17:03&#039;
System info: host: &#039;INAS-LP024&#039;, ip: &#039;192.168.47.1&#039;, os.name: &#039;Windows 10&#039;, os.arch: &#039;amd64&#039;, os.version: &#039;10.0&#039;, java.version: &#039;1.8.0_181&#039;
Driver info: io.appium.java_client.windows.WindowsDriver
Capabilities {app: Kaye.ValProbeRT_racmveb2qnw..., javascriptEnabled: true, ms:waitForAppLaunch: 10, platform: WINDOWS, platformName: WINDOWS}
Session ID: C4635A88-946B-4148-B21E-61C0A94DC5F3
*** Element info: {Using=name, value=Enter User Credentials}">
      <![CDATA[org.openqa.selenium.NoSuchElementException: An element could not be located on the page using the given search parameters. (WARNING: The server did not provide any stacktrace information)
Command duration or timeout: 0 milliseconds
For documentation on this error, please visit: https://www.seleniumhq.org/exceptions/no_such_element.html
Build info: version: '3.141.59', revision: 'e82be7d358', time: '2018-11-14T08:17:03'
System info: host: 'INAS-LP024', ip: '192.168.47.1', os.name: 'Windows 10', os.arch: 'amd64', os.version: '10.0', java.version: '1.8.0_181'
Driver info: io.appium.java_client.windows.WindowsDriver
Capabilities {app: Kaye.ValProbeRT_racmveb2qnw..., javascriptEnabled: true, ms:waitForAppLaunch: 10, platform: WINDOWS, platformName: WINDOWS}
Session ID: C4635A88-946B-4148-B21E-61C0A94DC5F3
*** Element info: {Using=name, value=Enter User Credentials}
at sun.reflect.NativeConstructorAccessorImpl.newInstance0(Native Method)
at sun.reflect.NativeConstructorAccessorImpl.newInstance(NativeConstructorAccessorImpl.java:62)
at sun.reflect.DelegatingConstructorAccessorImpl.newInstance(DelegatingConstructorAccessorImpl.java:45)
at java.lang.reflect.Constructor.newInstance(Constructor.java:423)
at org.openqa.selenium.remote.ErrorHandler.createThrowable(ErrorHandler.java:214)
at org.openqa.selenium.remote.ErrorHandler.throwIfResponseFailed(ErrorHandler.java:166)
at org.openqa.selenium.remote.http.JsonHttpResponseCodec.reconstructValue(JsonHttpResponseCodec.java:40)
at org.openqa.selenium.remote.http.AbstractHttpResponseCodec.decode(AbstractHttpResponseCodec.java:80)
at org.openqa.selenium.remote.http.AbstractHttpResponseCodec.decode(AbstractHttpResponseCodec.java:44)
at org.openqa.selenium.remote.HttpCommandExecutor.execute(HttpCommandExecutor.java:158)
at io.appium.java_client.remote.AppiumCommandExecutor.execute(AppiumCommandExecutor.java:239)
at org.openqa.selenium.remote.RemoteWebDriver.execute(RemoteWebDriver.java:552)
at io.appium.java_client.DefaultGenericMobileDriver.execute(DefaultGenericMobileDriver.java:42)
at io.appium.java_client.AppiumDriver.execute(AppiumDriver.java:1)
at io.appium.java_client.windows.WindowsDriver.execute(WindowsDriver.java:1)
at org.openqa.selenium.remote.RemoteWebDriver.findElement(RemoteWebDriver.java:323)
at io.appium.java_client.DefaultGenericMobileDriver.findElement(DefaultGenericMobileDriver.java:62)
at io.appium.java_client.AppiumDriver.findElement(AppiumDriver.java:1)
at io.appium.java_client.windows.WindowsDriver.findElement(WindowsDriver.java:1)
at org.openqa.selenium.remote.RemoteWebDriver.findElementByName(RemoteWebDriver.java:404)
at io.appium.java_client.DefaultGenericMobileDriver.findElementByName(DefaultGenericMobileDriver.java:118)
at io.appium.java_client.AppiumDriver.findElementByName(AppiumDriver.java:1)
at io.appium.java_client.windows.WindowsDriver.findElementByName(WindowsDriver.java:1)
at com.vrt.base.BaseClass.UserLoginPopup(BaseClass.java:188)
at com.vrt.testcases.UserManagementTest.ADMN034(UserManagementTest.java:945)
at sun.reflect.NativeMethodAccessorImpl.invoke0(Native Method)
at sun.reflect.NativeMethodAccessorImpl.invoke(NativeMethodAccessorImpl.java:62)
at sun.reflect.DelegatingMethodAccessorImpl.invoke(DelegatingMethodAccessorImpl.java:43)
at java.lang.reflect.Method.invoke(Method.java:498)
at org.testng.internal.MethodInvocationHelper.invokeMethod(MethodInvocationHelper.java:133)
at org.testng.internal.TestInvoker.invokeMethod(TestInvoker.java:584)
at org.testng.internal.TestInvoker.invokeTestMethod(TestInvoker.java:172)
at org.testng.internal.MethodRunner.runInSequence(MethodRunner.java:46)
at org.testng.internal.TestInvoker$MethodInvocationAgent.invoke(TestInvoker.java:804)
at org.testng.internal.TestInvoker.invokeTestMethods(TestInvoker.java:145)
at org.testng.internal.TestMethodWorker.invokeTestMethods(TestMethodWorker.java:146)
at org.testng.internal.TestMethodWorker.run(TestMethodWorker.java:128)
at java.util.ArrayList.forEach(ArrayList.java:1257)
at org.testng.TestRunner.privateRun(TestRunner.java:770)
at org.testng.TestRunner.run(TestRunner.java:591)
at org.testng.SuiteRunner.runTest(SuiteRunner.java:402)
at org.testng.SuiteRunner.runSequentially(SuiteRunner.java:396)
at org.testng.SuiteRunner.privateRun(SuiteRunner.java:355)
at org.testng.SuiteRunner.run(SuiteRunner.java:304)
at org.testng.SuiteRunnerWorker.runSuite(SuiteRunnerWorker.java:53)
at org.testng.SuiteRunnerWorker.run(SuiteRunnerWorker.java:96)
at org.testng.TestNG.runSuitesSequentially(TestNG.java:1180)
at org.testng.TestNG.runSuitesLocally(TestNG.java:1102)
at org.testng.TestNG.runSuites(TestNG.java:1032)
at org.testng.TestNG.run(TestNG.java:1000)
at org.testng.remote.AbstractRemoteTestNG.run(AbstractRemoteTestNG.java:115)
at org.testng.remote.RemoteTestNG.initAndRun(RemoteTestNG.java:251)
at org.testng.remote.RemoteTestNG.main(RemoteTestNG.java:77)
]]>
    </error>
  </testcase> <!-- ADMN034 -->
  <testcase name="ADMN008" time="17.745" classname="com.vrt.testcases.UserManagementTest"/>
  <testcase name="ADMN022" time="17.049" classname="com.vrt.testcases.UserManagementTest"/>
  <testcase name="ADMN022" time="17.280" classname="com.vrt.testcases.UserManagementTest"/>
  <testcase name="ADMN021" time="18.229" classname="com.vrt.testcases.UserManagementTest"/>
  <testcase name="ADMN069D" time="21.198" classname="com.vrt.testcases.UserManagementTest"/>
  <testcase name="ADMN014B" time="27.182" classname="com.vrt.testcases.UserManagementTest"/>
  <testcase name="ADMN011A" time="11.533" classname="com.vrt.testcases.UserManagementTest"/>
  <testcase name="ADMN009" time="18.150" classname="com.vrt.testcases.UserManagementTest"/>
  <testcase name="ADMN026" time="19.112" classname="com.vrt.testcases.UserManagementTest"/>
  <testcase name="ADMN010" time="18.093" classname="com.vrt.testcases.UserManagementTest"/>
  <testcase name="ADMN130" time="10.954" classname="com.vrt.testcases.UserManagementTest"/>
  <testcase name="ADMN012" time="17.427" classname="com.vrt.testcases.UserManagementTest"/>
  <testcase name="ADMN026" time="18.815" classname="com.vrt.testcases.UserManagementTest"/>
  <testcase name="ADMN026" time="18.920" classname="com.vrt.testcases.UserManagementTest"/>
  <testcase name="ADMN022" time="7.145" classname="com.vrt.testcases.UserManagementTest"/>
  <testcase name="ADMN018" time="0.000" classname="com.vrt.testcases.UserManagementTest">
    <skipped/>
  </testcase> <!-- ADMN018 -->
  <testcase name="ADMN126" time="5.033" classname="com.vrt.testcases.UserManagementTest"/>
  <testcase name="ADMN028" time="9.147" classname="com.vrt.testcases.UserManagementTest"/>
  <testcase name="ADMN028" time="10.282" classname="com.vrt.testcases.UserManagementTest"/>
</testsuite> <!-- com.vrt.testcases.UserManagementTest -->
