<?xml version="1.0" encoding="UTF-8"?>
<!-- Generated by org.testng.reporters.JUnitReportReporter -->
<testsuite skipped="3" hostname="INAS-LP024" name="com.vrt.testcases.setup_GroupSensorsTest" tests="71" failures="1" timestamp="2021-07-13T22:53:45 IST" time="1978.972" errors="0">
  <testcase name="GS027" time="29.200" classname="com.vrt.testcases.setup_GroupSensorsTest"/>
  <system-out/>
  <testcase name="GS008" time="23.829" classname="com.vrt.testcases.setup_GroupSensorsTest"/>
  <system-out/>
  <testcase name="GS003" time="32.193" classname="com.vrt.testcases.setup_GroupSensorsTest"/>
  <system-out/>
  <testcase name="GS031" time="28.150" classname="com.vrt.testcases.setup_GroupSensorsTest"/>
  <system-out/>
  <testcase name="GS015" time="25.194" classname="com.vrt.testcases.setup_GroupSensorsTest"/>
  <system-out/>
  <testcase name="GS080" time="23.390" classname="com.vrt.testcases.setup_GroupSensorsTest">
    <failure type="java.lang.AssertionError" message="The following asserts failed:
	FAIL: Incorrect SW version &amp; Console IP adress displayed in About window expected [127.0.0.1] but found []">
      <![CDATA[java.lang.AssertionError: The following asserts failed:
FAIL: Incorrect SW version & Console IP adress displayed in About window expected [127.0.0.1] but found []
at org.testng.asserts.SoftAssert.assertAll(SoftAssert.java:47)
at org.testng.asserts.SoftAssert.assertAll(SoftAssert.java:31)
at com.vrt.testcases.setup_GroupSensorsTest.GS080(setup_GroupSensorsTest.java:2494)
at sun.reflect.NativeMethodAccessorImpl.invoke0(Native Method)
at sun.reflect.NativeMethodAccessorImpl.invoke(NativeMethodAccessorImpl.java:62)
at sun.reflect.DelegatingMethodAccessorImpl.invoke(DelegatingMethodAccessorImpl.java:43)
at java.lang.reflect.Method.invoke(Method.java:498)
at org.testng.internal.MethodInvocationHelper.invokeMethod(MethodInvocationHelper.java:132)
at org.testng.internal.TestInvoker.invokeMethod(TestInvoker.java:599)
at org.testng.internal.TestInvoker.retryFailed(TestInvoker.java:214)
at org.testng.internal.MethodRunner.runInSequence(MethodRunner.java:58)
at org.testng.internal.TestInvoker$MethodInvocationAgent.invoke(TestInvoker.java:822)
at org.testng.internal.TestInvoker.invokeTestMethods(TestInvoker.java:147)
at org.testng.internal.TestMethodWorker.invokeTestMethods(TestMethodWorker.java:146)
at org.testng.internal.TestMethodWorker.run(TestMethodWorker.java:128)
at java.util.ArrayList.forEach(ArrayList.java:1257)
at org.testng.TestRunner.privateRun(TestRunner.java:764)
at org.testng.TestRunner.run(TestRunner.java:585)
at org.testng.SuiteRunner.runTest(SuiteRunner.java:384)
at org.testng.SuiteRunner.runSequentially(SuiteRunner.java:378)
at org.testng.SuiteRunner.privateRun(SuiteRunner.java:337)
at org.testng.SuiteRunner.run(SuiteRunner.java:286)
at org.testng.SuiteRunnerWorker.runSuite(SuiteRunnerWorker.java:53)
at org.testng.SuiteRunnerWorker.run(SuiteRunnerWorker.java:96)
at org.testng.TestNG.runSuitesSequentially(TestNG.java:1218)
at org.testng.TestNG.runSuitesLocally(TestNG.java:1140)
at org.testng.TestNG.runSuites(TestNG.java:1069)
at org.testng.TestNG.run(TestNG.java:1037)
at org.testng.remote.AbstractRemoteTestNG.run(AbstractRemoteTestNG.java:115)
at org.testng.remote.RemoteTestNG.initAndRun(RemoteTestNG.java:251)
at org.testng.remote.RemoteTestNG.main(RemoteTestNG.java:77)
]]>
    </failure>
  </testcase> <!-- GS080 -->
  <system-out/>
  <testcase name="GS009" time="28.612" classname="com.vrt.testcases.setup_GroupSensorsTest"/>
  <system-out/>
  <testcase name="GS056" time="24.667" classname="com.vrt.testcases.setup_GroupSensorsTest"/>
  <system-out/>
  <testcase name="GS014B" time="33.078" classname="com.vrt.testcases.setup_GroupSensorsTest"/>
  <system-out/>
  <testcase name="GS039" time="37.054" classname="com.vrt.testcases.setup_GroupSensorsTest"/>
  <system-out/>
  <testcase name="GS026" time="23.351" classname="com.vrt.testcases.setup_GroupSensorsTest"/>
  <system-out/>
  <testcase name="GS047" time="28.606" classname="com.vrt.testcases.setup_GroupSensorsTest"/>
  <system-out/>
  <testcase name="GS065" time="25.563" classname="com.vrt.testcases.setup_GroupSensorsTest"/>
  <system-out/>
  <testcase name="GS063" time="29.326" classname="com.vrt.testcases.setup_GroupSensorsTest"/>
  <system-out/>
  <testcase name="GS002" time="32.346" classname="com.vrt.testcases.setup_GroupSensorsTest"/>
  <system-out/>
  <testcase name="GS007" time="33.269" classname="com.vrt.testcases.setup_GroupSensorsTest"/>
  <system-out/>
  <testcase name="GS029" time="30.128" classname="com.vrt.testcases.setup_GroupSensorsTest"/>
  <system-out/>
  <testcase name="GS048" time="28.488" classname="com.vrt.testcases.setup_GroupSensorsTest"/>
  <system-out/>
  <testcase name="GS030" time="38.494" classname="com.vrt.testcases.setup_GroupSensorsTest"/>
  <system-out/>
  <testcase name="GS043" time="45.309" classname="com.vrt.testcases.setup_GroupSensorsTest"/>
  <system-out/>
  <testcase name="GS019" time="23.024" classname="com.vrt.testcases.setup_GroupSensorsTest"/>
  <system-out/>
  <testcase name="GS080" time="23.289" classname="com.vrt.testcases.setup_GroupSensorsTest">
    <skipped/>
  </testcase> <!-- GS080 -->
  <system-out/>
  <testcase name="GS037" time="26.286" classname="com.vrt.testcases.setup_GroupSensorsTest"/>
  <system-out/>
  <testcase name="GS042" time="26.684" classname="com.vrt.testcases.setup_GroupSensorsTest"/>
  <system-out/>
  <testcase name="GS005_1" time="27.063" classname="com.vrt.testcases.setup_GroupSensorsTest"/>
  <system-out/>
  <testcase name="GS046" time="29.447" classname="com.vrt.testcases.setup_GroupSensorsTest"/>
  <system-out/>
  <testcase name="GS010" time="28.831" classname="com.vrt.testcases.setup_GroupSensorsTest"/>
  <system-out/>
  <testcase name="GS032" time="29.798" classname="com.vrt.testcases.setup_GroupSensorsTest"/>
  <system-out/>
  <testcase name="SC106" time="22.599" classname="com.vrt.testcases.setup_GroupSensorsTest"/>
  <system-out/>
  <testcase name="GS061" time="44.819" classname="com.vrt.testcases.setup_GroupSensorsTest"/>
  <system-out/>
  <testcase name="GS021" time="29.158" classname="com.vrt.testcases.setup_GroupSensorsTest"/>
  <system-out/>
  <testcase name="GS073" time="22.593" classname="com.vrt.testcases.setup_GroupSensorsTest"/>
  <system-out/>
  <testcase name="GS020" time="22.877" classname="com.vrt.testcases.setup_GroupSensorsTest"/>
  <system-out/>
  <testcase name="GS049" time="28.307" classname="com.vrt.testcases.setup_GroupSensorsTest"/>
  <system-out/>
  <testcase name="GS062" time="26.957" classname="com.vrt.testcases.setup_GroupSensorsTest"/>
  <system-out/>
  <testcase name="GS053" time="29.476" classname="com.vrt.testcases.setup_GroupSensorsTest"/>
  <system-out/>
  <testcase name="GS006" time="30.247" classname="com.vrt.testcases.setup_GroupSensorsTest"/>
  <system-out/>
  <testcase name="GS074" time="24.349" classname="com.vrt.testcases.setup_GroupSensorsTest"/>
  <system-out/>
  <testcase name="GS051" time="28.271" classname="com.vrt.testcases.setup_GroupSensorsTest"/>
  <system-out/>
  <testcase name="GS055" time="25.933" classname="com.vrt.testcases.setup_GroupSensorsTest"/>
  <system-out/>
  <testcase name="GS001" time="27.003" classname="com.vrt.testcases.setup_GroupSensorsTest"/>
  <system-out/>
  <testcase name="GS050" time="27.532" classname="com.vrt.testcases.setup_GroupSensorsTest"/>
  <system-out/>
  <testcase name="GS057" time="24.769" classname="com.vrt.testcases.setup_GroupSensorsTest"/>
  <system-out/>
  <testcase name="GS033" time="40.665" classname="com.vrt.testcases.setup_GroupSensorsTest"/>
  <system-out/>
  <testcase name="GS054" time="27.324" classname="com.vrt.testcases.setup_GroupSensorsTest"/>
  <system-out/>
  <testcase name="SC108" time="23.084" classname="com.vrt.testcases.setup_GroupSensorsTest"/>
  <system-out/>
  <testcase name="GS058" time="28.882" classname="com.vrt.testcases.setup_GroupSensorsTest"/>
  <system-out/>
  <testcase name="GS004" time="28.338" classname="com.vrt.testcases.setup_GroupSensorsTest"/>
  <system-out/>
  <testcase name="SC107" time="24.401" classname="com.vrt.testcases.setup_GroupSensorsTest"/>
  <system-out/>
  <testcase name="GS025" time="23.593" classname="com.vrt.testcases.setup_GroupSensorsTest"/>
  <system-out/>
  <testcase name="GS024" time="23.728" classname="com.vrt.testcases.setup_GroupSensorsTest"/>
  <system-out/>
  <testcase name="GS013" time="24.922" classname="com.vrt.testcases.setup_GroupSensorsTest"/>
  <system-out/>
  <testcase name="GS016" time="25.226" classname="com.vrt.testcases.setup_GroupSensorsTest"/>
  <system-out/>
  <testcase name="GS013" time="24.998" classname="com.vrt.testcases.setup_GroupSensorsTest"/>
  <system-out/>
  <testcase name="GS011" time="28.701" classname="com.vrt.testcases.setup_GroupSensorsTest"/>
  <system-out/>
  <testcase name="GS013" time="25.124" classname="com.vrt.testcases.setup_GroupSensorsTest"/>
  <system-out/>
  <testcase name="GS080" time="23.187" classname="com.vrt.testcases.setup_GroupSensorsTest">
    <skipped/>
  </testcase> <!-- GS080 -->
  <system-out/>
  <testcase name="GS044" time="28.385" classname="com.vrt.testcases.setup_GroupSensorsTest"/>
  <system-out/>
  <testcase name="GS005" time="29.752" classname="com.vrt.testcases.setup_GroupSensorsTest"/>
  <system-out/>
  <testcase name="GS014" time="17.103" classname="com.vrt.testcases.setup_GroupSensorsTest">
    <skipped/>
  </testcase> <!-- GS014 -->
  <system-out/>
  <testcase name="GS012" time="34.982" classname="com.vrt.testcases.setup_GroupSensorsTest"/>
  <system-out/>
  <testcase name="GS017" time="25.811" classname="com.vrt.testcases.setup_GroupSensorsTest"/>
  <system-out/>
  <testcase name="GS022" time="26.529" classname="com.vrt.testcases.setup_GroupSensorsTest"/>
  <system-out/>
  <testcase name="GS064" time="25.984" classname="com.vrt.testcases.setup_GroupSensorsTest"/>
  <system-out/>
  <testcase name="GS075" time="25.019" classname="com.vrt.testcases.setup_GroupSensorsTest"/>
  <system-out/>
  <testcase name="GS028" time="26.603" classname="com.vrt.testcases.setup_GroupSensorsTest"/>
  <system-out/>
  <testcase name="GS045" time="29.295" classname="com.vrt.testcases.setup_GroupSensorsTest"/>
  <system-out/>
  <testcase name="GS018" time="24.745" classname="com.vrt.testcases.setup_GroupSensorsTest"/>
  <system-out/>
  <testcase name="GS043_1" time="28.027" classname="com.vrt.testcases.setup_GroupSensorsTest"/>
  <system-out/>
  <testcase name="GS036" time="26.081" classname="com.vrt.testcases.setup_GroupSensorsTest"/>
  <system-out/>
  <testcase name="GS023" time="28.924" classname="com.vrt.testcases.setup_GroupSensorsTest"/>
  <system-out/>
</testsuite> <!-- com.vrt.testcases.setup_GroupSensorsTest -->
