<?xml version="1.0" encoding="UTF-8"?>
<!-- Generated by org.testng.reporters.JUnitReportReporter -->
<testsuite skipped="0" hostname="AASHYD-4B6B2X2" name="com.vrt.testcases.multipleassetHubAssetCreationTest" tests="201" failures="0" timestamp="2020-11-10T21:40:57 IST" time="5204.967" errors="0">
  <testcase name="ASSTHB012A" time="22.687" classname="com.vrt.testcases.multipleassetHubAssetCreationTest"/>
  <system-out/>
  <testcase name="ASSTHB012A" time="22.904" classname="com.vrt.testcases.multipleassetHubAssetCreationTest"/>
  <system-out/>
  <testcase name="ASSTHB012A" time="25.327" classname="com.vrt.testcases.multipleassetHubAssetCreationTest"/>
  <system-out/>
  <testcase name="ASSTHB012A" time="24.347" classname="com.vrt.testcases.multipleassetHubAssetCreationTest"/>
  <system-out/>
  <testcase name="ASSTHB012A" time="22.242" classname="com.vrt.testcases.multipleassetHubAssetCreationTest"/>
  <system-out/>
  <testcase name="ASSTHB012A" time="25.538" classname="com.vrt.testcases.multipleassetHubAssetCreationTest"/>
  <system-out/>
  <testcase name="ASSTHB012A" time="24.589" classname="com.vrt.testcases.multipleassetHubAssetCreationTest"/>
  <system-out/>
  <testcase name="ASSTHB012A" time="22.391" classname="com.vrt.testcases.multipleassetHubAssetCreationTest"/>
  <system-out/>
  <testcase name="ASSTHB012A" time="22.668" classname="com.vrt.testcases.multipleassetHubAssetCreationTest"/>
  <system-out/>
  <testcase name="ASSTHB012A" time="28.209" classname="com.vrt.testcases.multipleassetHubAssetCreationTest"/>
  <system-out/>
  <testcase name="ASSTHB012A" time="27.993" classname="com.vrt.testcases.multipleassetHubAssetCreationTest"/>
  <system-out/>
  <testcase name="ASSTHB012A" time="27.052" classname="com.vrt.testcases.multipleassetHubAssetCreationTest"/>
  <system-out/>
  <testcase name="ASSTHB012A" time="22.292" classname="com.vrt.testcases.multipleassetHubAssetCreationTest"/>
  <system-out/>
  <testcase name="ASSTHB012A" time="22.596" classname="com.vrt.testcases.multipleassetHubAssetCreationTest"/>
  <system-out/>
  <testcase name="ASSTHB012A" time="31.492" classname="com.vrt.testcases.multipleassetHubAssetCreationTest"/>
  <system-out/>
  <testcase name="ASSTHB012A" time="27.860" classname="com.vrt.testcases.multipleassetHubAssetCreationTest"/>
  <system-out/>
  <testcase name="ASSTHB012A" time="22.734" classname="com.vrt.testcases.multipleassetHubAssetCreationTest"/>
  <system-out/>
  <testcase name="ASSTHB012A" time="24.432" classname="com.vrt.testcases.multipleassetHubAssetCreationTest"/>
  <system-out/>
  <testcase name="ASSTHB012A" time="26.137" classname="com.vrt.testcases.multipleassetHubAssetCreationTest"/>
  <system-out/>
  <testcase name="ASSTHB012B" time="9.284" classname="com.vrt.testcases.multipleassetHubAssetCreationTest"/>
  <system-out/>
  <testcase name="ASSTHB012A" time="29.729" classname="com.vrt.testcases.multipleassetHubAssetCreationTest"/>
  <system-out/>
  <testcase name="ASSTHB012A" time="30.117" classname="com.vrt.testcases.multipleassetHubAssetCreationTest"/>
  <system-out/>
  <testcase name="ASSTHB012A" time="26.718" classname="com.vrt.testcases.multipleassetHubAssetCreationTest"/>
  <system-out/>
  <testcase name="ASSTHB012A" time="29.778" classname="com.vrt.testcases.multipleassetHubAssetCreationTest"/>
  <system-out/>
  <testcase name="ASSTHB012A" time="30.231" classname="com.vrt.testcases.multipleassetHubAssetCreationTest"/>
  <system-out/>
  <testcase name="ASSTHB012A" time="26.990" classname="com.vrt.testcases.multipleassetHubAssetCreationTest"/>
  <system-out/>
  <testcase name="ASSTHB012A" time="24.114" classname="com.vrt.testcases.multipleassetHubAssetCreationTest"/>
  <system-out/>
  <testcase name="ASSTHB012A" time="26.519" classname="com.vrt.testcases.multipleassetHubAssetCreationTest"/>
  <system-out/>
  <testcase name="ASSTHB012A" time="23.413" classname="com.vrt.testcases.multipleassetHubAssetCreationTest"/>
  <system-out/>
  <testcase name="ASSTHB012A" time="23.654" classname="com.vrt.testcases.multipleassetHubAssetCreationTest"/>
  <system-out/>
  <testcase name="ASSTHB012A" time="23.329" classname="com.vrt.testcases.multipleassetHubAssetCreationTest"/>
  <system-out/>
  <testcase name="ASSTHB012A" time="24.030" classname="com.vrt.testcases.multipleassetHubAssetCreationTest"/>
  <system-out/>
  <testcase name="ASSTHB012A" time="25.721" classname="com.vrt.testcases.multipleassetHubAssetCreationTest"/>
  <system-out/>
  <testcase name="ASSTHB012A" time="24.589" classname="com.vrt.testcases.multipleassetHubAssetCreationTest"/>
  <system-out/>
  <testcase name="ASSTHB012A" time="24.853" classname="com.vrt.testcases.multipleassetHubAssetCreationTest"/>
  <system-out/>
  <testcase name="ASSTHB012A" time="27.412" classname="com.vrt.testcases.multipleassetHubAssetCreationTest"/>
  <system-out/>
  <testcase name="ASSTHB012A" time="28.425" classname="com.vrt.testcases.multipleassetHubAssetCreationTest"/>
  <system-out/>
  <testcase name="ASSTHB012A" time="22.423" classname="com.vrt.testcases.multipleassetHubAssetCreationTest"/>
  <system-out/>
  <testcase name="ASSTHB012A" time="23.178" classname="com.vrt.testcases.multipleassetHubAssetCreationTest"/>
  <system-out/>
  <testcase name="ASSTHB012A" time="26.440" classname="com.vrt.testcases.multipleassetHubAssetCreationTest"/>
  <system-out/>
  <testcase name="ASSTHB012A" time="24.534" classname="com.vrt.testcases.multipleassetHubAssetCreationTest"/>
  <system-out/>
  <testcase name="ASSTHB012A" time="26.286" classname="com.vrt.testcases.multipleassetHubAssetCreationTest"/>
  <system-out/>
  <testcase name="ASSTHB012A" time="21.856" classname="com.vrt.testcases.multipleassetHubAssetCreationTest"/>
  <system-out/>
  <testcase name="ASSTHB012A" time="27.315" classname="com.vrt.testcases.multipleassetHubAssetCreationTest"/>
  <system-out/>
  <testcase name="ASSTHB012A" time="27.043" classname="com.vrt.testcases.multipleassetHubAssetCreationTest"/>
  <system-out/>
  <testcase name="ASSTHB012A" time="22.205" classname="com.vrt.testcases.multipleassetHubAssetCreationTest"/>
  <system-out/>
  <testcase name="ASSTHB012A" time="25.575" classname="com.vrt.testcases.multipleassetHubAssetCreationTest"/>
  <system-out/>
  <testcase name="ASSTHB012A" time="24.851" classname="com.vrt.testcases.multipleassetHubAssetCreationTest"/>
  <system-out/>
  <testcase name="ASSTHB012A" time="27.263" classname="com.vrt.testcases.multipleassetHubAssetCreationTest"/>
  <system-out/>
  <testcase name="ASSTHB012A" time="30.221" classname="com.vrt.testcases.multipleassetHubAssetCreationTest"/>
  <system-out/>
  <testcase name="ASSTHB012A" time="31.367" classname="com.vrt.testcases.multipleassetHubAssetCreationTest"/>
  <system-out/>
  <testcase name="ASSTHB012A" time="24.891" classname="com.vrt.testcases.multipleassetHubAssetCreationTest"/>
  <system-out/>
  <testcase name="ASSTHB012A" time="26.735" classname="com.vrt.testcases.multipleassetHubAssetCreationTest"/>
  <system-out/>
  <testcase name="ASSTHB012A" time="24.347" classname="com.vrt.testcases.multipleassetHubAssetCreationTest"/>
  <system-out/>
  <testcase name="ASSTHB012A" time="28.569" classname="com.vrt.testcases.multipleassetHubAssetCreationTest"/>
  <system-out/>
  <testcase name="ASSTHB012A" time="32.021" classname="com.vrt.testcases.multipleassetHubAssetCreationTest"/>
  <system-out/>
  <testcase name="ASSTHB012A" time="22.909" classname="com.vrt.testcases.multipleassetHubAssetCreationTest"/>
  <system-out/>
  <testcase name="ASSTHB012A" time="27.268" classname="com.vrt.testcases.multipleassetHubAssetCreationTest"/>
  <system-out/>
  <testcase name="ASSTHB012A" time="21.795" classname="com.vrt.testcases.multipleassetHubAssetCreationTest"/>
  <system-out/>
  <testcase name="ASSTHB012A" time="28.496" classname="com.vrt.testcases.multipleassetHubAssetCreationTest"/>
  <system-out/>
  <testcase name="ASSTHB012A" time="23.194" classname="com.vrt.testcases.multipleassetHubAssetCreationTest"/>
  <system-out/>
  <testcase name="ASSTHB012A" time="25.627" classname="com.vrt.testcases.multipleassetHubAssetCreationTest"/>
  <system-out/>
  <testcase name="ASSTHB012A" time="24.569" classname="com.vrt.testcases.multipleassetHubAssetCreationTest"/>
  <system-out/>
  <testcase name="ASSTHB012A" time="27.427" classname="com.vrt.testcases.multipleassetHubAssetCreationTest"/>
  <system-out/>
  <testcase name="ASSTHB012A" time="31.518" classname="com.vrt.testcases.multipleassetHubAssetCreationTest"/>
  <system-out/>
  <testcase name="ASSTHB012A" time="27.421" classname="com.vrt.testcases.multipleassetHubAssetCreationTest"/>
  <system-out/>
  <testcase name="ASSTHB012A" time="22.560" classname="com.vrt.testcases.multipleassetHubAssetCreationTest"/>
  <system-out/>
  <testcase name="ASSTHB012A" time="25.023" classname="com.vrt.testcases.multipleassetHubAssetCreationTest"/>
  <system-out/>
  <testcase name="ASSTHB012A" time="23.616" classname="com.vrt.testcases.multipleassetHubAssetCreationTest"/>
  <system-out/>
  <testcase name="ASSTHB012A" time="28.439" classname="com.vrt.testcases.multipleassetHubAssetCreationTest"/>
  <system-out/>
  <testcase name="ASSTHB012A" time="22.899" classname="com.vrt.testcases.multipleassetHubAssetCreationTest"/>
  <system-out/>
  <testcase name="ASSTHB012A" time="28.266" classname="com.vrt.testcases.multipleassetHubAssetCreationTest"/>
  <system-out/>
  <testcase name="ASSTHB012A" time="30.061" classname="com.vrt.testcases.multipleassetHubAssetCreationTest"/>
  <system-out/>
  <testcase name="ASSTHB012A" time="22.373" classname="com.vrt.testcases.multipleassetHubAssetCreationTest"/>
  <system-out/>
  <testcase name="ASSTHB012A" time="30.009" classname="com.vrt.testcases.multipleassetHubAssetCreationTest"/>
  <system-out/>
  <testcase name="ASSTHB012A" time="23.988" classname="com.vrt.testcases.multipleassetHubAssetCreationTest"/>
  <system-out/>
  <testcase name="ASSTHB012A" time="26.865" classname="com.vrt.testcases.multipleassetHubAssetCreationTest"/>
  <system-out/>
  <testcase name="ASSTHB012A" time="26.915" classname="com.vrt.testcases.multipleassetHubAssetCreationTest"/>
  <system-out/>
  <testcase name="ASSTHB012A" time="27.704" classname="com.vrt.testcases.multipleassetHubAssetCreationTest"/>
  <system-out/>
  <testcase name="ASSTHB012A" time="31.062" classname="com.vrt.testcases.multipleassetHubAssetCreationTest"/>
  <system-out/>
  <testcase name="ASSTHB012A" time="26.707" classname="com.vrt.testcases.multipleassetHubAssetCreationTest"/>
  <system-out/>
  <testcase name="ASSTHB012A" time="31.784" classname="com.vrt.testcases.multipleassetHubAssetCreationTest"/>
  <system-out/>
  <testcase name="ASSTHB012A" time="28.593" classname="com.vrt.testcases.multipleassetHubAssetCreationTest"/>
  <system-out/>
  <testcase name="ASSTHB012A" time="23.918" classname="com.vrt.testcases.multipleassetHubAssetCreationTest"/>
  <system-out/>
  <testcase name="ASSTHB012A" time="22.322" classname="com.vrt.testcases.multipleassetHubAssetCreationTest"/>
  <system-out/>
  <testcase name="ASSTHB012A" time="21.791" classname="com.vrt.testcases.multipleassetHubAssetCreationTest"/>
  <system-out/>
  <testcase name="ASSTHB012A" time="31.129" classname="com.vrt.testcases.multipleassetHubAssetCreationTest"/>
  <system-out/>
  <testcase name="ASSTHB012A" time="22.799" classname="com.vrt.testcases.multipleassetHubAssetCreationTest"/>
  <system-out/>
  <testcase name="ASSTHB012A" time="24.700" classname="com.vrt.testcases.multipleassetHubAssetCreationTest"/>
  <system-out/>
  <testcase name="ASSTHB012A" time="22.598" classname="com.vrt.testcases.multipleassetHubAssetCreationTest"/>
  <system-out/>
  <testcase name="ASSTHB012A" time="31.318" classname="com.vrt.testcases.multipleassetHubAssetCreationTest"/>
  <system-out/>
  <testcase name="ASSTHB012A" time="31.639" classname="com.vrt.testcases.multipleassetHubAssetCreationTest"/>
  <system-out/>
  <testcase name="ASSTHB012A" time="27.698" classname="com.vrt.testcases.multipleassetHubAssetCreationTest"/>
  <system-out/>
  <testcase name="ASSTHB012A" time="23.421" classname="com.vrt.testcases.multipleassetHubAssetCreationTest"/>
  <system-out/>
  <testcase name="ASSTHB012A" time="22.757" classname="com.vrt.testcases.multipleassetHubAssetCreationTest"/>
  <system-out/>
  <testcase name="ASSTHB012A" time="30.044" classname="com.vrt.testcases.multipleassetHubAssetCreationTest"/>
  <system-out/>
  <testcase name="ASSTHB012A" time="25.323" classname="com.vrt.testcases.multipleassetHubAssetCreationTest"/>
  <system-out/>
  <testcase name="ASSTHB012A" time="23.689" classname="com.vrt.testcases.multipleassetHubAssetCreationTest"/>
  <system-out/>
  <testcase name="ASSTHB012A" time="24.033" classname="com.vrt.testcases.multipleassetHubAssetCreationTest"/>
  <system-out/>
  <testcase name="ASSTHB012A" time="26.445" classname="com.vrt.testcases.multipleassetHubAssetCreationTest"/>
  <system-out/>
  <testcase name="ASSTHB012A" time="29.450" classname="com.vrt.testcases.multipleassetHubAssetCreationTest"/>
  <system-out/>
  <testcase name="ASSTHB012A" time="27.379" classname="com.vrt.testcases.multipleassetHubAssetCreationTest"/>
  <system-out/>
  <testcase name="ASSTHB012A" time="24.339" classname="com.vrt.testcases.multipleassetHubAssetCreationTest"/>
  <system-out/>
  <testcase name="ASSTHB012A" time="25.121" classname="com.vrt.testcases.multipleassetHubAssetCreationTest"/>
  <system-out/>
  <testcase name="ASSTHB012A" time="29.861" classname="com.vrt.testcases.multipleassetHubAssetCreationTest"/>
  <system-out/>
  <testcase name="ASSTHB012A" time="23.378" classname="com.vrt.testcases.multipleassetHubAssetCreationTest"/>
  <system-out/>
  <testcase name="ASSTHB012A" time="28.096" classname="com.vrt.testcases.multipleassetHubAssetCreationTest"/>
  <system-out/>
  <testcase name="ASSTHB012A" time="23.495" classname="com.vrt.testcases.multipleassetHubAssetCreationTest"/>
  <system-out/>
  <testcase name="ASSTHB012A" time="31.358" classname="com.vrt.testcases.multipleassetHubAssetCreationTest"/>
  <system-out/>
  <testcase name="ASSTHB012A" time="29.460" classname="com.vrt.testcases.multipleassetHubAssetCreationTest"/>
  <system-out/>
  <testcase name="ASSTHB012A" time="22.330" classname="com.vrt.testcases.multipleassetHubAssetCreationTest"/>
  <system-out/>
  <testcase name="ASSTHB012A" time="23.597" classname="com.vrt.testcases.multipleassetHubAssetCreationTest"/>
  <system-out/>
  <testcase name="ASSTHB012A" time="26.037" classname="com.vrt.testcases.multipleassetHubAssetCreationTest"/>
  <system-out/>
  <testcase name="ASSTHB012A" time="24.056" classname="com.vrt.testcases.multipleassetHubAssetCreationTest"/>
  <system-out/>
  <testcase name="ASSTHB012A" time="25.358" classname="com.vrt.testcases.multipleassetHubAssetCreationTest"/>
  <system-out/>
  <testcase name="ASSTHB012A" time="31.718" classname="com.vrt.testcases.multipleassetHubAssetCreationTest"/>
  <system-out/>
  <testcase name="ASSTHB012A" time="24.762" classname="com.vrt.testcases.multipleassetHubAssetCreationTest"/>
  <system-out/>
  <testcase name="ASSTHB012A" time="24.256" classname="com.vrt.testcases.multipleassetHubAssetCreationTest"/>
  <system-out/>
  <testcase name="ASSTHB012A" time="30.677" classname="com.vrt.testcases.multipleassetHubAssetCreationTest"/>
  <system-out/>
  <testcase name="ASSTHB012A" time="23.788" classname="com.vrt.testcases.multipleassetHubAssetCreationTest"/>
  <system-out/>
  <testcase name="ASSTHB012A" time="22.526" classname="com.vrt.testcases.multipleassetHubAssetCreationTest"/>
  <system-out/>
  <testcase name="ASSTHB012A" time="25.785" classname="com.vrt.testcases.multipleassetHubAssetCreationTest"/>
  <system-out/>
  <testcase name="ASSTHB012A" time="23.562" classname="com.vrt.testcases.multipleassetHubAssetCreationTest"/>
  <system-out/>
  <testcase name="ASSTHB012A" time="21.925" classname="com.vrt.testcases.multipleassetHubAssetCreationTest"/>
  <system-out/>
  <testcase name="ASSTHB012A" time="23.552" classname="com.vrt.testcases.multipleassetHubAssetCreationTest"/>
  <system-out/>
  <testcase name="ASSTHB012A" time="24.637" classname="com.vrt.testcases.multipleassetHubAssetCreationTest"/>
  <system-out/>
  <testcase name="ASSTHB012A" time="24.260" classname="com.vrt.testcases.multipleassetHubAssetCreationTest"/>
  <system-out/>
  <testcase name="ASSTHB012A" time="23.915" classname="com.vrt.testcases.multipleassetHubAssetCreationTest"/>
  <system-out/>
  <testcase name="ASSTHB012A" time="28.221" classname="com.vrt.testcases.multipleassetHubAssetCreationTest"/>
  <system-out/>
  <testcase name="ASSTHB012A" time="23.018" classname="com.vrt.testcases.multipleassetHubAssetCreationTest"/>
  <system-out/>
  <testcase name="ASSTHB012A" time="24.579" classname="com.vrt.testcases.multipleassetHubAssetCreationTest"/>
  <system-out/>
  <testcase name="ASSTHB012A" time="22.384" classname="com.vrt.testcases.multipleassetHubAssetCreationTest"/>
  <system-out/>
  <testcase name="ASSTHB012A" time="22.463" classname="com.vrt.testcases.multipleassetHubAssetCreationTest"/>
  <system-out/>
  <testcase name="ASSTHB012A" time="29.843" classname="com.vrt.testcases.multipleassetHubAssetCreationTest"/>
  <system-out/>
  <testcase name="ASSTHB012A" time="26.247" classname="com.vrt.testcases.multipleassetHubAssetCreationTest"/>
  <system-out/>
  <testcase name="ASSTHB012A" time="23.666" classname="com.vrt.testcases.multipleassetHubAssetCreationTest"/>
  <system-out/>
  <testcase name="ASSTHB012A" time="23.203" classname="com.vrt.testcases.multipleassetHubAssetCreationTest"/>
  <system-out/>
  <testcase name="ASSTHB012A" time="27.185" classname="com.vrt.testcases.multipleassetHubAssetCreationTest"/>
  <system-out/>
  <testcase name="ASSTHB012A" time="22.128" classname="com.vrt.testcases.multipleassetHubAssetCreationTest"/>
  <system-out/>
  <testcase name="ASSTHB012A" time="30.344" classname="com.vrt.testcases.multipleassetHubAssetCreationTest"/>
  <system-out/>
  <testcase name="ASSTHB012A" time="21.805" classname="com.vrt.testcases.multipleassetHubAssetCreationTest"/>
  <system-out/>
  <testcase name="ASSTHB012A" time="28.490" classname="com.vrt.testcases.multipleassetHubAssetCreationTest"/>
  <system-out/>
  <testcase name="ASSTHB012A" time="26.950" classname="com.vrt.testcases.multipleassetHubAssetCreationTest"/>
  <system-out/>
  <testcase name="ASSTHB012A" time="27.708" classname="com.vrt.testcases.multipleassetHubAssetCreationTest"/>
  <system-out/>
  <testcase name="ASSTHB012A" time="26.051" classname="com.vrt.testcases.multipleassetHubAssetCreationTest"/>
  <system-out/>
  <testcase name="ASSTHB012A" time="28.821" classname="com.vrt.testcases.multipleassetHubAssetCreationTest"/>
  <system-out/>
  <testcase name="ASSTHB012A" time="29.429" classname="com.vrt.testcases.multipleassetHubAssetCreationTest"/>
  <system-out/>
  <testcase name="ASSTHB012A" time="25.398" classname="com.vrt.testcases.multipleassetHubAssetCreationTest"/>
  <system-out/>
  <testcase name="ASSTHB012A" time="26.640" classname="com.vrt.testcases.multipleassetHubAssetCreationTest"/>
  <system-out/>
  <testcase name="ASSTHB012A" time="27.661" classname="com.vrt.testcases.multipleassetHubAssetCreationTest"/>
  <system-out/>
  <testcase name="ASSTHB012A" time="23.937" classname="com.vrt.testcases.multipleassetHubAssetCreationTest"/>
  <system-out/>
  <testcase name="ASSTHB012A" time="25.005" classname="com.vrt.testcases.multipleassetHubAssetCreationTest"/>
  <system-out/>
  <testcase name="ASSTHB012A" time="23.111" classname="com.vrt.testcases.multipleassetHubAssetCreationTest"/>
  <system-out/>
  <testcase name="ASSTHB012A" time="32.238" classname="com.vrt.testcases.multipleassetHubAssetCreationTest"/>
  <system-out/>
  <testcase name="ASSTHB012A" time="24.359" classname="com.vrt.testcases.multipleassetHubAssetCreationTest"/>
  <system-out/>
  <testcase name="ASSTHB012A" time="29.613" classname="com.vrt.testcases.multipleassetHubAssetCreationTest"/>
  <system-out/>
  <testcase name="ASSTHB012A" time="30.267" classname="com.vrt.testcases.multipleassetHubAssetCreationTest"/>
  <system-out/>
  <testcase name="ASSTHB012A" time="24.972" classname="com.vrt.testcases.multipleassetHubAssetCreationTest"/>
  <system-out/>
  <testcase name="ASSTHB012A" time="26.769" classname="com.vrt.testcases.multipleassetHubAssetCreationTest"/>
  <system-out/>
  <testcase name="ASSTHB012A" time="23.276" classname="com.vrt.testcases.multipleassetHubAssetCreationTest"/>
  <system-out/>
  <testcase name="ASSTHB012A" time="22.143" classname="com.vrt.testcases.multipleassetHubAssetCreationTest"/>
  <system-out/>
  <testcase name="ASSTHB012A" time="25.484" classname="com.vrt.testcases.multipleassetHubAssetCreationTest"/>
  <system-out/>
  <testcase name="ASSTHB012A" time="25.861" classname="com.vrt.testcases.multipleassetHubAssetCreationTest"/>
  <system-out/>
  <testcase name="ASSTHB012A" time="31.239" classname="com.vrt.testcases.multipleassetHubAssetCreationTest"/>
  <system-out/>
  <testcase name="ASSTHB012A" time="24.857" classname="com.vrt.testcases.multipleassetHubAssetCreationTest"/>
  <system-out/>
  <testcase name="ASSTHB012A" time="22.482" classname="com.vrt.testcases.multipleassetHubAssetCreationTest"/>
  <system-out/>
  <testcase name="ASSTHB012A" time="25.122" classname="com.vrt.testcases.multipleassetHubAssetCreationTest"/>
  <system-out/>
  <testcase name="ASSTHB012A" time="25.471" classname="com.vrt.testcases.multipleassetHubAssetCreationTest"/>
  <system-out/>
  <testcase name="ASSTHB012A" time="24.066" classname="com.vrt.testcases.multipleassetHubAssetCreationTest"/>
  <system-out/>
  <testcase name="ASSTHB012A" time="30.759" classname="com.vrt.testcases.multipleassetHubAssetCreationTest"/>
  <system-out/>
  <testcase name="ASSTHB012A" time="28.799" classname="com.vrt.testcases.multipleassetHubAssetCreationTest"/>
  <system-out/>
  <testcase name="ASSTHB012A" time="28.476" classname="com.vrt.testcases.multipleassetHubAssetCreationTest"/>
  <system-out/>
  <testcase name="ASSTHB012A" time="29.587" classname="com.vrt.testcases.multipleassetHubAssetCreationTest"/>
  <system-out/>
  <testcase name="ASSTHB012A" time="26.373" classname="com.vrt.testcases.multipleassetHubAssetCreationTest"/>
  <system-out/>
  <testcase name="ASSTHB012A" time="23.627" classname="com.vrt.testcases.multipleassetHubAssetCreationTest"/>
  <system-out/>
  <testcase name="ASSTHB012A" time="29.987" classname="com.vrt.testcases.multipleassetHubAssetCreationTest"/>
  <system-out/>
  <testcase name="ASSTHB012A" time="23.202" classname="com.vrt.testcases.multipleassetHubAssetCreationTest"/>
  <system-out/>
  <testcase name="ASSTHB012A" time="23.989" classname="com.vrt.testcases.multipleassetHubAssetCreationTest"/>
  <system-out/>
  <testcase name="ASSTHB012A" time="25.539" classname="com.vrt.testcases.multipleassetHubAssetCreationTest"/>
  <system-out/>
  <testcase name="ASSTHB012A" time="27.856" classname="com.vrt.testcases.multipleassetHubAssetCreationTest"/>
  <system-out/>
  <testcase name="ASSTHB012A" time="25.226" classname="com.vrt.testcases.multipleassetHubAssetCreationTest"/>
  <system-out/>
  <testcase name="ASSTHB012A" time="26.032" classname="com.vrt.testcases.multipleassetHubAssetCreationTest"/>
  <system-out/>
  <testcase name="ASSTHB012A" time="29.961" classname="com.vrt.testcases.multipleassetHubAssetCreationTest"/>
  <system-out/>
  <testcase name="ASSTHB012A" time="23.600" classname="com.vrt.testcases.multipleassetHubAssetCreationTest"/>
  <system-out/>
  <testcase name="ASSTHB012A" time="27.998" classname="com.vrt.testcases.multipleassetHubAssetCreationTest"/>
  <system-out/>
  <testcase name="ASSTHB012A" time="28.830" classname="com.vrt.testcases.multipleassetHubAssetCreationTest"/>
  <system-out/>
  <testcase name="ASSTHB012A" time="25.815" classname="com.vrt.testcases.multipleassetHubAssetCreationTest"/>
  <system-out/>
  <testcase name="ASSTHB012A" time="22.645" classname="com.vrt.testcases.multipleassetHubAssetCreationTest"/>
  <system-out/>
  <testcase name="ASSTHB012A" time="28.353" classname="com.vrt.testcases.multipleassetHubAssetCreationTest"/>
  <system-out/>
  <testcase name="ASSTHB012A" time="24.479" classname="com.vrt.testcases.multipleassetHubAssetCreationTest"/>
  <system-out/>
  <testcase name="ASSTHB012A" time="30.625" classname="com.vrt.testcases.multipleassetHubAssetCreationTest"/>
  <system-out/>
  <testcase name="ASSTHB012A" time="22.842" classname="com.vrt.testcases.multipleassetHubAssetCreationTest"/>
  <system-out/>
  <testcase name="ASSTHB012A" time="28.247" classname="com.vrt.testcases.multipleassetHubAssetCreationTest"/>
  <system-out/>
  <testcase name="ASSTHB012A" time="31.380" classname="com.vrt.testcases.multipleassetHubAssetCreationTest"/>
  <system-out/>
  <testcase name="ASSTHB012A" time="23.164" classname="com.vrt.testcases.multipleassetHubAssetCreationTest"/>
  <system-out/>
  <testcase name="ASSTHB012A" time="22.691" classname="com.vrt.testcases.multipleassetHubAssetCreationTest"/>
  <system-out/>
  <testcase name="ASSTHB012A" time="24.035" classname="com.vrt.testcases.multipleassetHubAssetCreationTest"/>
  <system-out/>
  <testcase name="ASSTHB012A" time="24.681" classname="com.vrt.testcases.multipleassetHubAssetCreationTest"/>
  <system-out/>
  <testcase name="ASSTHB012A" time="23.747" classname="com.vrt.testcases.multipleassetHubAssetCreationTest"/>
  <system-out/>
  <testcase name="ASSTHB012A" time="27.035" classname="com.vrt.testcases.multipleassetHubAssetCreationTest"/>
  <system-out/>
  <testcase name="ASSTHB012A" time="21.975" classname="com.vrt.testcases.multipleassetHubAssetCreationTest"/>
  <system-out/>
</testsuite> <!-- com.vrt.testcases.multipleassetHubAssetCreationTest -->
