<?xml version="1.0" encoding="UTF-8"?>
<!-- Generated by org.testng.reporters.JUnitReportReporter -->
<testsuite skipped="0" hostname="DESKTOP-IH5DTV2" name="com.vrt.testcases.UM1" tests="2" failures="0" timestamp="2020-07-17T20:46:53 IST" time="56.270" errors="0">
  <testcase name="ADMN069D" time="28.630" classname="com.vrt.testcases.UM1"/>
  <system-out/>
  <testcase name="ADMN069C" time="27.640" classname="com.vrt.testcases.UM1"/>
  <system-out/>
</testsuite> <!-- com.vrt.testcases.UM1 -->
