<?xml version="1.0" encoding="UTF-8"?>
<!-- Generated by org.testng.reporters.JUnitReportReporter -->
<testsuite skipped="42" hostname="INAS-LP024" name="com.vrt.testcases.UM3" tests="43" failures="0" timestamp="2020-07-15T00:36:18 IST" time="121.276" errors="1">
  <testcase name="CADMN19" time="2.411" classname="com.vrt.testcases.UM3">
    <skipped/>
  </testcase> <!-- CADMN19 -->
  <testcase name="ADMN085A" time="2.449" classname="com.vrt.testcases.UM3">
    <skipped/>
  </testcase> <!-- ADMN085A -->
  <testcase name="CADMN11" time="2.511" classname="com.vrt.testcases.UM3">
    <skipped/>
  </testcase> <!-- CADMN11 -->
  <testcase name="ADMN058" time="2.529" classname="com.vrt.testcases.UM3">
    <skipped/>
  </testcase> <!-- ADMN058 -->
  <testcase name="CADMN40" time="2.562" classname="com.vrt.testcases.UM3">
    <skipped/>
  </testcase> <!-- CADMN40 -->
  <testcase name="CADMN10" time="14.420" classname="com.vrt.testcases.UM3">
    <skipped/>
  </testcase> <!-- CADMN10 -->
  <testcase name="CADMN12" time="2.531" classname="com.vrt.testcases.UM3">
    <skipped/>
  </testcase> <!-- CADMN12 -->
  <testcase name="CADMN35" time="2.431" classname="com.vrt.testcases.UM3">
    <skipped/>
  </testcase> <!-- CADMN35 -->
  <testcase name="CADMN22" time="2.524" classname="com.vrt.testcases.UM3">
    <skipped/>
  </testcase> <!-- CADMN22 -->
  <testcase name="ADMN111" time="2.457" classname="com.vrt.testcases.UM3">
    <skipped/>
  </testcase> <!-- ADMN111 -->
  <testcase name="CADMN8" time="2.874" classname="com.vrt.testcases.UM3">
    <skipped/>
  </testcase> <!-- CADMN8 -->
  <testcase name="CADMN1" time="3.053" classname="com.vrt.testcases.UM3">
    <skipped/>
  </testcase> <!-- CADMN1 -->
  <testcase name="CADMN25" time="2.944" classname="com.vrt.testcases.UM3">
    <skipped/>
  </testcase> <!-- CADMN25 -->
  <testcase name="CADMN9" time="2.290" classname="com.vrt.testcases.UM3">
    <skipped/>
  </testcase> <!-- CADMN9 -->
  <testcase name="ADMN058A" time="2.465" classname="com.vrt.testcases.UM3">
    <skipped/>
  </testcase> <!-- ADMN058A -->
  <testcase name="CADMN15" time="2.387" classname="com.vrt.testcases.UM3">
    <skipped/>
  </testcase> <!-- CADMN15 -->
  <testcase name="CADMN39" time="3.041" classname="com.vrt.testcases.UM3">
    <skipped/>
  </testcase> <!-- CADMN39 -->
  <testcase name="CADMN32" time="2.388" classname="com.vrt.testcases.UM3">
    <skipped/>
  </testcase> <!-- CADMN32 -->
  <testcase name="ADMN112" time="2.515" classname="com.vrt.testcases.UM3">
    <skipped/>
  </testcase> <!-- ADMN112 -->
  <testcase name="ADMN087" time="2.450" classname="com.vrt.testcases.UM3">
    <skipped/>
  </testcase> <!-- ADMN087 -->
  <testcase name="Setup" time="7.808" classname="com.vrt.testcases.UM3">
    <error type="org.openqa.selenium.WebDriverException" message="Indicates that a command that should have executed properly cannot be supported for some reason. (WARNING: The server did not provide any stacktrace information)
Command duration or timeout: 0 milliseconds
Build info: version: &#039;3.141.59&#039;, revision: &#039;e82be7d358&#039;, time: &#039;2018-11-14T08:17:03&#039;
System info: host: &#039;INAS-LP024&#039;, ip: &#039;192.168.47.1&#039;, os.name: &#039;Windows 10&#039;, os.arch: &#039;amd64&#039;, os.version: &#039;10.0&#039;, java.version: &#039;1.8.0_181&#039;
Driver info: io.appium.java_client.windows.WindowsDriver
Capabilities {app: Kaye.ValProbeRT_racmveb2qnw..., javascriptEnabled: true, ms:waitForAppLaunch: 10, platform: WINDOWS, platformName: WINDOWS}
Session ID: B84C786D-E897-4225-8F62-02853D24A011">
      <![CDATA[org.openqa.selenium.WebDriverException: Indicates that a command that should have executed properly cannot be supported for some reason. (WARNING: The server did not provide any stacktrace information)
Command duration or timeout: 0 milliseconds
Build info: version: '3.141.59', revision: 'e82be7d358', time: '2018-11-14T08:17:03'
System info: host: 'INAS-LP024', ip: '192.168.47.1', os.name: 'Windows 10', os.arch: 'amd64', os.version: '10.0', java.version: '1.8.0_181'
Driver info: io.appium.java_client.windows.WindowsDriver
Capabilities {app: Kaye.ValProbeRT_racmveb2qnw..., javascriptEnabled: true, ms:waitForAppLaunch: 10, platform: WINDOWS, platformName: WINDOWS}
Session ID: B84C786D-E897-4225-8F62-02853D24A011
at sun.reflect.NativeConstructorAccessorImpl.newInstance0(Native Method)
at sun.reflect.NativeConstructorAccessorImpl.newInstance(NativeConstructorAccessorImpl.java:62)
at sun.reflect.DelegatingConstructorAccessorImpl.newInstance(DelegatingConstructorAccessorImpl.java:45)
at java.lang.reflect.Constructor.newInstance(Constructor.java:423)
at org.openqa.selenium.remote.ErrorHandler.createThrowable(ErrorHandler.java:214)
at org.openqa.selenium.remote.ErrorHandler.throwIfResponseFailed(ErrorHandler.java:166)
at org.openqa.selenium.remote.http.JsonHttpResponseCodec.reconstructValue(JsonHttpResponseCodec.java:40)
at org.openqa.selenium.remote.http.AbstractHttpResponseCodec.decode(AbstractHttpResponseCodec.java:80)
at org.openqa.selenium.remote.http.AbstractHttpResponseCodec.decode(AbstractHttpResponseCodec.java:44)
at org.openqa.selenium.remote.HttpCommandExecutor.execute(HttpCommandExecutor.java:158)
at io.appium.java_client.remote.AppiumCommandExecutor.execute(AppiumCommandExecutor.java:239)
at org.openqa.selenium.remote.RemoteWebDriver.execute(RemoteWebDriver.java:552)
at io.appium.java_client.DefaultGenericMobileDriver.execute(DefaultGenericMobileDriver.java:46)
at io.appium.java_client.AppiumDriver.execute(AppiumDriver.java:1)
at io.appium.java_client.windows.WindowsDriver.execute(WindowsDriver.java:1)
at org.openqa.selenium.remote.RemoteWebDriver$RemoteWebDriverOptions$RemoteWindow.maximize(RemoteWebDriver.java:837)
at com.vrt.base.BaseClass.LaunchApp(BaseClass.java:78)
at com.vrt.testcases.UM3.Setup(UM3.java:192)
at sun.reflect.NativeMethodAccessorImpl.invoke0(Native Method)
at sun.reflect.NativeMethodAccessorImpl.invoke(NativeMethodAccessorImpl.java:62)
at sun.reflect.DelegatingMethodAccessorImpl.invoke(DelegatingMethodAccessorImpl.java:43)
at java.lang.reflect.Method.invoke(Method.java:498)
at org.testng.internal.MethodInvocationHelper.invokeMethod(MethodInvocationHelper.java:133)
at org.testng.internal.MethodInvocationHelper.invokeMethodConsideringTimeout(MethodInvocationHelper.java:62)
at org.testng.internal.ConfigInvoker.invokeConfigurationMethod(ConfigInvoker.java:340)
at org.testng.internal.ConfigInvoker.invokeConfigurations(ConfigInvoker.java:294)
at org.testng.internal.TestInvoker.runConfigMethods(TestInvoker.java:683)
at org.testng.internal.TestInvoker.invokeMethod(TestInvoker.java:510)
at org.testng.internal.TestInvoker.invokeTestMethod(TestInvoker.java:172)
at org.testng.internal.MethodRunner.runInSequence(MethodRunner.java:46)
at org.testng.internal.TestInvoker$MethodInvocationAgent.invoke(TestInvoker.java:804)
at org.testng.internal.TestInvoker.invokeTestMethods(TestInvoker.java:145)
at org.testng.internal.TestMethodWorker.invokeTestMethods(TestMethodWorker.java:146)
at org.testng.internal.TestMethodWorker.run(TestMethodWorker.java:128)
at java.util.ArrayList.forEach(ArrayList.java:1257)
at org.testng.TestRunner.privateRun(TestRunner.java:770)
at org.testng.TestRunner.run(TestRunner.java:591)
at org.testng.SuiteRunner.runTest(SuiteRunner.java:402)
at org.testng.SuiteRunner.runSequentially(SuiteRunner.java:396)
at org.testng.SuiteRunner.privateRun(SuiteRunner.java:355)
at org.testng.SuiteRunner.run(SuiteRunner.java:304)
at org.testng.SuiteRunnerWorker.runSuite(SuiteRunnerWorker.java:53)
at org.testng.SuiteRunnerWorker.run(SuiteRunnerWorker.java:96)
at org.testng.TestNG.runSuitesSequentially(TestNG.java:1180)
at org.testng.TestNG.runSuitesLocally(TestNG.java:1102)
at org.testng.TestNG.runSuites(TestNG.java:1032)
at org.testng.TestNG.run(TestNG.java:1000)
at org.testng.remote.AbstractRemoteTestNG.run(AbstractRemoteTestNG.java:115)
at org.testng.remote.RemoteTestNG.initAndRun(RemoteTestNG.java:251)
at org.testng.remote.RemoteTestNG.main(RemoteTestNG.java:77)
]]>
    </error>
  </testcase> <!-- Setup -->
  <testcase name="CADMN38" time="2.433" classname="com.vrt.testcases.UM3">
    <skipped/>
  </testcase> <!-- CADMN38 -->
  <testcase name="CADMN16" time="2.457" classname="com.vrt.testcases.UM3">
    <skipped/>
  </testcase> <!-- CADMN16 -->
  <testcase name="CADMN20" time="2.431" classname="com.vrt.testcases.UM3">
    <skipped/>
  </testcase> <!-- CADMN20 -->
  <testcase name="CADMN24" time="2.453" classname="com.vrt.testcases.UM3">
    <skipped/>
  </testcase> <!-- CADMN24 -->
  <testcase name="CADMN31" time="3.116" classname="com.vrt.testcases.UM3">
    <skipped/>
  </testcase> <!-- CADMN31 -->
  <testcase name="ADMN085" time="2.555" classname="com.vrt.testcases.UM3">
    <skipped/>
  </testcase> <!-- ADMN085 -->
  <testcase name="CADMN26" time="2.392" classname="com.vrt.testcases.UM3">
    <skipped/>
  </testcase> <!-- CADMN26 -->
  <testcase name="CADMN37" time="2.561" classname="com.vrt.testcases.UM3">
    <skipped/>
  </testcase> <!-- CADMN37 -->
  <testcase name="CADMN29" time="2.370" classname="com.vrt.testcases.UM3">
    <skipped/>
  </testcase> <!-- CADMN29 -->
  <testcase name="CADMN7" time="2.466" classname="com.vrt.testcases.UM3">
    <skipped/>
  </testcase> <!-- CADMN7 -->
  <testcase name="CADMN6" time="2.458" classname="com.vrt.testcases.UM3">
    <skipped/>
  </testcase> <!-- CADMN6 -->
  <testcase name="CADMN36" time="2.463" classname="com.vrt.testcases.UM3">
    <skipped/>
  </testcase> <!-- CADMN36 -->
  <testcase name="CADMN2" time="2.900" classname="com.vrt.testcases.UM3">
    <skipped/>
  </testcase> <!-- CADMN2 -->
  <testcase name="CADMN21" time="2.388" classname="com.vrt.testcases.UM3">
    <skipped/>
  </testcase> <!-- CADMN21 -->
  <testcase name="CADMN14" time="2.468" classname="com.vrt.testcases.UM3">
    <skipped/>
  </testcase> <!-- CADMN14 -->
  <testcase name="CADMN27" time="2.394" classname="com.vrt.testcases.UM3">
    <skipped/>
  </testcase> <!-- CADMN27 -->
  <testcase name="CADMN23" time="2.374" classname="com.vrt.testcases.UM3">
    <skipped/>
  </testcase> <!-- CADMN23 -->
  <testcase name="CADMN5" time="2.512" classname="com.vrt.testcases.UM3">
    <skipped/>
  </testcase> <!-- CADMN5 -->
  <testcase name="CADMN28" time="2.513" classname="com.vrt.testcases.UM3">
    <skipped/>
  </testcase> <!-- CADMN28 -->
  <testcase name="CADMN30" time="2.513" classname="com.vrt.testcases.UM3">
    <skipped/>
  </testcase> <!-- CADMN30 -->
  <testcase name="ADMN060" time="0.019" classname="com.vrt.testcases.UM3">
    <skipped/>
  </testcase> <!-- ADMN060 -->
  <testcase name="ADMN111A" time="0.000" classname="com.vrt.testcases.UM3">
    <skipped/>
  </testcase> <!-- ADMN111A -->
</testsuite> <!-- com.vrt.testcases.UM3 -->
