<?xml version="1.0" encoding="UTF-8"?>
<!-- Generated by org.testng.reporters.JUnitReportReporter -->
<testsuite skipped="0" hostname="AASHYD-4B6B2X2" name="com.vrt.testcases.assetDetailsTest" tests="1" failures="0" timestamp="28 Jul 2020 07:25:04 GMT" time="15.482" errors="0">
  <testcase name="ASST005" time="15.482" classname="com.vrt.testcases.assetDetailsTest"/>
</testsuite> <!-- com.vrt.testcases.assetDetailsTest -->
