<?xml version="1.0" encoding="UTF-8"?>
<!-- Generated by org.testng.reporters.JUnitReportReporter -->
<testsuite skipped="0" hostname="INAS-LP024" name="com.vrt.testcases.LoginTest" tests="2" failures="0" timestamp="2020-07-24T19:42:26 IST" time="18.699" errors="0">
  <testcase name="LOGIN_001" time="9.301" classname="com.vrt.testcases.LoginTest"/>
  <testcase name="LOGIN_001b" time="9.398" classname="com.vrt.testcases.LoginTest"/>
</testsuite> <!-- com.vrt.testcases.LoginTest -->
