<?xml version="1.0" encoding="UTF-8"?>
<!-- Generated by org.testng.reporters.JUnitReportReporter -->
<testsuite skipped="2" hostname="INAS-LP024" name="com.vrt.testcases.assetDetailsTest1" tests="85" failures="1" timestamp="2020-10-05T16:39:08 IST" time="1855.949" errors="0">
  <testcase name="ASST077" time="42.682" classname="com.vrt.testcases.assetDetailsTest1">
    <skipped/>
  </testcase> <!-- ASST077 -->
  <system-out/>
  <testcase name="ASST012" time="19.288" classname="com.vrt.testcases.assetDetailsTest1"/>
  <system-out/>
  <testcase name="ASST006" time="15.448" classname="com.vrt.testcases.assetDetailsTest1"/>
  <system-out/>
  <testcase name="ASST037" time="73.729" classname="com.vrt.testcases.assetDetailsTest1"/>
  <system-out/>
  <testcase name="ASST014" time="14.857" classname="com.vrt.testcases.assetDetailsTest1"/>
  <system-out/>
  <testcase name="ASST013" time="10.814" classname="com.vrt.testcases.assetDetailsTest1"/>
  <system-out/>
  <testcase name="ASST024_E" time="16.262" classname="com.vrt.testcases.assetDetailsTest1"/>
  <system-out/>
  <testcase name="ASST024_D" time="16.403" classname="com.vrt.testcases.assetDetailsTest1"/>
  <system-out/>
  <testcase name="ASST030" time="21.250" classname="com.vrt.testcases.assetDetailsTest1"/>
  <system-out/>
  <testcase name="ASST068" time="21.055" classname="com.vrt.testcases.assetDetailsTest1"/>
  <system-out/>
  <testcase name="ASST024_E" time="16.296" classname="com.vrt.testcases.assetDetailsTest1"/>
  <system-out/>
  <testcase name="ASST024_B" time="17.880" classname="com.vrt.testcases.assetDetailsTest1"/>
  <system-out/>
  <testcase name="ASST001A" time="10.291" classname="com.vrt.testcases.assetDetailsTest1"/>
  <system-out/>
  <testcase name="ASST024_B" time="17.524" classname="com.vrt.testcases.assetDetailsTest1"/>
  <system-out/>
  <testcase name="ASST027" time="59.955" classname="com.vrt.testcases.assetDetailsTest1"/>
  <system-out/>
  <testcase name="ASST029" time="16.984" classname="com.vrt.testcases.assetDetailsTest1"/>
  <system-out/>
  <testcase name="ASST054A_REP" time="24.765" classname="com.vrt.testcases.assetDetailsTest1"/>
  <system-out/>
  <testcase name="ASST002" time="11.560" classname="com.vrt.testcases.assetDetailsTest1"/>
  <system-out/>
  <testcase name="ASST024_B" time="18.123" classname="com.vrt.testcases.assetDetailsTest1"/>
  <system-out/>
  <testcase name="ASST084" time="22.437" classname="com.vrt.testcases.assetDetailsTest1"/>
  <system-out/>
  <testcase name="ASST009" time="23.722" classname="com.vrt.testcases.assetDetailsTest1"/>
  <system-out/>
  <testcase name="ASST024_A" time="16.000" classname="com.vrt.testcases.assetDetailsTest1"/>
  <system-out/>
  <testcase name="ASST038" time="18.991" classname="com.vrt.testcases.assetDetailsTest1"/>
  <system-out/>
  <testcase name="ASST024_D" time="16.465" classname="com.vrt.testcases.assetDetailsTest1"/>
  <system-out/>
  <testcase name="ASST087" time="11.672" classname="com.vrt.testcases.assetDetailsTest1"/>
  <system-out/>
  <testcase name="ASST044" time="35.736" classname="com.vrt.testcases.assetDetailsTest1"/>
  <system-out/>
  <testcase name="ASST024_E" time="16.676" classname="com.vrt.testcases.assetDetailsTest1"/>
  <system-out/>
  <testcase name="ASST024_D" time="16.535" classname="com.vrt.testcases.assetDetailsTest1"/>
  <system-out/>
  <testcase name="ASST048" time="15.920" classname="com.vrt.testcases.assetDetailsTest1"/>
  <system-out/>
  <testcase name="ASST032" time="16.637" classname="com.vrt.testcases.assetDetailsTest1"/>
  <system-out/>
  <testcase name="ASST024_E" time="16.356" classname="com.vrt.testcases.assetDetailsTest1"/>
  <system-out/>
  <testcase name="ASST024_E" time="16.466" classname="com.vrt.testcases.assetDetailsTest1"/>
  <system-out/>
  <testcase name="ASST008" time="22.906" classname="com.vrt.testcases.assetDetailsTest1"/>
  <system-out/>
  <testcase name="ASST024_C" time="19.171" classname="com.vrt.testcases.assetDetailsTest1"/>
  <system-out/>
  <testcase name="ASST033" time="23.872" classname="com.vrt.testcases.assetDetailsTest1"/>
  <system-out/>
  <testcase name="ASST024_D" time="17.086" classname="com.vrt.testcases.assetDetailsTest1"/>
  <system-out/>
  <testcase name="ASST023" time="14.516" classname="com.vrt.testcases.assetDetailsTest1"/>
  <system-out/>
  <testcase name="ASST088" time="11.504" classname="com.vrt.testcases.assetDetailsTest1"/>
  <system-out/>
  <testcase name="ASST062" time="36.795" classname="com.vrt.testcases.assetDetailsTest1"/>
  <system-out/>
  <testcase name="ASST024_B" time="17.734" classname="com.vrt.testcases.assetDetailsTest1"/>
  <system-out/>
  <testcase name="ASST001" time="10.359" classname="com.vrt.testcases.assetDetailsTest1"/>
  <system-out/>
  <testcase name="ASST047" time="16.074" classname="com.vrt.testcases.assetDetailsTest1"/>
  <system-out/>
  <testcase name="ASST075" time="21.938" classname="com.vrt.testcases.assetDetailsTest1"/>
  <system-out/>
  <testcase name="ASST024_A" time="16.171" classname="com.vrt.testcases.assetDetailsTest1"/>
  <system-out/>
  <testcase name="ASST018" time="15.437" classname="com.vrt.testcases.assetDetailsTest1"/>
  <system-out/>
  <testcase name="ASST024_A" time="16.154" classname="com.vrt.testcases.assetDetailsTest1"/>
  <system-out/>
  <testcase name="ASST043" time="17.094" classname="com.vrt.testcases.assetDetailsTest1"/>
  <system-out/>
  <testcase name="ASST024_A" time="16.015" classname="com.vrt.testcases.assetDetailsTest1"/>
  <system-out/>
  <testcase name="ASST053B" time="21.489" classname="com.vrt.testcases.assetDetailsTest1"/>
  <system-out/>
  <testcase name="ASST034" time="23.639" classname="com.vrt.testcases.assetDetailsTest1"/>
  <system-out/>
  <testcase name="ASST090" time="11.452" classname="com.vrt.testcases.assetDetailsTest1"/>
  <system-out/>
  <testcase name="ASST007" time="14.139" classname="com.vrt.testcases.assetDetailsTest1"/>
  <system-out/>
  <testcase name="ASST077" time="42.923" classname="com.vrt.testcases.assetDetailsTest1">
    <skipped/>
  </testcase> <!-- ASST077 -->
  <system-out/>
  <testcase name="ASST024STP" time="15.938" classname="com.vrt.testcases.assetDetailsTest1"/>
  <system-out/>
  <testcase name="ASST077" time="42.842" classname="com.vrt.testcases.assetDetailsTest1">
    <failure type="java.lang.AssertionError" message="The following asserts failed:
	FAIL:Reports tile count is  increasing  under Asset details page expected [3] but found [2]">
      <![CDATA[java.lang.AssertionError: The following asserts failed:
FAIL:Reports tile count is  increasing  under Asset details page expected [3] but found [2]
at org.testng.asserts.SoftAssert.assertAll(SoftAssert.java:47)
at org.testng.asserts.SoftAssert.assertAll(SoftAssert.java:31)
at com.vrt.testcases.assetDetailsTest1.ASST077(assetDetailsTest1.java:2001)
at sun.reflect.NativeMethodAccessorImpl.invoke0(Native Method)
at sun.reflect.NativeMethodAccessorImpl.invoke(NativeMethodAccessorImpl.java:62)
at sun.reflect.DelegatingMethodAccessorImpl.invoke(DelegatingMethodAccessorImpl.java:43)
at java.lang.reflect.Method.invoke(Method.java:498)
at org.testng.internal.MethodInvocationHelper.invokeMethod(MethodInvocationHelper.java:132)
at org.testng.internal.TestInvoker.invokeMethod(TestInvoker.java:599)
at org.testng.internal.TestInvoker.retryFailed(TestInvoker.java:214)
at org.testng.internal.MethodRunner.runInSequence(MethodRunner.java:58)
at org.testng.internal.TestInvoker$MethodInvocationAgent.invoke(TestInvoker.java:822)
at org.testng.internal.TestInvoker.invokeTestMethods(TestInvoker.java:147)
at org.testng.internal.TestMethodWorker.invokeTestMethods(TestMethodWorker.java:146)
at org.testng.internal.TestMethodWorker.run(TestMethodWorker.java:128)
at java.util.ArrayList.forEach(ArrayList.java:1257)
at org.testng.TestRunner.privateRun(TestRunner.java:764)
at org.testng.TestRunner.run(TestRunner.java:585)
at org.testng.SuiteRunner.runTest(SuiteRunner.java:384)
at org.testng.SuiteRunner.runSequentially(SuiteRunner.java:378)
at org.testng.SuiteRunner.privateRun(SuiteRunner.java:337)
at org.testng.SuiteRunner.run(SuiteRunner.java:286)
at org.testng.SuiteRunnerWorker.runSuite(SuiteRunnerWorker.java:53)
at org.testng.SuiteRunnerWorker.run(SuiteRunnerWorker.java:96)
at org.testng.TestNG.runSuitesSequentially(TestNG.java:1218)
at org.testng.TestNG.runSuitesLocally(TestNG.java:1140)
at org.testng.TestNG.runSuites(TestNG.java:1069)
at org.testng.TestNG.run(TestNG.java:1037)
at org.testng.remote.AbstractRemoteTestNG.run(AbstractRemoteTestNG.java:115)
at org.testng.remote.RemoteTestNG.initAndRun(RemoteTestNG.java:251)
at org.testng.remote.RemoteTestNG.main(RemoteTestNG.java:77)
]]>
    </failure>
  </testcase> <!-- ASST077 -->
  <system-out/>
  <testcase name="ASST015" time="14.219" classname="com.vrt.testcases.assetDetailsTest1"/>
  <system-out/>
  <testcase name="ASST052B" time="14.888" classname="com.vrt.testcases.assetDetailsTest1"/>
  <system-out/>
  <testcase name="ASST065" time="33.127" classname="com.vrt.testcases.assetDetailsTest1"/>
  <system-out/>
  <testcase name="ASST024_E" time="16.202" classname="com.vrt.testcases.assetDetailsTest1"/>
  <system-out/>
  <testcase name="ASST024_A" time="15.703" classname="com.vrt.testcases.assetDetailsTest1"/>
  <system-out/>
  <testcase name="ASST017" time="11.710" classname="com.vrt.testcases.assetDetailsTest1"/>
  <system-out/>
  <testcase name="ASST056" time="19.492" classname="com.vrt.testcases.assetDetailsTest1"/>
  <system-out/>
  <testcase name="ASST059" time="36.627" classname="com.vrt.testcases.assetDetailsTest1"/>
  <system-out/>
  <testcase name="ASST078" time="35.491" classname="com.vrt.testcases.assetDetailsTest1"/>
  <system-out/>
  <testcase name="ASST024_A" time="15.862" classname="com.vrt.testcases.assetDetailsTest1"/>
  <system-out/>
  <testcase name="ASST050" time="17.499" classname="com.vrt.testcases.assetDetailsTest1"/>
  <system-out/>
  <testcase name="ASST024_F" time="17.079" classname="com.vrt.testcases.assetDetailsTest1"/>
  <system-out/>
  <testcase name="ASST020" time="25.696" classname="com.vrt.testcases.assetDetailsTest1"/>
  <system-out/>
  <testcase name="ASST004" time="31.220" classname="com.vrt.testcases.assetDetailsTest1"/>
  <system-out/>
  <testcase name="ASST074" time="17.513" classname="com.vrt.testcases.assetDetailsTest1"/>
  <system-out/>
  <testcase name="ASST024_E" time="16.149" classname="com.vrt.testcases.assetDetailsTest1"/>
  <system-out/>
  <testcase name="ASST052A" time="15.891" classname="com.vrt.testcases.assetDetailsTest1"/>
  <system-out/>
  <testcase name="ASST024_E" time="16.595" classname="com.vrt.testcases.assetDetailsTest1"/>
  <system-out/>
  <testcase name="ASST024_B" time="17.594" classname="com.vrt.testcases.assetDetailsTest1"/>
  <system-out/>
  <testcase name="ASST024_A" time="16.167" classname="com.vrt.testcases.assetDetailsTest1"/>
  <system-out/>
  <testcase name="ASST053A" time="36.330" classname="com.vrt.testcases.assetDetailsTest1"/>
  <system-out/>
  <testcase name="ASST086" time="10.781" classname="com.vrt.testcases.assetDetailsTest1"/>
  <system-out/>
  <testcase name="ASST003" time="13.090" classname="com.vrt.testcases.assetDetailsTest1"/>
  <system-out/>
  <testcase name="ASST025STP" time="66.143" classname="com.vrt.testcases.assetDetailsTest1"/>
  <system-out/>
  <testcase name="ASST026STP" time="48.351" classname="com.vrt.testcases.assetDetailsTest1"/>
  <system-out/>
  <testcase name="ASST024_B" time="18.265" classname="com.vrt.testcases.assetDetailsTest1"/>
  <system-out/>
  <testcase name="ASST076" time="22.630" classname="com.vrt.testcases.assetDetailsTest1"/>
  <system-out/>
  <testcase name="ASST024_A" time="15.892" classname="com.vrt.testcases.assetDetailsTest1"/>
  <system-out/>
  <testcase name="ASST001B" time="44.070" classname="com.vrt.testcases.assetDetailsTest1"/>
  <system-out/>
  <testcase name="ASST081" time="21.646" classname="com.vrt.testcases.assetDetailsTest1"/>
  <system-out/>
</testsuite> <!-- com.vrt.testcases.assetDetailsTest1 -->
