<?xml version="1.0" encoding="UTF-8"?>
<!-- Generated by org.testng.reporters.JUnitReportReporter -->
<testsuite skipped="0" hostname="DESKTOP-IH5DTV2" name="com.vrt.testcases.UM2" tests="1" failures="0" timestamp="2020-07-18T16:56:06 IST" time="0.045" errors="0">
  <testcase name="Check" time="0.045" classname="com.vrt.testcases.UM2"/>
  <system-out/>
</testsuite> <!-- com.vrt.testcases.UM2 -->
