<?xml version="1.0" encoding="UTF-8"?>
<!-- Generated by org.testng.reporters.JUnitReportReporter -->
<testsuite skipped="0" hostname="AASHYD-4B6B2X2" name="com.vrt.testcases.UM2" tests="53" failures="0" timestamp="2020-11-09T20:17:32 IST" time="671.544" errors="0">
  <testcase name="ADMN055" time="10.966" classname="com.vrt.testcases.UM2"/>
  <system-out/>
  <testcase name="ADMN133" time="11.394" classname="com.vrt.testcases.UM2"/>
  <system-out/>
  <testcase name="ADMN046" time="13.787" classname="com.vrt.testcases.UM2"/>
  <system-out/>
  <testcase name="ADMN074" time="17.062" classname="com.vrt.testcases.UM2"/>
  <system-out/>
  <testcase name="ADMN115" time="7.218" classname="com.vrt.testcases.UM2"/>
  <system-out/>
  <testcase name="ADMN088" time="12.119" classname="com.vrt.testcases.UM2"/>
  <system-out/>
  <testcase name="ADMN109A" time="9.954" classname="com.vrt.testcases.UM2"/>
  <system-out/>
  <testcase name="ADMN108" time="7.163" classname="com.vrt.testcases.UM2"/>
  <system-out/>
  <testcase name="ADMN074A" time="12.699" classname="com.vrt.testcases.UM2"/>
  <system-out/>
  <testcase name="ADMN047" time="12.158" classname="com.vrt.testcases.UM2"/>
  <system-out/>
  <testcase name="ADMN062" time="25.092" classname="com.vrt.testcases.UM2"/>
  <system-out/>
  <testcase name="ADMN054" time="7.838" classname="com.vrt.testcases.UM2"/>
  <system-out/>
  <testcase name="ADMN109" time="9.903" classname="com.vrt.testcases.UM2"/>
  <system-out/>
  <testcase name="ADMN073" time="12.907" classname="com.vrt.testcases.UM2"/>
  <system-out/>
  <testcase name="ADMN078" time="12.183" classname="com.vrt.testcases.UM2"/>
  <system-out/>
  <testcase name="ADMN049" time="9.930" classname="com.vrt.testcases.UM2"/>
  <system-out/>
  <testcase name="ADMN072" time="17.611" classname="com.vrt.testcases.UM2"/>
  <system-out/>
  <testcase name="ADMN101" time="11.609" classname="com.vrt.testcases.UM2"/>
  <system-out/>
  <testcase name="ADMN094" time="10.079" classname="com.vrt.testcases.UM2"/>
  <system-out/>
  <testcase name="ADMN086" time="11.206" classname="com.vrt.testcases.UM2"/>
  <system-out/>
  <testcase name="ADMN116" time="11.437" classname="com.vrt.testcases.UM2"/>
  <system-out/>
  <testcase name="ADMN054A" time="11.022" classname="com.vrt.testcases.UM2"/>
  <system-out/>
  <testcase name="ADMN107" time="10.072" classname="com.vrt.testcases.UM2"/>
  <system-out/>
  <testcase name="ADMN099" time="16.850" classname="com.vrt.testcases.UM2"/>
  <system-out/>
  <testcase name="ADMN080" time="12.281" classname="com.vrt.testcases.UM2"/>
  <system-out/>
  <testcase name="ADMN084" time="7.264" classname="com.vrt.testcases.UM2"/>
  <system-out/>
  <testcase name="ADMN077A" time="11.002" classname="com.vrt.testcases.UM2"/>
  <system-out/>
  <testcase name="ADMN077B" time="11.197" classname="com.vrt.testcases.UM2"/>
  <system-out/>
  <testcase name="ADMN083" time="9.946" classname="com.vrt.testcases.UM2"/>
  <system-out/>
  <testcase name="ADMN117A" time="8.439" classname="com.vrt.testcases.UM2"/>
  <system-out/>
  <testcase name="ADMN119A" time="18.954" classname="com.vrt.testcases.UM2"/>
  <system-out/>
  <testcase name="ADMN097" time="14.923" classname="com.vrt.testcases.UM2"/>
  <system-out/>
  <testcase name="ADMN059" time="11.316" classname="com.vrt.testcases.UM2"/>
  <system-out/>
  <testcase name="ADMN118" time="13.260" classname="com.vrt.testcases.UM2"/>
  <system-out/>
  <testcase name="ADMN075" time="7.722" classname="com.vrt.testcases.UM2"/>
  <system-out/>
  <testcase name="ADMN082" time="26.237" classname="com.vrt.testcases.UM2"/>
  <system-out/>
  <testcase name="ADMN076" time="13.156" classname="com.vrt.testcases.UM2"/>
  <system-out/>
  <testcase name="ADMN098" time="13.052" classname="com.vrt.testcases.UM2"/>
  <system-out/>
  <testcase name="ADMN117B" time="11.301" classname="com.vrt.testcases.UM2"/>
  <system-out/>
  <testcase name="ADMN094A" time="10.581" classname="com.vrt.testcases.UM2"/>
  <system-out/>
  <testcase name="ADMN105" time="13.390" classname="com.vrt.testcases.UM2"/>
  <system-out/>
  <testcase name="ADMN048A" time="15.080" classname="com.vrt.testcases.UM2"/>
  <system-out/>
  <testcase name="ADMN048B" time="22.036" classname="com.vrt.testcases.UM2"/>
  <system-out/>
  <testcase name="ADMN053" time="11.476" classname="com.vrt.testcases.UM2"/>
  <system-out/>
  <testcase name="ADMN100" time="13.037" classname="com.vrt.testcases.UM2"/>
  <system-out/>
  <testcase name="ADMN106" time="12.444" classname="com.vrt.testcases.UM2"/>
  <system-out/>
  <testcase name="ADMN050" time="10.042" classname="com.vrt.testcases.UM2"/>
  <system-out/>
  <testcase name="ADMN064" time="9.837" classname="com.vrt.testcases.UM2"/>
  <system-out/>
  <testcase name="ADMN096" time="11.147" classname="com.vrt.testcases.UM2"/>
  <system-out/>
  <testcase name="ADMN119" time="18.688" classname="com.vrt.testcases.UM2"/>
  <system-out/>
  <testcase name="ADMN119B" time="18.290" classname="com.vrt.testcases.UM2"/>
  <system-out/>
  <testcase name="ADMN052" time="7.210" classname="com.vrt.testcases.UM2"/>
  <system-out/>
  <testcase name="ADMN050A" time="15.977" classname="com.vrt.testcases.UM2"/>
  <system-out/>
</testsuite> <!-- com.vrt.testcases.UM2 -->
