<?xml version="1.0" encoding="UTF-8"?>
<!-- Generated by org.testng.reporters.JUnitReportReporter -->
<testsuite skipped="0" hostname="AASHYD-4B6B2X2" name="com.vrt.testcases.UM2" tests="53" failures="0" timestamp="05 Aug 2020 21:37:03 GMT" time="681.676" errors="0">
  <testcase name="ADMN115" time="7.091" classname="com.vrt.testcases.UM2"/>
  <testcase name="ADMN073" time="12.885" classname="com.vrt.testcases.UM2"/>
  <testcase name="ADMN097" time="14.892" classname="com.vrt.testcases.UM2"/>
  <testcase name="ADMN074A" time="12.777" classname="com.vrt.testcases.UM2"/>
  <testcase name="ADMN050" time="10.167" classname="com.vrt.testcases.UM2"/>
  <testcase name="ADMN064" time="9.815" classname="com.vrt.testcases.UM2"/>
  <testcase name="ADMN053" time="11.264" classname="com.vrt.testcases.UM2"/>
  <testcase name="ADMN098" time="13.063" classname="com.vrt.testcases.UM2"/>
  <testcase name="ADMN048A" time="14.978" classname="com.vrt.testcases.UM2"/>
  <testcase name="ADMN074" time="16.765" classname="com.vrt.testcases.UM2"/>
  <testcase name="ADMN055" time="11.056" classname="com.vrt.testcases.UM2"/>
  <testcase name="ADMN054" time="7.809" classname="com.vrt.testcases.UM2"/>
  <testcase name="ADMN117A" time="8.548" classname="com.vrt.testcases.UM2"/>
  <testcase name="ADMN119B" time="21.281" classname="com.vrt.testcases.UM2"/>
  <testcase name="ADMN050A" time="15.914" classname="com.vrt.testcases.UM2"/>
  <testcase name="ADMN080" time="12.195" classname="com.vrt.testcases.UM2"/>
  <testcase name="ADMN086" time="11.231" classname="com.vrt.testcases.UM2"/>
  <testcase name="ADMN119" time="19.656" classname="com.vrt.testcases.UM2"/>
  <testcase name="ADMN082" time="26.274" classname="com.vrt.testcases.UM2"/>
  <testcase name="ADMN077A" time="10.649" classname="com.vrt.testcases.UM2"/>
  <testcase name="ADMN096" time="10.867" classname="com.vrt.testcases.UM2"/>
  <testcase name="ADMN118" time="13.204" classname="com.vrt.testcases.UM2"/>
  <testcase name="ADMN106" time="12.537" classname="com.vrt.testcases.UM2"/>
  <testcase name="ADMN133" time="11.468" classname="com.vrt.testcases.UM2"/>
  <testcase name="ADMN052" time="7.196" classname="com.vrt.testcases.UM2"/>
  <testcase name="ADMN105" time="13.313" classname="com.vrt.testcases.UM2"/>
  <testcase name="ADMN062" time="24.539" classname="com.vrt.testcases.UM2"/>
  <testcase name="ADMN099" time="16.647" classname="com.vrt.testcases.UM2"/>
  <testcase name="ADMN108" time="7.254" classname="com.vrt.testcases.UM2"/>
  <testcase name="ADMN084" time="7.260" classname="com.vrt.testcases.UM2"/>
  <testcase name="ADMN046" time="13.674" classname="com.vrt.testcases.UM2"/>
  <testcase name="ADMN116" time="11.500" classname="com.vrt.testcases.UM2"/>
  <testcase name="ADMN117B" time="11.349" classname="com.vrt.testcases.UM2"/>
  <testcase name="ADMN119A" time="21.245" classname="com.vrt.testcases.UM2"/>
  <testcase name="ADMN049" time="9.993" classname="com.vrt.testcases.UM2"/>
  <testcase name="ADMN077B" time="11.211" classname="com.vrt.testcases.UM2"/>
  <testcase name="ADMN072" time="17.568" classname="com.vrt.testcases.UM2"/>
  <testcase name="ADMN109A" time="9.942" classname="com.vrt.testcases.UM2"/>
  <testcase name="ADMN094A" time="9.940" classname="com.vrt.testcases.UM2"/>
  <testcase name="ADMN083" time="9.901" classname="com.vrt.testcases.UM2"/>
  <testcase name="ADMN054A" time="11.077" classname="com.vrt.testcases.UM2"/>
  <testcase name="ADMN088" time="14.158" classname="com.vrt.testcases.UM2"/>
  <testcase name="ADMN078" time="12.133" classname="com.vrt.testcases.UM2"/>
  <testcase name="ADMN075" time="7.260" classname="com.vrt.testcases.UM2"/>
  <testcase name="ADMN094" time="10.079" classname="com.vrt.testcases.UM2"/>
  <testcase name="ADMN109" time="9.988" classname="com.vrt.testcases.UM2"/>
  <testcase name="ADMN059" time="13.948" classname="com.vrt.testcases.UM2"/>
  <testcase name="ADMN048B" time="21.715" classname="com.vrt.testcases.UM2"/>
  <testcase name="ADMN047" time="12.315" classname="com.vrt.testcases.UM2"/>
  <testcase name="ADMN107" time="9.892" classname="com.vrt.testcases.UM2"/>
  <testcase name="ADMN101" time="14.289" classname="com.vrt.testcases.UM2"/>
  <testcase name="ADMN076" time="13.095" classname="com.vrt.testcases.UM2"/>
  <testcase name="ADMN100" time="12.809" classname="com.vrt.testcases.UM2"/>
</testsuite> <!-- com.vrt.testcases.UM2 -->
