<?xml version="1.0" encoding="UTF-8"?>
<!-- Generated by org.testng.reporters.JUnitReportReporter -->
<testsuite skipped="0" hostname="INAS-LP024" name="com.vrt.testcases.HitNTrialTests" tests="2" failures="0" timestamp="2020-07-16T02:03:30 IST" time="62.159" errors="0">
  <testcase name="ADMN067B" time="20.305" classname="com.vrt.testcases.HitNTrialTests"/>
  <testcase name="ADMN067A" time="41.854" classname="com.vrt.testcases.HitNTrialTests"/>
</testsuite> <!-- com.vrt.testcases.HitNTrialTests -->
