<?xml version="1.0" encoding="UTF-8"?>
<!-- Generated by org.testng.reporters.JUnitReportReporter -->
<testsuite skipped="0" hostname="INAS-LP024" name="com.vrt.testcases.multipleassetHubAssetCreationTest" tests="201" failures="0" timestamp="2020-10-05T19:05:54 IST" time="5159.597" errors="0">
  <testcase name="ASSTHB012a" time="24.044" classname="com.vrt.testcases.multipleassetHubAssetCreationTest"/>
  <system-out/>
  <testcase name="ASSTHB012a" time="22.484" classname="com.vrt.testcases.multipleassetHubAssetCreationTest"/>
  <system-out/>
  <testcase name="ASSTHB012a" time="26.393" classname="com.vrt.testcases.multipleassetHubAssetCreationTest"/>
  <system-out/>
  <testcase name="ASSTHB012a" time="27.096" classname="com.vrt.testcases.multipleassetHubAssetCreationTest"/>
  <system-out/>
  <testcase name="ASSTHB012a" time="25.474" classname="com.vrt.testcases.multipleassetHubAssetCreationTest"/>
  <system-out/>
  <testcase name="ASSTHB012a" time="25.772" classname="com.vrt.testcases.multipleassetHubAssetCreationTest"/>
  <system-out/>
  <testcase name="ASSTHB012a" time="25.373" classname="com.vrt.testcases.multipleassetHubAssetCreationTest"/>
  <system-out/>
  <testcase name="ASSTHB012a" time="25.830" classname="com.vrt.testcases.multipleassetHubAssetCreationTest"/>
  <system-out/>
  <testcase name="ASSTHB012a" time="24.404" classname="com.vrt.testcases.multipleassetHubAssetCreationTest"/>
  <system-out/>
  <testcase name="ASSTHB012a" time="21.747" classname="com.vrt.testcases.multipleassetHubAssetCreationTest"/>
  <system-out/>
  <testcase name="ASSTHB012a" time="23.291" classname="com.vrt.testcases.multipleassetHubAssetCreationTest"/>
  <system-out/>
  <testcase name="ASSTHB012a" time="30.033" classname="com.vrt.testcases.multipleassetHubAssetCreationTest"/>
  <system-out/>
  <testcase name="ASSTHB012a" time="26.586" classname="com.vrt.testcases.multipleassetHubAssetCreationTest"/>
  <system-out/>
  <testcase name="ASSTHB012a" time="29.570" classname="com.vrt.testcases.multipleassetHubAssetCreationTest"/>
  <system-out/>
  <testcase name="ASSTHB012a" time="25.986" classname="com.vrt.testcases.multipleassetHubAssetCreationTest"/>
  <system-out/>
  <testcase name="ASSTHB012a" time="24.045" classname="com.vrt.testcases.multipleassetHubAssetCreationTest"/>
  <system-out/>
  <testcase name="ASSTHB012a" time="24.716" classname="com.vrt.testcases.multipleassetHubAssetCreationTest"/>
  <system-out/>
  <testcase name="ASSTHB012a" time="28.229" classname="com.vrt.testcases.multipleassetHubAssetCreationTest"/>
  <system-out/>
  <testcase name="ASSTHB012a" time="28.245" classname="com.vrt.testcases.multipleassetHubAssetCreationTest"/>
  <system-out/>
  <testcase name="ASSTHB012a" time="28.259" classname="com.vrt.testcases.multipleassetHubAssetCreationTest"/>
  <system-out/>
  <testcase name="ASSTHB012a" time="29.379" classname="com.vrt.testcases.multipleassetHubAssetCreationTest"/>
  <system-out/>
  <testcase name="ASSTHB012a" time="29.246" classname="com.vrt.testcases.multipleassetHubAssetCreationTest"/>
  <system-out/>
  <testcase name="ASSTHB012a" time="23.039" classname="com.vrt.testcases.multipleassetHubAssetCreationTest"/>
  <system-out/>
  <testcase name="ASSTHB012a" time="27.095" classname="com.vrt.testcases.multipleassetHubAssetCreationTest"/>
  <system-out/>
  <testcase name="ASSTHB012a" time="23.213" classname="com.vrt.testcases.multipleassetHubAssetCreationTest"/>
  <system-out/>
  <testcase name="ASSTHB012a" time="24.730" classname="com.vrt.testcases.multipleassetHubAssetCreationTest"/>
  <system-out/>
  <testcase name="ASSTHB012a" time="26.146" classname="com.vrt.testcases.multipleassetHubAssetCreationTest"/>
  <system-out/>
  <testcase name="ASSTHB012a" time="26.970" classname="com.vrt.testcases.multipleassetHubAssetCreationTest"/>
  <system-out/>
  <testcase name="ASSTHB012a" time="24.580" classname="com.vrt.testcases.multipleassetHubAssetCreationTest"/>
  <system-out/>
  <testcase name="ASSTHB012a" time="25.327" classname="com.vrt.testcases.multipleassetHubAssetCreationTest"/>
  <system-out/>
  <testcase name="ASSTHB012a" time="23.969" classname="com.vrt.testcases.multipleassetHubAssetCreationTest"/>
  <system-out/>
  <testcase name="ASSTHB012a" time="23.702" classname="com.vrt.testcases.multipleassetHubAssetCreationTest"/>
  <system-out/>
  <testcase name="ASSTHB012a" time="23.066" classname="com.vrt.testcases.multipleassetHubAssetCreationTest"/>
  <system-out/>
  <testcase name="ASSTHB012a" time="23.407" classname="com.vrt.testcases.multipleassetHubAssetCreationTest"/>
  <system-out/>
  <testcase name="ASSTHB012a" time="22.747" classname="com.vrt.testcases.multipleassetHubAssetCreationTest"/>
  <system-out/>
  <testcase name="ASSTHB012a" time="23.549" classname="com.vrt.testcases.multipleassetHubAssetCreationTest"/>
  <system-out/>
  <testcase name="ASSTHB012a" time="24.192" classname="com.vrt.testcases.multipleassetHubAssetCreationTest"/>
  <system-out/>
  <testcase name="ASSTHB012a" time="22.319" classname="com.vrt.testcases.multipleassetHubAssetCreationTest"/>
  <system-out/>
  <testcase name="ASSTHB012a" time="23.475" classname="com.vrt.testcases.multipleassetHubAssetCreationTest"/>
  <system-out/>
  <testcase name="ASSTHB012a" time="30.899" classname="com.vrt.testcases.multipleassetHubAssetCreationTest"/>
  <system-out/>
  <testcase name="ASSTHB012a" time="24.869" classname="com.vrt.testcases.multipleassetHubAssetCreationTest"/>
  <system-out/>
  <testcase name="ASSTHB012a" time="29.583" classname="com.vrt.testcases.multipleassetHubAssetCreationTest"/>
  <system-out/>
  <testcase name="ASSTHB012a" time="21.964" classname="com.vrt.testcases.multipleassetHubAssetCreationTest"/>
  <system-out/>
  <testcase name="ASSTHB012a" time="22.872" classname="com.vrt.testcases.multipleassetHubAssetCreationTest"/>
  <system-out/>
  <testcase name="ASSTHB012a" time="31.506" classname="com.vrt.testcases.multipleassetHubAssetCreationTest"/>
  <system-out/>
  <testcase name="ASSTHB012a" time="22.504" classname="com.vrt.testcases.multipleassetHubAssetCreationTest"/>
  <system-out/>
  <testcase name="ASSTHB012a" time="26.664" classname="com.vrt.testcases.multipleassetHubAssetCreationTest"/>
  <system-out/>
  <testcase name="ASSTHB012a" time="25.887" classname="com.vrt.testcases.multipleassetHubAssetCreationTest"/>
  <system-out/>
  <testcase name="ASSTHB012a" time="23.022" classname="com.vrt.testcases.multipleassetHubAssetCreationTest"/>
  <system-out/>
  <testcase name="ASSTHB012a" time="29.136" classname="com.vrt.testcases.multipleassetHubAssetCreationTest"/>
  <system-out/>
  <testcase name="ASSTHB012a" time="31.570" classname="com.vrt.testcases.multipleassetHubAssetCreationTest"/>
  <system-out/>
  <testcase name="ASSTHB012a" time="24.109" classname="com.vrt.testcases.multipleassetHubAssetCreationTest"/>
  <system-out/>
  <testcase name="ASSTHB012a" time="26.899" classname="com.vrt.testcases.multipleassetHubAssetCreationTest"/>
  <system-out/>
  <testcase name="ASSTHB012a" time="30.612" classname="com.vrt.testcases.multipleassetHubAssetCreationTest"/>
  <system-out/>
  <testcase name="ASSTHB012a" time="22.227" classname="com.vrt.testcases.multipleassetHubAssetCreationTest"/>
  <system-out/>
  <testcase name="ASSTHB012a" time="25.126" classname="com.vrt.testcases.multipleassetHubAssetCreationTest"/>
  <system-out/>
  <testcase name="ASSTHB012a" time="30.535" classname="com.vrt.testcases.multipleassetHubAssetCreationTest"/>
  <system-out/>
  <testcase name="ASSTHB012a" time="24.838" classname="com.vrt.testcases.multipleassetHubAssetCreationTest"/>
  <system-out/>
  <testcase name="ASSTHB012a" time="22.921" classname="com.vrt.testcases.multipleassetHubAssetCreationTest"/>
  <system-out/>
  <testcase name="ASSTHB012a" time="30.284" classname="com.vrt.testcases.multipleassetHubAssetCreationTest"/>
  <system-out/>
  <testcase name="ASSTHB012a" time="22.214" classname="com.vrt.testcases.multipleassetHubAssetCreationTest"/>
  <system-out/>
  <testcase name="ASSTHB012a" time="28.773" classname="com.vrt.testcases.multipleassetHubAssetCreationTest"/>
  <system-out/>
  <testcase name="ASSTHB012a" time="23.274" classname="com.vrt.testcases.multipleassetHubAssetCreationTest"/>
  <system-out/>
  <testcase name="ASSTHB012a" time="22.622" classname="com.vrt.testcases.multipleassetHubAssetCreationTest"/>
  <system-out/>
  <testcase name="ASSTHB012a" time="31.142" classname="com.vrt.testcases.multipleassetHubAssetCreationTest"/>
  <system-out/>
  <testcase name="ASSTHB012a" time="24.075" classname="com.vrt.testcases.multipleassetHubAssetCreationTest"/>
  <system-out/>
  <testcase name="ASSTHB012a" time="22.636" classname="com.vrt.testcases.multipleassetHubAssetCreationTest"/>
  <system-out/>
  <testcase name="ASSTHB012a" time="27.766" classname="com.vrt.testcases.multipleassetHubAssetCreationTest"/>
  <system-out/>
  <testcase name="ASSTHB012a" time="24.026" classname="com.vrt.testcases.multipleassetHubAssetCreationTest"/>
  <system-out/>
  <testcase name="ASSTHB012a" time="24.043" classname="com.vrt.testcases.multipleassetHubAssetCreationTest"/>
  <system-out/>
  <testcase name="ASSTHB012a" time="24.122" classname="com.vrt.testcases.multipleassetHubAssetCreationTest"/>
  <system-out/>
  <testcase name="ASSTHB012a" time="23.838" classname="com.vrt.testcases.multipleassetHubAssetCreationTest"/>
  <system-out/>
  <testcase name="ASSTHB012a" time="23.848" classname="com.vrt.testcases.multipleassetHubAssetCreationTest"/>
  <system-out/>
  <testcase name="ASSTHB012a" time="28.198" classname="com.vrt.testcases.multipleassetHubAssetCreationTest"/>
  <system-out/>
  <testcase name="ASSTHB012a" time="30.317" classname="com.vrt.testcases.multipleassetHubAssetCreationTest"/>
  <system-out/>
  <testcase name="ASSTHB012a" time="25.723" classname="com.vrt.testcases.multipleassetHubAssetCreationTest"/>
  <system-out/>
  <testcase name="ASSTHB012a" time="27.054" classname="com.vrt.testcases.multipleassetHubAssetCreationTest"/>
  <system-out/>
  <testcase name="ASSTHB012a" time="29.013" classname="com.vrt.testcases.multipleassetHubAssetCreationTest"/>
  <system-out/>
  <testcase name="ASSTHB012a" time="26.969" classname="com.vrt.testcases.multipleassetHubAssetCreationTest"/>
  <system-out/>
  <testcase name="ASSTHB012a" time="24.282" classname="com.vrt.testcases.multipleassetHubAssetCreationTest"/>
  <system-out/>
  <testcase name="ASSTHB012a" time="21.917" classname="com.vrt.testcases.multipleassetHubAssetCreationTest"/>
  <system-out/>
  <testcase name="ASSTHB012a" time="24.547" classname="com.vrt.testcases.multipleassetHubAssetCreationTest"/>
  <system-out/>
  <testcase name="ASSTHB012a" time="27.881" classname="com.vrt.testcases.multipleassetHubAssetCreationTest"/>
  <system-out/>
  <testcase name="ASSTHB012a" time="21.672" classname="com.vrt.testcases.multipleassetHubAssetCreationTest"/>
  <system-out/>
  <testcase name="ASSTHB012a" time="30.942" classname="com.vrt.testcases.multipleassetHubAssetCreationTest"/>
  <system-out/>
  <testcase name="ASSTHB012a" time="29.562" classname="com.vrt.testcases.multipleassetHubAssetCreationTest"/>
  <system-out/>
  <testcase name="ASSTHB012a" time="25.293" classname="com.vrt.testcases.multipleassetHubAssetCreationTest"/>
  <system-out/>
  <testcase name="ASSTHB012a" time="28.506" classname="com.vrt.testcases.multipleassetHubAssetCreationTest"/>
  <system-out/>
  <testcase name="ASSTHB012a" time="23.947" classname="com.vrt.testcases.multipleassetHubAssetCreationTest"/>
  <system-out/>
  <testcase name="ASSTHB012a" time="26.665" classname="com.vrt.testcases.multipleassetHubAssetCreationTest"/>
  <system-out/>
  <testcase name="ASSTHB012a" time="28.956" classname="com.vrt.testcases.multipleassetHubAssetCreationTest"/>
  <system-out/>
  <testcase name="ASSTHB012a" time="24.613" classname="com.vrt.testcases.multipleassetHubAssetCreationTest"/>
  <system-out/>
  <testcase name="ASSTHB012a" time="24.232" classname="com.vrt.testcases.multipleassetHubAssetCreationTest"/>
  <system-out/>
  <testcase name="ASSTHB012a" time="27.201" classname="com.vrt.testcases.multipleassetHubAssetCreationTest"/>
  <system-out/>
  <testcase name="ASSTHB012a" time="26.043" classname="com.vrt.testcases.multipleassetHubAssetCreationTest"/>
  <system-out/>
  <testcase name="ASSTHB012a" time="21.562" classname="com.vrt.testcases.multipleassetHubAssetCreationTest"/>
  <system-out/>
  <testcase name="ASSTHB012b" time="14.777" classname="com.vrt.testcases.multipleassetHubAssetCreationTest"/>
  <system-out/>
  <testcase name="ASSTHB012a" time="25.313" classname="com.vrt.testcases.multipleassetHubAssetCreationTest"/>
  <system-out/>
  <testcase name="ASSTHB012a" time="22.237" classname="com.vrt.testcases.multipleassetHubAssetCreationTest"/>
  <system-out/>
  <testcase name="ASSTHB012a" time="30.642" classname="com.vrt.testcases.multipleassetHubAssetCreationTest"/>
  <system-out/>
  <testcase name="ASSTHB012a" time="21.424" classname="com.vrt.testcases.multipleassetHubAssetCreationTest"/>
  <system-out/>
  <testcase name="ASSTHB012a" time="22.648" classname="com.vrt.testcases.multipleassetHubAssetCreationTest"/>
  <system-out/>
  <testcase name="ASSTHB012a" time="28.481" classname="com.vrt.testcases.multipleassetHubAssetCreationTest"/>
  <system-out/>
  <testcase name="ASSTHB012a" time="23.235" classname="com.vrt.testcases.multipleassetHubAssetCreationTest"/>
  <system-out/>
  <testcase name="ASSTHB012a" time="21.961" classname="com.vrt.testcases.multipleassetHubAssetCreationTest"/>
  <system-out/>
  <testcase name="ASSTHB012a" time="25.905" classname="com.vrt.testcases.multipleassetHubAssetCreationTest"/>
  <system-out/>
  <testcase name="ASSTHB012a" time="23.531" classname="com.vrt.testcases.multipleassetHubAssetCreationTest"/>
  <system-out/>
  <testcase name="ASSTHB012a" time="28.429" classname="com.vrt.testcases.multipleassetHubAssetCreationTest"/>
  <system-out/>
  <testcase name="ASSTHB012a" time="24.080" classname="com.vrt.testcases.multipleassetHubAssetCreationTest"/>
  <system-out/>
  <testcase name="ASSTHB012a" time="23.727" classname="com.vrt.testcases.multipleassetHubAssetCreationTest"/>
  <system-out/>
  <testcase name="ASSTHB012a" time="30.263" classname="com.vrt.testcases.multipleassetHubAssetCreationTest"/>
  <system-out/>
  <testcase name="ASSTHB012a" time="32.252" classname="com.vrt.testcases.multipleassetHubAssetCreationTest"/>
  <system-out/>
  <testcase name="ASSTHB012a" time="21.751" classname="com.vrt.testcases.multipleassetHubAssetCreationTest"/>
  <system-out/>
  <testcase name="ASSTHB012a" time="23.466" classname="com.vrt.testcases.multipleassetHubAssetCreationTest"/>
  <system-out/>
  <testcase name="ASSTHB012a" time="25.257" classname="com.vrt.testcases.multipleassetHubAssetCreationTest"/>
  <system-out/>
  <testcase name="ASSTHB012a" time="24.767" classname="com.vrt.testcases.multipleassetHubAssetCreationTest"/>
  <system-out/>
  <testcase name="ASSTHB012a" time="22.456" classname="com.vrt.testcases.multipleassetHubAssetCreationTest"/>
  <system-out/>
  <testcase name="ASSTHB012a" time="24.864" classname="com.vrt.testcases.multipleassetHubAssetCreationTest"/>
  <system-out/>
  <testcase name="ASSTHB012a" time="24.923" classname="com.vrt.testcases.multipleassetHubAssetCreationTest"/>
  <system-out/>
  <testcase name="ASSTHB012a" time="23.664" classname="com.vrt.testcases.multipleassetHubAssetCreationTest"/>
  <system-out/>
  <testcase name="ASSTHB012a" time="24.799" classname="com.vrt.testcases.multipleassetHubAssetCreationTest"/>
  <system-out/>
  <testcase name="ASSTHB012a" time="23.629" classname="com.vrt.testcases.multipleassetHubAssetCreationTest"/>
  <system-out/>
  <testcase name="ASSTHB012a" time="23.980" classname="com.vrt.testcases.multipleassetHubAssetCreationTest"/>
  <system-out/>
  <testcase name="ASSTHB012a" time="23.492" classname="com.vrt.testcases.multipleassetHubAssetCreationTest"/>
  <system-out/>
  <testcase name="ASSTHB012a" time="27.799" classname="com.vrt.testcases.multipleassetHubAssetCreationTest"/>
  <system-out/>
  <testcase name="ASSTHB012a" time="32.167" classname="com.vrt.testcases.multipleassetHubAssetCreationTest"/>
  <system-out/>
  <testcase name="ASSTHB012a" time="23.102" classname="com.vrt.testcases.multipleassetHubAssetCreationTest"/>
  <system-out/>
  <testcase name="ASSTHB012a" time="28.402" classname="com.vrt.testcases.multipleassetHubAssetCreationTest"/>
  <system-out/>
  <testcase name="ASSTHB012a" time="24.362" classname="com.vrt.testcases.multipleassetHubAssetCreationTest"/>
  <system-out/>
  <testcase name="ASSTHB012a" time="30.227" classname="com.vrt.testcases.multipleassetHubAssetCreationTest"/>
  <system-out/>
  <testcase name="ASSTHB012a" time="27.007" classname="com.vrt.testcases.multipleassetHubAssetCreationTest"/>
  <system-out/>
  <testcase name="ASSTHB012a" time="28.232" classname="com.vrt.testcases.multipleassetHubAssetCreationTest"/>
  <system-out/>
  <testcase name="ASSTHB012a" time="23.266" classname="com.vrt.testcases.multipleassetHubAssetCreationTest"/>
  <system-out/>
  <testcase name="ASSTHB012a" time="24.411" classname="com.vrt.testcases.multipleassetHubAssetCreationTest"/>
  <system-out/>
  <testcase name="ASSTHB012a" time="29.947" classname="com.vrt.testcases.multipleassetHubAssetCreationTest"/>
  <system-out/>
  <testcase name="ASSTHB012a" time="31.334" classname="com.vrt.testcases.multipleassetHubAssetCreationTest"/>
  <system-out/>
  <testcase name="ASSTHB012a" time="24.116" classname="com.vrt.testcases.multipleassetHubAssetCreationTest"/>
  <system-out/>
  <testcase name="ASSTHB012a" time="23.475" classname="com.vrt.testcases.multipleassetHubAssetCreationTest"/>
  <system-out/>
  <testcase name="ASSTHB012a" time="26.752" classname="com.vrt.testcases.multipleassetHubAssetCreationTest"/>
  <system-out/>
  <testcase name="ASSTHB012a" time="24.467" classname="com.vrt.testcases.multipleassetHubAssetCreationTest"/>
  <system-out/>
  <testcase name="ASSTHB012a" time="28.941" classname="com.vrt.testcases.multipleassetHubAssetCreationTest"/>
  <system-out/>
  <testcase name="ASSTHB012a" time="28.716" classname="com.vrt.testcases.multipleassetHubAssetCreationTest"/>
  <system-out/>
  <testcase name="ASSTHB012a" time="25.599" classname="com.vrt.testcases.multipleassetHubAssetCreationTest"/>
  <system-out/>
  <testcase name="ASSTHB012a" time="21.577" classname="com.vrt.testcases.multipleassetHubAssetCreationTest"/>
  <system-out/>
  <testcase name="ASSTHB012a" time="27.461" classname="com.vrt.testcases.multipleassetHubAssetCreationTest"/>
  <system-out/>
  <testcase name="ASSTHB012a" time="23.238" classname="com.vrt.testcases.multipleassetHubAssetCreationTest"/>
  <system-out/>
  <testcase name="ASSTHB012a" time="28.495" classname="com.vrt.testcases.multipleassetHubAssetCreationTest"/>
  <system-out/>
  <testcase name="ASSTHB012a" time="22.626" classname="com.vrt.testcases.multipleassetHubAssetCreationTest"/>
  <system-out/>
  <testcase name="ASSTHB012a" time="24.485" classname="com.vrt.testcases.multipleassetHubAssetCreationTest"/>
  <system-out/>
  <testcase name="ASSTHB012a" time="24.143" classname="com.vrt.testcases.multipleassetHubAssetCreationTest"/>
  <system-out/>
  <testcase name="ASSTHB012a" time="21.855" classname="com.vrt.testcases.multipleassetHubAssetCreationTest"/>
  <system-out/>
  <testcase name="ASSTHB012a" time="25.797" classname="com.vrt.testcases.multipleassetHubAssetCreationTest"/>
  <system-out/>
  <testcase name="ASSTHB012a" time="26.922" classname="com.vrt.testcases.multipleassetHubAssetCreationTest"/>
  <system-out/>
  <testcase name="ASSTHB012a" time="29.313" classname="com.vrt.testcases.multipleassetHubAssetCreationTest"/>
  <system-out/>
  <testcase name="ASSTHB012a" time="22.054" classname="com.vrt.testcases.multipleassetHubAssetCreationTest"/>
  <system-out/>
  <testcase name="ASSTHB012a" time="24.574" classname="com.vrt.testcases.multipleassetHubAssetCreationTest"/>
  <system-out/>
  <testcase name="ASSTHB012a" time="24.792" classname="com.vrt.testcases.multipleassetHubAssetCreationTest"/>
  <system-out/>
  <testcase name="ASSTHB012a" time="22.727" classname="com.vrt.testcases.multipleassetHubAssetCreationTest"/>
  <system-out/>
  <testcase name="ASSTHB012a" time="29.241" classname="com.vrt.testcases.multipleassetHubAssetCreationTest"/>
  <system-out/>
  <testcase name="ASSTHB012a" time="24.055" classname="com.vrt.testcases.multipleassetHubAssetCreationTest"/>
  <system-out/>
  <testcase name="ASSTHB012a" time="22.399" classname="com.vrt.testcases.multipleassetHubAssetCreationTest"/>
  <system-out/>
  <testcase name="ASSTHB012a" time="21.967" classname="com.vrt.testcases.multipleassetHubAssetCreationTest"/>
  <system-out/>
  <testcase name="ASSTHB012a" time="29.040" classname="com.vrt.testcases.multipleassetHubAssetCreationTest"/>
  <system-out/>
  <testcase name="ASSTHB012a" time="22.180" classname="com.vrt.testcases.multipleassetHubAssetCreationTest"/>
  <system-out/>
  <testcase name="ASSTHB012a" time="29.448" classname="com.vrt.testcases.multipleassetHubAssetCreationTest"/>
  <system-out/>
  <testcase name="ASSTHB012a" time="24.140" classname="com.vrt.testcases.multipleassetHubAssetCreationTest"/>
  <system-out/>
  <testcase name="ASSTHB012a" time="29.423" classname="com.vrt.testcases.multipleassetHubAssetCreationTest"/>
  <system-out/>
  <testcase name="ASSTHB012a" time="22.810" classname="com.vrt.testcases.multipleassetHubAssetCreationTest"/>
  <system-out/>
  <testcase name="ASSTHB012a" time="28.031" classname="com.vrt.testcases.multipleassetHubAssetCreationTest"/>
  <system-out/>
  <testcase name="ASSTHB012a" time="30.709" classname="com.vrt.testcases.multipleassetHubAssetCreationTest"/>
  <system-out/>
  <testcase name="ASSTHB012a" time="27.655" classname="com.vrt.testcases.multipleassetHubAssetCreationTest"/>
  <system-out/>
  <testcase name="ASSTHB012a" time="27.984" classname="com.vrt.testcases.multipleassetHubAssetCreationTest"/>
  <system-out/>
  <testcase name="ASSTHB012a" time="21.728" classname="com.vrt.testcases.multipleassetHubAssetCreationTest"/>
  <system-out/>
  <testcase name="ASSTHB012a" time="25.988" classname="com.vrt.testcases.multipleassetHubAssetCreationTest"/>
  <system-out/>
  <testcase name="ASSTHB012a" time="23.043" classname="com.vrt.testcases.multipleassetHubAssetCreationTest"/>
  <system-out/>
  <testcase name="ASSTHB012a" time="26.922" classname="com.vrt.testcases.multipleassetHubAssetCreationTest"/>
  <system-out/>
  <testcase name="ASSTHB012a" time="24.913" classname="com.vrt.testcases.multipleassetHubAssetCreationTest"/>
  <system-out/>
  <testcase name="ASSTHB012a" time="26.645" classname="com.vrt.testcases.multipleassetHubAssetCreationTest"/>
  <system-out/>
  <testcase name="ASSTHB012a" time="23.940" classname="com.vrt.testcases.multipleassetHubAssetCreationTest"/>
  <system-out/>
  <testcase name="ASSTHB012a" time="27.246" classname="com.vrt.testcases.multipleassetHubAssetCreationTest"/>
  <system-out/>
  <testcase name="ASSTHB012a" time="28.842" classname="com.vrt.testcases.multipleassetHubAssetCreationTest"/>
  <system-out/>
  <testcase name="ASSTHB012a" time="28.918" classname="com.vrt.testcases.multipleassetHubAssetCreationTest"/>
  <system-out/>
  <testcase name="ASSTHB012a" time="22.669" classname="com.vrt.testcases.multipleassetHubAssetCreationTest"/>
  <system-out/>
  <testcase name="ASSTHB012a" time="24.613" classname="com.vrt.testcases.multipleassetHubAssetCreationTest"/>
  <system-out/>
  <testcase name="ASSTHB012a" time="30.986" classname="com.vrt.testcases.multipleassetHubAssetCreationTest"/>
  <system-out/>
  <testcase name="ASSTHB012a" time="30.945" classname="com.vrt.testcases.multipleassetHubAssetCreationTest"/>
  <system-out/>
  <testcase name="ASSTHB012a" time="29.572" classname="com.vrt.testcases.multipleassetHubAssetCreationTest"/>
  <system-out/>
  <testcase name="ASSTHB012a" time="22.994" classname="com.vrt.testcases.multipleassetHubAssetCreationTest"/>
  <system-out/>
  <testcase name="ASSTHB012a" time="26.892" classname="com.vrt.testcases.multipleassetHubAssetCreationTest"/>
  <system-out/>
  <testcase name="ASSTHB012a" time="27.701" classname="com.vrt.testcases.multipleassetHubAssetCreationTest"/>
  <system-out/>
  <testcase name="ASSTHB012a" time="26.012" classname="com.vrt.testcases.multipleassetHubAssetCreationTest"/>
  <system-out/>
  <testcase name="ASSTHB012a" time="22.284" classname="com.vrt.testcases.multipleassetHubAssetCreationTest"/>
  <system-out/>
  <testcase name="ASSTHB012a" time="22.148" classname="com.vrt.testcases.multipleassetHubAssetCreationTest"/>
  <system-out/>
  <testcase name="ASSTHB012a" time="25.002" classname="com.vrt.testcases.multipleassetHubAssetCreationTest"/>
  <system-out/>
  <testcase name="ASSTHB012a" time="25.794" classname="com.vrt.testcases.multipleassetHubAssetCreationTest"/>
  <system-out/>
  <testcase name="ASSTHB012a" time="26.210" classname="com.vrt.testcases.multipleassetHubAssetCreationTest"/>
  <system-out/>
  <testcase name="ASSTHB012a" time="23.888" classname="com.vrt.testcases.multipleassetHubAssetCreationTest"/>
  <system-out/>
  <testcase name="ASSTHB012a" time="22.366" classname="com.vrt.testcases.multipleassetHubAssetCreationTest"/>
  <system-out/>
  <testcase name="ASSTHB012a" time="25.982" classname="com.vrt.testcases.multipleassetHubAssetCreationTest"/>
  <system-out/>
  <testcase name="ASSTHB012a" time="24.937" classname="com.vrt.testcases.multipleassetHubAssetCreationTest"/>
  <system-out/>
  <testcase name="ASSTHB012a" time="29.772" classname="com.vrt.testcases.multipleassetHubAssetCreationTest"/>
  <system-out/>
</testsuite> <!-- com.vrt.testcases.multipleassetHubAssetCreationTest -->
