<?xml version="1.0" encoding="UTF-8"?>
<!-- Generated by org.testng.reporters.JUnitReportReporter -->
<testsuite skipped="0" hostname="AASHYD-4B6B2X2" name="com.vrt.testcases.assetDetailsTest2" tests="9" failures="0" timestamp="07 Aug 2020 19:21:50 GMT" time="194.006" errors="0">
  <testcase name="ASST001" time="10.729" classname="com.vrt.testcases.assetDetailsTest2"/>
  <testcase name="ASST003" time="21.483" classname="com.vrt.testcases.assetDetailsTest2"/>
  <testcase name="ASST002" time="23.449" classname="com.vrt.testcases.assetDetailsTest2"/>
  <testcase name="ASST004" time="23.498" classname="com.vrt.testcases.assetDetailsTest2"/>
  <testcase name="ASST006" time="22.602" classname="com.vrt.testcases.assetDetailsTest2"/>
  <testcase name="ASST005" time="23.770" classname="com.vrt.testcases.assetDetailsTest2"/>
  <testcase name="ASST007" time="23.087" classname="com.vrt.testcases.assetDetailsTest2"/>
  <testcase name="ASST008" time="20.416" classname="com.vrt.testcases.assetDetailsTest2"/>
  <testcase name="ASST009" time="24.972" classname="com.vrt.testcases.assetDetailsTest2"/>
</testsuite> <!-- com.vrt.testcases.assetDetailsTest2 -->
