<?xml version="1.0" encoding="UTF-8"?>
<!-- Generated by org.testng.reporters.JUnitReportReporter -->
<testsuite skipped="0" hostname="AASHYD-4B6B2X2" name="com.vrt.testcases.setup_CalculationTest" tests="1" failures="0" timestamp="2020-12-16T17:27:44 IST" time="28.925" errors="0">
  <testcase name="CAL036" time="28.925" classname="com.vrt.testcases.setup_CalculationTest"/>
  <system-out/>
</testsuite> <!-- com.vrt.testcases.setup_CalculationTest -->
