<?xml version="1.0" encoding="UTF-8"?>
<!-- Generated by org.testng.reporters.JUnitReportReporter -->
<testsuite skipped="0" hostname="INAS-LP024" name="com.vrt.testcases.setup_CreationTest" tests="30" failures="0" timestamp="2020-11-06T15:18:14 IST" time="4023.589" errors="0">
  <testcase name="MultipleSETUP01" time="139.318" classname="com.vrt.testcases.setup_CreationTest"/>
  <system-out/>
  <testcase name="MultipleSETUP01" time="135.257" classname="com.vrt.testcases.setup_CreationTest"/>
  <system-out/>
  <testcase name="MultipleSETUP01" time="125.685" classname="com.vrt.testcases.setup_CreationTest"/>
  <system-out/>
  <testcase name="MultipleSETUP01" time="137.793" classname="com.vrt.testcases.setup_CreationTest"/>
  <system-out/>
  <testcase name="MultipleSETUP01" time="121.620" classname="com.vrt.testcases.setup_CreationTest"/>
  <system-out/>
  <testcase name="MultipleSETUP01" time="124.372" classname="com.vrt.testcases.setup_CreationTest"/>
  <system-out/>
  <testcase name="MultipleSETUP01" time="149.690" classname="com.vrt.testcases.setup_CreationTest"/>
  <system-out/>
  <testcase name="MultipleSETUP01" time="131.047" classname="com.vrt.testcases.setup_CreationTest"/>
  <system-out/>
  <testcase name="MultipleSETUP01" time="143.988" classname="com.vrt.testcases.setup_CreationTest"/>
  <system-out/>
  <testcase name="MultipleSETUP01" time="146.102" classname="com.vrt.testcases.setup_CreationTest"/>
  <system-out/>
  <testcase name="MultipleSETUP01" time="128.606" classname="com.vrt.testcases.setup_CreationTest"/>
  <system-out/>
  <testcase name="MultipleSETUP01" time="120.804" classname="com.vrt.testcases.setup_CreationTest"/>
  <system-out/>
  <testcase name="MultipleSETUP01" time="131.320" classname="com.vrt.testcases.setup_CreationTest"/>
  <system-out/>
  <testcase name="MultipleSETUP01" time="120.319" classname="com.vrt.testcases.setup_CreationTest"/>
  <system-out/>
  <testcase name="MultipleSETUP01" time="136.757" classname="com.vrt.testcases.setup_CreationTest"/>
  <system-out/>
  <testcase name="MultipleSETUP01" time="122.302" classname="com.vrt.testcases.setup_CreationTest"/>
  <system-out/>
  <testcase name="MultipleSETUP01" time="139.479" classname="com.vrt.testcases.setup_CreationTest"/>
  <system-out/>
  <testcase name="MultipleSETUP01" time="150.410" classname="com.vrt.testcases.setup_CreationTest"/>
  <system-out/>
  <testcase name="MultipleSETUP01" time="129.085" classname="com.vrt.testcases.setup_CreationTest"/>
  <system-out/>
  <testcase name="MultipleSETUP01" time="126.793" classname="com.vrt.testcases.setup_CreationTest"/>
  <system-out/>
  <testcase name="MultipleSETUP01" time="133.842" classname="com.vrt.testcases.setup_CreationTest"/>
  <system-out/>
  <testcase name="MultipleSETUP01" time="142.251" classname="com.vrt.testcases.setup_CreationTest"/>
  <system-out/>
  <testcase name="MultipleSETUP01" time="154.887" classname="com.vrt.testcases.setup_CreationTest"/>
  <system-out/>
  <testcase name="MultipleSETUP01" time="119.276" classname="com.vrt.testcases.setup_CreationTest"/>
  <system-out/>
  <testcase name="MultipleSETUP01" time="126.398" classname="com.vrt.testcases.setup_CreationTest"/>
  <system-out/>
  <testcase name="MultipleSETUP01" time="134.484" classname="com.vrt.testcases.setup_CreationTest"/>
  <system-out/>
  <testcase name="MultipleSETUP01" time="142.063" classname="com.vrt.testcases.setup_CreationTest"/>
  <system-out/>
  <testcase name="MultipleSETUP01" time="137.452" classname="com.vrt.testcases.setup_CreationTest"/>
  <system-out/>
  <testcase name="MultipleSETUP01" time="135.834" classname="com.vrt.testcases.setup_CreationTest"/>
  <system-out/>
  <testcase name="MultipleSETUP01" time="136.355" classname="com.vrt.testcases.setup_CreationTest"/>
  <system-out/>
</testsuite> <!-- com.vrt.testcases.setup_CreationTest -->
