<?xml version="1.0" encoding="UTF-8"?>
<!-- Generated by org.testng.reporters.JUnitReportReporter -->
<testsuite skipped="0" hostname="DESKTOP-IH5DTV2" name="com.vrt.testcases.HitNTrialTests" tests="1" failures="0" timestamp="2020-07-17T14:10:21 IST" time="3.928" errors="0">
  <testcase name="ADMN062" time="3.928" classname="com.vrt.testcases.HitNTrialTests"/>
  <system-out/>
</testsuite> <!-- com.vrt.testcases.HitNTrialTests -->
