<?xml version="1.0" encoding="UTF-8"?>
<!-- Generated by org.testng.reporters.JUnitReportReporter -->
<testsuite skipped="0" hostname="AASHYD-4B6B2X2" name="com.vrt.testcases.assetDetailsTest2" tests="10" failures="0" timestamp="2020-11-09T23:11:15 IST" time="206.831" errors="0">
  <testcase name="ASST001" time="29.110" classname="com.vrt.testcases.assetDetailsTest2"/>
  <system-out/>
  <testcase name="ASST004" time="20.457" classname="com.vrt.testcases.assetDetailsTest2"/>
  <system-out/>
  <testcase name="ASST005" time="20.108" classname="com.vrt.testcases.assetDetailsTest2"/>
  <system-out/>
  <testcase name="ASST007" time="20.383" classname="com.vrt.testcases.assetDetailsTest2"/>
  <system-out/>
  <testcase name="ASST001A" time="11.205" classname="com.vrt.testcases.assetDetailsTest2"/>
  <system-out/>
  <testcase name="ASST006" time="22.251" classname="com.vrt.testcases.assetDetailsTest2"/>
  <system-out/>
  <testcase name="ASST002" time="20.881" classname="com.vrt.testcases.assetDetailsTest2"/>
  <system-out/>
  <testcase name="ASST008" time="19.730" classname="com.vrt.testcases.assetDetailsTest2"/>
  <system-out/>
  <testcase name="ASST009" time="22.291" classname="com.vrt.testcases.assetDetailsTest2"/>
  <system-out/>
  <testcase name="ASST003" time="20.415" classname="com.vrt.testcases.assetDetailsTest2"/>
  <system-out/>
</testsuite> <!-- com.vrt.testcases.assetDetailsTest2 -->
