<?xml version="1.0" encoding="UTF-8"?>
<!-- Generated by org.testng.reporters.JUnitReportReporter -->
<testsuite skipped="0" hostname="INAS-LP024" name="com.vrt.testcases.assetHubTest" tests="1" failures="0" timestamp="2019-11-25T20:09:26 IST" time="31.658" errors="0">
  <testcase name="ASSTHB006b" time="31.658" classname="com.vrt.testcases.assetHubTest"/>
</testsuite> <!-- com.vrt.testcases.assetHubTest -->
