<?xml version="1.0" encoding="UTF-8"?>
<!-- Generated by org.testng.reporters.JUnitReportReporter -->
<testsuite skipped="0" hostname="AASHYD-4B6B2X2" name="com.vrt.testcases.assetHubTest" tests="12" failures="0" timestamp="2020-11-09T23:11:15 IST" time="177.423" errors="0">
  <testcase name="ASSTHB001" time="6.655" classname="com.vrt.testcases.assetHubTest"/>
  <system-out/>
  <testcase name="ASSTHB009" time="18.999" classname="com.vrt.testcases.assetHubTest"/>
  <system-out/>
  <testcase name="ASSTHB007" time="8.263" classname="com.vrt.testcases.assetHubTest"/>
  <system-out/>
  <testcase name="ASSTHB004" time="6.862" classname="com.vrt.testcases.assetHubTest"/>
  <system-out/>
  <testcase name="ASSTHB002" time="6.826" classname="com.vrt.testcases.assetHubTest"/>
  <system-out/>
  <testcase name="ASSTHB011" time="10.383" classname="com.vrt.testcases.assetHubTest"/>
  <system-out/>
  <testcase name="ASSTHB005" time="9.502" classname="com.vrt.testcases.assetHubTest"/>
  <system-out/>
  <testcase name="ASSTHB010" time="24.484" classname="com.vrt.testcases.assetHubTest"/>
  <system-out/>
  <testcase name="ASSTHB008" time="23.458" classname="com.vrt.testcases.assetHubTest"/>
  <system-out/>
  <testcase name="ASSTHB003" time="6.861" classname="com.vrt.testcases.assetHubTest"/>
  <system-out/>
  <testcase name="ASSTHB006a" time="28.216" classname="com.vrt.testcases.assetHubTest"/>
  <system-out/>
  <testcase name="ASSTHB006b" time="26.914" classname="com.vrt.testcases.assetHubTest"/>
  <system-out/>
</testsuite> <!-- com.vrt.testcases.assetHubTest -->
