<?xml version="1.0" encoding="UTF-8"?>
<!-- Generated by org.testng.reporters.JUnitReportReporter -->
<testsuite skipped="0" hostname="INAS-LP024" name="com.vrt.testcases.UM2" tests="53" failures="0" timestamp="2020-10-05T20:19:58 IST" time="637.613" errors="0">
  <testcase name="ADMN077B" time="10.741" classname="com.vrt.testcases.UM2"/>
  <system-out/>
  <testcase name="ADMN046" time="12.691" classname="com.vrt.testcases.UM2"/>
  <system-out/>
  <testcase name="ADMN077A" time="9.981" classname="com.vrt.testcases.UM2"/>
  <system-out/>
  <testcase name="ADMN054A" time="10.369" classname="com.vrt.testcases.UM2"/>
  <system-out/>
  <testcase name="ADMN116" time="10.695" classname="com.vrt.testcases.UM2"/>
  <system-out/>
  <testcase name="ADMN080" time="12.079" classname="com.vrt.testcases.UM2"/>
  <system-out/>
  <testcase name="ADMN047" time="11.307" classname="com.vrt.testcases.UM2"/>
  <system-out/>
  <testcase name="ADMN117B" time="10.822" classname="com.vrt.testcases.UM2"/>
  <system-out/>
  <testcase name="ADMN086" time="10.268" classname="com.vrt.testcases.UM2"/>
  <system-out/>
  <testcase name="ADMN048B" time="21.088" classname="com.vrt.testcases.UM2"/>
  <system-out/>
  <testcase name="ADMN074A" time="11.916" classname="com.vrt.testcases.UM2"/>
  <system-out/>
  <testcase name="ADMN109" time="9.781" classname="com.vrt.testcases.UM2"/>
  <system-out/>
  <testcase name="ADMN118" time="12.604" classname="com.vrt.testcases.UM2"/>
  <system-out/>
  <testcase name="ADMN119" time="17.614" classname="com.vrt.testcases.UM2"/>
  <system-out/>
  <testcase name="ADMN088" time="10.755" classname="com.vrt.testcases.UM2"/>
  <system-out/>
  <testcase name="ADMN052" time="6.921" classname="com.vrt.testcases.UM2"/>
  <system-out/>
  <testcase name="ADMN050" time="9.803" classname="com.vrt.testcases.UM2"/>
  <system-out/>
  <testcase name="ADMN106" time="11.597" classname="com.vrt.testcases.UM2"/>
  <system-out/>
  <testcase name="ADMN078" time="15.662" classname="com.vrt.testcases.UM2"/>
  <system-out/>
  <testcase name="ADMN094A" time="9.576" classname="com.vrt.testcases.UM2"/>
  <system-out/>
  <testcase name="ADMN050A" time="15.659" classname="com.vrt.testcases.UM2"/>
  <system-out/>
  <testcase name="ADMN133" time="10.619" classname="com.vrt.testcases.UM2"/>
  <system-out/>
  <testcase name="ADMN109A" time="9.509" classname="com.vrt.testcases.UM2"/>
  <system-out/>
  <testcase name="ADMN073" time="12.221" classname="com.vrt.testcases.UM2"/>
  <system-out/>
  <testcase name="ADMN053" time="10.483" classname="com.vrt.testcases.UM2"/>
  <system-out/>
  <testcase name="ADMN062" time="23.555" classname="com.vrt.testcases.UM2"/>
  <system-out/>
  <testcase name="ADMN119A" time="18.124" classname="com.vrt.testcases.UM2"/>
  <system-out/>
  <testcase name="ADMN117A" time="8.063" classname="com.vrt.testcases.UM2"/>
  <system-out/>
  <testcase name="ADMN072" time="16.904" classname="com.vrt.testcases.UM2"/>
  <system-out/>
  <testcase name="ADMN108" time="6.653" classname="com.vrt.testcases.UM2"/>
  <system-out/>
  <testcase name="ADMN105" time="12.304" classname="com.vrt.testcases.UM2"/>
  <system-out/>
  <testcase name="ADMN076" time="12.244" classname="com.vrt.testcases.UM2"/>
  <system-out/>
  <testcase name="ADMN082" time="25.048" classname="com.vrt.testcases.UM2"/>
  <system-out/>
  <testcase name="ADMN059" time="10.456" classname="com.vrt.testcases.UM2"/>
  <system-out/>
  <testcase name="ADMN083" time="9.430" classname="com.vrt.testcases.UM2"/>
  <system-out/>
  <testcase name="ADMN064" time="9.286" classname="com.vrt.testcases.UM2"/>
  <system-out/>
  <testcase name="ADMN100" time="11.792" classname="com.vrt.testcases.UM2"/>
  <system-out/>
  <testcase name="ADMN094" time="9.749" classname="com.vrt.testcases.UM2"/>
  <system-out/>
  <testcase name="ADMN097" time="14.005" classname="com.vrt.testcases.UM2"/>
  <system-out/>
  <testcase name="ADMN099" time="16.039" classname="com.vrt.testcases.UM2"/>
  <system-out/>
  <testcase name="ADMN049" time="9.763" classname="com.vrt.testcases.UM2"/>
  <system-out/>
  <testcase name="ADMN055" time="10.386" classname="com.vrt.testcases.UM2"/>
  <system-out/>
  <testcase name="ADMN084" time="6.714" classname="com.vrt.testcases.UM2"/>
  <system-out/>
  <testcase name="ADMN119B" time="18.004" classname="com.vrt.testcases.UM2"/>
  <system-out/>
  <testcase name="ADMN107" time="9.612" classname="com.vrt.testcases.UM2"/>
  <system-out/>
  <testcase name="ADMN054" time="7.487" classname="com.vrt.testcases.UM2"/>
  <system-out/>
  <testcase name="ADMN074" time="15.756" classname="com.vrt.testcases.UM2"/>
  <system-out/>
  <testcase name="ADMN048A" time="14.577" classname="com.vrt.testcases.UM2"/>
  <system-out/>
  <testcase name="ADMN115" time="6.794" classname="com.vrt.testcases.UM2"/>
  <system-out/>
  <testcase name="ADMN075" time="6.813" classname="com.vrt.testcases.UM2"/>
  <system-out/>
  <testcase name="ADMN101" time="10.737" classname="com.vrt.testcases.UM2"/>
  <system-out/>
  <testcase name="ADMN098" time="12.146" classname="com.vrt.testcases.UM2"/>
  <system-out/>
  <testcase name="ADMN096" time="10.411" classname="com.vrt.testcases.UM2"/>
  <system-out/>
</testsuite> <!-- com.vrt.testcases.UM2 -->
