<?xml version="1.0" encoding="UTF-8"?>
<!-- Generated by org.testng.reporters.JUnitReportReporter -->
<testsuite skipped="0" hostname="DESKTOP-IH5DTV2" name="com.vrt.testcases.UM3" tests="1" failures="0" timestamp="2020-07-17T23:57:26 IST" time="16.327" errors="0">
  <testcase name="CADMN5" time="16.327" classname="com.vrt.testcases.UM3"/>
  <system-out/>
</testsuite> <!-- com.vrt.testcases.UM3 -->
