<?xml version="1.0" encoding="UTF-8"?>
<!-- Generated by org.testng.reporters.JUnitReportReporter -->
<testsuite skipped="1" hostname="DESKTOP-IH5DTV2" name="com.vrt.testcases.setup_GroupSensorsTest" tests="69" failures="0" timestamp="2021-07-08T13:53:08 IST" time="2218.564" errors="1">
  <testcase name="GS055" time="30.102" classname="com.vrt.testcases.setup_GroupSensorsTest"/>
  <system-out/>
  <testcase name="GS039" time="42.363" classname="com.vrt.testcases.setup_GroupSensorsTest"/>
  <system-out/>
  <testcase name="GS013" time="29.452" classname="com.vrt.testcases.setup_GroupSensorsTest"/>
  <system-out/>
  <testcase name="GS024" time="28.572" classname="com.vrt.testcases.setup_GroupSensorsTest"/>
  <system-out/>
  <testcase name="GS013" time="30.080" classname="com.vrt.testcases.setup_GroupSensorsTest"/>
  <system-out/>
  <testcase name="GS045" time="33.088" classname="com.vrt.testcases.setup_GroupSensorsTest"/>
  <system-out/>
  <testcase name="GS061" time="52.300" classname="com.vrt.testcases.setup_GroupSensorsTest"/>
  <system-out/>
  <testcase name="GS042" time="30.840" classname="com.vrt.testcases.setup_GroupSensorsTest"/>
  <system-out/>
  <testcase name="GS009" time="34.438" classname="com.vrt.testcases.setup_GroupSensorsTest"/>
  <system-out/>
  <testcase name="GS005_1" time="31.730" classname="com.vrt.testcases.setup_GroupSensorsTest"/>
  <system-out/>
  <testcase name="GS053" time="35.845" classname="com.vrt.testcases.setup_GroupSensorsTest"/>
  <system-out/>
  <testcase name="GS051" time="33.970" classname="com.vrt.testcases.setup_GroupSensorsTest"/>
  <system-out/>
  <testcase name="GS016" time="30.141" classname="com.vrt.testcases.setup_GroupSensorsTest"/>
  <system-out/>
  <testcase name="GS057" time="30.456" classname="com.vrt.testcases.setup_GroupSensorsTest"/>
  <system-out/>
  <testcase name="GS028" time="31.000" classname="com.vrt.testcases.setup_GroupSensorsTest"/>
  <system-out/>
  <testcase name="GS008" time="27.831" classname="com.vrt.testcases.setup_GroupSensorsTest"/>
  <system-out/>
  <testcase name="GS025" time="27.633" classname="com.vrt.testcases.setup_GroupSensorsTest"/>
  <system-out/>
  <testcase name="GS005" time="34.219" classname="com.vrt.testcases.setup_GroupSensorsTest"/>
  <system-out/>
  <testcase name="GS043" time="31.756" classname="com.vrt.testcases.setup_GroupSensorsTest"/>
  <system-out/>
  <testcase name="SC108" time="27.271" classname="com.vrt.testcases.setup_GroupSensorsTest"/>
  <system-out/>
  <testcase name="GS054" time="32.227" classname="com.vrt.testcases.setup_GroupSensorsTest"/>
  <system-out/>
  <testcase name="GS004" time="34.122" classname="com.vrt.testcases.setup_GroupSensorsTest"/>
  <system-out/>
  <testcase name="GS018" time="28.477" classname="com.vrt.testcases.setup_GroupSensorsTest"/>
  <system-out/>
  <testcase name="GS065" time="30.036" classname="com.vrt.testcases.setup_GroupSensorsTest"/>
  <system-out/>
  <testcase name="GS027" time="34.711" classname="com.vrt.testcases.setup_GroupSensorsTest"/>
  <system-out/>
  <testcase name="GS023" time="52.525" classname="com.vrt.testcases.setup_GroupSensorsTest"/>
  <system-out/>
  <testcase name="GS026" time="27.820" classname="com.vrt.testcases.setup_GroupSensorsTest"/>
  <system-out/>
  <testcase name="GS007" time="38.985" classname="com.vrt.testcases.setup_GroupSensorsTest"/>
  <system-out/>
  <testcase name="GS010" time="33.793" classname="com.vrt.testcases.setup_GroupSensorsTest"/>
  <system-out/>
  <testcase name="GS046" time="33.385" classname="com.vrt.testcases.setup_GroupSensorsTest"/>
  <system-out/>
  <testcase name="GS050" time="32.950" classname="com.vrt.testcases.setup_GroupSensorsTest"/>
  <system-out/>
  <testcase name="GS021" time="33.245" classname="com.vrt.testcases.setup_GroupSensorsTest"/>
  <system-out/>
  <testcase name="GS014B" time="39.018" classname="com.vrt.testcases.setup_GroupSensorsTest"/>
  <system-out/>
  <testcase name="GS020" time="27.571" classname="com.vrt.testcases.setup_GroupSensorsTest"/>
  <system-out/>
  <testcase name="GS064" time="31.064" classname="com.vrt.testcases.setup_GroupSensorsTest"/>
  <system-out/>
  <testcase name="GS029" time="36.972" classname="com.vrt.testcases.setup_GroupSensorsTest"/>
  <system-out/>
  <testcase name="GS011" time="33.630" classname="com.vrt.testcases.setup_GroupSensorsTest"/>
  <system-out/>
  <testcase name="GS032" time="35.981" classname="com.vrt.testcases.setup_GroupSensorsTest"/>
  <system-out/>
  <testcase name="GS058" time="34.547" classname="com.vrt.testcases.setup_GroupSensorsTest"/>
  <system-out/>
  <testcase name="GS030" time="42.889" classname="com.vrt.testcases.setup_GroupSensorsTest"/>
  <system-out/>
  <testcase name="GS044" time="32.936" classname="com.vrt.testcases.setup_GroupSensorsTest"/>
  <system-out/>
  <testcase name="GS017" time="29.844" classname="com.vrt.testcases.setup_GroupSensorsTest"/>
  <system-out/>
  <testcase name="GS022" time="29.956" classname="com.vrt.testcases.setup_GroupSensorsTest"/>
  <system-out/>
  <testcase name="GS019" time="27.310" classname="com.vrt.testcases.setup_GroupSensorsTest"/>
  <system-out/>
  <testcase name="GS037" time="30.324" classname="com.vrt.testcases.setup_GroupSensorsTest"/>
  <system-out/>
  <testcase name="GS075" time="29.236" classname="com.vrt.testcases.setup_GroupSensorsTest"/>
  <system-out/>
  <testcase name="GS001" time="31.778" classname="com.vrt.testcases.setup_GroupSensorsTest"/>
  <system-out/>
  <testcase name="GS043_1" time="32.195" classname="com.vrt.testcases.setup_GroupSensorsTest"/>
  <system-out/>
  <testcase name="GS036" time="30.975" classname="com.vrt.testcases.setup_GroupSensorsTest"/>
  <system-out/>
  <testcase name="SC106" time="26.668" classname="com.vrt.testcases.setup_GroupSensorsTest"/>
  <system-out/>
  <testcase name="GS014" time="19.214" classname="com.vrt.testcases.setup_GroupSensorsTest">
    <skipped/>
  </testcase> <!-- GS014 -->
  <system-out/>
  <testcase name="GS080" time="20.237" classname="com.vrt.testcases.setup_GroupSensorsTest">
    <error type="org.testng.TestNGException" message="
Method public void com.vrt.testcases.setup_GroupSensorsTest.GS080(java.lang.String) throws java.lang.InterruptedException,java.io.IOException requires a @DataProvider named : SET033 in class com.vrt.utility.setupCreationUtility">
      <![CDATA[org.testng.TestNGException: 
Method public void com.vrt.testcases.setup_GroupSensorsTest.GS080(java.lang.String) throws java.lang.InterruptedException,java.io.IOException requires a @DataProvider named : SET033 in class com.vrt.utility.setupCreationUtility
at org.testng.internal.Parameters.findDataProvider(Parameters.java:559)
at org.testng.internal.Parameters.handleParameters(Parameters.java:772)
at org.testng.internal.Parameters.handleParameters(Parameters.java:740)
at org.testng.internal.ParameterHandler.handleParameters(ParameterHandler.java:59)
at org.testng.internal.ParameterHandler.createParameters(ParameterHandler.java:38)
at org.testng.internal.TestInvoker$MethodInvocationAgent.invoke(TestInvoker.java:788)
at org.testng.internal.TestInvoker.invokeTestMethods(TestInvoker.java:147)
at org.testng.internal.TestMethodWorker.invokeTestMethods(TestMethodWorker.java:146)
at org.testng.internal.TestMethodWorker.run(TestMethodWorker.java:128)
at java.util.ArrayList.forEach(ArrayList.java:1257)
at org.testng.TestRunner.privateRun(TestRunner.java:767)
at org.testng.TestRunner.run(TestRunner.java:588)
at org.testng.SuiteRunner.runTest(SuiteRunner.java:384)
at org.testng.SuiteRunner.runSequentially(SuiteRunner.java:378)
at org.testng.SuiteRunner.privateRun(SuiteRunner.java:337)
at org.testng.SuiteRunner.run(SuiteRunner.java:286)
at org.testng.SuiteRunnerWorker.runSuite(SuiteRunnerWorker.java:53)
at org.testng.SuiteRunnerWorker.run(SuiteRunnerWorker.java:96)
at org.testng.TestNG.runSuitesSequentially(TestNG.java:1214)
at org.testng.TestNG.runSuitesLocally(TestNG.java:1136)
at org.testng.TestNG.runSuites(TestNG.java:1066)
at org.testng.TestNG.run(TestNG.java:1034)
at org.testng.remote.AbstractRemoteTestNG.run(AbstractRemoteTestNG.java:115)
at org.testng.remote.RemoteTestNG.initAndRun(RemoteTestNG.java:251)
at org.testng.remote.RemoteTestNG.main(RemoteTestNG.java:77)
]]>
    </error>
  </testcase> <!-- GS080 -->
  <system-out/>
  <testcase name="GS062" time="32.097" classname="com.vrt.testcases.setup_GroupSensorsTest"/>
  <system-out/>
  <testcase name="GS015" time="30.838" classname="com.vrt.testcases.setup_GroupSensorsTest"/>
  <system-out/>
  <testcase name="GS012" time="40.141" classname="com.vrt.testcases.setup_GroupSensorsTest"/>
  <system-out/>
  <testcase name="SC107" time="29.283" classname="com.vrt.testcases.setup_GroupSensorsTest"/>
  <system-out/>
  <testcase name="GS049" time="32.357" classname="com.vrt.testcases.setup_GroupSensorsTest"/>
  <system-out/>
  <testcase name="GS013" time="30.190" classname="com.vrt.testcases.setup_GroupSensorsTest"/>
  <system-out/>
  <testcase name="GS048" time="33.800" classname="com.vrt.testcases.setup_GroupSensorsTest"/>
  <system-out/>
  <testcase name="GS006" time="35.354" classname="com.vrt.testcases.setup_GroupSensorsTest"/>
  <system-out/>
  <testcase name="GS033" time="46.678" classname="com.vrt.testcases.setup_GroupSensorsTest"/>
  <system-out/>
  <testcase name="GS003" time="37.833" classname="com.vrt.testcases.setup_GroupSensorsTest"/>
  <system-out/>
  <testcase name="GS002" time="37.712" classname="com.vrt.testcases.setup_GroupSensorsTest"/>
  <system-out/>
  <testcase name="GS073" time="26.255" classname="com.vrt.testcases.setup_GroupSensorsTest"/>
  <system-out/>
  <testcase name="GS063" time="35.131" classname="com.vrt.testcases.setup_GroupSensorsTest"/>
  <system-out/>
  <testcase name="GS056" time="29.236" classname="com.vrt.testcases.setup_GroupSensorsTest"/>
  <system-out/>
  <testcase name="GS074" time="28.674" classname="com.vrt.testcases.setup_GroupSensorsTest"/>
  <system-out/>
  <testcase name="GS047" time="12.703" classname="com.vrt.testcases.setup_GroupSensorsTest"/>
  <system-out/>
  <testcase name="GS031" time="12.574" classname="com.vrt.testcases.setup_GroupSensorsTest"/>
  <system-out/>
</testsuite> <!-- com.vrt.testcases.setup_GroupSensorsTest -->
