<?xml version="1.0" encoding="UTF-8"?>
<!-- Generated by org.testng.reporters.JUnitReportReporter -->
<testsuite skipped="6" hostname="INAS-LP024" name="com.vrt.testcases.UM1" tests="95" failures="0" timestamp="2020-07-16T03:45:14 IST" time="1766.008" errors="1">
  <testcase name="ADMN011" time="16.979" classname="com.vrt.testcases.UM1"/>
  <testcase name="ADMN011A" time="11.079" classname="com.vrt.testcases.UM1"/>
  <testcase name="ADMN133" time="11.209" classname="com.vrt.testcases.UM1"/>
  <testcase name="ADMN010" time="17.494" classname="com.vrt.testcases.UM1"/>
  <testcase name="ADMN036B" time="16.317" classname="com.vrt.testcases.UM1"/>
  <testcase name="ADMN069B" time="36.858" classname="com.vrt.testcases.UM1">
    <skipped/>
  </testcase> <!-- ADMN069B -->
  <testcase name="ADMN010" time="17.553" classname="com.vrt.testcases.UM1"/>
  <testcase name="ADMN069B" time="33.170" classname="com.vrt.testcases.UM1">
    <skipped/>
  </testcase> <!-- ADMN069B -->
  <testcase name="ADMN014" time="17.750" classname="com.vrt.testcases.UM1"/>
  <testcase name="ADMN128" time="15.192" classname="com.vrt.testcases.UM1"/>
  <testcase name="ADMN129" time="16.525" classname="com.vrt.testcases.UM1"/>
  <testcase name="ADMN022" time="16.975" classname="com.vrt.testcases.UM1"/>
  <testcase name="ADMN037D" time="18.077" classname="com.vrt.testcases.UM1"/>
  <testcase name="ADMN069H" time="14.308" classname="com.vrt.testcases.UM1"/>
  <testcase name="ADMN037E" time="18.443" classname="com.vrt.testcases.UM1"/>
  <testcase name="ADMN017a" time="12.261" classname="com.vrt.testcases.UM1"/>
  <testcase name="ADMN132" time="11.434" classname="com.vrt.testcases.UM1"/>
  <testcase name="ADMN035" time="13.978" classname="com.vrt.testcases.UM1"/>
  <testcase name="ADMN037G" time="32.540" classname="com.vrt.testcases.UM1"/>
  <testcase name="ADMN043" time="14.252" classname="com.vrt.testcases.UM1"/>
  <testcase name="ADMN036A" time="29.638" classname="com.vrt.testcases.UM1"/>
  <testcase name="ADMN014A" time="26.602" classname="com.vrt.testcases.UM1"/>
  <testcase name="ADMN069C" time="16.084" classname="com.vrt.testcases.UM1"/>
  <testcase name="ADMN028" time="19.062" classname="com.vrt.testcases.UM1"/>
  <testcase name="ADMN039A" time="22.588" classname="com.vrt.testcases.UM1"/>
  <testcase name="ADMN034D" time="19.590" classname="com.vrt.testcases.UM1"/>
  <testcase name="ADMN069F" time="16.699" classname="com.vrt.testcases.UM1"/>
  <testcase name="ADMN067B" time="19.126" classname="com.vrt.testcases.UM1"/>
  <testcase name="ADMN034" time="28.672" classname="com.vrt.testcases.UM1"/>
  <testcase name="ADMN069B" time="33.267" classname="com.vrt.testcases.UM1">
    <error type="org.openqa.selenium.NoSuchElementException" message="An element could not be located on the page using the given search parameters. (WARNING: The server did not provide any stacktrace information)
Command duration or timeout: 0 milliseconds
For documentation on this error, please visit: https://www.seleniumhq.org/exceptions/no_such_element.html
Build info: version: &#039;3.141.59&#039;, revision: &#039;e82be7d358&#039;, time: &#039;2018-11-14T08:17:03&#039;
System info: host: &#039;INAS-LP024&#039;, ip: &#039;192.168.47.1&#039;, os.name: &#039;Windows 10&#039;, os.arch: &#039;amd64&#039;, os.version: &#039;10.0&#039;, java.version: &#039;1.8.0_181&#039;
Driver info: io.appium.java_client.windows.WindowsDriver
Capabilities {app: Kaye.ValProbeRT_racmveb2qnw..., javascriptEnabled: true, ms:waitForAppLaunch: 10, platform: WINDOWS, platformName: WINDOWS}
Session ID: 4EF37B99-7D4D-41A4-AD2D-BDC172E7B1BA
*** Element info: {Using=name, value=Enter User Credentials}">
      <![CDATA[org.openqa.selenium.NoSuchElementException: An element could not be located on the page using the given search parameters. (WARNING: The server did not provide any stacktrace information)
Command duration or timeout: 0 milliseconds
For documentation on this error, please visit: https://www.seleniumhq.org/exceptions/no_such_element.html
Build info: version: '3.141.59', revision: 'e82be7d358', time: '2018-11-14T08:17:03'
System info: host: 'INAS-LP024', ip: '192.168.47.1', os.name: 'Windows 10', os.arch: 'amd64', os.version: '10.0', java.version: '1.8.0_181'
Driver info: io.appium.java_client.windows.WindowsDriver
Capabilities {app: Kaye.ValProbeRT_racmveb2qnw..., javascriptEnabled: true, ms:waitForAppLaunch: 10, platform: WINDOWS, platformName: WINDOWS}
Session ID: 4EF37B99-7D4D-41A4-AD2D-BDC172E7B1BA
*** Element info: {Using=name, value=Enter User Credentials}
at sun.reflect.NativeConstructorAccessorImpl.newInstance0(Native Method)
at sun.reflect.NativeConstructorAccessorImpl.newInstance(NativeConstructorAccessorImpl.java:62)
at sun.reflect.DelegatingConstructorAccessorImpl.newInstance(DelegatingConstructorAccessorImpl.java:45)
at java.lang.reflect.Constructor.newInstance(Constructor.java:423)
at org.openqa.selenium.remote.ErrorHandler.createThrowable(ErrorHandler.java:214)
at org.openqa.selenium.remote.ErrorHandler.throwIfResponseFailed(ErrorHandler.java:166)
at org.openqa.selenium.remote.http.JsonHttpResponseCodec.reconstructValue(JsonHttpResponseCodec.java:40)
at org.openqa.selenium.remote.http.AbstractHttpResponseCodec.decode(AbstractHttpResponseCodec.java:80)
at org.openqa.selenium.remote.http.AbstractHttpResponseCodec.decode(AbstractHttpResponseCodec.java:44)
at org.openqa.selenium.remote.HttpCommandExecutor.execute(HttpCommandExecutor.java:158)
at io.appium.java_client.remote.AppiumCommandExecutor.execute(AppiumCommandExecutor.java:239)
at org.openqa.selenium.remote.RemoteWebDriver.execute(RemoteWebDriver.java:552)
at io.appium.java_client.DefaultGenericMobileDriver.execute(DefaultGenericMobileDriver.java:42)
at io.appium.java_client.AppiumDriver.execute(AppiumDriver.java:1)
at io.appium.java_client.windows.WindowsDriver.execute(WindowsDriver.java:1)
at org.openqa.selenium.remote.RemoteWebDriver.findElement(RemoteWebDriver.java:323)
at io.appium.java_client.DefaultGenericMobileDriver.findElement(DefaultGenericMobileDriver.java:62)
at io.appium.java_client.AppiumDriver.findElement(AppiumDriver.java:1)
at io.appium.java_client.windows.WindowsDriver.findElement(WindowsDriver.java:1)
at org.openqa.selenium.remote.RemoteWebDriver.findElementByName(RemoteWebDriver.java:404)
at io.appium.java_client.DefaultGenericMobileDriver.findElementByName(DefaultGenericMobileDriver.java:118)
at io.appium.java_client.AppiumDriver.findElementByName(AppiumDriver.java:1)
at io.appium.java_client.windows.WindowsDriver.findElementByName(WindowsDriver.java:1)
at com.vrt.base.BaseClass.UserLoginPopup(BaseClass.java:188)
at com.vrt.testcases.UM1.ADMN069B(UM1.java:1795)
at sun.reflect.NativeMethodAccessorImpl.invoke0(Native Method)
at sun.reflect.NativeMethodAccessorImpl.invoke(NativeMethodAccessorImpl.java:62)
at sun.reflect.DelegatingMethodAccessorImpl.invoke(DelegatingMethodAccessorImpl.java:43)
at java.lang.reflect.Method.invoke(Method.java:498)
at org.testng.internal.MethodInvocationHelper.invokeMethod(MethodInvocationHelper.java:133)
at org.testng.internal.TestInvoker.invokeMethod(TestInvoker.java:584)
at org.testng.internal.TestInvoker.retryFailed(TestInvoker.java:204)
at org.testng.internal.MethodRunner.runInSequence(MethodRunner.java:58)
at org.testng.internal.TestInvoker$MethodInvocationAgent.invoke(TestInvoker.java:804)
at org.testng.internal.TestInvoker.invokeTestMethods(TestInvoker.java:145)
at org.testng.internal.TestMethodWorker.invokeTestMethods(TestMethodWorker.java:146)
at org.testng.internal.TestMethodWorker.run(TestMethodWorker.java:128)
at java.util.ArrayList.forEach(ArrayList.java:1257)
at org.testng.TestRunner.privateRun(TestRunner.java:770)
at org.testng.TestRunner.run(TestRunner.java:591)
at org.testng.SuiteRunner.runTest(SuiteRunner.java:402)
at org.testng.SuiteRunner.runSequentially(SuiteRunner.java:396)
at org.testng.SuiteRunner.privateRun(SuiteRunner.java:355)
at org.testng.SuiteRunner.run(SuiteRunner.java:304)
at org.testng.SuiteRunnerWorker.runSuite(SuiteRunnerWorker.java:53)
at org.testng.SuiteRunnerWorker.run(SuiteRunnerWorker.java:96)
at org.testng.TestNG.runSuitesSequentially(TestNG.java:1180)
at org.testng.TestNG.runSuitesLocally(TestNG.java:1102)
at org.testng.TestNG.runSuites(TestNG.java:1032)
at org.testng.TestNG.run(TestNG.java:1000)
at org.testng.remote.AbstractRemoteTestNG.run(AbstractRemoteTestNG.java:115)
at org.testng.remote.RemoteTestNG.initAndRun(RemoteTestNG.java:251)
at org.testng.remote.RemoteTestNG.main(RemoteTestNG.java:77)
]]>
    </error>
  </testcase> <!-- ADMN069B -->
  <testcase name="ADMN029" time="19.858" classname="com.vrt.testcases.UM1"/>
  <testcase name="ADMN042" time="19.118" classname="com.vrt.testcases.UM1"/>
  <testcase name="ADMN040B" time="28.902" classname="com.vrt.testcases.UM1"/>
  <testcase name="ADMN069A" time="19.244" classname="com.vrt.testcases.UM1"/>
  <testcase name="ADMN016a" time="13.729" classname="com.vrt.testcases.UM1"/>
  <testcase name="ADMN016" time="9.689" classname="com.vrt.testcases.UM1">
    <skipped/>
  </testcase> <!-- ADMN016 -->
  <testcase name="ADMN045A" time="14.363" classname="com.vrt.testcases.UM1"/>
  <testcase name="ADMN037C" time="26.599" classname="com.vrt.testcases.UM1"/>
  <testcase name="ADMN045" time="22.665" classname="com.vrt.testcases.UM1"/>
  <testcase name="ADMN034A" time="21.216" classname="com.vrt.testcases.UM1"/>
  <testcase name="ADMN026" time="18.730" classname="com.vrt.testcases.UM1"/>
  <testcase name="ADMN126" time="13.878" classname="com.vrt.testcases.UM1"/>
  <testcase name="ADMN010" time="17.514" classname="com.vrt.testcases.UM1"/>
  <testcase name="ADMN015" time="9.681" classname="com.vrt.testcases.UM1">
    <skipped/>
  </testcase> <!-- ADMN015 -->
  <testcase name="ADMN069E" time="30.721" classname="com.vrt.testcases.UM1"/>
  <testcase name="ADMN012" time="17.103" classname="com.vrt.testcases.UM1"/>
  <testcase name="ADMN042B" time="13.391" classname="com.vrt.testcases.UM1"/>
  <testcase name="ADMN032A" time="14.605" classname="com.vrt.testcases.UM1"/>
  <testcase name="ADMN027" time="17.835" classname="com.vrt.testcases.UM1"/>
  <testcase name="ADMN009A" time="12.341" classname="com.vrt.testcases.UM1"/>
  <testcase name="ADMN043A" time="14.374" classname="com.vrt.testcases.UM1"/>
  <testcase name="ADMN041B" time="28.032" classname="com.vrt.testcases.UM1"/>
  <testcase name="ADMN126A" time="14.349" classname="com.vrt.testcases.UM1"/>
  <testcase name="ADMN044" time="18.982" classname="com.vrt.testcases.UM1"/>
  <testcase name="ADMN006" time="9.899" classname="com.vrt.testcases.UM1"/>
  <testcase name="ADMN069D" time="20.507" classname="com.vrt.testcases.UM1"/>
  <testcase name="ADMN009" time="17.326" classname="com.vrt.testcases.UM1"/>
  <testcase name="ADMN032" time="9.845" classname="com.vrt.testcases.UM1"/>
  <testcase name="ADMN069G" time="14.372" classname="com.vrt.testcases.UM1"/>
  <testcase name="ADMN033" time="11.400" classname="com.vrt.testcases.UM1"/>
  <testcase name="ADMN041A" time="20.685" classname="com.vrt.testcases.UM1"/>
  <testcase name="ADMN037A" time="36.700" classname="com.vrt.testcases.UM1"/>
  <testcase name="ADMN008" time="17.103" classname="com.vrt.testcases.UM1"/>
  <testcase name="ADMN034C" time="19.982" classname="com.vrt.testcases.UM1"/>
  <testcase name="ADMN069J" time="14.372" classname="com.vrt.testcases.UM1"/>
  <testcase name="ADMN010" time="17.517" classname="com.vrt.testcases.UM1"/>
  <testcase name="ADMN019" time="16.206" classname="com.vrt.testcases.UM1"/>
  <testcase name="ADMN021A" time="14.319" classname="com.vrt.testcases.UM1"/>
  <testcase name="ADMN021" time="17.009" classname="com.vrt.testcases.UM1"/>
  <testcase name="ADMN036" time="21.520" classname="com.vrt.testcases.UM1"/>
  <testcase name="ADMN130" time="10.577" classname="com.vrt.testcases.UM1"/>
  <testcase name="ADMN024" time="17.296" classname="com.vrt.testcases.UM1"/>
  <testcase name="ADMN015A" time="12.443" classname="com.vrt.testcases.UM1"/>
  <testcase name="ADMN030" time="18.745" classname="com.vrt.testcases.UM1"/>
  <testcase name="ADMN127" time="14.383" classname="com.vrt.testcases.UM1"/>
  <testcase name="ADMN040A" time="20.724" classname="com.vrt.testcases.UM1"/>
  <testcase name="ADMN007" time="10.207" classname="com.vrt.testcases.UM1"/>
  <testcase name="ADMN037F" time="36.723" classname="com.vrt.testcases.UM1"/>
  <testcase name="ADMN037B" time="32.192" classname="com.vrt.testcases.UM1"/>
  <testcase name="ADMN018" time="9.786" classname="com.vrt.testcases.UM1">
    <skipped/>
  </testcase> <!-- ADMN018 -->
  <testcase name="ADMN031" time="18.948" classname="com.vrt.testcases.UM1"/>
  <testcase name="ADMN010" time="17.472" classname="com.vrt.testcases.UM1"/>
  <testcase name="ADMN039B" time="30.935" classname="com.vrt.testcases.UM1"/>
  <testcase name="ADMN010" time="17.435" classname="com.vrt.testcases.UM1"/>
  <testcase name="ADMN069" time="29.023" classname="com.vrt.testcases.UM1"/>
  <testcase name="ADMN017" time="9.726" classname="com.vrt.testcases.UM1">
    <skipped/>
  </testcase> <!-- ADMN017 -->
  <testcase name="ADMN042A" time="13.204" classname="com.vrt.testcases.UM1"/>
  <testcase name="ADMN014B" time="26.129" classname="com.vrt.testcases.UM1"/>
  <testcase name="ADMN034B" time="21.600" classname="com.vrt.testcases.UM1"/>
  <testcase name="ADMN036C" time="18.874" classname="com.vrt.testcases.UM1"/>
  <testcase name="ADMN069I" time="14.292" classname="com.vrt.testcases.UM1"/>
  <testcase name="ADMN020" time="9.947" classname="com.vrt.testcases.UM1"/>
  <testcase name="ADMN067A" time="29.192" classname="com.vrt.testcases.UM1"/>
  <testcase name="ADMN025" time="9.251" classname="com.vrt.testcases.UM1"/>
  <testcase name="ADMN013" time="7.501" classname="com.vrt.testcases.UM1"/>
</testsuite> <!-- com.vrt.testcases.UM1 -->
