<?xml version="1.0" encoding="UTF-8"?>
<!-- Generated by org.testng.reporters.JUnitReportReporter -->
<testsuite skipped="1" hostname="INAS-LP024" name="com.vrt.testcases.setup_SensorConfigTest" tests="193" failures="0" timestamp="2021-03-25T04:25:00 IST" time="3847.015" errors="0">
  <testcase name="SC058" time="21.022" classname="com.vrt.testcases.setup_SensorConfigTest"/>
  <system-out/>
  <testcase name="SC046" time="20.606" classname="com.vrt.testcases.setup_SensorConfigTest"/>
  <system-out/>
  <testcase name="SC083" time="15.679" classname="com.vrt.testcases.setup_SensorConfigTest">
    <skipped/>
  </testcase> <!-- SC083 -->
  <system-out/>
  <testcase name="SC066" time="18.883" classname="com.vrt.testcases.setup_SensorConfigTest"/>
  <system-out/>
  <testcase name="SC056" time="18.634" classname="com.vrt.testcases.setup_SensorConfigTest"/>
  <system-out/>
  <testcase name="SC105" time="22.701" classname="com.vrt.testcases.setup_SensorConfigTest"/>
  <system-out/>
  <testcase name="SC117" time="23.365" classname="com.vrt.testcases.setup_SensorConfigTest"/>
  <system-out/>
  <testcase name="SC028" time="17.627" classname="com.vrt.testcases.setup_SensorConfigTest"/>
  <system-out/>
  <testcase name="SC062" time="17.953" classname="com.vrt.testcases.setup_SensorConfigTest"/>
  <system-out/>
  <testcase name="SC049" time="19.779" classname="com.vrt.testcases.setup_SensorConfigTest"/>
  <system-out/>
  <testcase name="SC067" time="19.102" classname="com.vrt.testcases.setup_SensorConfigTest"/>
  <system-out/>
  <testcase name="SC042" time="19.697" classname="com.vrt.testcases.setup_SensorConfigTest"/>
  <system-out/>
  <testcase name="SC082" time="23.985" classname="com.vrt.testcases.setup_SensorConfigTest"/>
  <system-out/>
  <testcase name="SC053" time="19.406" classname="com.vrt.testcases.setup_SensorConfigTest"/>
  <system-out/>
  <testcase name="SC084_1B" time="22.699" classname="com.vrt.testcases.setup_SensorConfigTest"/>
  <system-out/>
  <testcase name="SC006" time="17.207" classname="com.vrt.testcases.setup_SensorConfigTest"/>
  <system-out/>
  <testcase name="SC058" time="19.867" classname="com.vrt.testcases.setup_SensorConfigTest"/>
  <system-out/>
  <testcase name="SC059" time="17.499" classname="com.vrt.testcases.setup_SensorConfigTest"/>
  <system-out/>
  <testcase name="SC103" time="16.224" classname="com.vrt.testcases.setup_SensorConfigTest"/>
  <system-out/>
  <testcase name="SC084" time="23.044" classname="com.vrt.testcases.setup_SensorConfigTest"/>
  <system-out/>
  <testcase name="SC046" time="20.845" classname="com.vrt.testcases.setup_SensorConfigTest"/>
  <system-out/>
  <testcase name="SC084_1" time="22.600" classname="com.vrt.testcases.setup_SensorConfigTest"/>
  <system-out/>
  <testcase name="SC053" time="19.343" classname="com.vrt.testcases.setup_SensorConfigTest"/>
  <system-out/>
  <testcase name="SC068" time="17.969" classname="com.vrt.testcases.setup_SensorConfigTest"/>
  <system-out/>
  <testcase name="SC101" time="22.187" classname="com.vrt.testcases.setup_SensorConfigTest"/>
  <system-out/>
  <testcase name="SC084A" time="28.746" classname="com.vrt.testcases.setup_SensorConfigTest"/>
  <system-out/>
  <testcase name="SC023" time="17.325" classname="com.vrt.testcases.setup_SensorConfigTest"/>
  <system-out/>
  <testcase name="SC059" time="18.640" classname="com.vrt.testcases.setup_SensorConfigTest"/>
  <system-out/>
  <testcase name="SC039" time="17.618" classname="com.vrt.testcases.setup_SensorConfigTest"/>
  <system-out/>
  <testcase name="SC056" time="17.065" classname="com.vrt.testcases.setup_SensorConfigTest"/>
  <system-out/>
  <testcase name="SC043" time="28.781" classname="com.vrt.testcases.setup_SensorConfigTest"/>
  <system-out/>
  <testcase name="SC058" time="17.862" classname="com.vrt.testcases.setup_SensorConfigTest"/>
  <system-out/>
  <testcase name="SC025" time="18.173" classname="com.vrt.testcases.setup_SensorConfigTest"/>
  <system-out/>
  <testcase name="SC023" time="17.249" classname="com.vrt.testcases.setup_SensorConfigTest"/>
  <system-out/>
  <testcase name="SC056" time="18.782" classname="com.vrt.testcases.setup_SensorConfigTest"/>
  <system-out/>
  <testcase name="SC027" time="16.915" classname="com.vrt.testcases.setup_SensorConfigTest"/>
  <system-out/>
  <testcase name="SC013" time="18.977" classname="com.vrt.testcases.setup_SensorConfigTest"/>
  <system-out/>
  <testcase name="SC058" time="20.550" classname="com.vrt.testcases.setup_SensorConfigTest"/>
  <system-out/>
  <testcase name="SC004" time="20.442" classname="com.vrt.testcases.setup_SensorConfigTest"/>
  <system-out/>
  <testcase name="SC093" time="23.412" classname="com.vrt.testcases.setup_SensorConfigTest"/>
  <system-out/>
  <testcase name="SC110" time="16.777" classname="com.vrt.testcases.setup_SensorConfigTest"/>
  <system-out/>
  <testcase name="SC041" time="18.225" classname="com.vrt.testcases.setup_SensorConfigTest"/>
  <system-out/>
  <testcase name="SC001" time="15.939" classname="com.vrt.testcases.setup_SensorConfigTest"/>
  <system-out/>
  <testcase name="SC084" time="22.913" classname="com.vrt.testcases.setup_SensorConfigTest"/>
  <system-out/>
  <testcase name="SC015" time="17.707" classname="com.vrt.testcases.setup_SensorConfigTest"/>
  <system-out/>
  <testcase name="SC069" time="18.096" classname="com.vrt.testcases.setup_SensorConfigTest"/>
  <system-out/>
  <testcase name="SC022" time="17.308" classname="com.vrt.testcases.setup_SensorConfigTest"/>
  <system-out/>
  <testcase name="SC112" time="21.617" classname="com.vrt.testcases.setup_SensorConfigTest"/>
  <system-out/>
  <testcase name="SC078" time="23.316" classname="com.vrt.testcases.setup_SensorConfigTest"/>
  <system-out/>
  <testcase name="SC113" time="21.936" classname="com.vrt.testcases.setup_SensorConfigTest"/>
  <system-out/>
  <testcase name="SC072" time="19.845" classname="com.vrt.testcases.setup_SensorConfigTest"/>
  <system-out/>
  <testcase name="SC022" time="17.261" classname="com.vrt.testcases.setup_SensorConfigTest"/>
  <system-out/>
  <testcase name="SC054" time="18.781" classname="com.vrt.testcases.setup_SensorConfigTest"/>
  <system-out/>
  <testcase name="SC002" time="15.935" classname="com.vrt.testcases.setup_SensorConfigTest"/>
  <system-out/>
  <testcase name="SC071" time="26.427" classname="com.vrt.testcases.setup_SensorConfigTest"/>
  <system-out/>
  <testcase name="SC019" time="16.163" classname="com.vrt.testcases.setup_SensorConfigTest"/>
  <system-out/>
  <testcase name="SC048" time="19.578" classname="com.vrt.testcases.setup_SensorConfigTest"/>
  <system-out/>
  <testcase name="SC057" time="17.991" classname="com.vrt.testcases.setup_SensorConfigTest"/>
  <system-out/>
  <testcase name="SC053" time="19.413" classname="com.vrt.testcases.setup_SensorConfigTest"/>
  <system-out/>
  <testcase name="SC037" time="21.542" classname="com.vrt.testcases.setup_SensorConfigTest"/>
  <system-out/>
  <testcase name="SC104" time="18.903" classname="com.vrt.testcases.setup_SensorConfigTest"/>
  <system-out/>
  <testcase name="SC005" time="18.629" classname="com.vrt.testcases.setup_SensorConfigTest"/>
  <system-out/>
  <testcase name="SC041" time="18.035" classname="com.vrt.testcases.setup_SensorConfigTest"/>
  <system-out/>
  <testcase name="SC088" time="25.511" classname="com.vrt.testcases.setup_SensorConfigTest"/>
  <system-out/>
  <testcase name="SC046" time="20.818" classname="com.vrt.testcases.setup_SensorConfigTest"/>
  <system-out/>
  <testcase name="SC084" time="23.071" classname="com.vrt.testcases.setup_SensorConfigTest"/>
  <system-out/>
  <testcase name="SC038" time="17.627" classname="com.vrt.testcases.setup_SensorConfigTest"/>
  <system-out/>
  <testcase name="SC063" time="21.875" classname="com.vrt.testcases.setup_SensorConfigTest"/>
  <system-out/>
  <testcase name="SC012" time="17.038" classname="com.vrt.testcases.setup_SensorConfigTest"/>
  <system-out/>
  <testcase name="SC012" time="20.288" classname="com.vrt.testcases.setup_SensorConfigTest"/>
  <system-out/>
  <testcase name="SC082" time="23.877" classname="com.vrt.testcases.setup_SensorConfigTest"/>
  <system-out/>
  <testcase name="SC004" time="17.227" classname="com.vrt.testcases.setup_SensorConfigTest"/>
  <system-out/>
  <testcase name="SC007" time="17.240" classname="com.vrt.testcases.setup_SensorConfigTest"/>
  <system-out/>
  <testcase name="SC058" time="18.179" classname="com.vrt.testcases.setup_SensorConfigTest"/>
  <system-out/>
  <testcase name="SC073" time="20.077" classname="com.vrt.testcases.setup_SensorConfigTest"/>
  <system-out/>
  <testcase name="SC091" time="24.184" classname="com.vrt.testcases.setup_SensorConfigTest"/>
  <system-out/>
  <testcase name="SC074" time="20.125" classname="com.vrt.testcases.setup_SensorConfigTest"/>
  <system-out/>
  <testcase name="SC011" time="16.145" classname="com.vrt.testcases.setup_SensorConfigTest"/>
  <system-out/>
  <testcase name="SC007" time="17.359" classname="com.vrt.testcases.setup_SensorConfigTest"/>
  <system-out/>
  <testcase name="SC033" time="16.602" classname="com.vrt.testcases.setup_SensorConfigTest"/>
  <system-out/>
  <testcase name="SC034" time="20.103" classname="com.vrt.testcases.setup_SensorConfigTest"/>
  <system-out/>
  <testcase name="SC064" time="20.670" classname="com.vrt.testcases.setup_SensorConfigTest"/>
  <system-out/>
  <testcase name="SC022" time="17.174" classname="com.vrt.testcases.setup_SensorConfigTest"/>
  <system-out/>
  <testcase name="SC042" time="19.472" classname="com.vrt.testcases.setup_SensorConfigTest"/>
  <system-out/>
  <testcase name="SC063" time="22.216" classname="com.vrt.testcases.setup_SensorConfigTest"/>
  <system-out/>
  <testcase name="SC004" time="17.082" classname="com.vrt.testcases.setup_SensorConfigTest"/>
  <system-out/>
  <testcase name="SC043" time="21.732" classname="com.vrt.testcases.setup_SensorConfigTest"/>
  <system-out/>
  <testcase name="SC020" time="17.360" classname="com.vrt.testcases.setup_SensorConfigTest"/>
  <system-out/>
  <testcase name="SC014" time="17.402" classname="com.vrt.testcases.setup_SensorConfigTest"/>
  <system-out/>
  <testcase name="SC049" time="19.769" classname="com.vrt.testcases.setup_SensorConfigTest"/>
  <system-out/>
  <testcase name="SC015" time="17.519" classname="com.vrt.testcases.setup_SensorConfigTest"/>
  <system-out/>
  <testcase name="SC050" time="23.457" classname="com.vrt.testcases.setup_SensorConfigTest"/>
  <system-out/>
  <testcase name="SC064" time="20.810" classname="com.vrt.testcases.setup_SensorConfigTest"/>
  <system-out/>
  <testcase name="SC006" time="17.296" classname="com.vrt.testcases.setup_SensorConfigTest"/>
  <system-out/>
  <testcase name="SC043" time="22.810" classname="com.vrt.testcases.setup_SensorConfigTest"/>
  <system-out/>
  <testcase name="SC080" time="23.924" classname="com.vrt.testcases.setup_SensorConfigTest"/>
  <system-out/>
  <testcase name="SC036" time="25.757" classname="com.vrt.testcases.setup_SensorConfigTest"/>
  <system-out/>
  <testcase name="SC014" time="17.097" classname="com.vrt.testcases.setup_SensorConfigTest"/>
  <system-out/>
  <testcase name="SC018" time="16.955" classname="com.vrt.testcases.setup_SensorConfigTest"/>
  <system-out/>
  <testcase name="SC086" time="21.136" classname="com.vrt.testcases.setup_SensorConfigTest"/>
  <system-out/>
  <testcase name="SC084_1" time="22.736" classname="com.vrt.testcases.setup_SensorConfigTest"/>
  <system-out/>
  <testcase name="SC085" time="22.121" classname="com.vrt.testcases.setup_SensorConfigTest"/>
  <system-out/>
  <testcase name="SC114" time="21.886" classname="com.vrt.testcases.setup_SensorConfigTest"/>
  <system-out/>
  <testcase name="SC058" time="20.110" classname="com.vrt.testcases.setup_SensorConfigTest"/>
  <system-out/>
  <testcase name="SC090" time="25.086" classname="com.vrt.testcases.setup_SensorConfigTest"/>
  <system-out/>
  <testcase name="SC020" time="21.107" classname="com.vrt.testcases.setup_SensorConfigTest"/>
  <system-out/>
  <testcase name="SC084_1" time="22.261" classname="com.vrt.testcases.setup_SensorConfigTest"/>
  <system-out/>
  <testcase name="SC058" time="18.089" classname="com.vrt.testcases.setup_SensorConfigTest"/>
  <system-out/>
  <testcase name="SC050" time="24.483" classname="com.vrt.testcases.setup_SensorConfigTest"/>
  <system-out/>
  <testcase name="SC020" time="17.849" classname="com.vrt.testcases.setup_SensorConfigTest"/>
  <system-out/>
  <testcase name="SC064" time="20.839" classname="com.vrt.testcases.setup_SensorConfigTest"/>
  <system-out/>
  <testcase name="SC030" time="20.516" classname="com.vrt.testcases.setup_SensorConfigTest"/>
  <system-out/>
  <testcase name="SC052" time="19.349" classname="com.vrt.testcases.setup_SensorConfigTest"/>
  <system-out/>
  <testcase name="SC042" time="19.477" classname="com.vrt.testcases.setup_SensorConfigTest"/>
  <system-out/>
  <testcase name="SC065_1" time="20.292" classname="com.vrt.testcases.setup_SensorConfigTest"/>
  <system-out/>
  <testcase name="SC076" time="34.794" classname="com.vrt.testcases.setup_SensorConfigTest"/>
  <system-out/>
  <testcase name="SC061" time="19.266" classname="com.vrt.testcases.setup_SensorConfigTest"/>
  <system-out/>
  <testcase name="SC111" time="21.555" classname="com.vrt.testcases.setup_SensorConfigTest"/>
  <system-out/>
  <testcase name="SC005" time="18.926" classname="com.vrt.testcases.setup_SensorConfigTest"/>
  <system-out/>
  <testcase name="SC086" time="21.430" classname="com.vrt.testcases.setup_SensorConfigTest"/>
  <system-out/>
  <testcase name="SC015" time="17.411" classname="com.vrt.testcases.setup_SensorConfigTest"/>
  <system-out/>
  <testcase name="SC084_1A" time="22.638" classname="com.vrt.testcases.setup_SensorConfigTest"/>
  <system-out/>
  <testcase name="SC040" time="17.465" classname="com.vrt.testcases.setup_SensorConfigTest"/>
  <system-out/>
  <testcase name="SC056" time="18.154" classname="com.vrt.testcases.setup_SensorConfigTest"/>
  <system-out/>
  <testcase name="SC086" time="21.001" classname="com.vrt.testcases.setup_SensorConfigTest"/>
  <system-out/>
  <testcase name="SC047" time="19.916" classname="com.vrt.testcases.setup_SensorConfigTest"/>
  <system-out/>
  <testcase name="SC007" time="17.385" classname="com.vrt.testcases.setup_SensorConfigTest"/>
  <system-out/>
  <testcase name="SC065_2" time="20.667" classname="com.vrt.testcases.setup_SensorConfigTest"/>
  <system-out/>
  <testcase name="SC083B" time="22.624" classname="com.vrt.testcases.setup_SensorConfigTest"/>
  <system-out/>
  <testcase name="SC079" time="27.416" classname="com.vrt.testcases.setup_SensorConfigTest"/>
  <system-out/>
  <testcase name="SC010" time="16.725" classname="com.vrt.testcases.setup_SensorConfigTest"/>
  <system-out/>
  <testcase name="SC050" time="25.433" classname="com.vrt.testcases.setup_SensorConfigTest"/>
  <system-out/>
  <testcase name="SC082" time="23.829" classname="com.vrt.testcases.setup_SensorConfigTest"/>
  <system-out/>
  <testcase name="SC056" time="18.309" classname="com.vrt.testcases.setup_SensorConfigTest"/>
  <system-out/>
  <testcase name="SC076_1" time="27.275" classname="com.vrt.testcases.setup_SensorConfigTest"/>
  <system-out/>
  <testcase name="SC118" time="19.963" classname="com.vrt.testcases.setup_SensorConfigTest"/>
  <system-out/>
  <testcase name="SC062" time="17.916" classname="com.vrt.testcases.setup_SensorConfigTest"/>
  <system-out/>
  <testcase name="SC063" time="21.769" classname="com.vrt.testcases.setup_SensorConfigTest"/>
  <system-out/>
  <testcase name="SC064" time="21.246" classname="com.vrt.testcases.setup_SensorConfigTest"/>
  <system-out/>
  <testcase name="SC021" time="17.216" classname="com.vrt.testcases.setup_SensorConfigTest"/>
  <system-out/>
  <testcase name="SC087" time="20.999" classname="com.vrt.testcases.setup_SensorConfigTest"/>
  <system-out/>
  <testcase name="SC106" time="16.402" classname="com.vrt.testcases.setup_SensorConfigTest"/>
  <system-out/>
  <testcase name="SC003_1" time="16.123" classname="com.vrt.testcases.setup_SensorConfigTest"/>
  <system-out/>
  <testcase name="SC009" time="18.201" classname="com.vrt.testcases.setup_SensorConfigTest"/>
  <system-out/>
  <testcase name="SC064" time="20.953" classname="com.vrt.testcases.setup_SensorConfigTest"/>
  <system-out/>
  <testcase name="SC086" time="21.288" classname="com.vrt.testcases.setup_SensorConfigTest"/>
  <system-out/>
  <testcase name="SC055" time="16.171" classname="com.vrt.testcases.setup_SensorConfigTest"/>
  <system-out/>
  <testcase name="SC024" time="16.782" classname="com.vrt.testcases.setup_SensorConfigTest"/>
  <system-out/>
  <testcase name="SC041" time="17.885" classname="com.vrt.testcases.setup_SensorConfigTest"/>
  <system-out/>
  <testcase name="SC029" time="16.877" classname="com.vrt.testcases.setup_SensorConfigTest"/>
  <system-out/>
  <testcase name="SC077" time="22.706" classname="com.vrt.testcases.setup_SensorConfigTest"/>
  <system-out/>
  <testcase name="SC031" time="16.187" classname="com.vrt.testcases.setup_SensorConfigTest"/>
  <system-out/>
  <testcase name="SC081" time="23.394" classname="com.vrt.testcases.setup_SensorConfigTest"/>
  <system-out/>
  <testcase name="SC070" time="19.618" classname="com.vrt.testcases.setup_SensorConfigTest"/>
  <system-out/>
  <testcase name="SC092" time="28.016" classname="com.vrt.testcases.setup_SensorConfigTest"/>
  <system-out/>
  <testcase name="SC008" time="16.901" classname="com.vrt.testcases.setup_SensorConfigTest"/>
  <system-out/>
  <testcase name="SC089" time="25.007" classname="com.vrt.testcases.setup_SensorConfigTest"/>
  <system-out/>
  <testcase name="SC051" time="18.147" classname="com.vrt.testcases.setup_SensorConfigTest"/>
  <system-out/>
  <testcase name="SC086" time="21.160" classname="com.vrt.testcases.setup_SensorConfigTest"/>
  <system-out/>
  <testcase name="SC044" time="17.991" classname="com.vrt.testcases.setup_SensorConfigTest"/>
  <system-out/>
  <testcase name="SC064" time="21.096" classname="com.vrt.testcases.setup_SensorConfigTest"/>
  <system-out/>
  <testcase name="SC116" time="21.563" classname="com.vrt.testcases.setup_SensorConfigTest"/>
  <system-out/>
  <testcase name="SC107" time="18.106" classname="com.vrt.testcases.setup_SensorConfigTest"/>
  <system-out/>
  <testcase name="SC086" time="21.282" classname="com.vrt.testcases.setup_SensorConfigTest"/>
  <system-out/>
  <testcase name="SC052" time="19.549" classname="com.vrt.testcases.setup_SensorConfigTest"/>
  <system-out/>
  <testcase name="SC102" time="22.145" classname="com.vrt.testcases.setup_SensorConfigTest"/>
  <system-out/>
  <testcase name="SC056" time="17.860" classname="com.vrt.testcases.setup_SensorConfigTest"/>
  <system-out/>
  <testcase name="SC021" time="17.759" classname="com.vrt.testcases.setup_SensorConfigTest"/>
  <system-out/>
  <testcase name="SC046a" time="19.153" classname="com.vrt.testcases.setup_SensorConfigTest"/>
  <system-out/>
  <testcase name="SC032" time="16.271" classname="com.vrt.testcases.setup_SensorConfigTest"/>
  <system-out/>
  <testcase name="SC048" time="19.439" classname="com.vrt.testcases.setup_SensorConfigTest"/>
  <system-out/>
  <testcase name="SC048" time="19.465" classname="com.vrt.testcases.setup_SensorConfigTest"/>
  <system-out/>
  <testcase name="SC108" time="16.800" classname="com.vrt.testcases.setup_SensorConfigTest"/>
  <system-out/>
  <testcase name="SC016" time="16.714" classname="com.vrt.testcases.setup_SensorConfigTest"/>
  <system-out/>
  <testcase name="SC049" time="19.563" classname="com.vrt.testcases.setup_SensorConfigTest"/>
  <system-out/>
  <testcase name="SC026" time="16.862" classname="com.vrt.testcases.setup_SensorConfigTest"/>
  <system-out/>
  <testcase name="SC063" time="22.156" classname="com.vrt.testcases.setup_SensorConfigTest"/>
  <system-out/>
  <testcase name="SC084_1" time="22.710" classname="com.vrt.testcases.setup_SensorConfigTest"/>
  <system-out/>
  <testcase name="SC006" time="17.375" classname="com.vrt.testcases.setup_SensorConfigTest"/>
  <system-out/>
  <testcase name="SC023" time="17.095" classname="com.vrt.testcases.setup_SensorConfigTest"/>
  <system-out/>
  <testcase name="SC083A" time="22.682" classname="com.vrt.testcases.setup_SensorConfigTest"/>
  <system-out/>
  <testcase name="SC017" time="18.342" classname="com.vrt.testcases.setup_SensorConfigTest"/>
  <system-out/>
  <testcase name="SC084_1" time="23.115" classname="com.vrt.testcases.setup_SensorConfigTest"/>
  <system-out/>
  <testcase name="SC082" time="23.733" classname="com.vrt.testcases.setup_SensorConfigTest"/>
  <system-out/>
  <testcase name="SC075" time="20.202" classname="com.vrt.testcases.setup_SensorConfigTest"/>
  <system-out/>
  <testcase name="SC014" time="17.361" classname="com.vrt.testcases.setup_SensorConfigTest"/>
  <system-out/>
  <testcase name="SC084" time="22.877" classname="com.vrt.testcases.setup_SensorConfigTest"/>
  <system-out/>
  <testcase name="SC062" time="18.709" classname="com.vrt.testcases.setup_SensorConfigTest"/>
  <system-out/>
  <testcase name="SC003" time="16.432" classname="com.vrt.testcases.setup_SensorConfigTest"/>
  <system-out/>
  <testcase name="SC013" time="18.836" classname="com.vrt.testcases.setup_SensorConfigTest"/>
  <system-out/>
  <testcase name="SC066_1" time="22.627" classname="com.vrt.testcases.setup_SensorConfigTest"/>
  <system-out/>
  <testcase name="SC086" time="22.533" classname="com.vrt.testcases.setup_SensorConfigTest"/>
  <system-out/>
  <testcase name="SC012" time="1.484" classname="com.vrt.testcases.setup_SensorConfigTest"/>
  <system-out/>
</testsuite> <!-- com.vrt.testcases.setup_SensorConfigTest -->
