<?xml version="1.0" encoding="UTF-8"?>
<!-- Generated by org.testng.reporters.JUnitReportReporter -->
<testsuite skipped="8" hostname="INAS-LP024" name="com.vrt.testcases.UM1" tests="96" failures="0" timestamp="2020-10-05T20:19:58 IST" time="1761.158" errors="2">
  <testcase name="ADMN031" time="17.062" classname="com.vrt.testcases.UM1"/>
  <system-out/>
  <testcase name="ADMN045A" time="38.690" classname="com.vrt.testcases.UM1">
    <skipped/>
  </testcase> <!-- ADMN045A -->
  <system-out/>
  <testcase name="ADMN014A" time="24.620" classname="com.vrt.testcases.UM1"/>
  <system-out/>
  <testcase name="ADMN032A" time="14.596" classname="com.vrt.testcases.UM1"/>
  <system-out/>
  <testcase name="ADMN069H" time="35.475" classname="com.vrt.testcases.UM1">
    <skipped/>
  </testcase> <!-- ADMN069H -->
  <system-out/>
  <testcase name="ADMN069G" time="25.772" classname="com.vrt.testcases.UM1"/>
  <system-out/>
  <testcase name="ADMN007" time="9.678" classname="com.vrt.testcases.UM1"/>
  <system-out/>
  <testcase name="ADMN012" time="15.840" classname="com.vrt.testcases.UM1"/>
  <system-out/>
  <testcase name="ADMN015A" time="11.264" classname="com.vrt.testcases.UM1"/>
  <system-out/>
  <testcase name="ADMN014B" time="24.495" classname="com.vrt.testcases.UM1"/>
  <system-out/>
  <testcase name="ADMN069B" time="18.599" classname="com.vrt.testcases.UM1"/>
  <system-out/>
  <testcase name="ADMN069H" time="37.587" classname="com.vrt.testcases.UM1">
    <error type="org.openqa.selenium.NoSuchElementException" message="An element could not be located on the page using the given search parameters. (WARNING: The server did not provide any stacktrace information)
Command duration or timeout: 0 milliseconds
For documentation on this error, please visit: https://www.seleniumhq.org/exceptions/no_such_element.html
Build info: version: &#039;3.141.59&#039;, revision: &#039;e82be7d358&#039;, time: &#039;2018-11-14T08:17:03&#039;
System info: host: &#039;INAS-LP024&#039;, ip: &#039;192.168.47.1&#039;, os.name: &#039;Windows 10&#039;, os.arch: &#039;amd64&#039;, os.version: &#039;10.0&#039;, java.version: &#039;1.8.0_181&#039;
Driver info: io.appium.java_client.windows.WindowsDriver
Capabilities {app: Kaye.ValProbeRT_racmveb2qnw..., javascriptEnabled: true, ms:waitForAppLaunch: 10, platform: WINDOWS, platformName: WINDOWS}
Session ID: A08DDFD3-4DD6-45ED-B5DE-7515375676C7
*** Element info: {Using=name, value=Enter User Credentials}">
      <![CDATA[org.openqa.selenium.NoSuchElementException: An element could not be located on the page using the given search parameters. (WARNING: The server did not provide any stacktrace information)
Command duration or timeout: 0 milliseconds
For documentation on this error, please visit: https://www.seleniumhq.org/exceptions/no_such_element.html
Build info: version: '3.141.59', revision: 'e82be7d358', time: '2018-11-14T08:17:03'
System info: host: 'INAS-LP024', ip: '192.168.47.1', os.name: 'Windows 10', os.arch: 'amd64', os.version: '10.0', java.version: '1.8.0_181'
Driver info: io.appium.java_client.windows.WindowsDriver
Capabilities {app: Kaye.ValProbeRT_racmveb2qnw..., javascriptEnabled: true, ms:waitForAppLaunch: 10, platform: WINDOWS, platformName: WINDOWS}
Session ID: A08DDFD3-4DD6-45ED-B5DE-7515375676C7
*** Element info: {Using=name, value=Enter User Credentials}
at sun.reflect.NativeConstructorAccessorImpl.newInstance0(Native Method)
at sun.reflect.NativeConstructorAccessorImpl.newInstance(NativeConstructorAccessorImpl.java:62)
at sun.reflect.DelegatingConstructorAccessorImpl.newInstance(DelegatingConstructorAccessorImpl.java:45)
at java.lang.reflect.Constructor.newInstance(Constructor.java:423)
at org.openqa.selenium.remote.ErrorHandler.createThrowable(ErrorHandler.java:214)
at org.openqa.selenium.remote.ErrorHandler.throwIfResponseFailed(ErrorHandler.java:166)
at org.openqa.selenium.remote.http.JsonHttpResponseCodec.reconstructValue(JsonHttpResponseCodec.java:40)
at org.openqa.selenium.remote.http.AbstractHttpResponseCodec.decode(AbstractHttpResponseCodec.java:80)
at org.openqa.selenium.remote.http.AbstractHttpResponseCodec.decode(AbstractHttpResponseCodec.java:44)
at org.openqa.selenium.remote.HttpCommandExecutor.execute(HttpCommandExecutor.java:158)
at io.appium.java_client.remote.AppiumCommandExecutor.execute(AppiumCommandExecutor.java:239)
at org.openqa.selenium.remote.RemoteWebDriver.execute(RemoteWebDriver.java:552)
at io.appium.java_client.DefaultGenericMobileDriver.execute(DefaultGenericMobileDriver.java:42)
at io.appium.java_client.AppiumDriver.execute(AppiumDriver.java:1)
at io.appium.java_client.windows.WindowsDriver.execute(WindowsDriver.java:1)
at org.openqa.selenium.remote.RemoteWebDriver.findElement(RemoteWebDriver.java:323)
at io.appium.java_client.DefaultGenericMobileDriver.findElement(DefaultGenericMobileDriver.java:62)
at io.appium.java_client.AppiumDriver.findElement(AppiumDriver.java:1)
at io.appium.java_client.windows.WindowsDriver.findElement(WindowsDriver.java:1)
at org.openqa.selenium.remote.RemoteWebDriver.findElementByName(RemoteWebDriver.java:404)
at io.appium.java_client.DefaultGenericMobileDriver.findElementByName(DefaultGenericMobileDriver.java:118)
at io.appium.java_client.AppiumDriver.findElementByName(AppiumDriver.java:1)
at io.appium.java_client.windows.WindowsDriver.findElementByName(WindowsDriver.java:1)
at com.vrt.base.BaseClass.UserLoginPopup(BaseClass.java:191)
at com.vrt.testcases.UM1.ADMN069H(UM1.java:1900)
at sun.reflect.NativeMethodAccessorImpl.invoke0(Native Method)
at sun.reflect.NativeMethodAccessorImpl.invoke(NativeMethodAccessorImpl.java:62)
at sun.reflect.DelegatingMethodAccessorImpl.invoke(DelegatingMethodAccessorImpl.java:43)
at java.lang.reflect.Method.invoke(Method.java:498)
at org.testng.internal.MethodInvocationHelper.invokeMethod(MethodInvocationHelper.java:132)
at org.testng.internal.TestInvoker.invokeMethod(TestInvoker.java:599)
at org.testng.internal.TestInvoker.retryFailed(TestInvoker.java:214)
at org.testng.internal.MethodRunner.runInSequence(MethodRunner.java:58)
at org.testng.internal.TestInvoker$MethodInvocationAgent.invoke(TestInvoker.java:822)
at org.testng.internal.TestInvoker.invokeTestMethods(TestInvoker.java:147)
at org.testng.internal.TestMethodWorker.invokeTestMethods(TestMethodWorker.java:146)
at org.testng.internal.TestMethodWorker.run(TestMethodWorker.java:128)
at java.util.ArrayList.forEach(ArrayList.java:1257)
at org.testng.TestRunner.privateRun(TestRunner.java:764)
at org.testng.TestRunner.run(TestRunner.java:585)
at org.testng.SuiteRunner.runTest(SuiteRunner.java:384)
at org.testng.SuiteRunner.runSequentially(SuiteRunner.java:378)
at org.testng.SuiteRunner.privateRun(SuiteRunner.java:337)
at org.testng.SuiteRunner.run(SuiteRunner.java:286)
at org.testng.SuiteRunnerWorker.runSuite(SuiteRunnerWorker.java:53)
at org.testng.SuiteRunnerWorker.run(SuiteRunnerWorker.java:96)
at org.testng.TestNG.runSuitesSequentially(TestNG.java:1218)
at org.testng.TestNG.runSuitesLocally(TestNG.java:1140)
at org.testng.TestNG.runSuites(TestNG.java:1069)
at org.testng.TestNG.run(TestNG.java:1037)
at org.testng.remote.AbstractRemoteTestNG.run(AbstractRemoteTestNG.java:115)
at org.testng.remote.RemoteTestNG.initAndRun(RemoteTestNG.java:251)
at org.testng.remote.RemoteTestNG.main(RemoteTestNG.java:77)
]]>
    </error>
  </testcase> <!-- ADMN069H -->
  <system-out/>
  <testcase name="ADMN037B" time="30.991" classname="com.vrt.testcases.UM1"/>
  <system-out/>
  <testcase name="ADMN022" time="15.935" classname="com.vrt.testcases.UM1"/>
  <system-out/>
  <testcase name="ADMN010" time="16.245" classname="com.vrt.testcases.UM1"/>
  <system-out/>
  <testcase name="ADMN067B" time="18.118" classname="com.vrt.testcases.UM1"/>
  <system-out/>
  <testcase name="ADMN010" time="16.453" classname="com.vrt.testcases.UM1"/>
  <system-out/>
  <testcase name="ADMN069C" time="16.376" classname="com.vrt.testcases.UM1"/>
  <system-out/>
  <testcase name="ADMN039A" time="18.058" classname="com.vrt.testcases.UM1"/>
  <system-out/>
  <testcase name="ADMN024" time="15.857" classname="com.vrt.testcases.UM1"/>
  <system-out/>
  <testcase name="ADMN019" time="15.042" classname="com.vrt.testcases.UM1"/>
  <system-out/>
  <testcase name="ADMN040A" time="18.230" classname="com.vrt.testcases.UM1"/>
  <system-out/>
  <testcase name="ADMN014" time="15.887" classname="com.vrt.testcases.UM1"/>
  <system-out/>
  <testcase name="ADMN010" time="16.304" classname="com.vrt.testcases.UM1"/>
  <system-out/>
  <testcase name="ADMN069F" time="19.592" classname="com.vrt.testcases.UM1"/>
  <system-out/>
  <testcase name="ADMN030" time="17.063" classname="com.vrt.testcases.UM1"/>
  <system-out/>
  <testcase name="ADMN028" time="17.564" classname="com.vrt.testcases.UM1"/>
  <system-out/>
  <testcase name="ADMN011A" time="10.601" classname="com.vrt.testcases.UM1"/>
  <system-out/>
  <testcase name="ADMN016" time="9.360" classname="com.vrt.testcases.UM1">
    <skipped/>
  </testcase> <!-- ADMN016 -->
  <system-out/>
  <testcase name="ADMN127" time="13.987" classname="com.vrt.testcases.UM1"/>
  <system-out/>
  <testcase name="ADMN037F" time="32.370" classname="com.vrt.testcases.UM1"/>
  <system-out/>
  <testcase name="ADMN009" time="15.947" classname="com.vrt.testcases.UM1"/>
  <system-out/>
  <testcase name="ADMN069E" time="19.744" classname="com.vrt.testcases.UM1"/>
  <system-out/>
  <testcase name="ADMN034" time="27.053" classname="com.vrt.testcases.UM1"/>
  <system-out/>
  <testcase name="ADMN045B" time="40.502" classname="com.vrt.testcases.UM1"/>
  <system-out/>
  <testcase name="ADMN041A" time="19.536" classname="com.vrt.testcases.UM1"/>
  <system-out/>
  <testcase name="ADMN069H" time="35.937" classname="com.vrt.testcases.UM1">
    <skipped/>
  </testcase> <!-- ADMN069H -->
  <system-out/>
  <testcase name="ADMN067A" time="34.391" classname="com.vrt.testcases.UM1"/>
  <system-out/>
  <testcase name="ADMN006" time="9.391" classname="com.vrt.testcases.UM1"/>
  <system-out/>
  <testcase name="ADMN017a" time="11.520" classname="com.vrt.testcases.UM1"/>
  <system-out/>
  <testcase name="ADMN034C" time="19.166" classname="com.vrt.testcases.UM1"/>
  <system-out/>
  <testcase name="ADMN126" time="13.828" classname="com.vrt.testcases.UM1"/>
  <system-out/>
  <testcase name="ADMN036B" time="19.538" classname="com.vrt.testcases.UM1"/>
  <system-out/>
  <testcase name="ADMN015" time="9.486" classname="com.vrt.testcases.UM1">
    <skipped/>
  </testcase> <!-- ADMN015 -->
  <system-out/>
  <testcase name="ADMN013" time="15.734" classname="com.vrt.testcases.UM1"/>
  <system-out/>
  <testcase name="ADMN044" time="17.531" classname="com.vrt.testcases.UM1"/>
  <system-out/>
  <testcase name="ADMN069A" time="18.084" classname="com.vrt.testcases.UM1"/>
  <system-out/>
  <testcase name="ADMN133" time="11.239" classname="com.vrt.testcases.UM1"/>
  <system-out/>
  <testcase name="ADMN018" time="9.237" classname="com.vrt.testcases.UM1">
    <skipped/>
  </testcase> <!-- ADMN018 -->
  <system-out/>
  <testcase name="ADMN037D" time="18.647" classname="com.vrt.testcases.UM1"/>
  <system-out/>
  <testcase name="ADMN128" time="14.981" classname="com.vrt.testcases.UM1"/>
  <system-out/>
  <testcase name="ADMN126A" time="14.093" classname="com.vrt.testcases.UM1"/>
  <system-out/>
  <testcase name="ADMN040B" time="25.486" classname="com.vrt.testcases.UM1"/>
  <system-out/>
  <testcase name="ADMN036A" time="20.439" classname="com.vrt.testcases.UM1"/>
  <system-out/>
  <testcase name="ADMN041B" time="25.783" classname="com.vrt.testcases.UM1"/>
  <system-out/>
  <testcase name="ADMN021A" time="13.072" classname="com.vrt.testcases.UM1"/>
  <system-out/>
  <testcase name="ADMN042A" time="13.088" classname="com.vrt.testcases.UM1"/>
  <system-out/>
  <testcase name="ADMN029" time="18.246" classname="com.vrt.testcases.UM1"/>
  <system-out/>
  <testcase name="ADMN036C" time="15.471" classname="com.vrt.testcases.UM1"/>
  <system-out/>
  <testcase name="ADMN032" time="9.589" classname="com.vrt.testcases.UM1"/>
  <system-out/>
  <testcase name="ADMN033" time="11.107" classname="com.vrt.testcases.UM1"/>
  <system-out/>
  <testcase name="ADMN021" time="15.931" classname="com.vrt.testcases.UM1"/>
  <system-out/>
  <testcase name="ADMN037A" time="34.682" classname="com.vrt.testcases.UM1"/>
  <system-out/>
  <testcase name="ADMN129" time="15.636" classname="com.vrt.testcases.UM1"/>
  <system-out/>
  <testcase name="ADMN016a" time="13.255" classname="com.vrt.testcases.UM1"/>
  <system-out/>
  <testcase name="ADMN037C" time="23.900" classname="com.vrt.testcases.UM1"/>
  <system-out/>
  <testcase name="ADMN037E" time="16.703" classname="com.vrt.testcases.UM1"/>
  <system-out/>
  <testcase name="ADMN025" time="17.480" classname="com.vrt.testcases.UM1"/>
  <system-out/>
  <testcase name="ADMN008" time="16.047" classname="com.vrt.testcases.UM1"/>
  <system-out/>
  <testcase name="ADMN043" time="13.652" classname="com.vrt.testcases.UM1"/>
  <system-out/>
  <testcase name="ADMN069D" time="16.216" classname="com.vrt.testcases.UM1"/>
  <system-out/>
  <testcase name="ADMN020" time="19.109" classname="com.vrt.testcases.UM1"/>
  <system-out/>
  <testcase name="ADMN010" time="16.254" classname="com.vrt.testcases.UM1"/>
  <system-out/>
  <testcase name="ADMN045A" time="41.458" classname="com.vrt.testcases.UM1">
    <skipped/>
  </testcase> <!-- ADMN045A -->
  <system-out/>
  <testcase name="ADMN027" time="16.223" classname="com.vrt.testcases.UM1"/>
  <system-out/>
  <testcase name="ADMN034D" time="18.930" classname="com.vrt.testcases.UM1"/>
  <system-out/>
  <testcase name="ADMN035" time="13.016" classname="com.vrt.testcases.UM1"/>
  <system-out/>
  <testcase name="ADMN069I" time="15.077" classname="com.vrt.testcases.UM1"/>
  <system-out/>
  <testcase name="ADMN037G" time="31.078" classname="com.vrt.testcases.UM1"/>
  <system-out/>
  <testcase name="ADMN039B" time="25.162" classname="com.vrt.testcases.UM1"/>
  <system-out/>
  <testcase name="ADMN017" time="9.084" classname="com.vrt.testcases.UM1">
    <skipped/>
  </testcase> <!-- ADMN017 -->
  <system-out/>
  <testcase name="ADMN042B" time="13.110" classname="com.vrt.testcases.UM1"/>
  <system-out/>
  <testcase name="ADMN130" time="10.176" classname="com.vrt.testcases.UM1"/>
  <system-out/>
  <testcase name="ADMN026" time="17.350" classname="com.vrt.testcases.UM1"/>
  <system-out/>
  <testcase name="ADMN009A" time="11.327" classname="com.vrt.testcases.UM1"/>
  <system-out/>
  <testcase name="ADMN069J" time="13.622" classname="com.vrt.testcases.UM1"/>
  <system-out/>
  <testcase name="ADMN045A" time="37.436" classname="com.vrt.testcases.UM1">
    <error type="org.openqa.selenium.NoSuchElementException" message="An element could not be located on the page using the given search parameters. (WARNING: The server did not provide any stacktrace information)
Command duration or timeout: 0 milliseconds
For documentation on this error, please visit: https://www.seleniumhq.org/exceptions/no_such_element.html
Build info: version: &#039;3.141.59&#039;, revision: &#039;e82be7d358&#039;, time: &#039;2018-11-14T08:17:03&#039;
System info: host: &#039;INAS-LP024&#039;, ip: &#039;192.168.47.1&#039;, os.name: &#039;Windows 10&#039;, os.arch: &#039;amd64&#039;, os.version: &#039;10.0&#039;, java.version: &#039;1.8.0_181&#039;
Driver info: io.appium.java_client.windows.WindowsDriver
Capabilities {app: Kaye.ValProbeRT_racmveb2qnw..., javascriptEnabled: true, ms:waitForAppLaunch: 10, platform: WINDOWS, platformName: WINDOWS}
Session ID: CB48A638-2505-4069-B2C9-2111644FD6D2
*** Element info: {Using=name, value=Enter User Credentials}">
      <![CDATA[org.openqa.selenium.NoSuchElementException: An element could not be located on the page using the given search parameters. (WARNING: The server did not provide any stacktrace information)
Command duration or timeout: 0 milliseconds
For documentation on this error, please visit: https://www.seleniumhq.org/exceptions/no_such_element.html
Build info: version: '3.141.59', revision: 'e82be7d358', time: '2018-11-14T08:17:03'
System info: host: 'INAS-LP024', ip: '192.168.47.1', os.name: 'Windows 10', os.arch: 'amd64', os.version: '10.0', java.version: '1.8.0_181'
Driver info: io.appium.java_client.windows.WindowsDriver
Capabilities {app: Kaye.ValProbeRT_racmveb2qnw..., javascriptEnabled: true, ms:waitForAppLaunch: 10, platform: WINDOWS, platformName: WINDOWS}
Session ID: CB48A638-2505-4069-B2C9-2111644FD6D2
*** Element info: {Using=name, value=Enter User Credentials}
at sun.reflect.NativeConstructorAccessorImpl.newInstance0(Native Method)
at sun.reflect.NativeConstructorAccessorImpl.newInstance(NativeConstructorAccessorImpl.java:62)
at sun.reflect.DelegatingConstructorAccessorImpl.newInstance(DelegatingConstructorAccessorImpl.java:45)
at java.lang.reflect.Constructor.newInstance(Constructor.java:423)
at org.openqa.selenium.remote.ErrorHandler.createThrowable(ErrorHandler.java:214)
at org.openqa.selenium.remote.ErrorHandler.throwIfResponseFailed(ErrorHandler.java:166)
at org.openqa.selenium.remote.http.JsonHttpResponseCodec.reconstructValue(JsonHttpResponseCodec.java:40)
at org.openqa.selenium.remote.http.AbstractHttpResponseCodec.decode(AbstractHttpResponseCodec.java:80)
at org.openqa.selenium.remote.http.AbstractHttpResponseCodec.decode(AbstractHttpResponseCodec.java:44)
at org.openqa.selenium.remote.HttpCommandExecutor.execute(HttpCommandExecutor.java:158)
at io.appium.java_client.remote.AppiumCommandExecutor.execute(AppiumCommandExecutor.java:239)
at org.openqa.selenium.remote.RemoteWebDriver.execute(RemoteWebDriver.java:552)
at io.appium.java_client.DefaultGenericMobileDriver.execute(DefaultGenericMobileDriver.java:42)
at io.appium.java_client.AppiumDriver.execute(AppiumDriver.java:1)
at io.appium.java_client.windows.WindowsDriver.execute(WindowsDriver.java:1)
at org.openqa.selenium.remote.RemoteWebDriver.findElement(RemoteWebDriver.java:323)
at io.appium.java_client.DefaultGenericMobileDriver.findElement(DefaultGenericMobileDriver.java:62)
at io.appium.java_client.AppiumDriver.findElement(AppiumDriver.java:1)
at io.appium.java_client.windows.WindowsDriver.findElement(WindowsDriver.java:1)
at org.openqa.selenium.remote.RemoteWebDriver.findElementByName(RemoteWebDriver.java:404)
at io.appium.java_client.DefaultGenericMobileDriver.findElementByName(DefaultGenericMobileDriver.java:118)
at io.appium.java_client.AppiumDriver.findElementByName(AppiumDriver.java:1)
at io.appium.java_client.windows.WindowsDriver.findElementByName(WindowsDriver.java:1)
at com.vrt.base.BaseClass.UserLoginPopup(BaseClass.java:191)
at com.vrt.testcases.UM1.ADMN045A(UM1.java:1640)
at sun.reflect.NativeMethodAccessorImpl.invoke0(Native Method)
at sun.reflect.NativeMethodAccessorImpl.invoke(NativeMethodAccessorImpl.java:62)
at sun.reflect.DelegatingMethodAccessorImpl.invoke(DelegatingMethodAccessorImpl.java:43)
at java.lang.reflect.Method.invoke(Method.java:498)
at org.testng.internal.MethodInvocationHelper.invokeMethod(MethodInvocationHelper.java:132)
at org.testng.internal.TestInvoker.invokeMethod(TestInvoker.java:599)
at org.testng.internal.TestInvoker.retryFailed(TestInvoker.java:214)
at org.testng.internal.MethodRunner.runInSequence(MethodRunner.java:58)
at org.testng.internal.TestInvoker$MethodInvocationAgent.invoke(TestInvoker.java:822)
at org.testng.internal.TestInvoker.invokeTestMethods(TestInvoker.java:147)
at org.testng.internal.TestMethodWorker.invokeTestMethods(TestMethodWorker.java:146)
at org.testng.internal.TestMethodWorker.run(TestMethodWorker.java:128)
at java.util.ArrayList.forEach(ArrayList.java:1257)
at org.testng.TestRunner.privateRun(TestRunner.java:764)
at org.testng.TestRunner.run(TestRunner.java:585)
at org.testng.SuiteRunner.runTest(SuiteRunner.java:384)
at org.testng.SuiteRunner.runSequentially(SuiteRunner.java:378)
at org.testng.SuiteRunner.privateRun(SuiteRunner.java:337)
at org.testng.SuiteRunner.run(SuiteRunner.java:286)
at org.testng.SuiteRunnerWorker.runSuite(SuiteRunnerWorker.java:53)
at org.testng.SuiteRunnerWorker.run(SuiteRunnerWorker.java:96)
at org.testng.TestNG.runSuitesSequentially(TestNG.java:1218)
at org.testng.TestNG.runSuitesLocally(TestNG.java:1140)
at org.testng.TestNG.runSuites(TestNG.java:1069)
at org.testng.TestNG.run(TestNG.java:1037)
at org.testng.remote.AbstractRemoteTestNG.run(AbstractRemoteTestNG.java:115)
at org.testng.remote.RemoteTestNG.initAndRun(RemoteTestNG.java:251)
at org.testng.remote.RemoteTestNG.main(RemoteTestNG.java:77)
]]>
    </error>
  </testcase> <!-- ADMN045A -->
  <system-out/>
  <testcase name="ADMN034A" time="20.551" classname="com.vrt.testcases.UM1"/>
  <system-out/>
  <testcase name="ADMN011" time="15.984" classname="com.vrt.testcases.UM1"/>
  <system-out/>
  <testcase name="ADMN132" time="11.919" classname="com.vrt.testcases.UM1"/>
  <system-out/>
  <testcase name="ADMN010" time="16.263" classname="com.vrt.testcases.UM1"/>
  <system-out/>
  <testcase name="ADMN036D" time="17.702" classname="com.vrt.testcases.UM1"/>
  <system-out/>
  <testcase name="ADMN010" time="6.937" classname="com.vrt.testcases.UM1"/>
  <system-out/>
  <testcase name="ADMN043A" time="4.268" classname="com.vrt.testcases.UM1"/>
  <system-out/>
  <testcase name="ADMN042" time="8.470" classname="com.vrt.testcases.UM1"/>
  <system-out/>
  <testcase name="ADMN034B" time="11.573" classname="com.vrt.testcases.UM1"/>
  <system-out/>
</testsuite> <!-- com.vrt.testcases.UM1 -->
