<?xml version="1.0" encoding="UTF-8"?>
<!-- Generated by org.testng.reporters.JUnitReportReporter -->
<testsuite skipped="0" hostname="INAS-LP024" name="com.vrt.testcases.UM_DeleteStudyAndReportAcessTest" tests="18" failures="0" timestamp="2020-07-14T03:18:58 IST" time="431.552" errors="0">
  <testcase name="ADMN103" time="23.081" classname="com.vrt.testcases.UM_DeleteStudyAndReportAcessTest"/>
  <testcase name="ADMN103D" time="23.487" classname="com.vrt.testcases.UM_DeleteStudyAndReportAcessTest"/>
  <testcase name="ADMN065B" time="23.408" classname="com.vrt.testcases.UM_DeleteStudyAndReportAcessTest"/>
  <testcase name="ADMN079" time="23.903" classname="com.vrt.testcases.UM_DeleteStudyAndReportAcessTest"/>
  <testcase name="ADMN081C" time="23.505" classname="com.vrt.testcases.UM_DeleteStudyAndReportAcessTest"/>
  <testcase name="ADMN065" time="26.715" classname="com.vrt.testcases.UM_DeleteStudyAndReportAcessTest"/>
  <testcase name="ADMN065A" time="23.278" classname="com.vrt.testcases.UM_DeleteStudyAndReportAcessTest"/>
  <testcase name="ADMN065C" time="23.964" classname="com.vrt.testcases.UM_DeleteStudyAndReportAcessTest"/>
  <testcase name="ADMN063" time="23.457" classname="com.vrt.testcases.UM_DeleteStudyAndReportAcessTest"/>
  <testcase name="ADMN103C" time="24.106" classname="com.vrt.testcases.UM_DeleteStudyAndReportAcessTest"/>
  <testcase name="ADMN051" time="27.784" classname="com.vrt.testcases.UM_DeleteStudyAndReportAcessTest"/>
  <testcase name="ADMN103B" time="23.506" classname="com.vrt.testcases.UM_DeleteStudyAndReportAcessTest"/>
  <testcase name="ADMN081B" time="23.610" classname="com.vrt.testcases.UM_DeleteStudyAndReportAcessTest"/>
  <testcase name="ADMN081D" time="24.297" classname="com.vrt.testcases.UM_DeleteStudyAndReportAcessTest"/>
  <testcase name="ADMN081A" time="23.570" classname="com.vrt.testcases.UM_DeleteStudyAndReportAcessTest"/>
  <testcase name="ADMN081" time="23.187" classname="com.vrt.testcases.UM_DeleteStudyAndReportAcessTest"/>
  <testcase name="ADMN103A" time="23.551" classname="com.vrt.testcases.UM_DeleteStudyAndReportAcessTest"/>
  <testcase name="ADMN120" time="23.143" classname="com.vrt.testcases.UM_DeleteStudyAndReportAcessTest"/>
</testsuite> <!-- com.vrt.testcases.UM_DeleteStudyAndReportAcessTest -->
