<?xml version="1.0" encoding="UTF-8"?>
<!-- Generated by org.testng.reporters.JUnitReportReporter -->
<testsuite skipped="0" hostname="INAS-LP024" name="com.vrt.testcases.setup_DefineSetupTest" tests="149" failures="0" timestamp="2021-07-13T22:53:45 IST" time="2231.941" errors="0">
  <testcase name="SET004" time="15.320" classname="com.vrt.testcases.setup_DefineSetupTest"/>
  <system-out/>
  <testcase name="SET020" time="15.306" classname="com.vrt.testcases.setup_DefineSetupTest"/>
  <system-out/>
  <testcase name="SET016" time="16.647" classname="com.vrt.testcases.setup_DefineSetupTest"/>
  <system-out/>
  <testcase name="SET004" time="15.253" classname="com.vrt.testcases.setup_DefineSetupTest"/>
  <system-out/>
  <testcase name="SET019" time="16.485" classname="com.vrt.testcases.setup_DefineSetupTest"/>
  <system-out/>
  <testcase name="SET010" time="13.725" classname="com.vrt.testcases.setup_DefineSetupTest"/>
  <system-out/>
  <testcase name="SET007" time="15.127" classname="com.vrt.testcases.setup_DefineSetupTest"/>
  <system-out/>
  <testcase name="SET010" time="13.779" classname="com.vrt.testcases.setup_DefineSetupTest"/>
  <system-out/>
  <testcase name="SET005" time="14.231" classname="com.vrt.testcases.setup_DefineSetupTest"/>
  <system-out/>
  <testcase name="SET017" time="15.379" classname="com.vrt.testcases.setup_DefineSetupTest"/>
  <system-out/>
  <testcase name="SET017" time="15.167" classname="com.vrt.testcases.setup_DefineSetupTest"/>
  <system-out/>
  <testcase name="SET020" time="15.287" classname="com.vrt.testcases.setup_DefineSetupTest"/>
  <system-out/>
  <testcase name="SET010" time="13.770" classname="com.vrt.testcases.setup_DefineSetupTest"/>
  <system-out/>
  <testcase name="SET016" time="16.626" classname="com.vrt.testcases.setup_DefineSetupTest"/>
  <system-out/>
  <testcase name="SET010" time="13.686" classname="com.vrt.testcases.setup_DefineSetupTest"/>
  <system-out/>
  <testcase name="SET010" time="13.846" classname="com.vrt.testcases.setup_DefineSetupTest"/>
  <system-out/>
  <testcase name="SET010" time="13.908" classname="com.vrt.testcases.setup_DefineSetupTest"/>
  <system-out/>
  <testcase name="SET009" time="14.984" classname="com.vrt.testcases.setup_DefineSetupTest"/>
  <system-out/>
  <testcase name="SET005" time="14.204" classname="com.vrt.testcases.setup_DefineSetupTest"/>
  <system-out/>
  <testcase name="SET010" time="13.908" classname="com.vrt.testcases.setup_DefineSetupTest"/>
  <system-out/>
  <testcase name="SET017" time="15.178" classname="com.vrt.testcases.setup_DefineSetupTest"/>
  <system-out/>
  <testcase name="SET021" time="16.417" classname="com.vrt.testcases.setup_DefineSetupTest"/>
  <system-out/>
  <testcase name="SET012" time="16.021" classname="com.vrt.testcases.setup_DefineSetupTest"/>
  <system-out/>
  <testcase name="SET010" time="13.964" classname="com.vrt.testcases.setup_DefineSetupTest"/>
  <system-out/>
  <testcase name="SET004" time="15.583" classname="com.vrt.testcases.setup_DefineSetupTest"/>
  <system-out/>
  <testcase name="SET019" time="16.492" classname="com.vrt.testcases.setup_DefineSetupTest"/>
  <system-out/>
  <testcase name="SET019" time="17.073" classname="com.vrt.testcases.setup_DefineSetupTest"/>
  <system-out/>
  <testcase name="SET010" time="13.701" classname="com.vrt.testcases.setup_DefineSetupTest"/>
  <system-out/>
  <testcase name="SET020" time="15.555" classname="com.vrt.testcases.setup_DefineSetupTest"/>
  <system-out/>
  <testcase name="SET016" time="16.393" classname="com.vrt.testcases.setup_DefineSetupTest"/>
  <system-out/>
  <testcase name="SET008" time="14.144" classname="com.vrt.testcases.setup_DefineSetupTest"/>
  <system-out/>
  <testcase name="SET020" time="15.232" classname="com.vrt.testcases.setup_DefineSetupTest"/>
  <system-out/>
  <testcase name="SET016" time="16.337" classname="com.vrt.testcases.setup_DefineSetupTest"/>
  <system-out/>
  <testcase name="SET010" time="13.848" classname="com.vrt.testcases.setup_DefineSetupTest"/>
  <system-out/>
  <testcase name="SET005" time="14.007" classname="com.vrt.testcases.setup_DefineSetupTest"/>
  <system-out/>
  <testcase name="SET016" time="17.006" classname="com.vrt.testcases.setup_DefineSetupTest"/>
  <system-out/>
  <testcase name="SET010" time="13.825" classname="com.vrt.testcases.setup_DefineSetupTest"/>
  <system-out/>
  <testcase name="SET020" time="15.110" classname="com.vrt.testcases.setup_DefineSetupTest"/>
  <system-out/>
  <testcase name="SET020" time="15.209" classname="com.vrt.testcases.setup_DefineSetupTest"/>
  <system-out/>
  <testcase name="SET005" time="13.934" classname="com.vrt.testcases.setup_DefineSetupTest"/>
  <system-out/>
  <testcase name="SET020" time="15.356" classname="com.vrt.testcases.setup_DefineSetupTest"/>
  <system-out/>
  <testcase name="SET005" time="14.098" classname="com.vrt.testcases.setup_DefineSetupTest"/>
  <system-out/>
  <testcase name="SET001" time="16.207" classname="com.vrt.testcases.setup_DefineSetupTest"/>
  <system-out/>
  <testcase name="SET020" time="15.290" classname="com.vrt.testcases.setup_DefineSetupTest"/>
  <system-out/>
  <testcase name="SET020" time="15.132" classname="com.vrt.testcases.setup_DefineSetupTest"/>
  <system-out/>
  <testcase name="SET010" time="13.716" classname="com.vrt.testcases.setup_DefineSetupTest"/>
  <system-out/>
  <testcase name="SET020" time="15.302" classname="com.vrt.testcases.setup_DefineSetupTest"/>
  <system-out/>
  <testcase name="SET010" time="13.791" classname="com.vrt.testcases.setup_DefineSetupTest"/>
  <system-out/>
  <testcase name="SET004" time="15.423" classname="com.vrt.testcases.setup_DefineSetupTest"/>
  <system-out/>
  <testcase name="SET022" time="16.707" classname="com.vrt.testcases.setup_DefineSetupTest"/>
  <system-out/>
  <testcase name="SET005" time="14.088" classname="com.vrt.testcases.setup_DefineSetupTest"/>
  <system-out/>
  <testcase name="SET009" time="15.056" classname="com.vrt.testcases.setup_DefineSetupTest"/>
  <system-out/>
  <testcase name="SET020" time="15.341" classname="com.vrt.testcases.setup_DefineSetupTest"/>
  <system-out/>
  <testcase name="SET017" time="15.172" classname="com.vrt.testcases.setup_DefineSetupTest"/>
  <system-out/>
  <testcase name="SET020" time="15.141" classname="com.vrt.testcases.setup_DefineSetupTest"/>
  <system-out/>
  <testcase name="SET031" time="13.213" classname="com.vrt.testcases.setup_DefineSetupTest"/>
  <system-out/>
  <testcase name="SET005" time="14.203" classname="com.vrt.testcases.setup_DefineSetupTest"/>
  <system-out/>
  <testcase name="SET016" time="16.748" classname="com.vrt.testcases.setup_DefineSetupTest"/>
  <system-out/>
  <testcase name="SET026A" time="15.789" classname="com.vrt.testcases.setup_DefineSetupTest"/>
  <system-out/>
  <testcase name="SET017" time="15.114" classname="com.vrt.testcases.setup_DefineSetupTest"/>
  <system-out/>
  <testcase name="SET022" time="16.733" classname="com.vrt.testcases.setup_DefineSetupTest"/>
  <system-out/>
  <testcase name="SET010" time="13.843" classname="com.vrt.testcases.setup_DefineSetupTest"/>
  <system-out/>
  <testcase name="SET005" time="14.179" classname="com.vrt.testcases.setup_DefineSetupTest"/>
  <system-out/>
  <testcase name="SET004" time="15.094" classname="com.vrt.testcases.setup_DefineSetupTest"/>
  <system-out/>
  <testcase name="SET017" time="15.251" classname="com.vrt.testcases.setup_DefineSetupTest"/>
  <system-out/>
  <testcase name="SET017" time="15.282" classname="com.vrt.testcases.setup_DefineSetupTest"/>
  <system-out/>
  <testcase name="SET019" time="16.570" classname="com.vrt.testcases.setup_DefineSetupTest"/>
  <system-out/>
  <testcase name="SET010" time="13.820" classname="com.vrt.testcases.setup_DefineSetupTest"/>
  <system-out/>
  <testcase name="SET020" time="15.339" classname="com.vrt.testcases.setup_DefineSetupTest"/>
  <system-out/>
  <testcase name="SET020" time="15.097" classname="com.vrt.testcases.setup_DefineSetupTest"/>
  <system-out/>
  <testcase name="SET017" time="15.266" classname="com.vrt.testcases.setup_DefineSetupTest"/>
  <system-out/>
  <testcase name="SET017" time="15.158" classname="com.vrt.testcases.setup_DefineSetupTest"/>
  <system-out/>
  <testcase name="SET011" time="14.396" classname="com.vrt.testcases.setup_DefineSetupTest"/>
  <system-out/>
  <testcase name="SET014" time="18.801" classname="com.vrt.testcases.setup_DefineSetupTest"/>
  <system-out/>
  <testcase name="SET017" time="15.184" classname="com.vrt.testcases.setup_DefineSetupTest"/>
  <system-out/>
  <testcase name="SET020" time="15.283" classname="com.vrt.testcases.setup_DefineSetupTest"/>
  <system-out/>
  <testcase name="SET016" time="16.559" classname="com.vrt.testcases.setup_DefineSetupTest"/>
  <system-out/>
  <testcase name="SET005" time="14.005" classname="com.vrt.testcases.setup_DefineSetupTest"/>
  <system-out/>
  <testcase name="SET017" time="15.199" classname="com.vrt.testcases.setup_DefineSetupTest"/>
  <system-out/>
  <testcase name="SET020" time="15.302" classname="com.vrt.testcases.setup_DefineSetupTest"/>
  <system-out/>
  <testcase name="SET029" time="12.212" classname="com.vrt.testcases.setup_DefineSetupTest"/>
  <system-out/>
  <testcase name="SET017" time="15.332" classname="com.vrt.testcases.setup_DefineSetupTest"/>
  <system-out/>
  <testcase name="SET005" time="14.080" classname="com.vrt.testcases.setup_DefineSetupTest"/>
  <system-out/>
  <testcase name="SET010" time="13.926" classname="com.vrt.testcases.setup_DefineSetupTest"/>
  <system-out/>
  <testcase name="SET020" time="15.109" classname="com.vrt.testcases.setup_DefineSetupTest"/>
  <system-out/>
  <testcase name="SET010" time="13.755" classname="com.vrt.testcases.setup_DefineSetupTest"/>
  <system-out/>
  <testcase name="SET005" time="14.284" classname="com.vrt.testcases.setup_DefineSetupTest"/>
  <system-out/>
  <testcase name="SET010" time="13.817" classname="com.vrt.testcases.setup_DefineSetupTest"/>
  <system-out/>
  <testcase name="SET015" time="19.774" classname="com.vrt.testcases.setup_DefineSetupTest"/>
  <system-out/>
  <testcase name="SET017" time="15.345" classname="com.vrt.testcases.setup_DefineSetupTest"/>
  <system-out/>
  <testcase name="SET017" time="15.203" classname="com.vrt.testcases.setup_DefineSetupTest"/>
  <system-out/>
  <testcase name="SET005" time="14.106" classname="com.vrt.testcases.setup_DefineSetupTest"/>
  <system-out/>
  <testcase name="SET020" time="15.365" classname="com.vrt.testcases.setup_DefineSetupTest"/>
  <system-out/>
  <testcase name="SET010" time="13.769" classname="com.vrt.testcases.setup_DefineSetupTest"/>
  <system-out/>
  <testcase name="SET019" time="16.659" classname="com.vrt.testcases.setup_DefineSetupTest"/>
  <system-out/>
  <testcase name="SET019" time="16.565" classname="com.vrt.testcases.setup_DefineSetupTest"/>
  <system-out/>
  <testcase name="SET010" time="13.730" classname="com.vrt.testcases.setup_DefineSetupTest"/>
  <system-out/>
  <testcase name="SET005" time="14.059" classname="com.vrt.testcases.setup_DefineSetupTest"/>
  <system-out/>
  <testcase name="SET020" time="15.300" classname="com.vrt.testcases.setup_DefineSetupTest"/>
  <system-out/>
  <testcase name="SET010" time="13.755" classname="com.vrt.testcases.setup_DefineSetupTest"/>
  <system-out/>
  <testcase name="SET016" time="16.418" classname="com.vrt.testcases.setup_DefineSetupTest"/>
  <system-out/>
  <testcase name="SET017" time="15.448" classname="com.vrt.testcases.setup_DefineSetupTest"/>
  <system-out/>
  <testcase name="SET017" time="15.303" classname="com.vrt.testcases.setup_DefineSetupTest"/>
  <system-out/>
  <testcase name="SET026B" time="13.339" classname="com.vrt.testcases.setup_DefineSetupTest"/>
  <system-out/>
  <testcase name="SET017" time="15.204" classname="com.vrt.testcases.setup_DefineSetupTest"/>
  <system-out/>
  <testcase name="SET002" time="11.367" classname="com.vrt.testcases.setup_DefineSetupTest"/>
  <system-out/>
  <testcase name="SET016" time="16.461" classname="com.vrt.testcases.setup_DefineSetupTest"/>
  <system-out/>
  <testcase name="SET005" time="14.254" classname="com.vrt.testcases.setup_DefineSetupTest"/>
  <system-out/>
  <testcase name="SET010" time="13.635" classname="com.vrt.testcases.setup_DefineSetupTest"/>
  <system-out/>
  <testcase name="SET027a" time="19.602" classname="com.vrt.testcases.setup_DefineSetupTest"/>
  <system-out/>
  <testcase name="SET019" time="16.409" classname="com.vrt.testcases.setup_DefineSetupTest"/>
  <system-out/>
  <testcase name="SET004" time="15.297" classname="com.vrt.testcases.setup_DefineSetupTest"/>
  <system-out/>
  <testcase name="SET003" time="17.437" classname="com.vrt.testcases.setup_DefineSetupTest"/>
  <system-out/>
  <testcase name="SET017" time="15.155" classname="com.vrt.testcases.setup_DefineSetupTest"/>
  <system-out/>
  <testcase name="SET016" time="16.529" classname="com.vrt.testcases.setup_DefineSetupTest"/>
  <system-out/>
  <testcase name="SET020" time="15.206" classname="com.vrt.testcases.setup_DefineSetupTest"/>
  <system-out/>
  <testcase name="SET004" time="15.349" classname="com.vrt.testcases.setup_DefineSetupTest"/>
  <system-out/>
  <testcase name="SET009" time="15.129" classname="com.vrt.testcases.setup_DefineSetupTest"/>
  <system-out/>
  <testcase name="SET017" time="15.233" classname="com.vrt.testcases.setup_DefineSetupTest"/>
  <system-out/>
  <testcase name="SET017" time="15.328" classname="com.vrt.testcases.setup_DefineSetupTest"/>
  <system-out/>
  <testcase name="SET010" time="13.509" classname="com.vrt.testcases.setup_DefineSetupTest"/>
  <system-out/>
  <testcase name="SET010" time="13.785" classname="com.vrt.testcases.setup_DefineSetupTest"/>
  <system-out/>
  <testcase name="SET005" time="13.992" classname="com.vrt.testcases.setup_DefineSetupTest"/>
  <system-out/>
  <testcase name="SET020" time="15.243" classname="com.vrt.testcases.setup_DefineSetupTest"/>
  <system-out/>
  <testcase name="SET027" time="14.157" classname="com.vrt.testcases.setup_DefineSetupTest"/>
  <system-out/>
  <testcase name="SET019" time="16.266" classname="com.vrt.testcases.setup_DefineSetupTest"/>
  <system-out/>
  <testcase name="SET010" time="13.760" classname="com.vrt.testcases.setup_DefineSetupTest"/>
  <system-out/>
  <testcase name="SET026" time="12.781" classname="com.vrt.testcases.setup_DefineSetupTest"/>
  <system-out/>
  <testcase name="SET019" time="16.536" classname="com.vrt.testcases.setup_DefineSetupTest"/>
  <system-out/>
  <testcase name="SET020" time="15.121" classname="com.vrt.testcases.setup_DefineSetupTest"/>
  <system-out/>
  <testcase name="SET005" time="14.083" classname="com.vrt.testcases.setup_DefineSetupTest"/>
  <system-out/>
  <testcase name="SET010" time="13.680" classname="com.vrt.testcases.setup_DefineSetupTest"/>
  <system-out/>
  <testcase name="SET017" time="15.077" classname="com.vrt.testcases.setup_DefineSetupTest"/>
  <system-out/>
  <testcase name="SET010" time="13.786" classname="com.vrt.testcases.setup_DefineSetupTest"/>
  <system-out/>
  <testcase name="SET017" time="15.245" classname="com.vrt.testcases.setup_DefineSetupTest"/>
  <system-out/>
  <testcase name="SET013" time="11.440" classname="com.vrt.testcases.setup_DefineSetupTest"/>
  <system-out/>
  <testcase name="SET005" time="14.304" classname="com.vrt.testcases.setup_DefineSetupTest"/>
  <system-out/>
  <testcase name="SET016" time="16.569" classname="com.vrt.testcases.setup_DefineSetupTest"/>
  <system-out/>
  <testcase name="SET010" time="13.791" classname="com.vrt.testcases.setup_DefineSetupTest"/>
  <system-out/>
  <testcase name="SET005" time="14.290" classname="com.vrt.testcases.setup_DefineSetupTest"/>
  <system-out/>
  <testcase name="SET019" time="16.480" classname="com.vrt.testcases.setup_DefineSetupTest"/>
  <system-out/>
  <testcase name="SET005" time="14.122" classname="com.vrt.testcases.setup_DefineSetupTest"/>
  <system-out/>
  <testcase name="SET033" time="12.586" classname="com.vrt.testcases.setup_DefineSetupTest"/>
  <system-out/>
  <testcase name="SET005" time="14.051" classname="com.vrt.testcases.setup_DefineSetupTest"/>
  <system-out/>
  <testcase name="SET019" time="16.564" classname="com.vrt.testcases.setup_DefineSetupTest"/>
  <system-out/>
  <testcase name="SET009" time="15.247" classname="com.vrt.testcases.setup_DefineSetupTest"/>
  <system-out/>
  <testcase name="SET005" time="13.991" classname="com.vrt.testcases.setup_DefineSetupTest"/>
  <system-out/>
  <testcase name="SET030" time="14.162" classname="com.vrt.testcases.setup_DefineSetupTest"/>
  <system-out/>
  <testcase name="SET005" time="14.160" classname="com.vrt.testcases.setup_DefineSetupTest"/>
  <system-out/>
</testsuite> <!-- com.vrt.testcases.setup_DefineSetupTest -->
