<?xml version="1.0" encoding="UTF-8"?>
<!-- Generated by org.testng.reporters.JUnitReportReporter -->
<testsuite skipped="0" hostname="INAS-LP024" name="com.vrt.testcases.CopySetupTest" tests="20" failures="0" timestamp="2020-10-05T17:37:38 IST" time="379.870" errors="0">
  <testcase name="CS004" time="9.862" classname="com.vrt.testcases.CopySetupTest"/>
  <system-out/>
  <testcase name="CS008" time="9.563" classname="com.vrt.testcases.CopySetupTest"/>
  <system-out/>
  <testcase name="CS014" time="11.699" classname="com.vrt.testcases.CopySetupTest"/>
  <system-out/>
  <testcase name="CS009" time="9.454" classname="com.vrt.testcases.CopySetupTest"/>
  <system-out/>
  <testcase name="CS002" time="58.203" classname="com.vrt.testcases.CopySetupTest"/>
  <system-out/>
  <testcase name="CS012" time="42.425" classname="com.vrt.testcases.CopySetupTest"/>
  <system-out/>
  <testcase name="CS018A" time="12.688" classname="com.vrt.testcases.CopySetupTest"/>
  <system-out/>
  <testcase name="CS018B" time="12.503" classname="com.vrt.testcases.CopySetupTest"/>
  <system-out/>
  <testcase name="CS015B" time="18.730" classname="com.vrt.testcases.CopySetupTest"/>
  <system-out/>
  <testcase name="CS010" time="9.385" classname="com.vrt.testcases.CopySetupTest"/>
  <system-out/>
  <testcase name="CS001" time="10.202" classname="com.vrt.testcases.CopySetupTest"/>
  <system-out/>
  <testcase name="CS0023" time="9.568" classname="com.vrt.testcases.CopySetupTest"/>
  <system-out/>
  <testcase name="CS013" time="57.488" classname="com.vrt.testcases.CopySetupTest"/>
  <system-out/>
  <testcase name="CS007" time="9.601" classname="com.vrt.testcases.CopySetupTest"/>
  <system-out/>
  <testcase name="CS017" time="12.216" classname="com.vrt.testcases.CopySetupTest"/>
  <system-out/>
  <testcase name="CS019" time="29.214" classname="com.vrt.testcases.CopySetupTest"/>
  <system-out/>
  <testcase name="CS006" time="9.597" classname="com.vrt.testcases.CopySetupTest"/>
  <system-out/>
  <testcase name="CS021" time="18.796" classname="com.vrt.testcases.CopySetupTest"/>
  <system-out/>
  <testcase name="CS003" time="9.579" classname="com.vrt.testcases.CopySetupTest"/>
  <system-out/>
  <testcase name="CS015A" time="19.097" classname="com.vrt.testcases.CopySetupTest"/>
  <system-out/>
</testsuite> <!-- com.vrt.testcases.CopySetupTest -->
