<?xml version="1.0" encoding="UTF-8"?>
<!-- Generated by org.testng.reporters.JUnitReportReporter -->
<testsuite skipped="1" hostname="INAS-LP024" name="com.vrt.testcases.setup_GroupSensorsTest" tests="76" failures="0" timestamp="2021-03-25T04:25:00 IST" time="2683.908" errors="0">
  <testcase name="GS009" time="35.120" classname="com.vrt.testcases.setup_GroupSensorsTest"/>
  <system-out/>
  <testcase name="GS049" time="37.018" classname="com.vrt.testcases.setup_GroupSensorsTest"/>
  <system-out/>
  <testcase name="GS057" time="34.215" classname="com.vrt.testcases.setup_GroupSensorsTest"/>
  <system-out/>
  <testcase name="GS065" time="32.648" classname="com.vrt.testcases.setup_GroupSensorsTest"/>
  <system-out/>
  <testcase name="GS074" time="29.380" classname="com.vrt.testcases.setup_GroupSensorsTest"/>
  <system-out/>
  <testcase name="GS013" time="40.399" classname="com.vrt.testcases.setup_GroupSensorsTest"/>
  <system-out/>
  <testcase name="GS005" time="39.143" classname="com.vrt.testcases.setup_GroupSensorsTest"/>
  <system-out/>
  <testcase name="GS013" time="40.027" classname="com.vrt.testcases.setup_GroupSensorsTest"/>
  <system-out/>
  <testcase name="GS026" time="28.739" classname="com.vrt.testcases.setup_GroupSensorsTest"/>
  <system-out/>
  <testcase name="GS014" time="39.680" classname="com.vrt.testcases.setup_GroupSensorsTest"/>
  <system-out/>
  <testcase name="GS032" time="35.440" classname="com.vrt.testcases.setup_GroupSensorsTest"/>
  <system-out/>
  <testcase name="GS032" time="58.088" classname="com.vrt.testcases.setup_GroupSensorsTest">
    <skipped/>
  </testcase> <!-- GS032 -->
  <system-out/>
  <testcase name="SC108" time="22.401" classname="com.vrt.testcases.setup_GroupSensorsTest"/>
  <system-out/>
  <testcase name="GS020" time="28.700" classname="com.vrt.testcases.setup_GroupSensorsTest"/>
  <system-out/>
  <testcase name="GS075" time="31.357" classname="com.vrt.testcases.setup_GroupSensorsTest"/>
  <system-out/>
  <testcase name="GS045" time="34.255" classname="com.vrt.testcases.setup_GroupSensorsTest"/>
  <system-out/>
  <testcase name="GS037" time="32.332" classname="com.vrt.testcases.setup_GroupSensorsTest"/>
  <system-out/>
  <testcase name="GS044" time="33.977" classname="com.vrt.testcases.setup_GroupSensorsTest"/>
  <system-out/>
  <testcase name="GS008" time="32.597" classname="com.vrt.testcases.setup_GroupSensorsTest"/>
  <system-out/>
  <testcase name="SC107" time="24.295" classname="com.vrt.testcases.setup_GroupSensorsTest"/>
  <system-out/>
  <testcase name="GS034" time="55.113" classname="com.vrt.testcases.setup_GroupSensorsTest"/>
  <system-out/>
  <testcase name="GS018" time="30.175" classname="com.vrt.testcases.setup_GroupSensorsTest"/>
  <system-out/>
  <testcase name="GS029" time="43.113" classname="com.vrt.testcases.setup_GroupSensorsTest"/>
  <system-out/>
  <testcase name="GS061" time="33.335" classname="com.vrt.testcases.setup_GroupSensorsTest"/>
  <system-out/>
  <testcase name="GS027" time="35.794" classname="com.vrt.testcases.setup_GroupSensorsTest"/>
  <system-out/>
  <testcase name="GS033" time="46.366" classname="com.vrt.testcases.setup_GroupSensorsTest"/>
  <system-out/>
  <testcase name="GS052" time="37.239" classname="com.vrt.testcases.setup_GroupSensorsTest"/>
  <system-out/>
  <testcase name="GS043" time="33.517" classname="com.vrt.testcases.setup_GroupSensorsTest"/>
  <system-out/>
  <testcase name="GS036" time="32.077" classname="com.vrt.testcases.setup_GroupSensorsTest"/>
  <system-out/>
  <testcase name="GS058" time="34.071" classname="com.vrt.testcases.setup_GroupSensorsTest"/>
  <system-out/>
  <testcase name="GS014B" time="39.484" classname="com.vrt.testcases.setup_GroupSensorsTest"/>
  <system-out/>
  <testcase name="GS019" time="28.021" classname="com.vrt.testcases.setup_GroupSensorsTest"/>
  <system-out/>
  <testcase name="GS010" time="39.064" classname="com.vrt.testcases.setup_GroupSensorsTest"/>
  <system-out/>
  <testcase name="GS013" time="39.692" classname="com.vrt.testcases.setup_GroupSensorsTest"/>
  <system-out/>
  <testcase name="GS021" time="33.387" classname="com.vrt.testcases.setup_GroupSensorsTest"/>
  <system-out/>
  <testcase name="GS039" time="42.932" classname="com.vrt.testcases.setup_GroupSensorsTest"/>
  <system-out/>
  <testcase name="GS023" time="54.847" classname="com.vrt.testcases.setup_GroupSensorsTest"/>
  <system-out/>
  <testcase name="SC106" time="22.554" classname="com.vrt.testcases.setup_GroupSensorsTest"/>
  <system-out/>
  <testcase name="GS006" time="40.784" classname="com.vrt.testcases.setup_GroupSensorsTest"/>
  <system-out/>
  <testcase name="GS015" time="30.477" classname="com.vrt.testcases.setup_GroupSensorsTest"/>
  <system-out/>
  <testcase name="GS003" time="38.364" classname="com.vrt.testcases.setup_GroupSensorsTest"/>
  <system-out/>
  <testcase name="GS014" time="39.746" classname="com.vrt.testcases.setup_GroupSensorsTest"/>
  <system-out/>
  <testcase name="GS004" time="38.431" classname="com.vrt.testcases.setup_GroupSensorsTest"/>
  <system-out/>
  <testcase name="GS014A" time="39.373" classname="com.vrt.testcases.setup_GroupSensorsTest"/>
  <system-out/>
  <testcase name="GS064" time="32.009" classname="com.vrt.testcases.setup_GroupSensorsTest"/>
  <system-out/>
  <testcase name="GS046" time="34.200" classname="com.vrt.testcases.setup_GroupSensorsTest"/>
  <system-out/>
  <testcase name="GS012" time="40.492" classname="com.vrt.testcases.setup_GroupSensorsTest"/>
  <system-out/>
  <testcase name="GS055" time="51.516" classname="com.vrt.testcases.setup_GroupSensorsTest"/>
  <system-out/>
  <testcase name="GS022" time="31.028" classname="com.vrt.testcases.setup_GroupSensorsTest"/>
  <system-out/>
  <testcase name="GS025" time="29.198" classname="com.vrt.testcases.setup_GroupSensorsTest"/>
  <system-out/>
  <testcase name="GS063" time="36.314" classname="com.vrt.testcases.setup_GroupSensorsTest"/>
  <system-out/>
  <testcase name="GS005_1" time="30.973" classname="com.vrt.testcases.setup_GroupSensorsTest"/>
  <system-out/>
  <testcase name="GS014" time="40.293" classname="com.vrt.testcases.setup_GroupSensorsTest"/>
  <system-out/>
  <testcase name="GS028" time="31.956" classname="com.vrt.testcases.setup_GroupSensorsTest"/>
  <system-out/>
  <testcase name="GS054" time="32.071" classname="com.vrt.testcases.setup_GroupSensorsTest"/>
  <system-out/>
  <testcase name="GS053" time="35.862" classname="com.vrt.testcases.setup_GroupSensorsTest"/>
  <system-out/>
  <testcase name="GS016" time="31.214" classname="com.vrt.testcases.setup_GroupSensorsTest"/>
  <system-out/>
  <testcase name="GS002" time="38.557" classname="com.vrt.testcases.setup_GroupSensorsTest"/>
  <system-out/>
  <testcase name="GS047" time="34.657" classname="com.vrt.testcases.setup_GroupSensorsTest"/>
  <system-out/>
  <testcase name="GS031" time="33.071" classname="com.vrt.testcases.setup_GroupSensorsTest"/>
  <system-out/>
  <testcase name="GS051" time="34.636" classname="com.vrt.testcases.setup_GroupSensorsTest"/>
  <system-out/>
  <testcase name="GS080" time="22.485" classname="com.vrt.testcases.setup_GroupSensorsTest"/>
  <system-out/>
  <testcase name="GS043_1" time="33.397" classname="com.vrt.testcases.setup_GroupSensorsTest"/>
  <system-out/>
  <testcase name="GS042" time="31.894" classname="com.vrt.testcases.setup_GroupSensorsTest"/>
  <system-out/>
  <testcase name="GS073" time="28.345" classname="com.vrt.testcases.setup_GroupSensorsTest"/>
  <system-out/>
  <testcase name="GS011" time="34.508" classname="com.vrt.testcases.setup_GroupSensorsTest"/>
  <system-out/>
  <testcase name="GS014" time="40.036" classname="com.vrt.testcases.setup_GroupSensorsTest"/>
  <system-out/>
  <testcase name="GS050" time="37.074" classname="com.vrt.testcases.setup_GroupSensorsTest"/>
  <system-out/>
  <testcase name="GS056" time="33.557" classname="com.vrt.testcases.setup_GroupSensorsTest"/>
  <system-out/>
  <testcase name="GS062" time="33.137" classname="com.vrt.testcases.setup_GroupSensorsTest"/>
  <system-out/>
  <testcase name="GS014" time="40.513" classname="com.vrt.testcases.setup_GroupSensorsTest"/>
  <system-out/>
  <testcase name="GS017" time="29.947" classname="com.vrt.testcases.setup_GroupSensorsTest"/>
  <system-out/>
  <testcase name="GS024" time="29.516" classname="com.vrt.testcases.setup_GroupSensorsTest"/>
  <system-out/>
  <testcase name="GS064A" time="31.057" classname="com.vrt.testcases.setup_GroupSensorsTest"/>
  <system-out/>
  <testcase name="GS048" time="34.440" classname="com.vrt.testcases.setup_GroupSensorsTest"/>
  <system-out/>
  <testcase name="GS001" time="28.188" classname="com.vrt.testcases.setup_GroupSensorsTest"/>
  <system-out/>
</testsuite> <!-- com.vrt.testcases.setup_GroupSensorsTest -->
