<?xml version="1.0" encoding="UTF-8"?>
<!-- Generated by org.testng.reporters.JUnitReportReporter -->
<testsuite skipped="0" hostname="INAS-LP024" name="com.vrt.testcases.setup_ReviewTest" tests="5" failures="0" timestamp="2021-03-25T04:25:00 IST" time="275.507" errors="0">
  <testcase name="REV030" time="60.343" classname="com.vrt.testcases.setup_ReviewTest"/>
  <system-out/>
  <testcase name="REV028" time="50.467" classname="com.vrt.testcases.setup_ReviewTest"/>
  <system-out/>
  <testcase name="REV027" time="70.224" classname="com.vrt.testcases.setup_ReviewTest"/>
  <system-out/>
  <testcase name="REV029" time="45.709" classname="com.vrt.testcases.setup_ReviewTest"/>
  <system-out/>
  <testcase name="REV028A" time="48.764" classname="com.vrt.testcases.setup_ReviewTest"/>
  <system-out/>
</testsuite> <!-- com.vrt.testcases.setup_ReviewTest -->
