<?xml version="1.0" encoding="UTF-8"?>
<!-- Generated by org.testng.reporters.JUnitReportReporter -->
<testsuite skipped="0" hostname="INAS-LP024" name="com.vrt.testcases.HitNTrialTests" tests="1" failures="0" timestamp="2020-07-07T22:59:20 IST" time="26.202" errors="0">
  <testcase name="ADMN012" time="26.202" classname="com.vrt.testcases.HitNTrialTests"/>
</testsuite> <!-- com.vrt.testcases.HitNTrialTests -->
