<?xml version="1.0" encoding="UTF-8"?>
<!-- Generated by org.testng.reporters.JUnitReportReporter -->
<testsuite skipped="0" hostname="AASHYD-4B6B2X2" name="com.vrt.testcases.copySetupTest" tests="20" failures="0" timestamp="2020-11-09T23:11:15 IST" time="414.898" errors="0">
  <testcase name="CS012" time="44.000" classname="com.vrt.testcases.copySetupTest"/>
  <system-out/>
  <testcase name="CS002" time="63.209" classname="com.vrt.testcases.copySetupTest"/>
  <system-out/>
  <testcase name="CS009" time="11.049" classname="com.vrt.testcases.copySetupTest"/>
  <system-out/>
  <testcase name="CS010" time="11.185" classname="com.vrt.testcases.copySetupTest"/>
  <system-out/>
  <testcase name="CS004" time="12.161" classname="com.vrt.testcases.copySetupTest"/>
  <system-out/>
  <testcase name="CS006" time="11.188" classname="com.vrt.testcases.copySetupTest"/>
  <system-out/>
  <testcase name="CS013" time="60.288" classname="com.vrt.testcases.copySetupTest"/>
  <system-out/>
  <testcase name="CS018A" time="14.275" classname="com.vrt.testcases.copySetupTest"/>
  <system-out/>
  <testcase name="CS0023" time="11.468" classname="com.vrt.testcases.copySetupTest"/>
  <system-out/>
  <testcase name="CS021" time="16.240" classname="com.vrt.testcases.copySetupTest"/>
  <system-out/>
  <testcase name="CS001" time="11.777" classname="com.vrt.testcases.copySetupTest"/>
  <system-out/>
  <testcase name="CS017" time="14.224" classname="com.vrt.testcases.copySetupTest"/>
  <system-out/>
  <testcase name="CS015A" time="20.280" classname="com.vrt.testcases.copySetupTest"/>
  <system-out/>
  <testcase name="CS019" time="31.294" classname="com.vrt.testcases.copySetupTest"/>
  <system-out/>
  <testcase name="CS018B" time="14.131" classname="com.vrt.testcases.copySetupTest"/>
  <system-out/>
  <testcase name="CS007" time="11.157" classname="com.vrt.testcases.copySetupTest"/>
  <system-out/>
  <testcase name="CS015B" time="20.960" classname="com.vrt.testcases.copySetupTest"/>
  <system-out/>
  <testcase name="CS008" time="11.186" classname="com.vrt.testcases.copySetupTest"/>
  <system-out/>
  <testcase name="CS003" time="11.237" classname="com.vrt.testcases.copySetupTest"/>
  <system-out/>
  <testcase name="CS014" time="13.589" classname="com.vrt.testcases.copySetupTest"/>
  <system-out/>
</testsuite> <!-- com.vrt.testcases.copySetupTest -->
