<?xml version="1.0" encoding="UTF-8"?>
<!-- Generated by org.testng.reporters.JUnitReportReporter -->
<testsuite skipped="0" hostname="AASHYD-4B6B2X2" name="com.vrt.testcases.UM3" tests="43" failures="0" timestamp="2020-11-09T20:17:32 IST" time="612.998" errors="0">
  <testcase name="CADMN11" time="15.055" classname="com.vrt.testcases.UM3"/>
  <system-out/>
  <testcase name="CADMN19" time="32.978" classname="com.vrt.testcases.UM3"/>
  <system-out/>
  <testcase name="CADMN23A" time="23.587" classname="com.vrt.testcases.UM3"/>
  <system-out/>
  <testcase name="CADMN39" time="13.307" classname="com.vrt.testcases.UM3"/>
  <system-out/>
  <testcase name="CADMN28" time="14.825" classname="com.vrt.testcases.UM3"/>
  <system-out/>
  <testcase name="CADMN24" time="10.591" classname="com.vrt.testcases.UM3"/>
  <system-out/>
  <testcase name="ADMN085A" time="8.667" classname="com.vrt.testcases.UM3"/>
  <system-out/>
  <testcase name="ADMN058A" time="10.002" classname="com.vrt.testcases.UM3"/>
  <system-out/>
  <testcase name="CADMN12" time="14.594" classname="com.vrt.testcases.UM3"/>
  <system-out/>
  <testcase name="CADMN23B" time="10.741" classname="com.vrt.testcases.UM3"/>
  <system-out/>
  <testcase name="ADMN111" time="8.812" classname="com.vrt.testcases.UM3"/>
  <system-out/>
  <testcase name="CADMN27" time="12.773" classname="com.vrt.testcases.UM3"/>
  <system-out/>
  <testcase name="CADMN15" time="12.637" classname="com.vrt.testcases.UM3"/>
  <system-out/>
  <testcase name="ADMN112" time="13.895" classname="com.vrt.testcases.UM3"/>
  <system-out/>
  <testcase name="CADMN14" time="13.345" classname="com.vrt.testcases.UM3"/>
  <system-out/>
  <testcase name="CADMN20" time="13.562" classname="com.vrt.testcases.UM3"/>
  <system-out/>
  <testcase name="CADMN22" time="23.482" classname="com.vrt.testcases.UM3"/>
  <system-out/>
  <testcase name="CADMN30" time="18.182" classname="com.vrt.testcases.UM3"/>
  <system-out/>
  <testcase name="CADMN25" time="11.984" classname="com.vrt.testcases.UM3"/>
  <system-out/>
  <testcase name="CADMN16" time="14.612" classname="com.vrt.testcases.UM3"/>
  <system-out/>
  <testcase name="CADMN2" time="11.973" classname="com.vrt.testcases.UM3"/>
  <system-out/>
  <testcase name="CADMN21" time="16.094" classname="com.vrt.testcases.UM3"/>
  <system-out/>
  <testcase name="CADMN29" time="11.913" classname="com.vrt.testcases.UM3"/>
  <system-out/>
  <testcase name="ADMN087" time="13.873" classname="com.vrt.testcases.UM3"/>
  <system-out/>
  <testcase name="CADMN6" time="11.044" classname="com.vrt.testcases.UM3"/>
  <system-out/>
  <testcase name="ADMN058B" time="11.506" classname="com.vrt.testcases.UM3"/>
  <system-out/>
  <testcase name="CADMN5" time="14.674" classname="com.vrt.testcases.UM3"/>
  <system-out/>
  <testcase name="ADMN111A" time="32.727" classname="com.vrt.testcases.UM3"/>
  <system-out/>
  <testcase name="CADMN37" time="11.355" classname="com.vrt.testcases.UM3"/>
  <system-out/>
  <testcase name="ADMN060" time="12.308" classname="com.vrt.testcases.UM3"/>
  <system-out/>
  <testcase name="CADMN10" time="20.144" classname="com.vrt.testcases.UM3"/>
  <system-out/>
  <testcase name="CADMN7" time="11.081" classname="com.vrt.testcases.UM3"/>
  <system-out/>
  <testcase name="CADMN31" time="14.456" classname="com.vrt.testcases.UM3"/>
  <system-out/>
  <testcase name="CADMN32" time="24.450" classname="com.vrt.testcases.UM3"/>
  <system-out/>
  <testcase name="CADMN8" time="11.316" classname="com.vrt.testcases.UM3"/>
  <system-out/>
  <testcase name="CADMN38" time="11.403" classname="com.vrt.testcases.UM3"/>
  <system-out/>
  <testcase name="CADMN9" time="8.225" classname="com.vrt.testcases.UM3"/>
  <system-out/>
  <testcase name="ADMN085B" time="12.179" classname="com.vrt.testcases.UM3"/>
  <system-out/>
  <testcase name="CADMN1" time="14.512" classname="com.vrt.testcases.UM3"/>
  <system-out/>
  <testcase name="CADMN40" time="7.427" classname="com.vrt.testcases.UM3"/>
  <system-out/>
  <testcase name="CADMN35" time="13.671" classname="com.vrt.testcases.UM3"/>
  <system-out/>
  <testcase name="CADMN36" time="10.990" classname="com.vrt.testcases.UM3"/>
  <system-out/>
  <testcase name="CADMN26" time="8.046" classname="com.vrt.testcases.UM3"/>
  <system-out/>
</testsuite> <!-- com.vrt.testcases.UM3 -->
