<?xml version="1.0" encoding="UTF-8"?>
<!-- Generated by org.testng.reporters.JUnitReportReporter -->
<testsuite skipped="0" hostname="AASHYD-4B6B2X2" name="com.vrt.testcases.assetDetailsTest" tests="3" failures="0" timestamp="05 Aug 2020 20:24:59 GMT" time="46.266" errors="0">
  <testcase name="ASST034WO" time="15.886" classname="com.vrt.testcases.assetDetailsTest"/>
  <testcase name="ASST032WO" time="15.237" classname="com.vrt.testcases.assetDetailsTest"/>
  <testcase name="ASST033WO" time="15.143" classname="com.vrt.testcases.assetDetailsTest"/>
</testsuite> <!-- com.vrt.testcases.assetDetailsTest -->
