<?xml version="1.0" encoding="UTF-8"?>
<!-- Generated by org.testng.reporters.JUnitReportReporter -->
<testsuite skipped="2" hostname="INAS-LP024" name="com.vrt.testcases.setup_SensorConfigTest" tests="199" failures="1" timestamp="2021-07-13T22:53:45 IST" time="4092.961" errors="0">
  <testcase name="SC089" time="26.762" classname="com.vrt.testcases.setup_SensorConfigTest"/>
  <system-out/>
  <testcase name="SC041" time="18.534" classname="com.vrt.testcases.setup_SensorConfigTest"/>
  <system-out/>
  <testcase name="SC043" time="23.332" classname="com.vrt.testcases.setup_SensorConfigTest"/>
  <system-out/>
  <testcase name="SC064" time="20.976" classname="com.vrt.testcases.setup_SensorConfigTest"/>
  <system-out/>
  <testcase name="SC004" time="17.450" classname="com.vrt.testcases.setup_SensorConfigTest"/>
  <system-out/>
  <testcase name="SC007" time="17.760" classname="com.vrt.testcases.setup_SensorConfigTest"/>
  <system-out/>
  <testcase name="SC083" time="23.027" classname="com.vrt.testcases.setup_SensorConfigTest"/>
  <system-out/>
  <testcase name="SC088" time="24.415" classname="com.vrt.testcases.setup_SensorConfigTest"/>
  <system-out/>
  <testcase name="SC086" time="21.585" classname="com.vrt.testcases.setup_SensorConfigTest"/>
  <system-out/>
  <testcase name="SC056" time="18.826" classname="com.vrt.testcases.setup_SensorConfigTest"/>
  <system-out/>
  <testcase name="SC044" time="18.324" classname="com.vrt.testcases.setup_SensorConfigTest"/>
  <system-out/>
  <testcase name="SC083B" time="23.163" classname="com.vrt.testcases.setup_SensorConfigTest"/>
  <system-out/>
  <testcase name="SC013" time="19.382" classname="com.vrt.testcases.setup_SensorConfigTest"/>
  <system-out/>
  <testcase name="SC007" time="17.723" classname="com.vrt.testcases.setup_SensorConfigTest"/>
  <system-out/>
  <testcase name="SC079" time="27.741" classname="com.vrt.testcases.setup_SensorConfigTest"/>
  <system-out/>
  <testcase name="SC083" time="23.011" classname="com.vrt.testcases.setup_SensorConfigTest"/>
  <system-out/>
  <testcase name="SC051" time="18.411" classname="com.vrt.testcases.setup_SensorConfigTest"/>
  <system-out/>
  <testcase name="SC033" time="16.857" classname="com.vrt.testcases.setup_SensorConfigTest"/>
  <system-out/>
  <testcase name="SC111" time="21.925" classname="com.vrt.testcases.setup_SensorConfigTest"/>
  <system-out/>
  <testcase name="SC084_1" time="23.022" classname="com.vrt.testcases.setup_SensorConfigTest"/>
  <system-out/>
  <testcase name="SC040" time="17.834" classname="com.vrt.testcases.setup_SensorConfigTest"/>
  <system-out/>
  <testcase name="SC029" time="17.297" classname="com.vrt.testcases.setup_SensorConfigTest"/>
  <system-out/>
  <testcase name="SC049" time="20.022" classname="com.vrt.testcases.setup_SensorConfigTest"/>
  <system-out/>
  <testcase name="SC058" time="18.351" classname="com.vrt.testcases.setup_SensorConfigTest"/>
  <system-out/>
  <testcase name="SC067" time="19.462" classname="com.vrt.testcases.setup_SensorConfigTest"/>
  <system-out/>
  <testcase name="SC023" time="17.832" classname="com.vrt.testcases.setup_SensorConfigTest"/>
  <system-out/>
  <testcase name="SC042" time="19.735" classname="com.vrt.testcases.setup_SensorConfigTest"/>
  <system-out/>
  <testcase name="SC084" time="23.293" classname="com.vrt.testcases.setup_SensorConfigTest"/>
  <system-out/>
  <testcase name="SC006" time="17.555" classname="com.vrt.testcases.setup_SensorConfigTest"/>
  <system-out/>
  <testcase name="SC077" time="23.148" classname="com.vrt.testcases.setup_SensorConfigTest"/>
  <system-out/>
  <testcase name="SC031" time="16.504" classname="com.vrt.testcases.setup_SensorConfigTest"/>
  <system-out/>
  <testcase name="SC048" time="19.842" classname="com.vrt.testcases.setup_SensorConfigTest"/>
  <system-out/>
  <testcase name="SC065_2" time="21.251" classname="com.vrt.testcases.setup_SensorConfigTest"/>
  <system-out/>
  <testcase name="SC061" time="19.376" classname="com.vrt.testcases.setup_SensorConfigTest"/>
  <system-out/>
  <testcase name="SC020" time="17.979" classname="com.vrt.testcases.setup_SensorConfigTest"/>
  <system-out/>
  <testcase name="SC082" time="24.119" classname="com.vrt.testcases.setup_SensorConfigTest"/>
  <system-out/>
  <testcase name="SC046" time="21.230" classname="com.vrt.testcases.setup_SensorConfigTest"/>
  <system-out/>
  <testcase name="SC022" time="17.644" classname="com.vrt.testcases.setup_SensorConfigTest"/>
  <system-out/>
  <testcase name="SC063" time="22.525" classname="com.vrt.testcases.setup_SensorConfigTest"/>
  <system-out/>
  <testcase name="SC084_1A" time="23.243" classname="com.vrt.testcases.setup_SensorConfigTest"/>
  <system-out/>
  <testcase name="SC106" time="16.543" classname="com.vrt.testcases.setup_SensorConfigTest"/>
  <system-out/>
  <testcase name="SC117" time="23.750" classname="com.vrt.testcases.setup_SensorConfigTest"/>
  <system-out/>
  <testcase name="SC059" time="18.135" classname="com.vrt.testcases.setup_SensorConfigTest"/>
  <system-out/>
  <testcase name="SC005" time="19.132" classname="com.vrt.testcases.setup_SensorConfigTest"/>
  <system-out/>
  <testcase name="SC053" time="20.023" classname="com.vrt.testcases.setup_SensorConfigTest"/>
  <system-out/>
  <testcase name="SC066_1" time="22.817" classname="com.vrt.testcases.setup_SensorConfigTest"/>
  <system-out/>
  <testcase name="SC081" time="23.662" classname="com.vrt.testcases.setup_SensorConfigTest"/>
  <system-out/>
  <testcase name="SC047" time="20.173" classname="com.vrt.testcases.setup_SensorConfigTest"/>
  <system-out/>
  <testcase name="SC110" time="17.346" classname="com.vrt.testcases.setup_SensorConfigTest">
    <skipped/>
  </testcase> <!-- SC110 -->
  <system-out/>
  <testcase name="SC066" time="19.456" classname="com.vrt.testcases.setup_SensorConfigTest"/>
  <system-out/>
  <testcase name="SC086" time="21.542" classname="com.vrt.testcases.setup_SensorConfigTest"/>
  <system-out/>
  <testcase name="SC087" time="26.685" classname="com.vrt.testcases.setup_SensorConfigTest"/>
  <system-out/>
  <testcase name="SC007" time="17.884" classname="com.vrt.testcases.setup_SensorConfigTest"/>
  <system-out/>
  <testcase name="SC024" time="17.031" classname="com.vrt.testcases.setup_SensorConfigTest"/>
  <system-out/>
  <testcase name="SC056" time="17.617" classname="com.vrt.testcases.setup_SensorConfigTest"/>
  <system-out/>
  <testcase name="SC025" time="18.924" classname="com.vrt.testcases.setup_SensorConfigTest"/>
  <system-out/>
  <testcase name="SC003_1" time="16.358" classname="com.vrt.testcases.setup_SensorConfigTest"/>
  <system-out/>
  <testcase name="SC057" time="18.296" classname="com.vrt.testcases.setup_SensorConfigTest"/>
  <system-out/>
  <testcase name="SC084A" time="29.236" classname="com.vrt.testcases.setup_SensorConfigTest"/>
  <system-out/>
  <testcase name="SC062" time="19.040" classname="com.vrt.testcases.setup_SensorConfigTest"/>
  <system-out/>
  <testcase name="SC006" time="17.889" classname="com.vrt.testcases.setup_SensorConfigTest"/>
  <system-out/>
  <testcase name="SC058" time="21.461" classname="com.vrt.testcases.setup_SensorConfigTest"/>
  <system-out/>
  <testcase name="SC004" time="19.262" classname="com.vrt.testcases.setup_SensorConfigTest"/>
  <system-out/>
  <testcase name="SC023" time="17.754" classname="com.vrt.testcases.setup_SensorConfigTest"/>
  <system-out/>
  <testcase name="SC074" time="20.621" classname="com.vrt.testcases.setup_SensorConfigTest"/>
  <system-out/>
  <testcase name="SC072" time="20.208" classname="com.vrt.testcases.setup_SensorConfigTest"/>
  <system-out/>
  <testcase name="SC049" time="20.119" classname="com.vrt.testcases.setup_SensorConfigTest"/>
  <system-out/>
  <testcase name="SC010" time="17.423" classname="com.vrt.testcases.setup_SensorConfigTest"/>
  <system-out/>
  <testcase name="SC046" time="21.118" classname="com.vrt.testcases.setup_SensorConfigTest"/>
  <system-out/>
  <testcase name="SC110" time="17.258" classname="com.vrt.testcases.setup_SensorConfigTest">
    <failure type="java.lang.AssertionError" message="The following asserts failed:
	FAIL: Incorrect SW version &amp; Console IP adress displayed in About window expected [127.0.0.1] but found []">
      <![CDATA[java.lang.AssertionError: The following asserts failed:
FAIL: Incorrect SW version & Console IP adress displayed in About window expected [127.0.0.1] but found []
at org.testng.asserts.SoftAssert.assertAll(SoftAssert.java:47)
at org.testng.asserts.SoftAssert.assertAll(SoftAssert.java:31)
at com.vrt.testcases.setup_SensorConfigTest.SC110(setup_SensorConfigTest.java:2813)
at sun.reflect.NativeMethodAccessorImpl.invoke0(Native Method)
at sun.reflect.NativeMethodAccessorImpl.invoke(NativeMethodAccessorImpl.java:62)
at sun.reflect.DelegatingMethodAccessorImpl.invoke(DelegatingMethodAccessorImpl.java:43)
at java.lang.reflect.Method.invoke(Method.java:498)
at org.testng.internal.MethodInvocationHelper.invokeMethod(MethodInvocationHelper.java:132)
at org.testng.internal.TestInvoker.invokeMethod(TestInvoker.java:599)
at org.testng.internal.TestInvoker.retryFailed(TestInvoker.java:214)
at org.testng.internal.MethodRunner.runInSequence(MethodRunner.java:58)
at org.testng.internal.TestInvoker$MethodInvocationAgent.invoke(TestInvoker.java:822)
at org.testng.internal.TestInvoker.invokeTestMethods(TestInvoker.java:147)
at org.testng.internal.TestMethodWorker.invokeTestMethods(TestMethodWorker.java:146)
at org.testng.internal.TestMethodWorker.run(TestMethodWorker.java:128)
at java.util.ArrayList.forEach(ArrayList.java:1257)
at org.testng.TestRunner.privateRun(TestRunner.java:764)
at org.testng.TestRunner.run(TestRunner.java:585)
at org.testng.SuiteRunner.runTest(SuiteRunner.java:384)
at org.testng.SuiteRunner.runSequentially(SuiteRunner.java:378)
at org.testng.SuiteRunner.privateRun(SuiteRunner.java:337)
at org.testng.SuiteRunner.run(SuiteRunner.java:286)
at org.testng.SuiteRunnerWorker.runSuite(SuiteRunnerWorker.java:53)
at org.testng.SuiteRunnerWorker.run(SuiteRunnerWorker.java:96)
at org.testng.TestNG.runSuitesSequentially(TestNG.java:1218)
at org.testng.TestNG.runSuitesLocally(TestNG.java:1140)
at org.testng.TestNG.runSuites(TestNG.java:1069)
at org.testng.TestNG.run(TestNG.java:1037)
at org.testng.remote.AbstractRemoteTestNG.run(AbstractRemoteTestNG.java:115)
at org.testng.remote.RemoteTestNG.initAndRun(RemoteTestNG.java:251)
at org.testng.remote.RemoteTestNG.main(RemoteTestNG.java:77)
]]>
    </failure>
  </testcase> <!-- SC110 -->
  <system-out/>
  <testcase name="SC082" time="29.173" classname="com.vrt.testcases.setup_SensorConfigTest"/>
  <system-out/>
  <testcase name="SC050" time="25.791" classname="com.vrt.testcases.setup_SensorConfigTest"/>
  <system-out/>
  <testcase name="SC006" time="17.598" classname="com.vrt.testcases.setup_SensorConfigTest"/>
  <system-out/>
  <testcase name="SC084" time="23.382" classname="com.vrt.testcases.setup_SensorConfigTest"/>
  <system-out/>
  <testcase name="SC071" time="26.832" classname="com.vrt.testcases.setup_SensorConfigTest"/>
  <system-out/>
  <testcase name="SC009" time="18.673" classname="com.vrt.testcases.setup_SensorConfigTest"/>
  <system-out/>
  <testcase name="SC003" time="16.722" classname="com.vrt.testcases.setup_SensorConfigTest"/>
  <system-out/>
  <testcase name="SC092" time="28.813" classname="com.vrt.testcases.setup_SensorConfigTest"/>
  <system-out/>
  <testcase name="SC064" time="21.403" classname="com.vrt.testcases.setup_SensorConfigTest"/>
  <system-out/>
  <testcase name="SC002" time="16.393" classname="com.vrt.testcases.setup_SensorConfigTest"/>
  <system-out/>
  <testcase name="SC059" time="19.140" classname="com.vrt.testcases.setup_SensorConfigTest"/>
  <system-out/>
  <testcase name="SC056" time="18.658" classname="com.vrt.testcases.setup_SensorConfigTest"/>
  <system-out/>
  <testcase name="SC078" time="23.613" classname="com.vrt.testcases.setup_SensorConfigTest"/>
  <system-out/>
  <testcase name="SC015" time="17.686" classname="com.vrt.testcases.setup_SensorConfigTest"/>
  <system-out/>
  <testcase name="SC038" time="17.918" classname="com.vrt.testcases.setup_SensorConfigTest"/>
  <system-out/>
  <testcase name="SC011" time="16.458" classname="com.vrt.testcases.setup_SensorConfigTest"/>
  <system-out/>
  <testcase name="SC042" time="20.108" classname="com.vrt.testcases.setup_SensorConfigTest"/>
  <system-out/>
  <testcase name="SC062" time="18.211" classname="com.vrt.testcases.setup_SensorConfigTest"/>
  <system-out/>
  <testcase name="SC058" time="20.735" classname="com.vrt.testcases.setup_SensorConfigTest"/>
  <system-out/>
  <testcase name="SC086" time="21.684" classname="com.vrt.testcases.setup_SensorConfigTest"/>
  <system-out/>
  <testcase name="SC070" time="19.981" classname="com.vrt.testcases.setup_SensorConfigTest"/>
  <system-out/>
  <testcase name="SC064" time="21.457" classname="com.vrt.testcases.setup_SensorConfigTest"/>
  <system-out/>
  <testcase name="SC073" time="20.494" classname="com.vrt.testcases.setup_SensorConfigTest"/>
  <system-out/>
  <testcase name="SC027" time="17.185" classname="com.vrt.testcases.setup_SensorConfigTest"/>
  <system-out/>
  <testcase name="SC041" time="18.422" classname="com.vrt.testcases.setup_SensorConfigTest"/>
  <system-out/>
  <testcase name="SC012" time="20.921" classname="com.vrt.testcases.setup_SensorConfigTest"/>
  <system-out/>
  <testcase name="SC113" time="22.466" classname="com.vrt.testcases.setup_SensorConfigTest"/>
  <system-out/>
  <testcase name="SC108" time="17.296" classname="com.vrt.testcases.setup_SensorConfigTest"/>
  <system-out/>
  <testcase name="SC018" time="17.237" classname="com.vrt.testcases.setup_SensorConfigTest"/>
  <system-out/>
  <testcase name="SC021" time="17.681" classname="com.vrt.testcases.setup_SensorConfigTest"/>
  <system-out/>
  <testcase name="SC013" time="19.277" classname="com.vrt.testcases.setup_SensorConfigTest"/>
  <system-out/>
  <testcase name="SC086" time="21.443" classname="com.vrt.testcases.setup_SensorConfigTest"/>
  <system-out/>
  <testcase name="SC086" time="21.288" classname="com.vrt.testcases.setup_SensorConfigTest"/>
  <system-out/>
  <testcase name="SC022" time="17.779" classname="com.vrt.testcases.setup_SensorConfigTest"/>
  <system-out/>
  <testcase name="SC056" time="19.354" classname="com.vrt.testcases.setup_SensorConfigTest"/>
  <system-out/>
  <testcase name="SC064" time="21.335" classname="com.vrt.testcases.setup_SensorConfigTest"/>
  <system-out/>
  <testcase name="SC019" time="16.187" classname="com.vrt.testcases.setup_SensorConfigTest"/>
  <system-out/>
  <testcase name="SC082" time="29.332" classname="com.vrt.testcases.setup_SensorConfigTest"/>
  <system-out/>
  <testcase name="SC063" time="22.121" classname="com.vrt.testcases.setup_SensorConfigTest"/>
  <system-out/>
  <testcase name="SC084" time="23.391" classname="com.vrt.testcases.setup_SensorConfigTest"/>
  <system-out/>
  <testcase name="SC114" time="22.671" classname="com.vrt.testcases.setup_SensorConfigTest"/>
  <system-out/>
  <testcase name="SC084_1B" time="22.963" classname="com.vrt.testcases.setup_SensorConfigTest"/>
  <system-out/>
  <testcase name="SC050" time="23.814" classname="com.vrt.testcases.setup_SensorConfigTest"/>
  <system-out/>
  <testcase name="SC107" time="18.260" classname="com.vrt.testcases.setup_SensorConfigTest"/>
  <system-out/>
  <testcase name="SC014" time="17.783" classname="com.vrt.testcases.setup_SensorConfigTest"/>
  <system-out/>
  <testcase name="SC110" time="17.308" classname="com.vrt.testcases.setup_SensorConfigTest">
    <skipped/>
  </testcase> <!-- SC110 -->
  <system-out/>
  <testcase name="SC037" time="21.931" classname="com.vrt.testcases.setup_SensorConfigTest"/>
  <system-out/>
  <testcase name="SC085" time="22.605" classname="com.vrt.testcases.setup_SensorConfigTest"/>
  <system-out/>
  <testcase name="SC116" time="21.941" classname="com.vrt.testcases.setup_SensorConfigTest"/>
  <system-out/>
  <testcase name="SC015" time="17.856" classname="com.vrt.testcases.setup_SensorConfigTest"/>
  <system-out/>
  <testcase name="SC034" time="20.468" classname="com.vrt.testcases.setup_SensorConfigTest"/>
  <system-out/>
  <testcase name="SC022" time="17.502" classname="com.vrt.testcases.setup_SensorConfigTest"/>
  <system-out/>
  <testcase name="SC014" time="17.460" classname="com.vrt.testcases.setup_SensorConfigTest"/>
  <system-out/>
  <testcase name="SC053" time="19.818" classname="com.vrt.testcases.setup_SensorConfigTest"/>
  <system-out/>
  <testcase name="SC058" time="20.190" classname="com.vrt.testcases.setup_SensorConfigTest"/>
  <system-out/>
  <testcase name="SC032" time="16.735" classname="com.vrt.testcases.setup_SensorConfigTest"/>
  <system-out/>
  <testcase name="SC083A" time="23.224" classname="com.vrt.testcases.setup_SensorConfigTest"/>
  <system-out/>
  <testcase name="SC093" time="23.770" classname="com.vrt.testcases.setup_SensorConfigTest"/>
  <system-out/>
  <testcase name="SC103" time="16.844" classname="com.vrt.testcases.setup_SensorConfigTest"/>
  <system-out/>
  <testcase name="SC102" time="22.641" classname="com.vrt.testcases.setup_SensorConfigTest"/>
  <system-out/>
  <testcase name="SC090" time="26.464" classname="com.vrt.testcases.setup_SensorConfigTest"/>
  <system-out/>
  <testcase name="SC064" time="21.110" classname="com.vrt.testcases.setup_SensorConfigTest"/>
  <system-out/>
  <testcase name="SC023" time="17.873" classname="com.vrt.testcases.setup_SensorConfigTest"/>
  <system-out/>
  <testcase name="SC017" time="18.805" classname="com.vrt.testcases.setup_SensorConfigTest"/>
  <system-out/>
  <testcase name="SC056" time="18.439" classname="com.vrt.testcases.setup_SensorConfigTest"/>
  <system-out/>
  <testcase name="SC012" time="17.451" classname="com.vrt.testcases.setup_SensorConfigTest"/>
  <system-out/>
  <testcase name="SC063" time="22.594" classname="com.vrt.testcases.setup_SensorConfigTest"/>
  <system-out/>
  <testcase name="SC063" time="21.972" classname="com.vrt.testcases.setup_SensorConfigTest"/>
  <system-out/>
  <testcase name="SC080" time="24.494" classname="com.vrt.testcases.setup_SensorConfigTest"/>
  <system-out/>
  <testcase name="SC053" time="19.877" classname="com.vrt.testcases.setup_SensorConfigTest"/>
  <system-out/>
  <testcase name="SC104" time="19.401" classname="com.vrt.testcases.setup_SensorConfigTest"/>
  <system-out/>
  <testcase name="SC020" time="21.294" classname="com.vrt.testcases.setup_SensorConfigTest"/>
  <system-out/>
  <testcase name="SC083" time="23.230" classname="com.vrt.testcases.setup_SensorConfigTest"/>
  <system-out/>
  <testcase name="SC086" time="21.467" classname="com.vrt.testcases.setup_SensorConfigTest"/>
  <system-out/>
  <testcase name="SC086" time="21.432" classname="com.vrt.testcases.setup_SensorConfigTest"/>
  <system-out/>
  <testcase name="SC068" time="18.473" classname="com.vrt.testcases.setup_SensorConfigTest"/>
  <system-out/>
  <testcase name="SC020" time="17.788" classname="com.vrt.testcases.setup_SensorConfigTest"/>
  <system-out/>
  <testcase name="SC005" time="19.233" classname="com.vrt.testcases.setup_SensorConfigTest"/>
  <system-out/>
  <testcase name="SC084_1" time="23.116" classname="com.vrt.testcases.setup_SensorConfigTest"/>
  <system-out/>
  <testcase name="SC014" time="17.676" classname="com.vrt.testcases.setup_SensorConfigTest"/>
  <system-out/>
  <testcase name="SC058" time="18.561" classname="com.vrt.testcases.setup_SensorConfigTest"/>
  <system-out/>
  <testcase name="SC001" time="18.418" classname="com.vrt.testcases.setup_SensorConfigTest"/>
  <system-out/>
  <testcase name="SC021" time="17.918" classname="com.vrt.testcases.setup_SensorConfigTest"/>
  <system-out/>
  <testcase name="SC049" time="20.273" classname="com.vrt.testcases.setup_SensorConfigTest"/>
  <system-out/>
  <testcase name="SC056" time="18.580" classname="com.vrt.testcases.setup_SensorConfigTest"/>
  <system-out/>
  <testcase name="SC052" time="19.916" classname="com.vrt.testcases.setup_SensorConfigTest"/>
  <system-out/>
  <testcase name="SC069" time="18.462" classname="com.vrt.testcases.setup_SensorConfigTest"/>
  <system-out/>
  <testcase name="SC118" time="20.350" classname="com.vrt.testcases.setup_SensorConfigTest"/>
  <system-out/>
  <testcase name="SC036" time="26.148" classname="com.vrt.testcases.setup_SensorConfigTest"/>
  <system-out/>
  <testcase name="SC075" time="20.638" classname="com.vrt.testcases.setup_SensorConfigTest"/>
  <system-out/>
  <testcase name="SC042" time="19.738" classname="com.vrt.testcases.setup_SensorConfigTest"/>
  <system-out/>
  <testcase name="SC076_1" time="27.783" classname="com.vrt.testcases.setup_SensorConfigTest"/>
  <system-out/>
  <testcase name="SC058" time="20.711" classname="com.vrt.testcases.setup_SensorConfigTest"/>
  <system-out/>
  <testcase name="SC084_1" time="23.100" classname="com.vrt.testcases.setup_SensorConfigTest"/>
  <system-out/>
  <testcase name="SC084_1" time="23.024" classname="com.vrt.testcases.setup_SensorConfigTest"/>
  <system-out/>
  <testcase name="SC041" time="18.532" classname="com.vrt.testcases.setup_SensorConfigTest"/>
  <system-out/>
  <testcase name="SC008" time="17.184" classname="com.vrt.testcases.setup_SensorConfigTest"/>
  <system-out/>
  <testcase name="SC084" time="23.450" classname="com.vrt.testcases.setup_SensorConfigTest"/>
  <system-out/>
  <testcase name="SC050" time="24.799" classname="com.vrt.testcases.setup_SensorConfigTest"/>
  <system-out/>
  <testcase name="SC026" time="17.252" classname="com.vrt.testcases.setup_SensorConfigTest"/>
  <system-out/>
  <testcase name="SC055" time="16.528" classname="com.vrt.testcases.setup_SensorConfigTest"/>
  <system-out/>
  <testcase name="SC112" time="21.971" classname="com.vrt.testcases.setup_SensorConfigTest"/>
  <system-out/>
  <testcase name="SC084_1" time="23.242" classname="com.vrt.testcases.setup_SensorConfigTest"/>
  <system-out/>
  <testcase name="SC043" time="22.228" classname="com.vrt.testcases.setup_SensorConfigTest"/>
  <system-out/>
  <testcase name="SC105" time="22.912" classname="com.vrt.testcases.setup_SensorConfigTest"/>
  <system-out/>
  <testcase name="SC082" time="29.176" classname="com.vrt.testcases.setup_SensorConfigTest"/>
  <system-out/>
  <testcase name="SC015" time="17.907" classname="com.vrt.testcases.setup_SensorConfigTest"/>
  <system-out/>
  <testcase name="SC046a" time="19.428" classname="com.vrt.testcases.setup_SensorConfigTest"/>
  <system-out/>
  <testcase name="SC028" time="18.049" classname="com.vrt.testcases.setup_SensorConfigTest"/>
  <system-out/>
  <testcase name="SC054" time="19.302" classname="com.vrt.testcases.setup_SensorConfigTest"/>
  <system-out/>
  <testcase name="SC065_1" time="20.423" classname="com.vrt.testcases.setup_SensorConfigTest"/>
  <system-out/>
  <testcase name="SC016" time="17.020" classname="com.vrt.testcases.setup_SensorConfigTest"/>
  <system-out/>
  <testcase name="SC039" time="17.847" classname="com.vrt.testcases.setup_SensorConfigTest"/>
  <system-out/>
  <testcase name="SC052" time="19.829" classname="com.vrt.testcases.setup_SensorConfigTest"/>
  <system-out/>
  <testcase name="SC046" time="21.103" classname="com.vrt.testcases.setup_SensorConfigTest"/>
  <system-out/>
  <testcase name="SC012" time="17.463" classname="com.vrt.testcases.setup_SensorConfigTest"/>
  <system-out/>
  <testcase name="SC083" time="23.171" classname="com.vrt.testcases.setup_SensorConfigTest"/>
  <system-out/>
  <testcase name="SC030" time="20.793" classname="com.vrt.testcases.setup_SensorConfigTest"/>
  <system-out/>
  <testcase name="SC064" time="21.689" classname="com.vrt.testcases.setup_SensorConfigTest"/>
  <system-out/>
  <testcase name="SC048" time="19.995" classname="com.vrt.testcases.setup_SensorConfigTest"/>
  <system-out/>
  <testcase name="SC004" time="17.399" classname="com.vrt.testcases.setup_SensorConfigTest"/>
  <system-out/>
  <testcase name="SC083" time="23.016" classname="com.vrt.testcases.setup_SensorConfigTest"/>
  <system-out/>
  <testcase name="SC048" time="19.832" classname="com.vrt.testcases.setup_SensorConfigTest"/>
  <system-out/>
  <testcase name="SC091" time="25.154" classname="com.vrt.testcases.setup_SensorConfigTest"/>
  <system-out/>
  <testcase name="SC043" time="29.415" classname="com.vrt.testcases.setup_SensorConfigTest"/>
  <system-out/>
  <testcase name="SC062" time="18.310" classname="com.vrt.testcases.setup_SensorConfigTest"/>
  <system-out/>
  <testcase name="SC101" time="22.545" classname="com.vrt.testcases.setup_SensorConfigTest"/>
  <system-out/>
  <testcase name="SC058" time="18.517" classname="com.vrt.testcases.setup_SensorConfigTest"/>
  <system-out/>
  <testcase name="SC076" time="35.018" classname="com.vrt.testcases.setup_SensorConfigTest"/>
  <system-out/>
</testsuite> <!-- com.vrt.testcases.setup_SensorConfigTest -->
