<?xml version="1.0" encoding="UTF-8"?>
<!-- Generated by org.testng.reporters.JUnitReportReporter -->
<testsuite skipped="0" hostname="INAS-LP024" name="com.vrt.testcases.CopyAssetTest" tests="38" failures="0" timestamp="2020-10-05T16:39:08 IST" time="570.080" errors="0">
  <testcase name="CA007" time="12.603" classname="com.vrt.testcases.CopyAssetTest"/>
  <system-out/>
  <testcase name="CA004" time="12.528" classname="com.vrt.testcases.CopyAssetTest"/>
  <system-out/>
  <testcase name="CA005" time="13.505" classname="com.vrt.testcases.CopyAssetTest"/>
  <system-out/>
  <testcase name="CA001" time="10.872" classname="com.vrt.testcases.CopyAssetTest"/>
  <system-out/>
  <testcase name="CA008A" time="12.209" classname="com.vrt.testcases.CopyAssetTest"/>
  <system-out/>
  <testcase name="CA005A" time="11.989" classname="com.vrt.testcases.CopyAssetTest"/>
  <system-out/>
  <testcase name="CA008" time="12.185" classname="com.vrt.testcases.CopyAssetTest"/>
  <system-out/>
  <testcase name="CA010" time="14.376" classname="com.vrt.testcases.CopyAssetTest"/>
  <system-out/>
  <testcase name="CA005" time="12.980" classname="com.vrt.testcases.CopyAssetTest"/>
  <system-out/>
  <testcase name="CA016" time="22.996" classname="com.vrt.testcases.CopyAssetTest"/>
  <system-out/>
  <testcase name="CA007" time="12.495" classname="com.vrt.testcases.CopyAssetTest"/>
  <system-out/>
  <testcase name="CA012" time="22.633" classname="com.vrt.testcases.CopyAssetTest"/>
  <system-out/>
  <testcase name="CA007" time="12.749" classname="com.vrt.testcases.CopyAssetTest"/>
  <system-out/>
  <testcase name="CA009" time="20.847" classname="com.vrt.testcases.CopyAssetTest"/>
  <system-out/>
  <testcase name="CA005C" time="12.028" classname="com.vrt.testcases.CopyAssetTest"/>
  <system-out/>
  <testcase name="CA002" time="35.665" classname="com.vrt.testcases.CopyAssetTest"/>
  <system-out/>
  <testcase name="CA007" time="12.496" classname="com.vrt.testcases.CopyAssetTest"/>
  <system-out/>
  <testcase name="CA004" time="12.605" classname="com.vrt.testcases.CopyAssetTest"/>
  <system-out/>
  <testcase name="CA005" time="12.167" classname="com.vrt.testcases.CopyAssetTest"/>
  <system-out/>
  <testcase name="CA007" time="13.256" classname="com.vrt.testcases.CopyAssetTest"/>
  <system-out/>
  <testcase name="CA004" time="13.509" classname="com.vrt.testcases.CopyAssetTest"/>
  <system-out/>
  <testcase name="CA006" time="12.185" classname="com.vrt.testcases.CopyAssetTest"/>
  <system-out/>
  <testcase name="CA004" time="13.315" classname="com.vrt.testcases.CopyAssetTest"/>
  <system-out/>
  <testcase name="CA008B" time="13.247" classname="com.vrt.testcases.CopyAssetTest"/>
  <system-out/>
  <testcase name="CA004" time="12.334" classname="com.vrt.testcases.CopyAssetTest"/>
  <system-out/>
  <testcase name="CA013" time="24.346" classname="com.vrt.testcases.CopyAssetTest"/>
  <system-out/>
  <testcase name="CA008" time="13.208" classname="com.vrt.testcases.CopyAssetTest"/>
  <system-out/>
  <testcase name="CA007" time="12.775" classname="com.vrt.testcases.CopyAssetTest"/>
  <system-out/>
  <testcase name="CA008" time="12.232" classname="com.vrt.testcases.CopyAssetTest"/>
  <system-out/>
  <testcase name="CA011" time="23.394" classname="com.vrt.testcases.CopyAssetTest"/>
  <system-out/>
  <testcase name="CA005" time="12.211" classname="com.vrt.testcases.CopyAssetTest"/>
  <system-out/>
  <testcase name="CA004" time="12.622" classname="com.vrt.testcases.CopyAssetTest"/>
  <system-out/>
  <testcase name="CA003A" time="12.907" classname="com.vrt.testcases.CopyAssetTest"/>
  <system-out/>
  <testcase name="CA007" time="13.226" classname="com.vrt.testcases.CopyAssetTest"/>
  <system-out/>
  <testcase name="CA008" time="12.957" classname="com.vrt.testcases.CopyAssetTest"/>
  <system-out/>
  <testcase name="CA015" time="19.033" classname="com.vrt.testcases.CopyAssetTest"/>
  <system-out/>
  <testcase name="CA005B" time="20.131" classname="com.vrt.testcases.CopyAssetTest"/>
  <system-out/>
  <testcase name="CA004" time="13.264" classname="com.vrt.testcases.CopyAssetTest"/>
  <system-out/>
</testsuite> <!-- com.vrt.testcases.CopyAssetTest -->
