<?xml version="1.0" encoding="UTF-8"?>
<!-- Generated by org.testng.reporters.JUnitReportReporter -->
<testsuite skipped="0" hostname="INAS-LP024" name="com.vrt.testcases.assetHubTest" tests="12" failures="0" timestamp="2020-10-05T16:39:08 IST" time="183.376" errors="0">
  <testcase name="ASSTHB004" time="6.699" classname="com.vrt.testcases.assetHubTest"/>
  <system-out/>
  <testcase name="ASSTHB007" time="8.251" classname="com.vrt.testcases.assetHubTest"/>
  <system-out/>
  <testcase name="ASSTHB010" time="24.320" classname="com.vrt.testcases.assetHubTest"/>
  <system-out/>
  <testcase name="ASSTHB002" time="6.750" classname="com.vrt.testcases.assetHubTest"/>
  <system-out/>
  <testcase name="ASSTHB006a" time="30.609" classname="com.vrt.testcases.assetHubTest"/>
  <system-out/>
  <testcase name="ASSTHB006b" time="29.007" classname="com.vrt.testcases.assetHubTest"/>
  <system-out/>
  <testcase name="ASSTHB005" time="9.445" classname="com.vrt.testcases.assetHubTest"/>
  <system-out/>
  <testcase name="ASSTHB001" time="6.597" classname="com.vrt.testcases.assetHubTest"/>
  <system-out/>
  <testcase name="ASSTHB003" time="6.563" classname="com.vrt.testcases.assetHubTest"/>
  <system-out/>
  <testcase name="ASSTHB008" time="25.538" classname="com.vrt.testcases.assetHubTest"/>
  <system-out/>
  <testcase name="ASSTHB011" time="10.375" classname="com.vrt.testcases.assetHubTest"/>
  <system-out/>
  <testcase name="ASSTHB009" time="19.222" classname="com.vrt.testcases.assetHubTest"/>
  <system-out/>
</testsuite> <!-- com.vrt.testcases.assetHubTest -->
