<?xml version="1.0" encoding="UTF-8"?>
<!-- Generated by org.testng.reporters.JUnitReportReporter -->
<testsuite skipped="0" hostname="DESKTOP-IH5DTV2" name="com.vrt.testcases.UM2" tests="1" failures="0" timestamp="2020-07-17T22:46:33 IST" time="29.367" errors="0">
  <testcase name="ADMN119" time="29.367" classname="com.vrt.testcases.UM2"/>
  <system-out/>
</testsuite> <!-- com.vrt.testcases.UM2 -->
