<?xml version="1.0" encoding="UTF-8"?>
<!-- Generated by org.testng.reporters.JUnitReportReporter -->
<testsuite skipped="0" hostname="INAS-LP024" name="com.vrt.testcases.HitNTrialTests" tests="1" failures="0" timestamp="2020-07-16T19:38:40 IST" time="16.820" errors="0">
  <testcase name="ADMN062" time="16.820" classname="com.vrt.testcases.HitNTrialTests"/>
</testsuite> <!-- com.vrt.testcases.HitNTrialTests -->
