<?xml version="1.0" encoding="UTF-8"?>
<!-- Generated by org.testng.reporters.JUnitReportReporter -->
<testsuite skipped="12" hostname="AASHYD-4B6B2X2" name="com.vrt.testcases.UM1" tests="100" failures="1" timestamp="05 Aug 2020 21:37:03 GMT" time="1898.492" errors="3">
  <testcase name="ADMN034" time="27.050" classname="com.vrt.testcases.UM1"/>
  <testcase name="ADMN014" time="16.260" classname="com.vrt.testcases.UM1"/>
  <testcase name="ADMN010" time="16.884" classname="com.vrt.testcases.UM1"/>
  <testcase name="ADMN040A" time="20.433" classname="com.vrt.testcases.UM1"/>
  <testcase name="ADMN008" time="16.703" classname="com.vrt.testcases.UM1"/>
  <testcase name="ADMN010" time="16.833" classname="com.vrt.testcases.UM1"/>
  <testcase name="ADMN126" time="13.535" classname="com.vrt.testcases.UM1"/>
  <testcase name="ADMN014A" time="25.257" classname="com.vrt.testcases.UM1"/>
  <testcase name="ADMN017a" time="12.077" classname="com.vrt.testcases.UM1"/>
  <testcase name="ADMN015" time="9.899" classname="com.vrt.testcases.UM1">
    <skipped/>
  </testcase> <!-- ADMN015 -->
  <testcase name="ADMN042" time="18.375" classname="com.vrt.testcases.UM1"/>
  <testcase name="ADMN129" time="21.160" classname="com.vrt.testcases.UM1"/>
  <testcase name="ADMN036C" time="16.250" classname="com.vrt.testcases.UM1"/>
  <testcase name="ADMN041A" time="20.010" classname="com.vrt.testcases.UM1"/>
  <testcase name="ADMN069F" time="20.876" classname="com.vrt.testcases.UM1"/>
  <testcase name="ADMN128" time="15.670" classname="com.vrt.testcases.UM1">
    <failure type="java.lang.AssertionError" message="The following asserts failed:
	FAIL:Invalid Credential, Please try again message Not displaying expected [Invalid Credential, Please try again.] but found [Invalid Credential, Please try again]">
      <![CDATA[java.lang.AssertionError: The following asserts failed:
FAIL:Invalid Credential, Please try again message Not displaying expected [Invalid Credential, Please try again.] but found [Invalid Credential, Please try again]
at org.testng.asserts.SoftAssert.assertAll(SoftAssert.java:43)
at com.vrt.testcases.UM1.ADMN128(UM1.java:2061)
at sun.reflect.NativeMethodAccessorImpl.invoke0(Native Method)
at sun.reflect.NativeMethodAccessorImpl.invoke(Unknown Source)
at sun.reflect.DelegatingMethodAccessorImpl.invoke(Unknown Source)
at java.lang.reflect.Method.invoke(Unknown Source)
at org.testng.internal.MethodInvocationHelper.invokeMethod(MethodInvocationHelper.java:124)
at org.testng.internal.Invoker.invokeMethod(Invoker.java:583)
at org.testng.internal.Invoker.retryFailed(Invoker.java:839)
at org.testng.internal.Invoker.invokeTestMethods(Invoker.java:1010)
at org.testng.internal.TestMethodWorker.invokeTestMethods(TestMethodWorker.java:125)
at org.testng.internal.TestMethodWorker.run(TestMethodWorker.java:109)
at org.testng.TestRunner.privateRun(TestRunner.java:648)
at org.testng.TestRunner.run(TestRunner.java:505)
at org.testng.SuiteRunner.runTest(SuiteRunner.java:455)
at org.testng.SuiteRunner.runSequentially(SuiteRunner.java:450)
at org.testng.SuiteRunner.privateRun(SuiteRunner.java:415)
at org.testng.SuiteRunner.run(SuiteRunner.java:364)
at org.testng.SuiteRunnerWorker.runSuite(SuiteRunnerWorker.java:52)
at org.testng.SuiteRunnerWorker.run(SuiteRunnerWorker.java:84)
at org.testng.TestNG.runSuitesSequentially(TestNG.java:1208)
at org.testng.TestNG.runSuitesLocally(TestNG.java:1137)
at org.testng.TestNG.runSuites(TestNG.java:1049)
at org.testng.TestNG.run(TestNG.java:1017)
at org.testng.remote.AbstractRemoteTestNG.run(AbstractRemoteTestNG.java:115)
at org.testng.remote.RemoteTestNG.initAndRun(RemoteTestNG.java:251)
at org.testng.remote.RemoteTestNG.main(RemoteTestNG.java:77)
]]>
    </failure>
  </testcase> <!-- ADMN128 -->
  <testcase name="ADMN037D" time="20.196" classname="com.vrt.testcases.UM1"/>
  <testcase name="ADMN015A" time="11.819" classname="com.vrt.testcases.UM1"/>
  <testcase name="ADMN026" time="37.136" classname="com.vrt.testcases.UM1">
    <skipped/>
  </testcase> <!-- ADMN026 -->
  <testcase name="ADMN069I" time="13.815" classname="com.vrt.testcases.UM1"/>
  <testcase name="ADMN021" time="16.466" classname="com.vrt.testcases.UM1"/>
  <testcase name="ADMN133" time="11.211" classname="com.vrt.testcases.UM1"/>
  <testcase name="ADMN037F" time="33.542" classname="com.vrt.testcases.UM1"/>
  <testcase name="ADMN034C" time="19.924" classname="com.vrt.testcases.UM1"/>
  <testcase name="ADMN126A" time="13.651" classname="com.vrt.testcases.UM1"/>
  <testcase name="ADMN069H" time="32.521" classname="com.vrt.testcases.UM1">
    <skipped/>
  </testcase> <!-- ADMN069H -->
  <testcase name="ADMN028" time="17.939" classname="com.vrt.testcases.UM1"/>
  <testcase name="ADMN069J" time="14.159" classname="com.vrt.testcases.UM1"/>
  <testcase name="ADMN032" time="10.378" classname="com.vrt.testcases.UM1"/>
  <testcase name="ADMN069B" time="19.320" classname="com.vrt.testcases.UM1"/>
  <testcase name="ADMN039B" time="28.849" classname="com.vrt.testcases.UM1"/>
  <testcase name="ADMN011" time="16.462" classname="com.vrt.testcases.UM1"/>
  <testcase name="ADMN031" time="17.307" classname="com.vrt.testcases.UM1"/>
  <testcase name="ADMN010" time="16.693" classname="com.vrt.testcases.UM1"/>
  <testcase name="ADMN039A" time="21.795" classname="com.vrt.testcases.UM1"/>
  <testcase name="ADMN012" time="16.471" classname="com.vrt.testcases.UM1"/>
  <testcase name="ADMN069D" time="16.125" classname="com.vrt.testcases.UM1"/>
  <testcase name="ADMN069C" time="17.383" classname="com.vrt.testcases.UM1"/>
  <testcase name="ADMN069H" time="32.325" classname="com.vrt.testcases.UM1">
    <error type="org.openqa.selenium.NoSuchElementException" message="An element could not be located on the page using the given search parameters. (WARNING: The server did not provide any stacktrace information)
Command duration or timeout: 0 milliseconds
For documentation on this error, please visit: https://www.seleniumhq.org/exceptions/no_such_element.html
Build info: version: &#039;3.141.59&#039;, revision: &#039;e82be7d358&#039;, time: &#039;2018-11-14T08:17:03&#039;
System info: host: &#039;AASHYD-4B6B2X2&#039;, ip: &#039;192.168.0.105&#039;, os.name: &#039;Windows 10&#039;, os.arch: &#039;amd64&#039;, os.version: &#039;10.0&#039;, java.version: &#039;1.8.0_181&#039;
Driver info: io.appium.java_client.windows.WindowsDriver
Capabilities {app: Kaye.ValProbeRT_racmveb2qnw..., javascriptEnabled: true, platform: WINDOWS, platformName: WINDOWS}
Session ID: EE31F196-96E7-400C-8EA3-B2D6CEA46AE8
*** Element info: {Using=name, value=Enter User Credentials}">
      <![CDATA[org.openqa.selenium.NoSuchElementException: An element could not be located on the page using the given search parameters. (WARNING: The server did not provide any stacktrace information)
Command duration or timeout: 0 milliseconds
For documentation on this error, please visit: https://www.seleniumhq.org/exceptions/no_such_element.html
Build info: version: '3.141.59', revision: 'e82be7d358', time: '2018-11-14T08:17:03'
System info: host: 'AASHYD-4B6B2X2', ip: '192.168.0.105', os.name: 'Windows 10', os.arch: 'amd64', os.version: '10.0', java.version: '1.8.0_181'
Driver info: io.appium.java_client.windows.WindowsDriver
Capabilities {app: Kaye.ValProbeRT_racmveb2qnw..., javascriptEnabled: true, platform: WINDOWS, platformName: WINDOWS}
Session ID: EE31F196-96E7-400C-8EA3-B2D6CEA46AE8
*** Element info: {Using=name, value=Enter User Credentials}
at sun.reflect.NativeConstructorAccessorImpl.newInstance0(Native Method)
at sun.reflect.NativeConstructorAccessorImpl.newInstance(Unknown Source)
at sun.reflect.DelegatingConstructorAccessorImpl.newInstance(Unknown Source)
at java.lang.reflect.Constructor.newInstance(Unknown Source)
at org.openqa.selenium.remote.ErrorHandler.createThrowable(ErrorHandler.java:214)
at org.openqa.selenium.remote.ErrorHandler.throwIfResponseFailed(ErrorHandler.java:166)
at org.openqa.selenium.remote.http.JsonHttpResponseCodec.reconstructValue(JsonHttpResponseCodec.java:40)
at org.openqa.selenium.remote.http.AbstractHttpResponseCodec.decode(AbstractHttpResponseCodec.java:80)
at org.openqa.selenium.remote.http.AbstractHttpResponseCodec.decode(AbstractHttpResponseCodec.java:44)
at org.openqa.selenium.remote.HttpCommandExecutor.execute(HttpCommandExecutor.java:158)
at io.appium.java_client.remote.AppiumCommandExecutor.execute(AppiumCommandExecutor.java:239)
at org.openqa.selenium.remote.RemoteWebDriver.execute(RemoteWebDriver.java:552)
at io.appium.java_client.DefaultGenericMobileDriver.execute(DefaultGenericMobileDriver.java:42)
at io.appium.java_client.AppiumDriver.execute(AppiumDriver.java:1)
at io.appium.java_client.windows.WindowsDriver.execute(WindowsDriver.java:1)
at org.openqa.selenium.remote.RemoteWebDriver.findElement(RemoteWebDriver.java:323)
at io.appium.java_client.DefaultGenericMobileDriver.findElement(DefaultGenericMobileDriver.java:62)
at io.appium.java_client.AppiumDriver.findElement(AppiumDriver.java:1)
at io.appium.java_client.windows.WindowsDriver.findElement(WindowsDriver.java:1)
at org.openqa.selenium.remote.RemoteWebDriver.findElementByName(RemoteWebDriver.java:404)
at io.appium.java_client.DefaultGenericMobileDriver.findElementByName(DefaultGenericMobileDriver.java:118)
at io.appium.java_client.AppiumDriver.findElementByName(AppiumDriver.java:1)
at io.appium.java_client.windows.WindowsDriver.findElementByName(WindowsDriver.java:1)
at com.vrt.base.BaseClass.UserLoginPopup(BaseClass.java:191)
at com.vrt.testcases.UM1.ADMN069H(UM1.java:1945)
at sun.reflect.NativeMethodAccessorImpl.invoke0(Native Method)
at sun.reflect.NativeMethodAccessorImpl.invoke(Unknown Source)
at sun.reflect.DelegatingMethodAccessorImpl.invoke(Unknown Source)
at java.lang.reflect.Method.invoke(Unknown Source)
at org.testng.internal.MethodInvocationHelper.invokeMethod(MethodInvocationHelper.java:124)
at org.testng.internal.Invoker.invokeMethod(Invoker.java:583)
at org.testng.internal.Invoker.retryFailed(Invoker.java:839)
at org.testng.internal.Invoker.invokeTestMethods(Invoker.java:1010)
at org.testng.internal.TestMethodWorker.invokeTestMethods(TestMethodWorker.java:125)
at org.testng.internal.TestMethodWorker.run(TestMethodWorker.java:109)
at org.testng.TestRunner.privateRun(TestRunner.java:648)
at org.testng.TestRunner.run(TestRunner.java:505)
at org.testng.SuiteRunner.runTest(SuiteRunner.java:455)
at org.testng.SuiteRunner.runSequentially(SuiteRunner.java:450)
at org.testng.SuiteRunner.privateRun(SuiteRunner.java:415)
at org.testng.SuiteRunner.run(SuiteRunner.java:364)
at org.testng.SuiteRunnerWorker.runSuite(SuiteRunnerWorker.java:52)
at org.testng.SuiteRunnerWorker.run(SuiteRunnerWorker.java:84)
at org.testng.TestNG.runSuitesSequentially(TestNG.java:1208)
at org.testng.TestNG.runSuitesLocally(TestNG.java:1137)
at org.testng.TestNG.runSuites(TestNG.java:1049)
at org.testng.TestNG.run(TestNG.java:1017)
at org.testng.remote.AbstractRemoteTestNG.run(AbstractRemoteTestNG.java:115)
at org.testng.remote.RemoteTestNG.initAndRun(RemoteTestNG.java:251)
at org.testng.remote.RemoteTestNG.main(RemoteTestNG.java:77)
]]>
    </error>
  </testcase> <!-- ADMN069H -->
  <testcase name="ADMN034D" time="19.550" classname="com.vrt.testcases.UM1"/>
  <testcase name="ADMN035" time="13.685" classname="com.vrt.testcases.UM1"/>
  <testcase name="ADMN024" time="16.523" classname="com.vrt.testcases.UM1"/>
  <testcase name="ADMN033" time="11.814" classname="com.vrt.testcases.UM1"/>
  <testcase name="ADMN042B" time="13.662" classname="com.vrt.testcases.UM1"/>
  <testcase name="ADMN040B" time="27.431" classname="com.vrt.testcases.UM1"/>
  <testcase name="ADMN036A" time="21.512" classname="com.vrt.testcases.UM1"/>
  <testcase name="ADMN020" time="19.479" classname="com.vrt.testcases.UM1"/>
  <testcase name="ADMN017" time="9.817" classname="com.vrt.testcases.UM1">
    <skipped/>
  </testcase> <!-- ADMN017 -->
  <testcase name="ADMN019" time="15.625" classname="com.vrt.testcases.UM1"/>
  <testcase name="ADMN069H" time="31.980" classname="com.vrt.testcases.UM1">
    <skipped/>
  </testcase> <!-- ADMN069H -->
  <testcase name="ADMN128" time="15.838" classname="com.vrt.testcases.UM1">
    <skipped/>
  </testcase> <!-- ADMN128 -->
  <testcase name="ADMN041B" time="25.804" classname="com.vrt.testcases.UM1"/>
  <testcase name="ADMN132" time="11.525" classname="com.vrt.testcases.UM1"/>
  <testcase name="ADMN127" time="14.028" classname="com.vrt.testcases.UM1"/>
  <testcase name="ADMN006" time="10.070" classname="com.vrt.testcases.UM1"/>
  <testcase name="ADMN007" time="10.482" classname="com.vrt.testcases.UM1"/>
  <testcase name="ADMN032A" time="15.323" classname="com.vrt.testcases.UM1"/>
  <testcase name="ADMN045" time="39.403" classname="com.vrt.testcases.UM1">
    <skipped/>
  </testcase> <!-- ADMN045 -->
  <testcase name="ADMN069E" time="20.816" classname="com.vrt.testcases.UM1"/>
  <testcase name="ADMN045A" time="14.837" classname="com.vrt.testcases.UM1"/>
  <testcase name="ADMN022" time="16.372" classname="com.vrt.testcases.UM1"/>
  <testcase name="ADMN037E" time="18.097" classname="com.vrt.testcases.UM1"/>
  <testcase name="ADMN037G" time="32.306" classname="com.vrt.testcases.UM1"/>
  <testcase name="ADMN130" time="10.651" classname="com.vrt.testcases.UM1"/>
  <testcase name="ADMN010" time="16.785" classname="com.vrt.testcases.UM1"/>
  <testcase name="ADMN036B" time="20.600" classname="com.vrt.testcases.UM1"/>
  <testcase name="ADMN069G" time="26.847" classname="com.vrt.testcases.UM1"/>
  <testcase name="ADMN016" time="9.852" classname="com.vrt.testcases.UM1">
    <skipped/>
  </testcase> <!-- ADMN016 -->
  <testcase name="ADMN045" time="32.210" classname="com.vrt.testcases.UM1">
    <skipped/>
  </testcase> <!-- ADMN045 -->
  <testcase name="ADMN067A" time="35.675" classname="com.vrt.testcases.UM1"/>
  <testcase name="ADMN009" time="16.707" classname="com.vrt.testcases.UM1"/>
  <testcase name="ADMN043A" time="14.429" classname="com.vrt.testcases.UM1"/>
  <testcase name="ADMN067B" time="19.207" classname="com.vrt.testcases.UM1"/>
  <testcase name="ADMN029" time="18.506" classname="com.vrt.testcases.UM1"/>
  <testcase name="ADMN018" time="9.831" classname="com.vrt.testcases.UM1">
    <skipped/>
  </testcase> <!-- ADMN018 -->
  <testcase name="ADMN014B" time="25.057" classname="com.vrt.testcases.UM1"/>
  <testcase name="ADMN037B" time="32.420" classname="com.vrt.testcases.UM1"/>
  <testcase name="ADMN045" time="31.742" classname="com.vrt.testcases.UM1">
    <error type="org.openqa.selenium.NoSuchElementException" message="An element could not be located on the page using the given search parameters. (WARNING: The server did not provide any stacktrace information)
Command duration or timeout: 0 milliseconds
For documentation on this error, please visit: https://www.seleniumhq.org/exceptions/no_such_element.html
Build info: version: &#039;3.141.59&#039;, revision: &#039;e82be7d358&#039;, time: &#039;2018-11-14T08:17:03&#039;
System info: host: &#039;AASHYD-4B6B2X2&#039;, ip: &#039;192.168.0.105&#039;, os.name: &#039;Windows 10&#039;, os.arch: &#039;amd64&#039;, os.version: &#039;10.0&#039;, java.version: &#039;1.8.0_181&#039;
Driver info: io.appium.java_client.windows.WindowsDriver
Capabilities {app: Kaye.ValProbeRT_racmveb2qnw..., javascriptEnabled: true, platform: WINDOWS, platformName: WINDOWS}
Session ID: 15341A91-8812-470B-A3A3-07A67A30CF48
*** Element info: {Using=accessibility id, value=NewPasswordTextBox}">
      <![CDATA[org.openqa.selenium.NoSuchElementException: An element could not be located on the page using the given search parameters. (WARNING: The server did not provide any stacktrace information)
Command duration or timeout: 0 milliseconds
For documentation on this error, please visit: https://www.seleniumhq.org/exceptions/no_such_element.html
Build info: version: '3.141.59', revision: 'e82be7d358', time: '2018-11-14T08:17:03'
System info: host: 'AASHYD-4B6B2X2', ip: '192.168.0.105', os.name: 'Windows 10', os.arch: 'amd64', os.version: '10.0', java.version: '1.8.0_181'
Driver info: io.appium.java_client.windows.WindowsDriver
Capabilities {app: Kaye.ValProbeRT_racmveb2qnw..., javascriptEnabled: true, platform: WINDOWS, platformName: WINDOWS}
Session ID: 15341A91-8812-470B-A3A3-07A67A30CF48
*** Element info: {Using=accessibility id, value=NewPasswordTextBox}
at sun.reflect.NativeConstructorAccessorImpl.newInstance0(Native Method)
at sun.reflect.NativeConstructorAccessorImpl.newInstance(Unknown Source)
at sun.reflect.DelegatingConstructorAccessorImpl.newInstance(Unknown Source)
at java.lang.reflect.Constructor.newInstance(Unknown Source)
at org.openqa.selenium.remote.ErrorHandler.createThrowable(ErrorHandler.java:214)
at org.openqa.selenium.remote.ErrorHandler.throwIfResponseFailed(ErrorHandler.java:166)
at org.openqa.selenium.remote.http.JsonHttpResponseCodec.reconstructValue(JsonHttpResponseCodec.java:40)
at org.openqa.selenium.remote.http.AbstractHttpResponseCodec.decode(AbstractHttpResponseCodec.java:80)
at org.openqa.selenium.remote.http.AbstractHttpResponseCodec.decode(AbstractHttpResponseCodec.java:44)
at org.openqa.selenium.remote.HttpCommandExecutor.execute(HttpCommandExecutor.java:158)
at io.appium.java_client.remote.AppiumCommandExecutor.execute(AppiumCommandExecutor.java:239)
at org.openqa.selenium.remote.RemoteWebDriver.execute(RemoteWebDriver.java:552)
at io.appium.java_client.DefaultGenericMobileDriver.execute(DefaultGenericMobileDriver.java:42)
at io.appium.java_client.AppiumDriver.execute(AppiumDriver.java:1)
at io.appium.java_client.windows.WindowsDriver.execute(WindowsDriver.java:1)
at org.openqa.selenium.remote.RemoteWebDriver.findElement(RemoteWebDriver.java:323)
at io.appium.java_client.DefaultGenericMobileDriver.findElement(DefaultGenericMobileDriver.java:62)
at io.appium.java_client.AppiumDriver.findElement(AppiumDriver.java:1)
at io.appium.java_client.windows.WindowsDriver.findElement(WindowsDriver.java:1)
at io.appium.java_client.FindsByAccessibilityId.findElementByAccessibilityId(FindsByAccessibilityId.java:37)
at com.vrt.pages.LoginPage.enterNewPW(LoginPage.java:149)
at com.vrt.pages.LoginPage.EnterNewPWtext(LoginPage.java:257)
at com.vrt.testcases.UM1.ADMN045(UM1.java:1682)
at sun.reflect.NativeMethodAccessorImpl.invoke0(Native Method)
at sun.reflect.NativeMethodAccessorImpl.invoke(Unknown Source)
at sun.reflect.DelegatingMethodAccessorImpl.invoke(Unknown Source)
at java.lang.reflect.Method.invoke(Unknown Source)
at org.testng.internal.MethodInvocationHelper.invokeMethod(MethodInvocationHelper.java:124)
at org.testng.internal.Invoker.invokeMethod(Invoker.java:583)
at org.testng.internal.Invoker.retryFailed(Invoker.java:839)
at org.testng.internal.Invoker.invokeTestMethods(Invoker.java:1010)
at org.testng.internal.TestMethodWorker.invokeTestMethods(TestMethodWorker.java:125)
at org.testng.internal.TestMethodWorker.run(TestMethodWorker.java:109)
at org.testng.TestRunner.privateRun(TestRunner.java:648)
at org.testng.TestRunner.run(TestRunner.java:505)
at org.testng.SuiteRunner.runTest(SuiteRunner.java:455)
at org.testng.SuiteRunner.runSequentially(SuiteRunner.java:450)
at org.testng.SuiteRunner.privateRun(SuiteRunner.java:415)
at org.testng.SuiteRunner.run(SuiteRunner.java:364)
at org.testng.SuiteRunnerWorker.runSuite(SuiteRunnerWorker.java:52)
at org.testng.SuiteRunnerWorker.run(SuiteRunnerWorker.java:84)
at org.testng.TestNG.runSuitesSequentially(TestNG.java:1208)
at org.testng.TestNG.runSuitesLocally(TestNG.java:1137)
at org.testng.TestNG.runSuites(TestNG.java:1049)
at org.testng.TestNG.run(TestNG.java:1017)
at org.testng.remote.AbstractRemoteTestNG.run(AbstractRemoteTestNG.java:115)
at org.testng.remote.RemoteTestNG.initAndRun(RemoteTestNG.java:251)
at org.testng.remote.RemoteTestNG.main(RemoteTestNG.java:77)
]]>
    </error>
  </testcase> <!-- ADMN045 -->
  <testcase name="ADMN027" time="16.801" classname="com.vrt.testcases.UM1"/>
  <testcase name="ADMN034A" time="21.320" classname="com.vrt.testcases.UM1"/>
  <testcase name="ADMN025" time="17.763" classname="com.vrt.testcases.UM1"/>
  <testcase name="ADMN128" time="15.802" classname="com.vrt.testcases.UM1">
    <skipped/>
  </testcase> <!-- ADMN128 -->
  <testcase name="ADMN011A" time="11.103" classname="com.vrt.testcases.UM1"/>
  <testcase name="ADMN043" time="14.354" classname="com.vrt.testcases.UM1"/>
  <testcase name="ADMN069A" time="18.374" classname="com.vrt.testcases.UM1"/>
  <testcase name="ADMN021A" time="13.548" classname="com.vrt.testcases.UM1"/>
  <testcase name="ADMN037C" time="24.979" classname="com.vrt.testcases.UM1"/>
  <testcase name="ADMN013" time="16.237" classname="com.vrt.testcases.UM1"/>
  <testcase name="ADMN026" time="37.016" classname="com.vrt.testcases.UM1">
    <error type="org.openqa.selenium.NoSuchElementException" message="An element could not be located on the page using the given search parameters. (WARNING: The server did not provide any stacktrace information)
Command duration or timeout: 0 milliseconds
For documentation on this error, please visit: https://www.seleniumhq.org/exceptions/no_such_element.html
Build info: version: &#039;3.141.59&#039;, revision: &#039;e82be7d358&#039;, time: &#039;2018-11-14T08:17:03&#039;
System info: host: &#039;AASHYD-4B6B2X2&#039;, ip: &#039;192.168.0.105&#039;, os.name: &#039;Windows 10&#039;, os.arch: &#039;amd64&#039;, os.version: &#039;10.0&#039;, java.version: &#039;1.8.0_181&#039;
Driver info: io.appium.java_client.windows.WindowsDriver
Capabilities {app: Kaye.ValProbeRT_racmveb2qnw..., javascriptEnabled: true, platform: WINDOWS, platformName: WINDOWS}
Session ID: CB36BA75-69C9-4F8A-A121-EF7C140B71C9
*** Element info: {Using=accessibility id, value=displayMessageTextBlock}">
      <![CDATA[org.openqa.selenium.NoSuchElementException: An element could not be located on the page using the given search parameters. (WARNING: The server did not provide any stacktrace information)
Command duration or timeout: 0 milliseconds
For documentation on this error, please visit: https://www.seleniumhq.org/exceptions/no_such_element.html
Build info: version: '3.141.59', revision: 'e82be7d358', time: '2018-11-14T08:17:03'
System info: host: 'AASHYD-4B6B2X2', ip: '192.168.0.105', os.name: 'Windows 10', os.arch: 'amd64', os.version: '10.0', java.version: '1.8.0_181'
Driver info: io.appium.java_client.windows.WindowsDriver
Capabilities {app: Kaye.ValProbeRT_racmveb2qnw..., javascriptEnabled: true, platform: WINDOWS, platformName: WINDOWS}
Session ID: CB36BA75-69C9-4F8A-A121-EF7C140B71C9
*** Element info: {Using=accessibility id, value=displayMessageTextBlock}
at sun.reflect.NativeConstructorAccessorImpl.newInstance0(Native Method)
at sun.reflect.NativeConstructorAccessorImpl.newInstance(Unknown Source)
at sun.reflect.DelegatingConstructorAccessorImpl.newInstance(Unknown Source)
at java.lang.reflect.Constructor.newInstance(Unknown Source)
at org.openqa.selenium.remote.ErrorHandler.createThrowable(ErrorHandler.java:214)
at org.openqa.selenium.remote.ErrorHandler.throwIfResponseFailed(ErrorHandler.java:166)
at org.openqa.selenium.remote.http.JsonHttpResponseCodec.reconstructValue(JsonHttpResponseCodec.java:40)
at org.openqa.selenium.remote.http.AbstractHttpResponseCodec.decode(AbstractHttpResponseCodec.java:80)
at org.openqa.selenium.remote.http.AbstractHttpResponseCodec.decode(AbstractHttpResponseCodec.java:44)
at org.openqa.selenium.remote.HttpCommandExecutor.execute(HttpCommandExecutor.java:158)
at io.appium.java_client.remote.AppiumCommandExecutor.execute(AppiumCommandExecutor.java:239)
at org.openqa.selenium.remote.RemoteWebDriver.execute(RemoteWebDriver.java:552)
at io.appium.java_client.DefaultGenericMobileDriver.execute(DefaultGenericMobileDriver.java:42)
at io.appium.java_client.AppiumDriver.execute(AppiumDriver.java:1)
at io.appium.java_client.windows.WindowsDriver.execute(WindowsDriver.java:1)
at org.openqa.selenium.remote.RemoteWebDriver.findElement(RemoteWebDriver.java:323)
at io.appium.java_client.DefaultGenericMobileDriver.findElement(DefaultGenericMobileDriver.java:62)
at io.appium.java_client.AppiumDriver.findElement(AppiumDriver.java:1)
at io.appium.java_client.windows.WindowsDriver.findElement(WindowsDriver.java:1)
at io.appium.java_client.FindsByAccessibilityId.findElementByAccessibilityId(FindsByAccessibilityId.java:37)
at com.vrt.pages.UserManagementPage.AlertMsg(UserManagementPage.java:515)
at com.vrt.testcases.UM1.ADMN026(UM1.java:836)
at sun.reflect.NativeMethodAccessorImpl.invoke0(Native Method)
at sun.reflect.NativeMethodAccessorImpl.invoke(Unknown Source)
at sun.reflect.DelegatingMethodAccessorImpl.invoke(Unknown Source)
at java.lang.reflect.Method.invoke(Unknown Source)
at org.testng.internal.MethodInvocationHelper.invokeMethod(MethodInvocationHelper.java:124)
at org.testng.internal.Invoker.invokeMethod(Invoker.java:583)
at org.testng.internal.Invoker.retryFailed(Invoker.java:839)
at org.testng.internal.Invoker.invokeTestMethods(Invoker.java:1010)
at org.testng.internal.TestMethodWorker.invokeTestMethods(TestMethodWorker.java:125)
at org.testng.internal.TestMethodWorker.run(TestMethodWorker.java:109)
at org.testng.TestRunner.privateRun(TestRunner.java:648)
at org.testng.TestRunner.run(TestRunner.java:505)
at org.testng.SuiteRunner.runTest(SuiteRunner.java:455)
at org.testng.SuiteRunner.runSequentially(SuiteRunner.java:450)
at org.testng.SuiteRunner.privateRun(SuiteRunner.java:415)
at org.testng.SuiteRunner.run(SuiteRunner.java:364)
at org.testng.SuiteRunnerWorker.runSuite(SuiteRunnerWorker.java:52)
at org.testng.SuiteRunnerWorker.run(SuiteRunnerWorker.java:84)
at org.testng.TestNG.runSuitesSequentially(TestNG.java:1208)
at org.testng.TestNG.runSuitesLocally(TestNG.java:1137)
at org.testng.TestNG.runSuites(TestNG.java:1049)
at org.testng.TestNG.run(TestNG.java:1017)
at org.testng.remote.AbstractRemoteTestNG.run(AbstractRemoteTestNG.java:115)
at org.testng.remote.RemoteTestNG.initAndRun(RemoteTestNG.java:251)
at org.testng.remote.RemoteTestNG.main(RemoteTestNG.java:77)
]]>
    </error>
  </testcase> <!-- ADMN026 -->
  <testcase name="ADMN030" time="17.259" classname="com.vrt.testcases.UM1"/>
  <testcase name="ADMN042A" time="13.533" classname="com.vrt.testcases.UM1"/>
  <testcase name="ADMN034B" time="21.569" classname="com.vrt.testcases.UM1"/>
  <testcase name="ADMN010" time="17.011" classname="com.vrt.testcases.UM1"/>
  <testcase name="ADMN016a" time="13.529" classname="com.vrt.testcases.UM1"/>
  <testcase name="ADMN026" time="37.457" classname="com.vrt.testcases.UM1">
    <skipped/>
  </testcase> <!-- ADMN026 -->
  <testcase name="ADMN037A" time="35.822" classname="com.vrt.testcases.UM1"/>
  <testcase name="ADMN036D" time="8.706" classname="com.vrt.testcases.UM1"/>
  <testcase name="ADMN009A" time="1.875" classname="com.vrt.testcases.UM1"/>
  <testcase name="ADMN010" time="6.893" classname="com.vrt.testcases.UM1"/>
  <testcase name="ADMN044" time="8.284" classname="com.vrt.testcases.UM1"/>
</testsuite> <!-- com.vrt.testcases.UM1 -->
