<?xml version="1.0" encoding="UTF-8"?>
<!-- Generated by org.testng.reporters.JUnitReportReporter -->
<testsuite skipped="0" hostname="AASHYD-4B6B2X2" name="com.vrt.testcases.UM3" tests="43" failures="0" timestamp="05 Aug 2020 21:37:03 GMT" time="530.213" errors="0">
  <testcase name="ADMN111A" time="28.854" classname="com.vrt.testcases.UM3"/>
  <testcase name="CADMN23A" time="20.782" classname="com.vrt.testcases.UM3"/>
  <testcase name="CADMN29" time="9.785" classname="com.vrt.testcases.UM3"/>
  <testcase name="CADMN5" time="12.026" classname="com.vrt.testcases.UM3"/>
  <testcase name="ADMN058A" time="7.995" classname="com.vrt.testcases.UM3"/>
  <testcase name="CADMN11" time="12.204" classname="com.vrt.testcases.UM3"/>
  <testcase name="CADMN14" time="11.653" classname="com.vrt.testcases.UM3"/>
  <testcase name="CADMN26" time="6.565" classname="com.vrt.testcases.UM3"/>
  <testcase name="CADMN24" time="9.458" classname="com.vrt.testcases.UM3"/>
  <testcase name="ADMN112" time="12.401" classname="com.vrt.testcases.UM3"/>
  <testcase name="CADMN7" time="9.449" classname="com.vrt.testcases.UM3"/>
  <testcase name="CADMN28" time="13.261" classname="com.vrt.testcases.UM3"/>
  <testcase name="CADMN35" time="11.796" classname="com.vrt.testcases.UM3"/>
  <testcase name="CADMN37" time="9.570" classname="com.vrt.testcases.UM3"/>
  <testcase name="CADMN10" time="16.415" classname="com.vrt.testcases.UM3"/>
  <testcase name="CADMN16" time="13.120" classname="com.vrt.testcases.UM3"/>
  <testcase name="CADMN19" time="29.714" classname="com.vrt.testcases.UM3"/>
  <testcase name="CADMN6" time="9.484" classname="com.vrt.testcases.UM3"/>
  <testcase name="CADMN2" time="10.345" classname="com.vrt.testcases.UM3"/>
  <testcase name="CADMN38" time="9.505" classname="com.vrt.testcases.UM3"/>
  <testcase name="CADMN20" time="11.670" classname="com.vrt.testcases.UM3"/>
  <testcase name="CADMN30" time="16.566" classname="com.vrt.testcases.UM3"/>
  <testcase name="ADMN058B" time="10.362" classname="com.vrt.testcases.UM3"/>
  <testcase name="CADMN39" time="11.333" classname="com.vrt.testcases.UM3"/>
  <testcase name="CADMN22" time="21.256" classname="com.vrt.testcases.UM3"/>
  <testcase name="ADMN085B" time="10.437" classname="com.vrt.testcases.UM3"/>
  <testcase name="ADMN060" time="10.436" classname="com.vrt.testcases.UM3"/>
  <testcase name="CADMN27" time="10.909" classname="com.vrt.testcases.UM3"/>
  <testcase name="ADMN085A" time="7.411" classname="com.vrt.testcases.UM3"/>
  <testcase name="CADMN12" time="12.609" classname="com.vrt.testcases.UM3"/>
  <testcase name="CADMN31" time="12.726" classname="com.vrt.testcases.UM3"/>
  <testcase name="CADMN40" time="6.968" classname="com.vrt.testcases.UM3"/>
  <testcase name="CADMN9" time="6.677" classname="com.vrt.testcases.UM3"/>
  <testcase name="CADMN8" time="9.389" classname="com.vrt.testcases.UM3"/>
  <testcase name="CADMN25" time="9.437" classname="com.vrt.testcases.UM3"/>
  <testcase name="CADMN1" time="12.618" classname="com.vrt.testcases.UM3"/>
  <testcase name="CADMN21" time="14.518" classname="com.vrt.testcases.UM3"/>
  <testcase name="CADMN15" time="10.900" classname="com.vrt.testcases.UM3"/>
  <testcase name="CADMN32" time="21.219" classname="com.vrt.testcases.UM3"/>
  <testcase name="CADMN23B" time="9.330" classname="com.vrt.testcases.UM3"/>
  <testcase name="ADMN087" time="12.305" classname="com.vrt.testcases.UM3"/>
  <testcase name="CADMN36" time="9.442" classname="com.vrt.testcases.UM3"/>
  <testcase name="ADMN111" time="7.313" classname="com.vrt.testcases.UM3"/>
</testsuite> <!-- com.vrt.testcases.UM3 -->
