<?xml version="1.0" encoding="UTF-8"?>
<!-- Generated by org.testng.reporters.JUnitReportReporter -->
<testsuite skipped="0" hostname="AASHYD-4B6B2X2" name="com.vrt.testcases.copyAssetTest" tests="38" failures="0" timestamp="2020-11-09T23:11:15 IST" time="564.056" errors="0">
  <testcase name="CA007" time="13.303" classname="com.vrt.testcases.copyAssetTest"/>
  <system-out/>
  <testcase name="CA004" time="12.603" classname="com.vrt.testcases.copyAssetTest"/>
  <system-out/>
  <testcase name="CA007" time="12.602" classname="com.vrt.testcases.copyAssetTest"/>
  <system-out/>
  <testcase name="CA013" time="24.524" classname="com.vrt.testcases.copyAssetTest"/>
  <system-out/>
  <testcase name="CA005" time="12.626" classname="com.vrt.testcases.copyAssetTest"/>
  <system-out/>
  <testcase name="CA010" time="14.810" classname="com.vrt.testcases.copyAssetTest"/>
  <system-out/>
  <testcase name="CA004" time="12.713" classname="com.vrt.testcases.copyAssetTest"/>
  <system-out/>
  <testcase name="CA007" time="12.336" classname="com.vrt.testcases.copyAssetTest"/>
  <system-out/>
  <testcase name="CA005" time="12.172" classname="com.vrt.testcases.copyAssetTest"/>
  <system-out/>
  <testcase name="CA006" time="12.136" classname="com.vrt.testcases.copyAssetTest"/>
  <system-out/>
  <testcase name="CA007" time="12.439" classname="com.vrt.testcases.copyAssetTest"/>
  <system-out/>
  <testcase name="CA005B" time="19.328" classname="com.vrt.testcases.copyAssetTest"/>
  <system-out/>
  <testcase name="CA007" time="12.661" classname="com.vrt.testcases.copyAssetTest"/>
  <system-out/>
  <testcase name="CA008B" time="12.869" classname="com.vrt.testcases.copyAssetTest"/>
  <system-out/>
  <testcase name="CA012" time="22.561" classname="com.vrt.testcases.copyAssetTest"/>
  <system-out/>
  <testcase name="CA011" time="23.106" classname="com.vrt.testcases.copyAssetTest"/>
  <system-out/>
  <testcase name="CA007" time="12.919" classname="com.vrt.testcases.copyAssetTest"/>
  <system-out/>
  <testcase name="CA015" time="19.287" classname="com.vrt.testcases.copyAssetTest"/>
  <system-out/>
  <testcase name="CA004" time="12.315" classname="com.vrt.testcases.copyAssetTest"/>
  <system-out/>
  <testcase name="CA004" time="12.489" classname="com.vrt.testcases.copyAssetTest"/>
  <system-out/>
  <testcase name="CA008A" time="12.247" classname="com.vrt.testcases.copyAssetTest"/>
  <system-out/>
  <testcase name="CA001" time="11.178" classname="com.vrt.testcases.copyAssetTest"/>
  <system-out/>
  <testcase name="CA008" time="12.846" classname="com.vrt.testcases.copyAssetTest"/>
  <system-out/>
  <testcase name="CA005C" time="12.196" classname="com.vrt.testcases.copyAssetTest"/>
  <system-out/>
  <testcase name="CA009" time="20.251" classname="com.vrt.testcases.copyAssetTest"/>
  <system-out/>
  <testcase name="CA016" time="20.020" classname="com.vrt.testcases.copyAssetTest"/>
  <system-out/>
  <testcase name="CA002" time="34.192" classname="com.vrt.testcases.copyAssetTest"/>
  <system-out/>
  <testcase name="CA008" time="12.582" classname="com.vrt.testcases.copyAssetTest"/>
  <system-out/>
  <testcase name="CA008" time="12.240" classname="com.vrt.testcases.copyAssetTest"/>
  <system-out/>
  <testcase name="CA004" time="13.040" classname="com.vrt.testcases.copyAssetTest"/>
  <system-out/>
  <testcase name="CA008" time="12.213" classname="com.vrt.testcases.copyAssetTest"/>
  <system-out/>
  <testcase name="CA004" time="13.056" classname="com.vrt.testcases.copyAssetTest"/>
  <system-out/>
  <testcase name="CA005" time="12.165" classname="com.vrt.testcases.copyAssetTest"/>
  <system-out/>
  <testcase name="CA007" time="12.703" classname="com.vrt.testcases.copyAssetTest"/>
  <system-out/>
  <testcase name="CA004" time="15.808" classname="com.vrt.testcases.copyAssetTest"/>
  <system-out/>
  <testcase name="CA003A" time="12.583" classname="com.vrt.testcases.copyAssetTest"/>
  <system-out/>
  <testcase name="CA005A" time="12.209" classname="com.vrt.testcases.copyAssetTest"/>
  <system-out/>
  <testcase name="CA005" time="12.728" classname="com.vrt.testcases.copyAssetTest"/>
  <system-out/>
</testsuite> <!-- com.vrt.testcases.copyAssetTest -->
