<?xml version="1.0" encoding="UTF-8"?>
<!-- Generated by org.testng.reporters.JUnitReportReporter -->
<testsuite skipped="0" hostname="INAS-LP024" name="com.vrt.testcases.setup_CalculationTest" tests="1" failures="0" timestamp="2021-07-14T19:33:08 IST" time="72.168" errors="0">
  <testcase name="CAL033" time="72.168" classname="com.vrt.testcases.setup_CalculationTest"/>
  <system-out/>
</testsuite> <!-- com.vrt.testcases.setup_CalculationTest -->
