<?xml version="1.0" encoding="UTF-8"?>
<!-- Generated by org.testng.reporters.JUnitReportReporter -->
<testsuite skipped="0" hostname="INAS-LP024" name="com.vrt.testcases.UM3" tests="43" failures="0" timestamp="2020-10-05T20:19:58 IST" time="523.350" errors="0">
  <testcase name="CADMN29" time="9.392" classname="com.vrt.testcases.UM3"/>
  <system-out/>
  <testcase name="CADMN5" time="11.841" classname="com.vrt.testcases.UM3"/>
  <system-out/>
  <testcase name="CADMN30" time="16.207" classname="com.vrt.testcases.UM3"/>
  <system-out/>
  <testcase name="ADMN058B" time="10.301" classname="com.vrt.testcases.UM3"/>
  <system-out/>
  <testcase name="CADMN32" time="20.874" classname="com.vrt.testcases.UM3"/>
  <system-out/>
  <testcase name="CADMN19" time="29.546" classname="com.vrt.testcases.UM3"/>
  <system-out/>
  <testcase name="CADMN8" time="9.391" classname="com.vrt.testcases.UM3"/>
  <system-out/>
  <testcase name="CADMN39" time="10.920" classname="com.vrt.testcases.UM3"/>
  <system-out/>
  <testcase name="CADMN37" time="9.612" classname="com.vrt.testcases.UM3"/>
  <system-out/>
  <testcase name="CADMN21" time="14.454" classname="com.vrt.testcases.UM3"/>
  <system-out/>
  <testcase name="CADMN20" time="11.402" classname="com.vrt.testcases.UM3"/>
  <system-out/>
  <testcase name="ADMN111A" time="28.686" classname="com.vrt.testcases.UM3"/>
  <system-out/>
  <testcase name="CADMN12" time="12.357" classname="com.vrt.testcases.UM3"/>
  <system-out/>
  <testcase name="ADMN087" time="12.127" classname="com.vrt.testcases.UM3"/>
  <system-out/>
  <testcase name="CADMN27" time="10.602" classname="com.vrt.testcases.UM3"/>
  <system-out/>
  <testcase name="ADMN085A" time="7.253" classname="com.vrt.testcases.UM3"/>
  <system-out/>
  <testcase name="ADMN085B" time="10.447" classname="com.vrt.testcases.UM3"/>
  <system-out/>
  <testcase name="CADMN2" time="10.144" classname="com.vrt.testcases.UM3"/>
  <system-out/>
  <testcase name="CADMN23B" time="9.560" classname="com.vrt.testcases.UM3"/>
  <system-out/>
  <testcase name="ADMN058A" time="7.958" classname="com.vrt.testcases.UM3"/>
  <system-out/>
  <testcase name="CADMN11" time="11.754" classname="com.vrt.testcases.UM3"/>
  <system-out/>
  <testcase name="CADMN26" time="6.749" classname="com.vrt.testcases.UM3"/>
  <system-out/>
  <testcase name="CADMN35" time="11.431" classname="com.vrt.testcases.UM3"/>
  <system-out/>
  <testcase name="CADMN15" time="10.837" classname="com.vrt.testcases.UM3"/>
  <system-out/>
  <testcase name="CADMN23A" time="20.492" classname="com.vrt.testcases.UM3"/>
  <system-out/>
  <testcase name="CADMN9" time="6.743" classname="com.vrt.testcases.UM3"/>
  <system-out/>
  <testcase name="CADMN16" time="12.979" classname="com.vrt.testcases.UM3"/>
  <system-out/>
  <testcase name="CADMN1" time="12.351" classname="com.vrt.testcases.UM3"/>
  <system-out/>
  <testcase name="CADMN24" time="9.550" classname="com.vrt.testcases.UM3"/>
  <system-out/>
  <testcase name="CADMN36" time="9.479" classname="com.vrt.testcases.UM3"/>
  <system-out/>
  <testcase name="CADMN7" time="9.438" classname="com.vrt.testcases.UM3"/>
  <system-out/>
  <testcase name="CADMN10" time="15.763" classname="com.vrt.testcases.UM3"/>
  <system-out/>
  <testcase name="CADMN40" time="6.712" classname="com.vrt.testcases.UM3"/>
  <system-out/>
  <testcase name="CADMN6" time="9.484" classname="com.vrt.testcases.UM3"/>
  <system-out/>
  <testcase name="CADMN38" time="9.571" classname="com.vrt.testcases.UM3"/>
  <system-out/>
  <testcase name="CADMN28" time="12.583" classname="com.vrt.testcases.UM3"/>
  <system-out/>
  <testcase name="CADMN22" time="21.117" classname="com.vrt.testcases.UM3"/>
  <system-out/>
  <testcase name="CADMN25" time="9.465" classname="com.vrt.testcases.UM3"/>
  <system-out/>
  <testcase name="ADMN060" time="10.158" classname="com.vrt.testcases.UM3"/>
  <system-out/>
  <testcase name="CADMN14" time="11.560" classname="com.vrt.testcases.UM3"/>
  <system-out/>
  <testcase name="ADMN112" time="11.941" classname="com.vrt.testcases.UM3"/>
  <system-out/>
  <testcase name="CADMN31" time="12.805" classname="com.vrt.testcases.UM3"/>
  <system-out/>
  <testcase name="ADMN111" time="7.314" classname="com.vrt.testcases.UM3"/>
  <system-out/>
</testsuite> <!-- com.vrt.testcases.UM3 -->
