<?xml version="1.0" encoding="UTF-8"?>
<!-- Generated by org.testng.reporters.JUnitReportReporter -->
<testsuite skipped="0" hostname="INAS-LP024" name="com.vrt.testcases.setup_DefineSetupTest" tests="149" failures="0" timestamp="2021-03-25T04:25:00 IST" time="2192.607" errors="0">
  <testcase name="SET017" time="14.561" classname="com.vrt.testcases.setup_DefineSetupTest"/>
  <system-out/>
  <testcase name="SET020" time="14.843" classname="com.vrt.testcases.setup_DefineSetupTest"/>
  <system-out/>
  <testcase name="SET014" time="18.311" classname="com.vrt.testcases.setup_DefineSetupTest"/>
  <system-out/>
  <testcase name="SET019" time="16.626" classname="com.vrt.testcases.setup_DefineSetupTest"/>
  <system-out/>
  <testcase name="SET017" time="14.985" classname="com.vrt.testcases.setup_DefineSetupTest"/>
  <system-out/>
  <testcase name="SET020" time="14.946" classname="com.vrt.testcases.setup_DefineSetupTest"/>
  <system-out/>
  <testcase name="SET010" time="13.283" classname="com.vrt.testcases.setup_DefineSetupTest"/>
  <system-out/>
  <testcase name="SET005" time="14.205" classname="com.vrt.testcases.setup_DefineSetupTest"/>
  <system-out/>
  <testcase name="SET016" time="16.620" classname="com.vrt.testcases.setup_DefineSetupTest"/>
  <system-out/>
  <testcase name="SET020" time="14.667" classname="com.vrt.testcases.setup_DefineSetupTest"/>
  <system-out/>
  <testcase name="SET030" time="13.997" classname="com.vrt.testcases.setup_DefineSetupTest"/>
  <system-out/>
  <testcase name="SET017" time="14.834" classname="com.vrt.testcases.setup_DefineSetupTest"/>
  <system-out/>
  <testcase name="SET010" time="13.202" classname="com.vrt.testcases.setup_DefineSetupTest"/>
  <system-out/>
  <testcase name="SET009" time="14.726" classname="com.vrt.testcases.setup_DefineSetupTest"/>
  <system-out/>
  <testcase name="SET017" time="17.942" classname="com.vrt.testcases.setup_DefineSetupTest"/>
  <system-out/>
  <testcase name="SET019" time="16.141" classname="com.vrt.testcases.setup_DefineSetupTest"/>
  <system-out/>
  <testcase name="SET020" time="14.500" classname="com.vrt.testcases.setup_DefineSetupTest"/>
  <system-out/>
  <testcase name="SET005" time="14.113" classname="com.vrt.testcases.setup_DefineSetupTest"/>
  <system-out/>
  <testcase name="SET010" time="15.951" classname="com.vrt.testcases.setup_DefineSetupTest"/>
  <system-out/>
  <testcase name="SET005" time="13.921" classname="com.vrt.testcases.setup_DefineSetupTest"/>
  <system-out/>
  <testcase name="SET001" time="15.811" classname="com.vrt.testcases.setup_DefineSetupTest"/>
  <system-out/>
  <testcase name="SET010" time="13.633" classname="com.vrt.testcases.setup_DefineSetupTest"/>
  <system-out/>
  <testcase name="SET005" time="13.556" classname="com.vrt.testcases.setup_DefineSetupTest"/>
  <system-out/>
  <testcase name="SET005" time="14.080" classname="com.vrt.testcases.setup_DefineSetupTest"/>
  <system-out/>
  <testcase name="SET010" time="13.290" classname="com.vrt.testcases.setup_DefineSetupTest"/>
  <system-out/>
  <testcase name="SET016" time="16.347" classname="com.vrt.testcases.setup_DefineSetupTest"/>
  <system-out/>
  <testcase name="SET017" time="14.918" classname="com.vrt.testcases.setup_DefineSetupTest"/>
  <system-out/>
  <testcase name="SET020" time="14.750" classname="com.vrt.testcases.setup_DefineSetupTest"/>
  <system-out/>
  <testcase name="SET033" time="12.199" classname="com.vrt.testcases.setup_DefineSetupTest"/>
  <system-out/>
  <testcase name="SET005" time="14.031" classname="com.vrt.testcases.setup_DefineSetupTest"/>
  <system-out/>
  <testcase name="SET017" time="14.654" classname="com.vrt.testcases.setup_DefineSetupTest"/>
  <system-out/>
  <testcase name="SET010" time="13.375" classname="com.vrt.testcases.setup_DefineSetupTest"/>
  <system-out/>
  <testcase name="SET021" time="16.262" classname="com.vrt.testcases.setup_DefineSetupTest"/>
  <system-out/>
  <testcase name="SET005" time="14.048" classname="com.vrt.testcases.setup_DefineSetupTest"/>
  <system-out/>
  <testcase name="SET020" time="14.694" classname="com.vrt.testcases.setup_DefineSetupTest"/>
  <system-out/>
  <testcase name="SET010" time="13.236" classname="com.vrt.testcases.setup_DefineSetupTest"/>
  <system-out/>
  <testcase name="SET003" time="20.075" classname="com.vrt.testcases.setup_DefineSetupTest"/>
  <system-out/>
  <testcase name="SET017" time="14.930" classname="com.vrt.testcases.setup_DefineSetupTest"/>
  <system-out/>
  <testcase name="SET020" time="14.813" classname="com.vrt.testcases.setup_DefineSetupTest"/>
  <system-out/>
  <testcase name="SET005" time="14.194" classname="com.vrt.testcases.setup_DefineSetupTest"/>
  <system-out/>
  <testcase name="SET009" time="14.542" classname="com.vrt.testcases.setup_DefineSetupTest"/>
  <system-out/>
  <testcase name="SET019" time="15.831" classname="com.vrt.testcases.setup_DefineSetupTest"/>
  <system-out/>
  <testcase name="SET017" time="16.163" classname="com.vrt.testcases.setup_DefineSetupTest"/>
  <system-out/>
  <testcase name="SET005" time="14.123" classname="com.vrt.testcases.setup_DefineSetupTest"/>
  <system-out/>
  <testcase name="SET016" time="16.077" classname="com.vrt.testcases.setup_DefineSetupTest"/>
  <system-out/>
  <testcase name="SET004" time="14.879" classname="com.vrt.testcases.setup_DefineSetupTest"/>
  <system-out/>
  <testcase name="SET015" time="19.246" classname="com.vrt.testcases.setup_DefineSetupTest"/>
  <system-out/>
  <testcase name="SET010" time="13.468" classname="com.vrt.testcases.setup_DefineSetupTest"/>
  <system-out/>
  <testcase name="SET005" time="13.482" classname="com.vrt.testcases.setup_DefineSetupTest"/>
  <system-out/>
  <testcase name="SET027" time="13.694" classname="com.vrt.testcases.setup_DefineSetupTest"/>
  <system-out/>
  <testcase name="SET020" time="14.830" classname="com.vrt.testcases.setup_DefineSetupTest"/>
  <system-out/>
  <testcase name="SET010" time="13.193" classname="com.vrt.testcases.setup_DefineSetupTest"/>
  <system-out/>
  <testcase name="SET016" time="16.078" classname="com.vrt.testcases.setup_DefineSetupTest"/>
  <system-out/>
  <testcase name="SET004" time="14.987" classname="com.vrt.testcases.setup_DefineSetupTest"/>
  <system-out/>
  <testcase name="SET017" time="14.501" classname="com.vrt.testcases.setup_DefineSetupTest"/>
  <system-out/>
  <testcase name="SET020" time="15.262" classname="com.vrt.testcases.setup_DefineSetupTest"/>
  <system-out/>
  <testcase name="SET022" time="16.483" classname="com.vrt.testcases.setup_DefineSetupTest"/>
  <system-out/>
  <testcase name="SET019" time="16.246" classname="com.vrt.testcases.setup_DefineSetupTest"/>
  <system-out/>
  <testcase name="SET016" time="19.278" classname="com.vrt.testcases.setup_DefineSetupTest"/>
  <system-out/>
  <testcase name="SET020" time="14.722" classname="com.vrt.testcases.setup_DefineSetupTest"/>
  <system-out/>
  <testcase name="SET005" time="13.746" classname="com.vrt.testcases.setup_DefineSetupTest"/>
  <system-out/>
  <testcase name="SET011" time="13.846" classname="com.vrt.testcases.setup_DefineSetupTest"/>
  <system-out/>
  <testcase name="SET004" time="15.042" classname="com.vrt.testcases.setup_DefineSetupTest"/>
  <system-out/>
  <testcase name="SET020" time="15.119" classname="com.vrt.testcases.setup_DefineSetupTest"/>
  <system-out/>
  <testcase name="SET017" time="14.682" classname="com.vrt.testcases.setup_DefineSetupTest"/>
  <system-out/>
  <testcase name="SET020" time="15.058" classname="com.vrt.testcases.setup_DefineSetupTest"/>
  <system-out/>
  <testcase name="SET022" time="16.224" classname="com.vrt.testcases.setup_DefineSetupTest"/>
  <system-out/>
  <testcase name="SET026B" time="12.579" classname="com.vrt.testcases.setup_DefineSetupTest"/>
  <system-out/>
  <testcase name="SET005" time="13.553" classname="com.vrt.testcases.setup_DefineSetupTest"/>
  <system-out/>
  <testcase name="SET016" time="15.932" classname="com.vrt.testcases.setup_DefineSetupTest"/>
  <system-out/>
  <testcase name="SET009" time="14.667" classname="com.vrt.testcases.setup_DefineSetupTest"/>
  <system-out/>
  <testcase name="SET017" time="14.508" classname="com.vrt.testcases.setup_DefineSetupTest"/>
  <system-out/>
  <testcase name="SET020" time="14.739" classname="com.vrt.testcases.setup_DefineSetupTest"/>
  <system-out/>
  <testcase name="SET010" time="13.134" classname="com.vrt.testcases.setup_DefineSetupTest"/>
  <system-out/>
  <testcase name="SET019" time="16.103" classname="com.vrt.testcases.setup_DefineSetupTest"/>
  <system-out/>
  <testcase name="SET027a" time="19.457" classname="com.vrt.testcases.setup_DefineSetupTest"/>
  <system-out/>
  <testcase name="SET005" time="15.396" classname="com.vrt.testcases.setup_DefineSetupTest"/>
  <system-out/>
  <testcase name="SET020" time="14.477" classname="com.vrt.testcases.setup_DefineSetupTest"/>
  <system-out/>
  <testcase name="SET005" time="13.622" classname="com.vrt.testcases.setup_DefineSetupTest"/>
  <system-out/>
  <testcase name="SET010" time="13.309" classname="com.vrt.testcases.setup_DefineSetupTest"/>
  <system-out/>
  <testcase name="SET004" time="14.852" classname="com.vrt.testcases.setup_DefineSetupTest"/>
  <system-out/>
  <testcase name="SET029" time="11.731" classname="com.vrt.testcases.setup_DefineSetupTest"/>
  <system-out/>
  <testcase name="SET010" time="13.157" classname="com.vrt.testcases.setup_DefineSetupTest"/>
  <system-out/>
  <testcase name="SET017" time="15.083" classname="com.vrt.testcases.setup_DefineSetupTest"/>
  <system-out/>
  <testcase name="SET007" time="14.358" classname="com.vrt.testcases.setup_DefineSetupTest"/>
  <system-out/>
  <testcase name="SET019" time="15.824" classname="com.vrt.testcases.setup_DefineSetupTest"/>
  <system-out/>
  <testcase name="SET019" time="16.122" classname="com.vrt.testcases.setup_DefineSetupTest"/>
  <system-out/>
  <testcase name="SET010" time="13.855" classname="com.vrt.testcases.setup_DefineSetupTest"/>
  <system-out/>
  <testcase name="SET017" time="14.769" classname="com.vrt.testcases.setup_DefineSetupTest"/>
  <system-out/>
  <testcase name="SET017" time="14.623" classname="com.vrt.testcases.setup_DefineSetupTest"/>
  <system-out/>
  <testcase name="SET020" time="14.791" classname="com.vrt.testcases.setup_DefineSetupTest"/>
  <system-out/>
  <testcase name="SET026A" time="15.335" classname="com.vrt.testcases.setup_DefineSetupTest"/>
  <system-out/>
  <testcase name="SET005" time="13.415" classname="com.vrt.testcases.setup_DefineSetupTest"/>
  <system-out/>
  <testcase name="SET010" time="13.383" classname="com.vrt.testcases.setup_DefineSetupTest"/>
  <system-out/>
  <testcase name="SET020" time="14.898" classname="com.vrt.testcases.setup_DefineSetupTest"/>
  <system-out/>
  <testcase name="SET020" time="15.192" classname="com.vrt.testcases.setup_DefineSetupTest"/>
  <system-out/>
  <testcase name="SET017" time="14.955" classname="com.vrt.testcases.setup_DefineSetupTest"/>
  <system-out/>
  <testcase name="SET017" time="14.717" classname="com.vrt.testcases.setup_DefineSetupTest"/>
  <system-out/>
  <testcase name="SET017" time="14.615" classname="com.vrt.testcases.setup_DefineSetupTest"/>
  <system-out/>
  <testcase name="SET010" time="13.571" classname="com.vrt.testcases.setup_DefineSetupTest"/>
  <system-out/>
  <testcase name="SET019" time="16.110" classname="com.vrt.testcases.setup_DefineSetupTest"/>
  <system-out/>
  <testcase name="SET005" time="13.451" classname="com.vrt.testcases.setup_DefineSetupTest"/>
  <system-out/>
  <testcase name="SET017" time="14.952" classname="com.vrt.testcases.setup_DefineSetupTest"/>
  <system-out/>
  <testcase name="SET016" time="18.009" classname="com.vrt.testcases.setup_DefineSetupTest"/>
  <system-out/>
  <testcase name="SET010" time="13.530" classname="com.vrt.testcases.setup_DefineSetupTest"/>
  <system-out/>
  <testcase name="SET016" time="16.153" classname="com.vrt.testcases.setup_DefineSetupTest"/>
  <system-out/>
  <testcase name="SET010" time="13.687" classname="com.vrt.testcases.setup_DefineSetupTest"/>
  <system-out/>
  <testcase name="SET020" time="14.648" classname="com.vrt.testcases.setup_DefineSetupTest"/>
  <system-out/>
  <testcase name="SET010" time="13.872" classname="com.vrt.testcases.setup_DefineSetupTest"/>
  <system-out/>
  <testcase name="SET010" time="13.149" classname="com.vrt.testcases.setup_DefineSetupTest"/>
  <system-out/>
  <testcase name="SET002" time="10.828" classname="com.vrt.testcases.setup_DefineSetupTest"/>
  <system-out/>
  <testcase name="SET020" time="14.813" classname="com.vrt.testcases.setup_DefineSetupTest"/>
  <system-out/>
  <testcase name="SET008" time="13.298" classname="com.vrt.testcases.setup_DefineSetupTest"/>
  <system-out/>
  <testcase name="SET017" time="15.100" classname="com.vrt.testcases.setup_DefineSetupTest"/>
  <system-out/>
  <testcase name="SET010" time="13.147" classname="com.vrt.testcases.setup_DefineSetupTest"/>
  <system-out/>
  <testcase name="SET010" time="13.467" classname="com.vrt.testcases.setup_DefineSetupTest"/>
  <system-out/>
  <testcase name="SET010" time="13.785" classname="com.vrt.testcases.setup_DefineSetupTest"/>
  <system-out/>
  <testcase name="SET016" time="16.511" classname="com.vrt.testcases.setup_DefineSetupTest"/>
  <system-out/>
  <testcase name="SET019" time="16.925" classname="com.vrt.testcases.setup_DefineSetupTest"/>
  <system-out/>
  <testcase name="SET013" time="10.886" classname="com.vrt.testcases.setup_DefineSetupTest"/>
  <system-out/>
  <testcase name="SET005" time="13.667" classname="com.vrt.testcases.setup_DefineSetupTest"/>
  <system-out/>
  <testcase name="SET010" time="13.353" classname="com.vrt.testcases.setup_DefineSetupTest"/>
  <system-out/>
  <testcase name="SET020" time="14.785" classname="com.vrt.testcases.setup_DefineSetupTest"/>
  <system-out/>
  <testcase name="SET017" time="14.969" classname="com.vrt.testcases.setup_DefineSetupTest"/>
  <system-out/>
  <testcase name="SET005" time="13.621" classname="com.vrt.testcases.setup_DefineSetupTest"/>
  <system-out/>
  <testcase name="SET004" time="14.802" classname="com.vrt.testcases.setup_DefineSetupTest"/>
  <system-out/>
  <testcase name="SET020" time="14.732" classname="com.vrt.testcases.setup_DefineSetupTest"/>
  <system-out/>
  <testcase name="SET005" time="15.308" classname="com.vrt.testcases.setup_DefineSetupTest"/>
  <system-out/>
  <testcase name="SET020" time="14.553" classname="com.vrt.testcases.setup_DefineSetupTest"/>
  <system-out/>
  <testcase name="SET016" time="16.321" classname="com.vrt.testcases.setup_DefineSetupTest"/>
  <system-out/>
  <testcase name="SET019" time="16.788" classname="com.vrt.testcases.setup_DefineSetupTest"/>
  <system-out/>
  <testcase name="SET017" time="14.823" classname="com.vrt.testcases.setup_DefineSetupTest"/>
  <system-out/>
  <testcase name="SET012" time="15.343" classname="com.vrt.testcases.setup_DefineSetupTest"/>
  <system-out/>
  <testcase name="SET026" time="12.316" classname="com.vrt.testcases.setup_DefineSetupTest"/>
  <system-out/>
  <testcase name="SET010" time="13.599" classname="com.vrt.testcases.setup_DefineSetupTest"/>
  <system-out/>
  <testcase name="SET031" time="12.850" classname="com.vrt.testcases.setup_DefineSetupTest"/>
  <system-out/>
  <testcase name="SET004" time="15.073" classname="com.vrt.testcases.setup_DefineSetupTest"/>
  <system-out/>
  <testcase name="SET010" time="13.121" classname="com.vrt.testcases.setup_DefineSetupTest"/>
  <system-out/>
  <testcase name="SET019" time="16.545" classname="com.vrt.testcases.setup_DefineSetupTest"/>
  <system-out/>
  <testcase name="SET004" time="15.425" classname="com.vrt.testcases.setup_DefineSetupTest"/>
  <system-out/>
  <testcase name="SET005" time="14.035" classname="com.vrt.testcases.setup_DefineSetupTest"/>
  <system-out/>
  <testcase name="SET005" time="13.986" classname="com.vrt.testcases.setup_DefineSetupTest"/>
  <system-out/>
  <testcase name="SET010" time="13.085" classname="com.vrt.testcases.setup_DefineSetupTest"/>
  <system-out/>
  <testcase name="SET005" time="13.865" classname="com.vrt.testcases.setup_DefineSetupTest"/>
  <system-out/>
  <testcase name="SET010" time="13.153" classname="com.vrt.testcases.setup_DefineSetupTest"/>
  <system-out/>
  <testcase name="SET009" time="14.940" classname="com.vrt.testcases.setup_DefineSetupTest"/>
  <system-out/>
  <testcase name="SET016" time="16.061" classname="com.vrt.testcases.setup_DefineSetupTest"/>
  <system-out/>
  <testcase name="SET017" time="15.070" classname="com.vrt.testcases.setup_DefineSetupTest"/>
  <system-out/>
  <testcase name="SET010" time="13.303" classname="com.vrt.testcases.setup_DefineSetupTest"/>
  <system-out/>
</testsuite> <!-- com.vrt.testcases.setup_DefineSetupTest -->
