<?xml version="1.0" encoding="UTF-8"?>
<!-- Generated by org.testng.reporters.JUnitReportReporter -->
<testsuite skipped="0" hostname="INAS-LP024" name="com.vrt.testcases.setup_ReviewTest" tests="27" failures="0" timestamp="2021-07-14T14:34:36 IST" time="1720.911" errors="0">
  <testcase name="REV016" time="88.793" classname="com.vrt.testcases.setup_ReviewTest"/>
  <system-out/>
  <testcase name="REV015" time="74.351" classname="com.vrt.testcases.setup_ReviewTest"/>
  <system-out/>
  <testcase name="REV001" time="62.421" classname="com.vrt.testcases.setup_ReviewTest"/>
  <system-out/>
  <testcase name="REV008" time="53.759" classname="com.vrt.testcases.setup_ReviewTest"/>
  <system-out/>
  <testcase name="REV007" time="54.898" classname="com.vrt.testcases.setup_ReviewTest"/>
  <system-out/>
  <testcase name="REV018" time="57.996" classname="com.vrt.testcases.setup_ReviewTest"/>
  <system-out/>
  <testcase name="REV011" time="54.248" classname="com.vrt.testcases.setup_ReviewTest"/>
  <system-out/>
  <testcase name="REV013" time="73.699" classname="com.vrt.testcases.setup_ReviewTest"/>
  <system-out/>
  <testcase name="REV025" time="78.898" classname="com.vrt.testcases.setup_ReviewTest"/>
  <system-out/>
  <testcase name="REV030" time="65.239" classname="com.vrt.testcases.setup_ReviewTest"/>
  <system-out/>
  <testcase name="REV026" time="84.390" classname="com.vrt.testcases.setup_ReviewTest"/>
  <system-out/>
  <testcase name="REV021" time="66.431" classname="com.vrt.testcases.setup_ReviewTest"/>
  <system-out/>
  <testcase name="REV006" time="58.354" classname="com.vrt.testcases.setup_ReviewTest"/>
  <system-out/>
  <testcase name="REV012" time="56.584" classname="com.vrt.testcases.setup_ReviewTest"/>
  <system-out/>
  <testcase name="REV024" time="71.406" classname="com.vrt.testcases.setup_ReviewTest"/>
  <system-out/>
  <testcase name="REV009" time="55.066" classname="com.vrt.testcases.setup_ReviewTest"/>
  <system-out/>
  <testcase name="REV028" time="60.734" classname="com.vrt.testcases.setup_ReviewTest"/>
  <system-out/>
  <testcase name="REV010" time="57.346" classname="com.vrt.testcases.setup_ReviewTest"/>
  <system-out/>
  <testcase name="REV002" time="55.016" classname="com.vrt.testcases.setup_ReviewTest"/>
  <system-out/>
  <testcase name="REV023" time="75.118" classname="com.vrt.testcases.setup_ReviewTest"/>
  <system-out/>
  <testcase name="REV020" time="57.991" classname="com.vrt.testcases.setup_ReviewTest"/>
  <system-out/>
  <testcase name="REV005" time="53.328" classname="com.vrt.testcases.setup_ReviewTest"/>
  <system-out/>
  <testcase name="REV019" time="54.774" classname="com.vrt.testcases.setup_ReviewTest"/>
  <system-out/>
  <testcase name="REV029" time="55.996" classname="com.vrt.testcases.setup_ReviewTest"/>
  <system-out/>
  <testcase name="REV027" time="83.874" classname="com.vrt.testcases.setup_ReviewTest"/>
  <system-out/>
  <testcase name="REV004" time="52.116" classname="com.vrt.testcases.setup_ReviewTest"/>
  <system-out/>
  <testcase name="REV028A" time="58.085" classname="com.vrt.testcases.setup_ReviewTest"/>
  <system-out/>
</testsuite> <!-- com.vrt.testcases.setup_ReviewTest -->
