<?xml version="1.0" encoding="UTF-8"?>
<!-- Generated by org.testng.reporters.JUnitReportReporter -->
<testsuite skipped="0" hostname="AASHYD-4B6B2X2" name="com.vrt.testcases.setup_GroupSensorsTest" tests="1" failures="0" timestamp="2020-12-09T10:49:07 IST" time="43.510" errors="0">
  <testcase name="GS034" time="43.510" classname="com.vrt.testcases.setup_GroupSensorsTest"/>
  <system-out/>
</testsuite> <!-- com.vrt.testcases.setup_GroupSensorsTest -->
