<?xml version="1.0" encoding="UTF-8"?>
<!-- Generated by org.testng.reporters.JUnitReportReporter -->
<testsuite skipped="5" hostname="AASHYD-4B6B2X2" name="com.vrt.testcases.assetDetailsTest1" tests="88" failures="0" timestamp="2020-11-09T23:11:15 IST" time="1890.163" errors="0">
  <testcase name="ASST024_B" time="35.383" classname="com.vrt.testcases.assetDetailsTest1">
    <skipped/>
  </testcase> <!-- ASST024_B -->
  <system-out/>
  <testcase name="ASST004" time="30.948" classname="com.vrt.testcases.assetDetailsTest1"/>
  <system-out/>
  <testcase name="ASST024_B" time="35.544" classname="com.vrt.testcases.assetDetailsTest1">
    <skipped/>
  </testcase> <!-- ASST024_B -->
  <system-out/>
  <testcase name="ASST052B" time="14.688" classname="com.vrt.testcases.assetDetailsTest1"/>
  <system-out/>
  <testcase name="ASST024_B" time="36.054" classname="com.vrt.testcases.assetDetailsTest1">
    <skipped/>
  </testcase> <!-- ASST024_B -->
  <system-out/>
  <testcase name="ASST024_E" time="16.520" classname="com.vrt.testcases.assetDetailsTest1"/>
  <system-out/>
  <testcase name="ASST048" time="15.814" classname="com.vrt.testcases.assetDetailsTest1"/>
  <system-out/>
  <testcase name="ASST027" time="57.811" classname="com.vrt.testcases.assetDetailsTest1"/>
  <system-out/>
  <testcase name="ASST076" time="20.542" classname="com.vrt.testcases.assetDetailsTest1"/>
  <system-out/>
  <testcase name="ASST024_A" time="15.607" classname="com.vrt.testcases.assetDetailsTest1"/>
  <system-out/>
  <testcase name="ASST065" time="30.925" classname="com.vrt.testcases.assetDetailsTest1"/>
  <system-out/>
  <testcase name="ASST087" time="11.536" classname="com.vrt.testcases.assetDetailsTest1"/>
  <system-out/>
  <testcase name="ASST024_A" time="33.370" classname="com.vrt.testcases.assetDetailsTest1">
    <skipped/>
  </testcase> <!-- ASST024_A -->
  <system-out/>
  <testcase name="ASST023" time="14.221" classname="com.vrt.testcases.assetDetailsTest1"/>
  <system-out/>
  <testcase name="ASST084" time="20.724" classname="com.vrt.testcases.assetDetailsTest1"/>
  <system-out/>
  <testcase name="ASST044" time="33.756" classname="com.vrt.testcases.assetDetailsTest1"/>
  <system-out/>
  <testcase name="ASST020" time="23.596" classname="com.vrt.testcases.assetDetailsTest1"/>
  <system-out/>
  <testcase name="ASST024_A" time="16.408" classname="com.vrt.testcases.assetDetailsTest1"/>
  <system-out/>
  <testcase name="ASST024_A" time="15.902" classname="com.vrt.testcases.assetDetailsTest1"/>
  <system-out/>
  <testcase name="ASST013" time="10.145" classname="com.vrt.testcases.assetDetailsTest1"/>
  <system-out/>
  <testcase name="ASST003" time="12.834" classname="com.vrt.testcases.assetDetailsTest1"/>
  <system-out/>
  <testcase name="ASST007" time="13.848" classname="com.vrt.testcases.assetDetailsTest1"/>
  <system-out/>
  <testcase name="ASST047" time="15.664" classname="com.vrt.testcases.assetDetailsTest1"/>
  <system-out/>
  <testcase name="ASST024STP" time="15.594" classname="com.vrt.testcases.assetDetailsTest1"/>
  <system-out/>
  <testcase name="ASST053A" time="34.115" classname="com.vrt.testcases.assetDetailsTest1"/>
  <system-out/>
  <testcase name="ASST024_B" time="17.422" classname="com.vrt.testcases.assetDetailsTest1"/>
  <system-out/>
  <testcase name="ASST024_B" time="18.049" classname="com.vrt.testcases.assetDetailsTest1"/>
  <system-out/>
  <testcase name="ASST034" time="19.195" classname="com.vrt.testcases.assetDetailsTest1"/>
  <system-out/>
  <testcase name="ASST037" time="70.523" classname="com.vrt.testcases.assetDetailsTest1"/>
  <system-out/>
  <testcase name="ASST006" time="15.093" classname="com.vrt.testcases.assetDetailsTest1"/>
  <system-out/>
  <testcase name="ASST024_B" time="35.402" classname="com.vrt.testcases.assetDetailsTest1">
    <skipped/>
  </testcase> <!-- ASST024_B -->
  <system-out/>
  <testcase name="ASST025STP" time="63.251" classname="com.vrt.testcases.assetDetailsTest1"/>
  <system-out/>
  <testcase name="ASST024_D" time="16.395" classname="com.vrt.testcases.assetDetailsTest1"/>
  <system-out/>
  <testcase name="ASST030" time="20.420" classname="com.vrt.testcases.assetDetailsTest1"/>
  <system-out/>
  <testcase name="ASST012" time="18.506" classname="com.vrt.testcases.assetDetailsTest1"/>
  <system-out/>
  <testcase name="ASST024_D" time="16.592" classname="com.vrt.testcases.assetDetailsTest1"/>
  <system-out/>
  <testcase name="ASST024_C" time="18.093" classname="com.vrt.testcases.assetDetailsTest1"/>
  <system-out/>
  <testcase name="ASST024_A" time="15.751" classname="com.vrt.testcases.assetDetailsTest1"/>
  <system-out/>
  <testcase name="ASST024_E" time="16.484" classname="com.vrt.testcases.assetDetailsTest1"/>
  <system-out/>
  <testcase name="ASST001A" time="10.671" classname="com.vrt.testcases.assetDetailsTest1"/>
  <system-out/>
  <testcase name="ASST078" time="33.359" classname="com.vrt.testcases.assetDetailsTest1"/>
  <system-out/>
  <testcase name="ASST043" time="17.467" classname="com.vrt.testcases.assetDetailsTest1"/>
  <system-out/>
  <testcase name="ASST033" time="19.253" classname="com.vrt.testcases.assetDetailsTest1"/>
  <system-out/>
  <testcase name="ASST024_E" time="16.167" classname="com.vrt.testcases.assetDetailsTest1"/>
  <system-out/>
  <testcase name="ASST024_E" time="16.282" classname="com.vrt.testcases.assetDetailsTest1"/>
  <system-out/>
  <testcase name="ASST009" time="22.901" classname="com.vrt.testcases.assetDetailsTest1"/>
  <system-out/>
  <testcase name="ASST024_B" time="17.599" classname="com.vrt.testcases.assetDetailsTest1"/>
  <system-out/>
  <testcase name="ASST024_E" time="16.444" classname="com.vrt.testcases.assetDetailsTest1"/>
  <system-out/>
  <testcase name="ASST024_A" time="15.759" classname="com.vrt.testcases.assetDetailsTest1"/>
  <system-out/>
  <testcase name="ASST074" time="17.324" classname="com.vrt.testcases.assetDetailsTest1"/>
  <system-out/>
  <testcase name="ASST024_B" time="17.977" classname="com.vrt.testcases.assetDetailsTest1"/>
  <system-out/>
  <testcase name="ASST024_B" time="17.803" classname="com.vrt.testcases.assetDetailsTest1"/>
  <system-out/>
  <testcase name="ASST002" time="11.312" classname="com.vrt.testcases.assetDetailsTest1"/>
  <system-out/>
  <testcase name="ASST038" time="18.860" classname="com.vrt.testcases.assetDetailsTest1"/>
  <system-out/>
  <testcase name="ASST024_D" time="16.350" classname="com.vrt.testcases.assetDetailsTest1"/>
  <system-out/>
  <testcase name="ASST086" time="10.742" classname="com.vrt.testcases.assetDetailsTest1"/>
  <system-out/>
  <testcase name="ASST075" time="20.259" classname="com.vrt.testcases.assetDetailsTest1"/>
  <system-out/>
  <testcase name="ASST026STP" time="45.359" classname="com.vrt.testcases.assetDetailsTest1"/>
  <system-out/>
  <testcase name="ASST088" time="11.193" classname="com.vrt.testcases.assetDetailsTest1"/>
  <system-out/>
  <testcase name="ASST024_A" time="16.171" classname="com.vrt.testcases.assetDetailsTest1"/>
  <system-out/>
  <testcase name="ASST024_D" time="16.310" classname="com.vrt.testcases.assetDetailsTest1"/>
  <system-out/>
  <testcase name="ASST001B" time="42.154" classname="com.vrt.testcases.assetDetailsTest1"/>
  <system-out/>
  <testcase name="ASST077" time="37.967" classname="com.vrt.testcases.assetDetailsTest1"/>
  <system-out/>
  <testcase name="ASST081" time="21.739" classname="com.vrt.testcases.assetDetailsTest1"/>
  <system-out/>
  <testcase name="ASST053B" time="21.371" classname="com.vrt.testcases.assetDetailsTest1"/>
  <system-out/>
  <testcase name="ASST032" time="16.112" classname="com.vrt.testcases.assetDetailsTest1"/>
  <system-out/>
  <testcase name="ASST050" time="17.024" classname="com.vrt.testcases.assetDetailsTest1"/>
  <system-out/>
  <testcase name="ASST056" time="19.685" classname="com.vrt.testcases.assetDetailsTest1"/>
  <system-out/>
  <testcase name="ASST024_A" time="15.793" classname="com.vrt.testcases.assetDetailsTest1"/>
  <system-out/>
  <testcase name="ASST017" time="11.623" classname="com.vrt.testcases.assetDetailsTest1"/>
  <system-out/>
  <testcase name="ASST024_B" time="17.704" classname="com.vrt.testcases.assetDetailsTest1"/>
  <system-out/>
  <testcase name="ASST024_A" time="15.783" classname="com.vrt.testcases.assetDetailsTest1"/>
  <system-out/>
  <testcase name="ASST014" time="14.704" classname="com.vrt.testcases.assetDetailsTest1"/>
  <system-out/>
  <testcase name="ASST015" time="13.773" classname="com.vrt.testcases.assetDetailsTest1"/>
  <system-out/>
  <testcase name="ASST054A_REP" time="24.541" classname="com.vrt.testcases.assetDetailsTest1"/>
  <system-out/>
  <testcase name="ASST024_E" time="16.249" classname="com.vrt.testcases.assetDetailsTest1"/>
  <system-out/>
  <testcase name="ASST062" time="34.805" classname="com.vrt.testcases.assetDetailsTest1"/>
  <system-out/>
  <testcase name="ASST024_E" time="16.159" classname="com.vrt.testcases.assetDetailsTest1"/>
  <system-out/>
  <testcase name="ASST001" time="10.010" classname="com.vrt.testcases.assetDetailsTest1"/>
  <system-out/>
  <testcase name="ASST090" time="11.469" classname="com.vrt.testcases.assetDetailsTest1"/>
  <system-out/>
  <testcase name="ASST052A" time="15.775" classname="com.vrt.testcases.assetDetailsTest1"/>
  <system-out/>
  <testcase name="ASST018" time="15.302" classname="com.vrt.testcases.assetDetailsTest1"/>
  <system-out/>
  <testcase name="ASST059" time="34.696" classname="com.vrt.testcases.assetDetailsTest1"/>
  <system-out/>
  <testcase name="ASST024_F" time="16.630" classname="com.vrt.testcases.assetDetailsTest1"/>
  <system-out/>
  <testcase name="ASST029" time="20.872" classname="com.vrt.testcases.assetDetailsTest1"/>
  <system-out/>
  <testcase name="ASST008" time="22.817" classname="com.vrt.testcases.assetDetailsTest1"/>
  <system-out/>
  <testcase name="ASST024_E" time="16.466" classname="com.vrt.testcases.assetDetailsTest1"/>
  <system-out/>
  <testcase name="ASST068" time="20.653" classname="com.vrt.testcases.assetDetailsTest1"/>
  <system-out/>
</testsuite> <!-- com.vrt.testcases.assetDetailsTest1 -->
