<?xml version="1.0" encoding="UTF-8"?>
<!-- Generated by org.testng.reporters.JUnitReportReporter -->
<testsuite skipped="0" hostname="INAS-LP024" name="com.vrt.testcases.UM4" tests="18" failures="0" timestamp="2020-07-16T03:45:14 IST" time="232.708" errors="0">
  <testcase name="ADMN120" time="12.469" classname="com.vrt.testcases.UM4"/>
  <testcase name="ADMN103D" time="12.579" classname="com.vrt.testcases.UM4"/>
  <testcase name="ADMN081B" time="12.257" classname="com.vrt.testcases.UM4"/>
  <testcase name="ADMN051" time="16.503" classname="com.vrt.testcases.UM4"/>
  <testcase name="ADMN081A" time="12.386" classname="com.vrt.testcases.UM4"/>
  <testcase name="ADMN063" time="12.523" classname="com.vrt.testcases.UM4"/>
  <testcase name="ADMN065A" time="12.419" classname="com.vrt.testcases.UM4"/>
  <testcase name="ADMN081" time="12.266" classname="com.vrt.testcases.UM4"/>
  <testcase name="ADMN103" time="12.024" classname="com.vrt.testcases.UM4"/>
  <testcase name="ADMN079" time="12.600" classname="com.vrt.testcases.UM4"/>
  <testcase name="ADMN081D" time="12.953" classname="com.vrt.testcases.UM4"/>
  <testcase name="ADMN065B" time="12.260" classname="com.vrt.testcases.UM4"/>
  <testcase name="ADMN103B" time="12.521" classname="com.vrt.testcases.UM4"/>
  <testcase name="ADMN065" time="15.574" classname="com.vrt.testcases.UM4"/>
  <testcase name="ADMN065C" time="12.939" classname="com.vrt.testcases.UM4"/>
  <testcase name="ADMN103C" time="13.287" classname="com.vrt.testcases.UM4"/>
  <testcase name="ADMN103A" time="12.447" classname="com.vrt.testcases.UM4"/>
  <testcase name="ADMN081C" time="12.701" classname="com.vrt.testcases.UM4"/>
</testsuite> <!-- com.vrt.testcases.UM4 -->
