<?xml version="1.0" encoding="UTF-8"?>
<!-- Generated by org.testng.reporters.JUnitReportReporter -->
<testsuite skipped="2" hostname="INAS-LP024" name="com.vrt.testcases.assetCreationTest" tests="299" failures="0" timestamp="2020-10-05T16:39:08 IST" time="5657.145" errors="2">
  <testcase name="ASST22" time="15.349" classname="com.vrt.testcases.assetCreationTest"/>
  <system-out/>
  <testcase name="ASST22" time="16.395" classname="com.vrt.testcases.assetCreationTest"/>
  <system-out/>
  <testcase name="ASST10" time="14.698" classname="com.vrt.testcases.assetCreationTest"/>
  <system-out/>
  <testcase name="ASST06" time="14.753" classname="com.vrt.testcases.assetCreationTest"/>
  <system-out/>
  <testcase name="ASST122a" time="14.595" classname="com.vrt.testcases.assetCreationTest"/>
  <system-out/>
  <testcase name="ASST19" time="16.165" classname="com.vrt.testcases.assetCreationTest"/>
  <system-out/>
  <testcase name="ASST25" time="15.518" classname="com.vrt.testcases.assetCreationTest"/>
  <system-out/>
  <testcase name="ASST10" time="14.148" classname="com.vrt.testcases.assetCreationTest"/>
  <system-out/>
  <testcase name="ASST19" time="15.630" classname="com.vrt.testcases.assetCreationTest"/>
  <system-out/>
  <testcase name="ASST06" time="14.757" classname="com.vrt.testcases.assetCreationTest"/>
  <system-out/>
  <testcase name="ASST18" time="14.673" classname="com.vrt.testcases.assetCreationTest"/>
  <system-out/>
  <testcase name="ASST10" time="14.807" classname="com.vrt.testcases.assetCreationTest"/>
  <system-out/>
  <testcase name="ASST39" time="45.948" classname="com.vrt.testcases.assetCreationTest">
    <error type="org.openqa.selenium.NoSuchElementException" message="An element could not be located on the page using the given search parameters. (WARNING: The server did not provide any stacktrace information)
Command duration or timeout: 0 milliseconds
For documentation on this error, please visit: https://www.seleniumhq.org/exceptions/no_such_element.html
Build info: version: &#039;3.141.59&#039;, revision: &#039;e82be7d358&#039;, time: &#039;2018-11-14T08:17:03&#039;
System info: host: &#039;INAS-LP024&#039;, ip: &#039;192.168.47.1&#039;, os.name: &#039;Windows 10&#039;, os.arch: &#039;amd64&#039;, os.version: &#039;10.0&#039;, java.version: &#039;1.8.0_181&#039;
Driver info: io.appium.java_client.windows.WindowsDriver
Capabilities {app: Kaye.ValProbeRT_racmveb2qnw..., javascriptEnabled: true, ms:waitForAppLaunch: 10, platform: WINDOWS, platformName: WINDOWS}
Session ID: FAB5341F-B647-49B7-8DEA-05BAE5AAC43A
*** Element info: {Using=name, value=Enter User Credentials}">
      <![CDATA[org.openqa.selenium.NoSuchElementException: An element could not be located on the page using the given search parameters. (WARNING: The server did not provide any stacktrace information)
Command duration or timeout: 0 milliseconds
For documentation on this error, please visit: https://www.seleniumhq.org/exceptions/no_such_element.html
Build info: version: '3.141.59', revision: 'e82be7d358', time: '2018-11-14T08:17:03'
System info: host: 'INAS-LP024', ip: '192.168.47.1', os.name: 'Windows 10', os.arch: 'amd64', os.version: '10.0', java.version: '1.8.0_181'
Driver info: io.appium.java_client.windows.WindowsDriver
Capabilities {app: Kaye.ValProbeRT_racmveb2qnw..., javascriptEnabled: true, ms:waitForAppLaunch: 10, platform: WINDOWS, platformName: WINDOWS}
Session ID: FAB5341F-B647-49B7-8DEA-05BAE5AAC43A
*** Element info: {Using=name, value=Enter User Credentials}
at sun.reflect.NativeConstructorAccessorImpl.newInstance0(Native Method)
at sun.reflect.NativeConstructorAccessorImpl.newInstance(NativeConstructorAccessorImpl.java:62)
at sun.reflect.DelegatingConstructorAccessorImpl.newInstance(DelegatingConstructorAccessorImpl.java:45)
at java.lang.reflect.Constructor.newInstance(Constructor.java:423)
at org.openqa.selenium.remote.ErrorHandler.createThrowable(ErrorHandler.java:214)
at org.openqa.selenium.remote.ErrorHandler.throwIfResponseFailed(ErrorHandler.java:166)
at org.openqa.selenium.remote.http.JsonHttpResponseCodec.reconstructValue(JsonHttpResponseCodec.java:40)
at org.openqa.selenium.remote.http.AbstractHttpResponseCodec.decode(AbstractHttpResponseCodec.java:80)
at org.openqa.selenium.remote.http.AbstractHttpResponseCodec.decode(AbstractHttpResponseCodec.java:44)
at org.openqa.selenium.remote.HttpCommandExecutor.execute(HttpCommandExecutor.java:158)
at io.appium.java_client.remote.AppiumCommandExecutor.execute(AppiumCommandExecutor.java:239)
at org.openqa.selenium.remote.RemoteWebDriver.execute(RemoteWebDriver.java:552)
at io.appium.java_client.DefaultGenericMobileDriver.execute(DefaultGenericMobileDriver.java:42)
at io.appium.java_client.AppiumDriver.execute(AppiumDriver.java:1)
at io.appium.java_client.windows.WindowsDriver.execute(WindowsDriver.java:1)
at org.openqa.selenium.remote.RemoteWebDriver.findElement(RemoteWebDriver.java:323)
at io.appium.java_client.DefaultGenericMobileDriver.findElement(DefaultGenericMobileDriver.java:62)
at io.appium.java_client.AppiumDriver.findElement(AppiumDriver.java:1)
at io.appium.java_client.windows.WindowsDriver.findElement(WindowsDriver.java:1)
at org.openqa.selenium.remote.RemoteWebDriver.findElementByName(RemoteWebDriver.java:404)
at io.appium.java_client.DefaultGenericMobileDriver.findElementByName(DefaultGenericMobileDriver.java:118)
at io.appium.java_client.AppiumDriver.findElementByName(AppiumDriver.java:1)
at io.appium.java_client.windows.WindowsDriver.findElementByName(WindowsDriver.java:1)
at com.vrt.base.BaseClass.UserLoginPopup(BaseClass.java:191)
at com.vrt.testcases.assetCreationTest.ASST39(assetCreationTest.java:1302)
at sun.reflect.NativeMethodAccessorImpl.invoke0(Native Method)
at sun.reflect.NativeMethodAccessorImpl.invoke(NativeMethodAccessorImpl.java:62)
at sun.reflect.DelegatingMethodAccessorImpl.invoke(DelegatingMethodAccessorImpl.java:43)
at java.lang.reflect.Method.invoke(Method.java:498)
at org.testng.internal.MethodInvocationHelper.invokeMethod(MethodInvocationHelper.java:132)
at org.testng.internal.TestInvoker.invokeMethod(TestInvoker.java:599)
at org.testng.internal.TestInvoker.retryFailed(TestInvoker.java:214)
at org.testng.internal.MethodRunner.runInSequence(MethodRunner.java:58)
at org.testng.internal.TestInvoker$MethodInvocationAgent.invoke(TestInvoker.java:822)
at org.testng.internal.TestInvoker.invokeTestMethods(TestInvoker.java:147)
at org.testng.internal.TestMethodWorker.invokeTestMethods(TestMethodWorker.java:146)
at org.testng.internal.TestMethodWorker.run(TestMethodWorker.java:128)
at java.util.ArrayList.forEach(ArrayList.java:1257)
at org.testng.TestRunner.privateRun(TestRunner.java:764)
at org.testng.TestRunner.run(TestRunner.java:585)
at org.testng.SuiteRunner.runTest(SuiteRunner.java:384)
at org.testng.SuiteRunner.runSequentially(SuiteRunner.java:378)
at org.testng.SuiteRunner.privateRun(SuiteRunner.java:337)
at org.testng.SuiteRunner.run(SuiteRunner.java:286)
at org.testng.SuiteRunnerWorker.runSuite(SuiteRunnerWorker.java:53)
at org.testng.SuiteRunnerWorker.run(SuiteRunnerWorker.java:96)
at org.testng.TestNG.runSuitesSequentially(TestNG.java:1218)
at org.testng.TestNG.runSuitesLocally(TestNG.java:1140)
at org.testng.TestNG.runSuites(TestNG.java:1069)
at org.testng.TestNG.run(TestNG.java:1037)
at org.testng.remote.AbstractRemoteTestNG.run(AbstractRemoteTestNG.java:115)
at org.testng.remote.RemoteTestNG.initAndRun(RemoteTestNG.java:251)
at org.testng.remote.RemoteTestNG.main(RemoteTestNG.java:77)
]]>
    </error>
  </testcase> <!-- ASST39 -->
  <system-out/>
  <testcase name="ASST19" time="15.973" classname="com.vrt.testcases.assetCreationTest"/>
  <system-out/>
  <testcase name="ASST06" time="14.850" classname="com.vrt.testcases.assetCreationTest"/>
  <system-out/>
  <testcase name="ASST06" time="15.004" classname="com.vrt.testcases.assetCreationTest"/>
  <system-out/>
  <testcase name="ASST10" time="14.101" classname="com.vrt.testcases.assetCreationTest"/>
  <system-out/>
  <testcase name="ASST02" time="14.763" classname="com.vrt.testcases.assetCreationTest"/>
  <system-out/>
  <testcase name="ASST22" time="15.535" classname="com.vrt.testcases.assetCreationTest"/>
  <system-out/>
  <testcase name="ASST122a" time="15.348" classname="com.vrt.testcases.assetCreationTest"/>
  <system-out/>
  <testcase name="ASST19" time="16.343" classname="com.vrt.testcases.assetCreationTest"/>
  <system-out/>
  <testcase name="ASST29" time="16.431" classname="com.vrt.testcases.assetCreationTest"/>
  <system-out/>
  <testcase name="ASST10" time="14.959" classname="com.vrt.testcases.assetCreationTest"/>
  <system-out/>
  <testcase name="ASST28" time="16.792" classname="com.vrt.testcases.assetCreationTest"/>
  <system-out/>
  <testcase name="ASST05" time="14.175" classname="com.vrt.testcases.assetCreationTest"/>
  <system-out/>
  <testcase name="ASST22" time="15.596" classname="com.vrt.testcases.assetCreationTest"/>
  <system-out/>
  <testcase name="ASST28" time="16.711" classname="com.vrt.testcases.assetCreationTest"/>
  <system-out/>
  <testcase name="ASST06" time="14.115" classname="com.vrt.testcases.assetCreationTest"/>
  <system-out/>
  <testcase name="ASST122a" time="14.497" classname="com.vrt.testcases.assetCreationTest"/>
  <system-out/>
  <testcase name="ASST39" time="47.008" classname="com.vrt.testcases.assetCreationTest">
    <skipped/>
  </testcase> <!-- ASST39 -->
  <system-out/>
  <testcase name="ASST09" time="14.729" classname="com.vrt.testcases.assetCreationTest"/>
  <system-out/>
  <testcase name="ASST48" time="24.035" classname="com.vrt.testcases.assetCreationTest"/>
  <system-out/>
  <testcase name="ASST122a" time="15.372" classname="com.vrt.testcases.assetCreationTest"/>
  <system-out/>
  <testcase name="ASST22" time="16.402" classname="com.vrt.testcases.assetCreationTest"/>
  <system-out/>
  <testcase name="ASST22" time="15.357" classname="com.vrt.testcases.assetCreationTest"/>
  <system-out/>
  <testcase name="ASST10" time="14.665" classname="com.vrt.testcases.assetCreationTest"/>
  <system-out/>
  <testcase name="ASST06" time="15.018" classname="com.vrt.testcases.assetCreationTest"/>
  <system-out/>
  <testcase name="ASST19" time="16.215" classname="com.vrt.testcases.assetCreationTest"/>
  <system-out/>
  <testcase name="ASST122a" time="15.237" classname="com.vrt.testcases.assetCreationTest"/>
  <system-out/>
  <testcase name="ASST06" time="14.862" classname="com.vrt.testcases.assetCreationTest"/>
  <system-out/>
  <testcase name="ASST21" time="15.986" classname="com.vrt.testcases.assetCreationTest"/>
  <system-out/>
  <testcase name="ASST28" time="16.906" classname="com.vrt.testcases.assetCreationTest"/>
  <system-out/>
  <testcase name="ASST24" time="17.084" classname="com.vrt.testcases.assetCreationTest"/>
  <system-out/>
  <testcase name="ASST25" time="16.418" classname="com.vrt.testcases.assetCreationTest"/>
  <system-out/>
  <testcase name="ASST18" time="14.779" classname="com.vrt.testcases.assetCreationTest"/>
  <system-out/>
  <testcase name="ASST16" time="20.831" classname="com.vrt.testcases.assetCreationTest"/>
  <system-out/>
  <testcase name="ASST14a" time="13.853" classname="com.vrt.testcases.assetCreationTest"/>
  <system-out/>
  <testcase name="ASST29" time="17.155" classname="com.vrt.testcases.assetCreationTest"/>
  <system-out/>
  <testcase name="ASST41" time="30.085" classname="com.vrt.testcases.assetCreationTest"/>
  <system-out/>
  <testcase name="ASST29" time="16.420" classname="com.vrt.testcases.assetCreationTest"/>
  <system-out/>
  <testcase name="ASST54" time="10.303" classname="com.vrt.testcases.assetCreationTest"/>
  <system-out/>
  <testcase name="ASST33" time="25.715" classname="com.vrt.testcases.assetCreationTest"/>
  <system-out/>
  <testcase name="ASST29" time="16.771" classname="com.vrt.testcases.assetCreationTest"/>
  <system-out/>
  <testcase name="ASST09" time="14.118" classname="com.vrt.testcases.assetCreationTest"/>
  <system-out/>
  <testcase name="ASST10" time="14.231" classname="com.vrt.testcases.assetCreationTest"/>
  <system-out/>
  <testcase name="ASST18" time="14.803" classname="com.vrt.testcases.assetCreationTest"/>
  <system-out/>
  <testcase name="ASST06" time="14.024" classname="com.vrt.testcases.assetCreationTest"/>
  <system-out/>
  <testcase name="ASST19" time="16.143" classname="com.vrt.testcases.assetCreationTest"/>
  <system-out/>
  <testcase name="ASST25" time="16.974" classname="com.vrt.testcases.assetCreationTest"/>
  <system-out/>
  <testcase name="ASST29" time="17.138" classname="com.vrt.testcases.assetCreationTest"/>
  <system-out/>
  <testcase name="ASST06" time="15.073" classname="com.vrt.testcases.assetCreationTest"/>
  <system-out/>
  <testcase name="ASST19" time="16.116" classname="com.vrt.testcases.assetCreationTest"/>
  <system-out/>
  <testcase name="ASST30b" time="35.633" classname="com.vrt.testcases.assetCreationTest"/>
  <system-out/>
  <testcase name="ASST10" time="14.526" classname="com.vrt.testcases.assetCreationTest"/>
  <system-out/>
  <testcase name="ASST19" time="16.345" classname="com.vrt.testcases.assetCreationTest"/>
  <system-out/>
  <testcase name="ASST22" time="16.428" classname="com.vrt.testcases.assetCreationTest"/>
  <system-out/>
  <testcase name="ASST29" time="16.552" classname="com.vrt.testcases.assetCreationTest"/>
  <system-out/>
  <testcase name="ASST23" time="16.845" classname="com.vrt.testcases.assetCreationTest"/>
  <system-out/>
  <testcase name="ASST21" time="16.229" classname="com.vrt.testcases.assetCreationTest"/>
  <system-out/>
  <testcase name="ASST06" time="14.132" classname="com.vrt.testcases.assetCreationTest"/>
  <system-out/>
  <testcase name="ASST46a" time="88.435" classname="com.vrt.testcases.assetCreationTest"/>
  <system-out/>
  <testcase name="ASST18" time="14.614" classname="com.vrt.testcases.assetCreationTest"/>
  <system-out/>
  <testcase name="ASST37" time="125.972" classname="com.vrt.testcases.assetCreationTest"/>
  <system-out/>
  <testcase name="ASST28" time="16.767" classname="com.vrt.testcases.assetCreationTest"/>
  <system-out/>
  <testcase name="ASST14a" time="14.105" classname="com.vrt.testcases.assetCreationTest"/>
  <system-out/>
  <testcase name="ASST25" time="16.400" classname="com.vrt.testcases.assetCreationTest"/>
  <system-out/>
  <testcase name="ASST25" time="15.500" classname="com.vrt.testcases.assetCreationTest"/>
  <system-out/>
  <testcase name="ASST22" time="16.009" classname="com.vrt.testcases.assetCreationTest"/>
  <system-out/>
  <testcase name="ASST25" time="15.621" classname="com.vrt.testcases.assetCreationTest"/>
  <system-out/>
  <testcase name="ASST10" time="14.170" classname="com.vrt.testcases.assetCreationTest"/>
  <system-out/>
  <testcase name="ASST22" time="15.682" classname="com.vrt.testcases.assetCreationTest"/>
  <system-out/>
  <testcase name="ASST28" time="17.077" classname="com.vrt.testcases.assetCreationTest"/>
  <system-out/>
  <testcase name="ASST30a" time="9.494" classname="com.vrt.testcases.assetCreationTest"/>
  <system-out/>
  <testcase name="ASST25" time="15.590" classname="com.vrt.testcases.assetCreationTest"/>
  <system-out/>
  <testcase name="ASST25" time="16.205" classname="com.vrt.testcases.assetCreationTest"/>
  <system-out/>
  <testcase name="ASST10" time="14.935" classname="com.vrt.testcases.assetCreationTest"/>
  <system-out/>
  <testcase name="ASST06" time="14.045" classname="com.vrt.testcases.assetCreationTest"/>
  <system-out/>
  <testcase name="ASST122a" time="14.504" classname="com.vrt.testcases.assetCreationTest"/>
  <system-out/>
  <testcase name="ASST25" time="15.464" classname="com.vrt.testcases.assetCreationTest"/>
  <system-out/>
  <testcase name="ASST29" time="16.433" classname="com.vrt.testcases.assetCreationTest"/>
  <system-out/>
  <testcase name="ASST26a" time="22.804" classname="com.vrt.testcases.assetCreationTest"/>
  <system-out/>
  <testcase name="ASST14a" time="13.853" classname="com.vrt.testcases.assetCreationTest"/>
  <system-out/>
  <testcase name="ASST04" time="10.706" classname="com.vrt.testcases.assetCreationTest"/>
  <system-out/>
  <testcase name="ASST29" time="16.540" classname="com.vrt.testcases.assetCreationTest"/>
  <system-out/>
  <testcase name="ASST19" time="16.245" classname="com.vrt.testcases.assetCreationTest"/>
  <system-out/>
  <testcase name="ASST25" time="16.591" classname="com.vrt.testcases.assetCreationTest"/>
  <system-out/>
  <testcase name="ASST09" time="14.412" classname="com.vrt.testcases.assetCreationTest"/>
  <system-out/>
  <testcase name="ASST18" time="14.524" classname="com.vrt.testcases.assetCreationTest"/>
  <system-out/>
  <testcase name="ASST24" time="16.440" classname="com.vrt.testcases.assetCreationTest"/>
  <system-out/>
  <testcase name="ASST122a" time="15.495" classname="com.vrt.testcases.assetCreationTest"/>
  <system-out/>
  <testcase name="ASST25" time="17.039" classname="com.vrt.testcases.assetCreationTest"/>
  <system-out/>
  <testcase name="ASST17" time="14.566" classname="com.vrt.testcases.assetCreationTest"/>
  <system-out/>
  <testcase name="ASST40" time="18.695" classname="com.vrt.testcases.assetCreationTest"/>
  <system-out/>
  <testcase name="ASST31e" time="12.152" classname="com.vrt.testcases.assetCreationTest"/>
  <system-out/>
  <testcase name="ASST21" time="16.230" classname="com.vrt.testcases.assetCreationTest"/>
  <system-out/>
  <testcase name="ASST25" time="15.533" classname="com.vrt.testcases.assetCreationTest"/>
  <system-out/>
  <testcase name="ASST14a" time="14.511" classname="com.vrt.testcases.assetCreationTest"/>
  <system-out/>
  <testcase name="ASST19" time="15.421" classname="com.vrt.testcases.assetCreationTest"/>
  <system-out/>
  <testcase name="ASST19" time="15.712" classname="com.vrt.testcases.assetCreationTest"/>
  <system-out/>
  <testcase name="ASST22" time="15.464" classname="com.vrt.testcases.assetCreationTest"/>
  <system-out/>
  <testcase name="ASST31c" time="10.577" classname="com.vrt.testcases.assetCreationTest"/>
  <system-out/>
  <testcase name="ASST122a" time="15.204" classname="com.vrt.testcases.assetCreationTest"/>
  <system-out/>
  <testcase name="ASST51" time="10.633" classname="com.vrt.testcases.assetCreationTest"/>
  <system-out/>
  <testcase name="ASST25" time="16.200" classname="com.vrt.testcases.assetCreationTest"/>
  <system-out/>
  <testcase name="ASST06" time="14.888" classname="com.vrt.testcases.assetCreationTest"/>
  <system-out/>
  <testcase name="ASST06" time="14.257" classname="com.vrt.testcases.assetCreationTest"/>
  <system-out/>
  <testcase name="ASST29" time="16.442" classname="com.vrt.testcases.assetCreationTest"/>
  <system-out/>
  <testcase name="ASST122a" time="14.617" classname="com.vrt.testcases.assetCreationTest"/>
  <system-out/>
  <testcase name="ASST122a" time="15.597" classname="com.vrt.testcases.assetCreationTest"/>
  <system-out/>
  <testcase name="ASST29" time="17.094" classname="com.vrt.testcases.assetCreationTest"/>
  <system-out/>
  <testcase name="ASST34" time="17.044" classname="com.vrt.testcases.assetCreationTest"/>
  <system-out/>
  <testcase name="ASST122a" time="15.586" classname="com.vrt.testcases.assetCreationTest"/>
  <system-out/>
  <testcase name="ASST02" time="13.808" classname="com.vrt.testcases.assetCreationTest"/>
  <system-out/>
  <testcase name="ASST25" time="16.284" classname="com.vrt.testcases.assetCreationTest"/>
  <system-out/>
  <testcase name="ASST122a" time="15.359" classname="com.vrt.testcases.assetCreationTest"/>
  <system-out/>
  <testcase name="ASST46b" time="89.532" classname="com.vrt.testcases.assetCreationTest"/>
  <system-out/>
  <testcase name="ASST26c" time="10.913" classname="com.vrt.testcases.assetCreationTest"/>
  <system-out/>
  <testcase name="ASST29" time="17.120" classname="com.vrt.testcases.assetCreationTest"/>
  <system-out/>
  <testcase name="ASST10" time="14.716" classname="com.vrt.testcases.assetCreationTest"/>
  <system-out/>
  <testcase name="ASST09" time="14.118" classname="com.vrt.testcases.assetCreationTest"/>
  <system-out/>
  <testcase name="ASST28" time="16.114" classname="com.vrt.testcases.assetCreationTest"/>
  <system-out/>
  <testcase name="ASST19" time="16.186" classname="com.vrt.testcases.assetCreationTest"/>
  <system-out/>
  <testcase name="ASST122a" time="15.371" classname="com.vrt.testcases.assetCreationTest"/>
  <system-out/>
  <testcase name="ASST25" time="15.488" classname="com.vrt.testcases.assetCreationTest"/>
  <system-out/>
  <testcase name="ASST25" time="15.764" classname="com.vrt.testcases.assetCreationTest"/>
  <system-out/>
  <testcase name="ASST02" time="14.684" classname="com.vrt.testcases.assetCreationTest"/>
  <system-out/>
  <testcase name="ASST28" time="16.805" classname="com.vrt.testcases.assetCreationTest"/>
  <system-out/>
  <testcase name="ASST19" time="16.333" classname="com.vrt.testcases.assetCreationTest"/>
  <system-out/>
  <testcase name="ASST21" time="16.210" classname="com.vrt.testcases.assetCreationTest"/>
  <system-out/>
  <testcase name="ASST29" time="16.532" classname="com.vrt.testcases.assetCreationTest"/>
  <system-out/>
  <testcase name="ASST14b" time="10.569" classname="com.vrt.testcases.assetCreationTest"/>
  <system-out/>
  <testcase name="ASST22" time="15.821" classname="com.vrt.testcases.assetCreationTest"/>
  <system-out/>
  <testcase name="ASST122a" time="14.635" classname="com.vrt.testcases.assetCreationTest"/>
  <system-out/>
  <testcase name="ASST24" time="17.429" classname="com.vrt.testcases.assetCreationTest"/>
  <system-out/>
  <testcase name="ASST10" time="14.756" classname="com.vrt.testcases.assetCreationTest"/>
  <system-out/>
  <testcase name="ASST22" time="15.695" classname="com.vrt.testcases.assetCreationTest"/>
  <system-out/>
  <testcase name="ASST39" time="35.951" classname="com.vrt.testcases.assetCreationTest">
    <skipped/>
  </testcase> <!-- ASST39 -->
  <system-out/>
  <testcase name="ASST25" time="15.855" classname="com.vrt.testcases.assetCreationTest"/>
  <system-out/>
  <testcase name="ASST29" time="16.181" classname="com.vrt.testcases.assetCreationTest"/>
  <system-out/>
  <testcase name="ASST22" time="16.496" classname="com.vrt.testcases.assetCreationTest"/>
  <system-out/>
  <testcase name="ASST02" time="14.150" classname="com.vrt.testcases.assetCreationTest"/>
  <system-out/>
  <testcase name="ASST10" time="14.082" classname="com.vrt.testcases.assetCreationTest"/>
  <system-out/>
  <testcase name="ASST10" time="13.463" classname="com.vrt.testcases.assetCreationTest"/>
  <system-out/>
  <testcase name="ASST21" time="16.360" classname="com.vrt.testcases.assetCreationTest"/>
  <system-out/>
  <testcase name="ASST29" time="17.217" classname="com.vrt.testcases.assetCreationTest"/>
  <system-out/>
  <testcase name="ASST05" time="14.089" classname="com.vrt.testcases.assetCreationTest"/>
  <system-out/>
  <testcase name="ASST06" time="14.175" classname="com.vrt.testcases.assetCreationTest"/>
  <system-out/>
  <testcase name="ASST22" time="16.266" classname="com.vrt.testcases.assetCreationTest"/>
  <system-out/>
  <testcase name="ASST21" time="15.309" classname="com.vrt.testcases.assetCreationTest"/>
  <system-out/>
  <testcase name="ASST25" time="16.427" classname="com.vrt.testcases.assetCreationTest"/>
  <system-out/>
  <testcase name="ASST28" time="17.367" classname="com.vrt.testcases.assetCreationTest"/>
  <system-out/>
  <testcase name="ASST18" time="14.245" classname="com.vrt.testcases.assetCreationTest"/>
  <system-out/>
  <testcase name="ASST10" time="14.600" classname="com.vrt.testcases.assetCreationTest"/>
  <system-out/>
  <testcase name="ASST122a" time="14.534" classname="com.vrt.testcases.assetCreationTest"/>
  <system-out/>
  <testcase name="ASST10" time="15.085" classname="com.vrt.testcases.assetCreationTest"/>
  <system-out/>
  <testcase name="ASST09" time="14.312" classname="com.vrt.testcases.assetCreationTest"/>
  <system-out/>
  <testcase name="ASST52" time="10.342" classname="com.vrt.testcases.assetCreationTest"/>
  <system-out/>
  <testcase name="ASST19" time="15.295" classname="com.vrt.testcases.assetCreationTest"/>
  <system-out/>
  <testcase name="ASST10" time="14.851" classname="com.vrt.testcases.assetCreationTest"/>
  <system-out/>
  <testcase name="ASST06" time="14.062" classname="com.vrt.testcases.assetCreationTest"/>
  <system-out/>
  <testcase name="ASST05" time="14.312" classname="com.vrt.testcases.assetCreationTest"/>
  <system-out/>
  <testcase name="ASST32c" time="54.230" classname="com.vrt.testcases.assetCreationTest"/>
  <system-out/>
  <testcase name="ASST36" time="109.179" classname="com.vrt.testcases.assetCreationTest"/>
  <system-out/>
  <testcase name="ASST06" time="14.990" classname="com.vrt.testcases.assetCreationTest"/>
  <system-out/>
  <testcase name="ASST09" time="14.809" classname="com.vrt.testcases.assetCreationTest"/>
  <system-out/>
  <testcase name="ASST02" time="14.897" classname="com.vrt.testcases.assetCreationTest"/>
  <system-out/>
  <testcase name="ASST25" time="15.699" classname="com.vrt.testcases.assetCreationTest"/>
  <system-out/>
  <testcase name="ASST29" time="16.388" classname="com.vrt.testcases.assetCreationTest"/>
  <system-out/>
  <testcase name="ASST29" time="17.029" classname="com.vrt.testcases.assetCreationTest"/>
  <system-out/>
  <testcase name="ASST10" time="14.776" classname="com.vrt.testcases.assetCreationTest"/>
  <system-out/>
  <testcase name="ASST22" time="16.256" classname="com.vrt.testcases.assetCreationTest"/>
  <system-out/>
  <testcase name="ASST32b" time="54.416" classname="com.vrt.testcases.assetCreationTest"/>
  <system-out/>
  <testcase name="ASST50" time="10.633" classname="com.vrt.testcases.assetCreationTest"/>
  <system-out/>
  <testcase name="ASST19" time="16.315" classname="com.vrt.testcases.assetCreationTest"/>
  <system-out/>
  <testcase name="ASST01" time="11.089" classname="com.vrt.testcases.assetCreationTest"/>
  <system-out/>
  <testcase name="ASST09" time="14.590" classname="com.vrt.testcases.assetCreationTest"/>
  <system-out/>
  <testcase name="ASST22" time="15.714" classname="com.vrt.testcases.assetCreationTest"/>
  <system-out/>
  <testcase name="ASST24" time="17.190" classname="com.vrt.testcases.assetCreationTest"/>
  <system-out/>
  <testcase name="ASST47" time="33.948" classname="com.vrt.testcases.assetCreationTest"/>
  <system-out/>
  <testcase name="ASST24" time="16.239" classname="com.vrt.testcases.assetCreationTest"/>
  <system-out/>
  <testcase name="ASST24" time="16.394" classname="com.vrt.testcases.assetCreationTest"/>
  <system-out/>
  <testcase name="ASST122a" time="15.315" classname="com.vrt.testcases.assetCreationTest"/>
  <system-out/>
  <testcase name="ASST24" time="16.864" classname="com.vrt.testcases.assetCreationTest"/>
  <system-out/>
  <testcase name="ASST05" time="14.415" classname="com.vrt.testcases.assetCreationTest"/>
  <system-out/>
  <testcase name="ASST122a" time="15.437" classname="com.vrt.testcases.assetCreationTest"/>
  <system-out/>
  <testcase name="ASST29" time="16.354" classname="com.vrt.testcases.assetCreationTest"/>
  <system-out/>
  <testcase name="ASST09" time="14.909" classname="com.vrt.testcases.assetCreationTest"/>
  <system-out/>
  <testcase name="ASST46c" time="90.250" classname="com.vrt.testcases.assetCreationTest"/>
  <system-out/>
  <testcase name="ASST07" time="9.800" classname="com.vrt.testcases.assetCreationTest"/>
  <system-out/>
  <testcase name="ASST26b" time="9.126" classname="com.vrt.testcases.assetCreationTest"/>
  <system-out/>
  <testcase name="ASST122a" time="15.129" classname="com.vrt.testcases.assetCreationTest"/>
  <system-out/>
  <testcase name="ASST06" time="14.986" classname="com.vrt.testcases.assetCreationTest"/>
  <system-out/>
  <testcase name="ASST10" time="14.054" classname="com.vrt.testcases.assetCreationTest"/>
  <system-out/>
  <testcase name="ASST19" time="15.312" classname="com.vrt.testcases.assetCreationTest"/>
  <system-out/>
  <testcase name="ASST122a" time="15.362" classname="com.vrt.testcases.assetCreationTest"/>
  <system-out/>
  <testcase name="ASST21" time="15.930" classname="com.vrt.testcases.assetCreationTest"/>
  <system-out/>
  <testcase name="ASST25" time="16.620" classname="com.vrt.testcases.assetCreationTest"/>
  <system-out/>
  <testcase name="ASST22" time="15.657" classname="com.vrt.testcases.assetCreationTest"/>
  <system-out/>
  <testcase name="ASST19" time="16.133" classname="com.vrt.testcases.assetCreationTest"/>
  <system-out/>
  <testcase name="ASST10" time="14.414" classname="com.vrt.testcases.assetCreationTest"/>
  <system-out/>
  <testcase name="ASST06" time="14.936" classname="com.vrt.testcases.assetCreationTest"/>
  <system-out/>
  <testcase name="ASST22" time="15.632" classname="com.vrt.testcases.assetCreationTest"/>
  <system-out/>
  <testcase name="ASST10" time="14.502" classname="com.vrt.testcases.assetCreationTest"/>
  <system-out/>
  <testcase name="ASST10" time="13.995" classname="com.vrt.testcases.assetCreationTest"/>
  <system-out/>
  <testcase name="ASST42" time="28.810" classname="com.vrt.testcases.assetCreationTest"/>
  <system-out/>
  <testcase name="ASST21" time="15.344" classname="com.vrt.testcases.assetCreationTest"/>
  <system-out/>
  <testcase name="ASST02" time="13.951" classname="com.vrt.testcases.assetCreationTest"/>
  <system-out/>
  <testcase name="ASST122a" time="15.369" classname="com.vrt.testcases.assetCreationTest"/>
  <system-out/>
  <testcase name="ASST29" time="17.339" classname="com.vrt.testcases.assetCreationTest"/>
  <system-out/>
  <testcase name="ASST31d" time="12.871" classname="com.vrt.testcases.assetCreationTest"/>
  <system-out/>
  <testcase name="ASST22" time="16.265" classname="com.vrt.testcases.assetCreationTest"/>
  <system-out/>
  <testcase name="ASST29" time="16.606" classname="com.vrt.testcases.assetCreationTest"/>
  <system-out/>
  <testcase name="ASST19" time="16.267" classname="com.vrt.testcases.assetCreationTest"/>
  <system-out/>
  <testcase name="ASST29" time="17.236" classname="com.vrt.testcases.assetCreationTest"/>
  <system-out/>
  <testcase name="ASST05" time="14.814" classname="com.vrt.testcases.assetCreationTest"/>
  <system-out/>
  <testcase name="ASST22" time="15.956" classname="com.vrt.testcases.assetCreationTest"/>
  <system-out/>
  <testcase name="ASST22" time="16.453" classname="com.vrt.testcases.assetCreationTest"/>
  <system-out/>
  <testcase name="ASST25" time="17.511" classname="com.vrt.testcases.assetCreationTest"/>
  <system-out/>
  <testcase name="ASST29" time="16.538" classname="com.vrt.testcases.assetCreationTest"/>
  <system-out/>
  <testcase name="ASST06" time="14.947" classname="com.vrt.testcases.assetCreationTest"/>
  <system-out/>
  <testcase name="ASST06" time="15.058" classname="com.vrt.testcases.assetCreationTest"/>
  <system-out/>
  <testcase name="ASST14a" time="14.243" classname="com.vrt.testcases.assetCreationTest"/>
  <system-out/>
  <testcase name="ASST122a" time="15.537" classname="com.vrt.testcases.assetCreationTest"/>
  <system-out/>
  <testcase name="ASST08" time="12.410" classname="com.vrt.testcases.assetCreationTest"/>
  <system-out/>
  <testcase name="ASST19" time="16.008" classname="com.vrt.testcases.assetCreationTest"/>
  <system-out/>
  <testcase name="ASST32a" time="54.323" classname="com.vrt.testcases.assetCreationTest"/>
  <system-out/>
  <testcase name="ASST10" time="14.706" classname="com.vrt.testcases.assetCreationTest"/>
  <system-out/>
  <testcase name="ASST13" time="14.864" classname="com.vrt.testcases.assetCreationTest"/>
  <system-out/>
  <testcase name="ASST05" time="14.886" classname="com.vrt.testcases.assetCreationTest"/>
  <system-out/>
  <testcase name="ASST35" time="108.882" classname="com.vrt.testcases.assetCreationTest"/>
  <system-out/>
  <testcase name="ASST49" time="101.134" classname="com.vrt.testcases.assetCreationTest"/>
  <system-out/>
  <testcase name="ASST19" time="15.683" classname="com.vrt.testcases.assetCreationTest"/>
  <system-out/>
  <testcase name="ASST25" time="16.237" classname="com.vrt.testcases.assetCreationTest"/>
  <system-out/>
  <testcase name="ASST24" time="16.395" classname="com.vrt.testcases.assetCreationTest"/>
  <system-out/>
  <testcase name="ASST25" time="15.610" classname="com.vrt.testcases.assetCreationTest"/>
  <system-out/>
  <testcase name="ASST19" time="16.196" classname="com.vrt.testcases.assetCreationTest"/>
  <system-out/>
  <testcase name="ASST45" time="87.989" classname="com.vrt.testcases.assetCreationTest"/>
  <system-out/>
  <testcase name="ASST19" time="15.221" classname="com.vrt.testcases.assetCreationTest"/>
  <system-out/>
  <testcase name="ASST06" time="14.699" classname="com.vrt.testcases.assetCreationTest"/>
  <system-out/>
  <testcase name="ASST25" time="16.253" classname="com.vrt.testcases.assetCreationTest"/>
  <system-out/>
  <testcase name="ASST31a" time="9.074" classname="com.vrt.testcases.assetCreationTest"/>
  <system-out/>
  <testcase name="ASST14a" time="13.925" classname="com.vrt.testcases.assetCreationTest"/>
  <system-out/>
  <testcase name="ASST06" time="14.728" classname="com.vrt.testcases.assetCreationTest"/>
  <system-out/>
  <testcase name="ASST19" time="15.407" classname="com.vrt.testcases.assetCreationTest"/>
  <system-out/>
  <testcase name="ASST06" time="14.265" classname="com.vrt.testcases.assetCreationTest"/>
  <system-out/>
  <testcase name="ASST11" time="53.836" classname="com.vrt.testcases.assetCreationTest"/>
  <system-out/>
  <testcase name="ASST29" time="17.206" classname="com.vrt.testcases.assetCreationTest"/>
  <system-out/>
  <testcase name="ASST19" time="15.492" classname="com.vrt.testcases.assetCreationTest"/>
  <system-out/>
  <testcase name="ASST19" time="16.056" classname="com.vrt.testcases.assetCreationTest"/>
  <system-out/>
  <testcase name="ASST122a" time="15.320" classname="com.vrt.testcases.assetCreationTest"/>
  <system-out/>
  <testcase name="ASST14a" time="14.212" classname="com.vrt.testcases.assetCreationTest"/>
  <system-out/>
  <testcase name="ASST38" time="120.415" classname="com.vrt.testcases.assetCreationTest"/>
  <system-out/>
  <testcase name="ASST122a" time="14.677" classname="com.vrt.testcases.assetCreationTest"/>
  <system-out/>
  <testcase name="ASST122a" time="15.412" classname="com.vrt.testcases.assetCreationTest"/>
  <system-out/>
  <testcase name="ASST25" time="16.307" classname="com.vrt.testcases.assetCreationTest"/>
  <system-out/>
  <testcase name="ASST18" time="14.360" classname="com.vrt.testcases.assetCreationTest"/>
  <system-out/>
  <testcase name="ASST20" time="13.457" classname="com.vrt.testcases.assetCreationTest"/>
  <system-out/>
  <testcase name="ASST29" time="17.124" classname="com.vrt.testcases.assetCreationTest"/>
  <system-out/>
  <testcase name="ASST31b" time="22.861" classname="com.vrt.testcases.assetCreationTest"/>
  <system-out/>
  <testcase name="ASST03" time="10.166" classname="com.vrt.testcases.assetCreationTest">
    <error type="org.testng.internal.reflect.MethodMatcherException" message="
[public void com.vrt.testcases.assetCreationTest.ASST03(java.lang.String,java.lang.String,java.lang.String,java.lang.String,java.lang.String,java.lang.String) throws java.lang.InterruptedException] has no parameters defined but was found to be using a data provider (either explicitly specified or inherited from class level annotation).
Data provider mismatch
Method: ASST03([Parameter{index=0, type=java.lang.String, declaredAnnotations=[]}, Parameter{index=1, type=java.lang.String, declaredAnnotations=[]}, Parameter{index=2, type=java.lang.String, declaredAnnotations=[]}, Parameter{index=3, type=java.lang.String, declaredAnnotations=[]}, Parameter{index=4, type=java.lang.String, declaredAnnotations=[]}, Parameter{index=5, type=java.lang.String, declaredAnnotations=[]}])
Arguments: [(java.lang.String)   ,(java.lang.String) testID,(java.lang.String) HeatBath,(java.lang.String) AAS,(java.lang.String) Hyderabad,(java.lang.String) Name is mandatory, please enter Name,(java.lang.String) 5.0,(java.lang.String) Welcome5@AM]">
      <![CDATA[org.testng.internal.reflect.MethodMatcherException: 
[public void com.vrt.testcases.assetCreationTest.ASST03(java.lang.String,java.lang.String,java.lang.String,java.lang.String,java.lang.String,java.lang.String) throws java.lang.InterruptedException] has no parameters defined but was found to be using a data provider (either explicitly specified or inherited from class level annotation).
Data provider mismatch
Method: ASST03([Parameter{index=0, type=java.lang.String, declaredAnnotations=[]}, Parameter{index=1, type=java.lang.String, declaredAnnotations=[]}, Parameter{index=2, type=java.lang.String, declaredAnnotations=[]}, Parameter{index=3, type=java.lang.String, declaredAnnotations=[]}, Parameter{index=4, type=java.lang.String, declaredAnnotations=[]}, Parameter{index=5, type=java.lang.String, declaredAnnotations=[]}])
Arguments: [(java.lang.String)   ,(java.lang.String) testID,(java.lang.String) HeatBath,(java.lang.String) AAS,(java.lang.String) Hyderabad,(java.lang.String) Name is mandatory, please enter Name,(java.lang.String) 5.0,(java.lang.String) Welcome5@AM]
at org.testng.internal.reflect.DataProviderMethodMatcher.getConformingArguments(DataProviderMethodMatcher.java:43)
at org.testng.internal.Parameters.injectParameters(Parameters.java:905)
at org.testng.internal.MethodRunner.runInSequence(MethodRunner.java:34)
at org.testng.internal.TestInvoker$MethodInvocationAgent.invoke(TestInvoker.java:822)
at org.testng.internal.TestInvoker.invokeTestMethods(TestInvoker.java:147)
at org.testng.internal.TestMethodWorker.invokeTestMethods(TestMethodWorker.java:146)
at org.testng.internal.TestMethodWorker.run(TestMethodWorker.java:128)
at java.util.ArrayList.forEach(ArrayList.java:1257)
at org.testng.TestRunner.privateRun(TestRunner.java:764)
at org.testng.TestRunner.run(TestRunner.java:585)
at org.testng.SuiteRunner.runTest(SuiteRunner.java:384)
at org.testng.SuiteRunner.runSequentially(SuiteRunner.java:378)
at org.testng.SuiteRunner.privateRun(SuiteRunner.java:337)
at org.testng.SuiteRunner.run(SuiteRunner.java:286)
at org.testng.SuiteRunnerWorker.runSuite(SuiteRunnerWorker.java:53)
at org.testng.SuiteRunnerWorker.run(SuiteRunnerWorker.java:96)
at org.testng.TestNG.runSuitesSequentially(TestNG.java:1218)
at org.testng.TestNG.runSuitesLocally(TestNG.java:1140)
at org.testng.TestNG.runSuites(TestNG.java:1069)
at org.testng.TestNG.run(TestNG.java:1037)
at org.testng.remote.AbstractRemoteTestNG.run(AbstractRemoteTestNG.java:115)
at org.testng.remote.RemoteTestNG.initAndRun(RemoteTestNG.java:251)
at org.testng.remote.RemoteTestNG.main(RemoteTestNG.java:77)
]]>
    </error>
  </testcase> <!-- ASST03 -->
  <system-out/>
  <testcase name="ASST10" time="14.671" classname="com.vrt.testcases.assetCreationTest"/>
  <system-out/>
  <testcase name="ASST10" time="14.802" classname="com.vrt.testcases.assetCreationTest"/>
  <system-out/>
  <testcase name="ASST25" time="15.506" classname="com.vrt.testcases.assetCreationTest"/>
  <system-out/>
  <testcase name="ASST28" time="16.020" classname="com.vrt.testcases.assetCreationTest"/>
  <system-out/>
  <testcase name="ASST22" time="15.513" classname="com.vrt.testcases.assetCreationTest"/>
  <system-out/>
  <testcase name="ASST25" time="16.717" classname="com.vrt.testcases.assetCreationTest"/>
  <system-out/>
  <testcase name="ASST25" time="16.337" classname="com.vrt.testcases.assetCreationTest"/>
  <system-out/>
  <testcase name="ASST02" time="14.839" classname="com.vrt.testcases.assetCreationTest"/>
  <system-out/>
  <testcase name="ASST05" time="14.643" classname="com.vrt.testcases.assetCreationTest"/>
  <system-out/>
  <testcase name="ASST22" time="16.360" classname="com.vrt.testcases.assetCreationTest"/>
  <system-out/>
  <testcase name="ASST28" time="16.234" classname="com.vrt.testcases.assetCreationTest"/>
  <system-out/>
  <testcase name="ASST02" time="14.320" classname="com.vrt.testcases.assetCreationTest"/>
  <system-out/>
  <testcase name="ASST22" time="15.668" classname="com.vrt.testcases.assetCreationTest"/>
  <system-out/>
  <testcase name="ASST122a" time="14.544" classname="com.vrt.testcases.assetCreationTest"/>
  <system-out/>
  <testcase name="ASST29" time="16.620" classname="com.vrt.testcases.assetCreationTest"/>
  <system-out/>
  <testcase name="ASST18" time="14.565" classname="com.vrt.testcases.assetCreationTest"/>
  <system-out/>
  <testcase name="ASST12" time="9.067" classname="com.vrt.testcases.assetCreationTest"/>
  <system-out/>
  <testcase name="ASST05" time="15.068" classname="com.vrt.testcases.assetCreationTest"/>
  <system-out/>
  <testcase name="ASST27" time="13.667" classname="com.vrt.testcases.assetCreationTest"/>
  <system-out/>
  <testcase name="ASST06" time="14.837" classname="com.vrt.testcases.assetCreationTest"/>
  <system-out/>
  <testcase name="ASST06" time="14.039" classname="com.vrt.testcases.assetCreationTest"/>
  <system-out/>
  <testcase name="ASST14a" time="14.071" classname="com.vrt.testcases.assetCreationTest"/>
  <system-out/>
  <testcase name="ASST06" time="14.760" classname="com.vrt.testcases.assetCreationTest"/>
  <system-out/>
  <testcase name="ASST122a" time="15.580" classname="com.vrt.testcases.assetCreationTest"/>
  <system-out/>
  <testcase name="ASST25" time="15.615" classname="com.vrt.testcases.assetCreationTest"/>
  <system-out/>
  <testcase name="ASST19" time="15.553" classname="com.vrt.testcases.assetCreationTest"/>
  <system-out/>
  <testcase name="ASST10" time="14.030" classname="com.vrt.testcases.assetCreationTest"/>
  <system-out/>
  <testcase name="ASST25" time="16.706" classname="com.vrt.testcases.assetCreationTest"/>
  <system-out/>
  <testcase name="ASST29" time="7.462" classname="com.vrt.testcases.assetCreationTest"/>
  <system-out/>
</testsuite> <!-- com.vrt.testcases.assetCreationTest -->
